2024-02-19 10:37:03,953 [INFO] Activator:176 - 


2024-02-19 10:37:03,959 [INFO] Activator:177 - !SESSION log4j initialized
2024-02-19 10:37:11,450 [INFO] LogOutputStream:77 - [STDOUT_REDIRECT] 
2024-02-19 10:37:15,474 [INFO] ApplicationProperties:184 - Using Application install path: C:\ST\STM32CubeIDE_1.13.2\STM32CubeIDE\plugins\com.st.stm32cube.common.mx_6.9.2.202309101412
2024-02-19 10:37:15,499 [INFO] DbMcusXml:78 - Set database path to: C:\ST\STM32CubeIDE_1.13.2\STM32CubeIDE\plugins\com.st.stm32cube.common.mx_6.9.2.202309101412\\db\/mcu/
2024-02-19 10:37:15,500 [INFO] ApiDb:274 - Set plugin database path to: C:\ST\STM32CubeIDE_1.13.2\STM32CubeIDE\plugins\com.st.stm32cube.common.mx_6.9.2.202309101412\\db\/plugins/boardmanager/
2024-02-19 10:37:15,501 [WARN] ApiDb:259 - Overriding images path with different value:  => C:\ST\STM32CubeIDE_1.13.2\STM32CubeIDE\plugins\com.st.stm32cube.common.mx_6.9.2.202309101412\\db\/plugins/mcufinder/images/
2024-02-19 10:37:15,518 [INFO] ApiDb:250 - Set database path to: C:\Users\sanjay.kumar\.stmcufinder\plugins\mcufinder//mcu/
2024-02-19 10:37:15,519 [INFO] DbMcusAds:125 - Set database path to: C:\Users\sanjay.kumar\.stmcufinder\plugins\mcufinder//mcu/
2024-02-19 10:37:15,522 [INFO] CrossReferenceDbSqlite:203 - Set database path to: C:\Users\sanjay.kumar\.stmcufinder\plugins\mcufinder//mcu/cs/
2024-02-19 10:37:15,701 [INFO] RulesReader:64 - Compatibility file has been processed (293 Rules)
2024-02-19 10:37:15,865 [INFO] DbMcusXml:78 - Set database path to: C:\ST\STM32CubeIDE_1.13.2\STM32CubeIDE\plugins\com.st.stm32cube.common.mx_6.9.2.202309101412\\db\/mcu/
2024-02-19 10:37:15,865 [INFO] ApiDb:274 - Set plugin database path to: C:\ST\STM32CubeIDE_1.13.2\STM32CubeIDE\plugins\com.st.stm32cube.common.mx_6.9.2.202309101412\\db\/plugins/boardmanager/
2024-02-19 10:37:15,865 [INFO] ApiDb:261 - Set plugin images path to: C:\ST\STM32CubeIDE_1.13.2\STM32CubeIDE\plugins\com.st.stm32cube.common.mx_6.9.2.202309101412\\db\/plugins/mcufinder/images/
2024-02-19 10:37:15,866 [WARN] DbFile:41 - Overriding database path with different value: C:\Users\sanjay.kumar\.stmcufinder\plugins\mcufinder/ => C:\Users\sanjay.kumar\.stmcufinder\plugins\mcufinder
2024-02-19 10:37:15,866 [INFO] ApiDb:250 - Set database path to: C:\Users\sanjay.kumar\.stmcufinder\plugins\mcufinder//mcu/
2024-02-19 10:37:15,866 [WARN] DbFile:41 - Overriding database path with different value: C:\Users\sanjay.kumar\.stmcufinder\plugins\mcufinder/ => C:\Users\sanjay.kumar\.stmcufinder\plugins\mcufinder
2024-02-19 10:37:15,866 [INFO] DbMcusAds:125 - Set database path to: C:\Users\sanjay.kumar\.stmcufinder\plugins\mcufinder//mcu/
2024-02-19 10:37:15,866 [WARN] DbFile:41 - Overriding database path with different value: C:\Users\sanjay.kumar\.stmcufinder\plugins\mcufinder/ => C:\Users\sanjay.kumar\.stmcufinder\plugins\mcufinder
2024-02-19 10:37:15,866 [WARN] DbFile:41 - Overriding database path with different value: C:\Users\sanjay.kumar\.stmcufinder\plugins\mcufinder/ => C:\Users\sanjay.kumar\.stmcufinder\plugins\mcufinder
2024-02-19 10:37:15,866 [INFO] CrossReferenceDbSqlite:203 - Set database path to: C:\Users\sanjay.kumar\.stmcufinder\plugins\mcufinder//mcu/cs/
2024-02-19 10:37:16,042 [INFO] MainPanel:262 - HeapMemory: 268435456
2024-02-19 10:37:16,271 [INFO] DbMcusXml:78 - Set database path to: C:\ST\STM32CubeIDE_1.13.2\STM32CubeIDE\plugins\com.st.stm32cube.common.mx_6.9.2.202309101412\\db\/mcu/
2024-02-19 10:37:16,272 [INFO] ApiDb:274 - Set plugin database path to: C:\ST\STM32CubeIDE_1.13.2\STM32CubeIDE\plugins\com.st.stm32cube.common.mx_6.9.2.202309101412\\db\/plugins/boardmanager/
2024-02-19 10:37:16,272 [INFO] ApiDb:261 - Set plugin images path to: C:\ST\STM32CubeIDE_1.13.2\STM32CubeIDE\plugins\com.st.stm32cube.common.mx_6.9.2.202309101412\\db\/plugins/mcufinder/images/
2024-02-19 10:37:16,273 [WARN] DbFile:41 - Overriding database path with different value: C:\Users\sanjay.kumar\.stmcufinder\plugins\mcufinder/ => C:\Users\sanjay.kumar\.stmcufinder\plugins\mcufinder
2024-02-19 10:37:16,273 [INFO] ApiDb:250 - Set database path to: C:\Users\sanjay.kumar\.stmcufinder\plugins\mcufinder//mcu/
2024-02-19 10:37:16,273 [WARN] DbFile:41 - Overriding database path with different value: C:\Users\sanjay.kumar\.stmcufinder\plugins\mcufinder/ => C:\Users\sanjay.kumar\.stmcufinder\plugins\mcufinder
2024-02-19 10:37:16,274 [INFO] DbMcusAds:125 - Set database path to: C:\Users\sanjay.kumar\.stmcufinder\plugins\mcufinder//mcu/
2024-02-19 10:37:16,274 [WARN] DbFile:41 - Overriding database path with different value: C:\Users\sanjay.kumar\.stmcufinder\plugins\mcufinder/ => C:\Users\sanjay.kumar\.stmcufinder\plugins\mcufinder
2024-02-19 10:37:16,274 [WARN] DbFile:41 - Overriding database path with different value: C:\Users\sanjay.kumar\.stmcufinder\plugins\mcufinder/ => C:\Users\sanjay.kumar\.stmcufinder\plugins\mcufinder
2024-02-19 10:37:16,274 [INFO] CrossReferenceDbSqlite:203 - Set database path to: C:\Users\sanjay.kumar\.stmcufinder\plugins\mcufinder//mcu/cs/
2024-02-19 10:37:16,311 [INFO] ApplicationProperties:184 - Using Application install path: C:\ST\STM32CubeIDE_1.13.2\STM32CubeIDE\plugins\com.st.stm32cube.common.mx_6.9.2.202309101412
2024-02-19 10:37:16,313 [INFO] PluginManage:196 - Search for loadable plugins [exclusion list=, ]
2024-02-19 10:37:16,316 [INFO] PluginManage:310 - Check plugin analytics
2024-02-19 10:37:16,605 [INFO] AnalyticsPlugin:253 - Accepted Software Licenses: STM32CubeMX.6.2.1
2024-02-19 10:37:16,606 [INFO] AnalyticsPlugin:255 - Accepted CMSIS Pack Licenses: 
2024-02-19 10:37:16,608 [INFO] AnalyticsPlugin:257 - Accepted Firmware Licenses: 
2024-02-19 10:37:16,617 [INFO] PluginManage:359 - Loaded plugin analytics (category:tool,tabindex:-1)
2024-02-19 10:37:16,618 [INFO] PluginManage:310 - Check plugin cadmodel
2024-02-19 10:37:16,635 [INFO] CADModel:105 - Init CAD model plugin
2024-02-19 10:37:16,636 [INFO] PluginManage:359 - Loaded plugin cadmodel (category:power,tabindex:5)
2024-02-19 10:37:16,636 [INFO] PluginManage:310 - Check plugin clock
2024-02-19 10:37:16,916 [INFO] PluginManage:359 - Loaded plugin clock (category:base,tabindex:2)
2024-02-19 10:37:16,917 [INFO] PluginManage:310 - Check plugin ddr
2024-02-19 10:37:16,928 [INFO] PluginManage:359 - Loaded plugin ddr (category:tool,tabindex:6)
2024-02-19 10:37:16,929 [INFO] PluginManage:310 - Check plugin filemanager
2024-02-19 10:37:17,366 [INFO] PluginManage:359 - Loaded plugin filemanager (category:base,tabindex:10)
2024-02-19 10:37:17,367 [INFO] PluginManage:310 - Check plugin ipmanager
2024-02-19 10:37:17,391 [INFO] PluginManage:359 - Loaded plugin ipmanager (category:base,tabindex:5)
2024-02-19 10:37:17,392 [INFO] PluginManage:310 - Check plugin lpbam
2024-02-19 10:37:17,440 [INFO] PluginManage:359 - Loaded plugin lpbam (category:base,tabindex:0)
2024-02-19 10:37:17,441 [INFO] PluginManage:310 - Check plugin memorymap
2024-02-19 10:37:17,495 [INFO] PluginManage:359 - Loaded plugin memorymap (category:base,tabindex:4)
2024-02-19 10:37:17,496 [INFO] PluginManage:310 - Check plugin pinoutandconfiguration
2024-02-19 10:37:17,550 [INFO] PluginManage:359 - Loaded plugin pinoutandconfiguration (category:base,tabindex:1)
2024-02-19 10:37:17,550 [INFO] PluginManage:310 - Check plugin pinoutconfig
2024-02-19 10:37:17,837 [WARN] SupportedApi:132 - Cannot load RTOS API schema: s4s-elt-must-match.1: The content of 'definitions' must match (annotation?, (simpleType | complexType)?, (unique | key | keyref)*)). A problem was found starting at: attribute.
2024-02-19 10:37:18,187 [INFO] PluginManage:359 - Loaded plugin pinoutconfig (category:base,tabindex:0)
2024-02-19 10:37:18,187 [INFO] PluginManage:310 - Check plugin power
2024-02-19 10:37:18,213 [INFO] PluginManage:359 - Loaded plugin power (category:power,tabindex:4)
2024-02-19 10:37:18,214 [INFO] PluginManage:310 - Check plugin projectmanager
2024-02-19 10:37:18,253 [INFO] PluginManage:359 - Loaded plugin projectmanager (category:projectmanager,tabindex:3)
2024-02-19 10:37:18,254 [INFO] PluginManage:310 - Check plugin thirdparty
2024-02-19 10:37:18,600 [WARN] IntegrityCheckThread:84 - waiting for thirdparty lock release [integrity check]
2024-02-19 10:37:18,601 [INFO] IntegrityCheckThread:86 - entering critical section [integrity check]
2024-02-19 10:37:18,601 [INFO] PluginManage:359 - Loaded plugin thirdparty (category:base,tabindex:-1)
2024-02-19 10:37:18,602 [INFO] ThirdPartyUpdaterWithRetryManager:70 - Updater plugin not ready yet. [1/15]
2024-02-19 10:37:18,602 [INFO] PluginManage:310 - Check plugin tools
2024-02-19 10:37:18,612 [INFO] PluginManage:359 - Loaded plugin tools (category:base,tabindex:7)
2024-02-19 10:37:18,613 [INFO] PluginManage:310 - Check plugin tutovideos
2024-02-19 10:37:19,033 [INFO] PluginManage:359 - Loaded plugin tutovideos (category:base,tabindex:-1)
2024-02-19 10:37:19,034 [INFO] PluginManage:310 - Check plugin updater
2024-02-19 10:37:19,057 [INFO] PluginManage:359 - Loaded plugin updater (category:base,tabindex:12)
2024-02-19 10:37:19,057 [INFO] PluginManage:310 - Check plugin userauth
2024-02-19 10:37:19,064 [INFO] UserAuth:113 - Init User Auth plugin
2024-02-19 10:37:19,064 [INFO] PluginManage:359 - Loaded plugin userauth (category:base,tabindex:14)
2024-02-19 10:37:19,065 [INFO] PluginManage:283 - PluginManage : Loaded plugins [17]
2024-02-19 10:37:19,531 [INFO] PinOutPanel:1499 - setPackage(No Configuration,No Configuration)
2024-02-19 10:37:19,781 [INFO] CADModel:165 - CPN selected for project level
2024-02-19 10:37:19,782 [INFO] CADModel:114 - Register for checkConnection events
2024-02-19 10:37:19,825 [INFO] IPUIPlugin:80 - create IPUIPlugin
2024-02-19 10:37:19,825 [INFO] PluginManager:220 - loadIPPluginJar : add adc
2024-02-19 10:37:19,832 [INFO] IPUIPlugin:80 - create IPUIPlugin
2024-02-19 10:37:19,832 [INFO] PluginManager:220 - loadIPPluginJar : add aes
2024-02-19 10:37:19,842 [INFO] IPUIPlugin:80 - create IPUIPlugin
2024-02-19 10:37:19,842 [INFO] PluginManager:220 - loadIPPluginJar : add can
2024-02-19 10:37:19,849 [INFO] IPUIPlugin:80 - create IPUIPlugin
2024-02-19 10:37:19,849 [INFO] PluginManager:220 - loadIPPluginJar : add comp
2024-02-19 10:37:19,858 [INFO] IPUIPlugin:80 - create IPUIPlugin
2024-02-19 10:37:19,858 [INFO] PluginManager:220 - loadIPPluginJar : add cryp
2024-02-19 10:37:19,865 [INFO] IPUIPlugin:80 - create IPUIPlugin
2024-02-19 10:37:19,865 [INFO] PluginManager:220 - loadIPPluginJar : add dfsdm
2024-02-19 10:37:19,884 [INFO] IPUIPlugin:80 - create IPUIPlugin
2024-02-19 10:37:19,885 [INFO] PluginManager:220 - loadIPPluginJar : add dma
2024-02-19 10:37:19,894 [INFO] IPUIPlugin:80 - create IPUIPlugin
2024-02-19 10:37:19,894 [INFO] PluginManager:220 - loadIPPluginJar : add dma3
2024-02-19 10:37:19,901 [INFO] IPUIPlugin:80 - create IPUIPlugin
2024-02-19 10:37:19,902 [INFO] PluginManager:220 - loadIPPluginJar : add fatfs
2024-02-19 10:37:19,912 [INFO] IPUIPlugin:80 - create IPUIPlugin
2024-02-19 10:37:19,912 [INFO] PluginManager:220 - loadIPPluginJar : add fmc
2024-02-19 10:37:19,955 [INFO] IPUIPlugin:80 - create IPUIPlugin
2024-02-19 10:37:19,956 [INFO] PluginManager:220 - loadIPPluginJar : add freertos
2024-02-19 10:37:19,961 [INFO] IPUIPlugin:80 - create IPUIPlugin
2024-02-19 10:37:19,961 [INFO] PluginManager:220 - loadIPPluginJar : add genericplugin
2024-02-19 10:37:19,968 [INFO] IPUIPlugin:80 - create IPUIPlugin
2024-02-19 10:37:19,968 [INFO] PluginManager:220 - loadIPPluginJar : add gfxmmu
2024-02-19 10:37:19,985 [INFO] IPUIPlugin:80 - create IPUIPlugin
2024-02-19 10:37:19,985 [INFO] PluginManager:220 - loadIPPluginJar : add gic
2024-02-19 10:37:20,004 [INFO] IPUIPlugin:80 - create IPUIPlugin
2024-02-19 10:37:20,004 [INFO] PluginManager:220 - loadIPPluginJar : add gpio
2024-02-19 10:37:20,015 [INFO] IPUIPlugin:80 - create IPUIPlugin
2024-02-19 10:37:20,015 [INFO] PluginManager:220 - loadIPPluginJar : add gtzc
2024-02-19 10:37:20,021 [INFO] IPUIPlugin:80 - create IPUIPlugin
2024-02-19 10:37:20,022 [INFO] PluginManager:220 - loadIPPluginJar : add hash
2024-02-19 10:37:20,031 [INFO] IPUIPlugin:80 - create IPUIPlugin
2024-02-19 10:37:20,031 [INFO] PluginManager:220 - loadIPPluginJar : add i2c
2024-02-19 10:37:20,040 [INFO] IPUIPlugin:80 - create IPUIPlugin
2024-02-19 10:37:20,040 [INFO] PluginManager:220 - loadIPPluginJar : add i2s
2024-02-19 10:37:20,049 [INFO] IPUIPlugin:80 - create IPUIPlugin
2024-02-19 10:37:20,049 [INFO] PluginManager:220 - loadIPPluginJar : add i3c
2024-02-19 10:37:20,063 [INFO] IPUIPlugin:80 - create IPUIPlugin
2024-02-19 10:37:20,063 [INFO] PluginManager:220 - loadIPPluginJar : add ipddr
2024-02-19 10:37:20,086 [INFO] IPUIPlugin:80 - create IPUIPlugin
2024-02-19 10:37:20,087 [INFO] PluginManager:220 - loadIPPluginJar : add linkedlist
2024-02-19 10:37:20,094 [INFO] IPUIPlugin:80 - create IPUIPlugin
2024-02-19 10:37:20,094 [INFO] PluginManager:220 - loadIPPluginJar : add lorawan
2024-02-19 10:37:20,100 [INFO] IPUIPlugin:80 - create IPUIPlugin
2024-02-19 10:37:20,100 [INFO] PluginManager:220 - loadIPPluginJar : add ltdc
2024-02-19 10:37:20,127 [INFO] IPUIPlugin:80 - create IPUIPlugin
2024-02-19 10:37:20,127 [INFO] PluginManager:220 - loadIPPluginJar : add mdma
2024-02-19 10:37:20,146 [INFO] IPUIPlugin:80 - create IPUIPlugin
2024-02-19 10:37:20,147 [INFO] PluginManager:220 - loadIPPluginJar : add nvic
2024-02-19 10:37:20,155 [INFO] IPUIPlugin:80 - create IPUIPlugin
2024-02-19 10:37:20,155 [INFO] PluginManager:220 - loadIPPluginJar : add opamp
2024-02-19 10:37:20,165 [INFO] IPUIPlugin:80 - create IPUIPlugin
2024-02-19 10:37:20,166 [INFO] PluginManager:220 - loadIPPluginJar : add openamp
2024-02-19 10:37:20,175 [INFO] IPUIPlugin:80 - create IPUIPlugin
2024-02-19 10:37:20,175 [INFO] PluginManager:220 - loadIPPluginJar : add pdm2pcm
2024-02-19 10:37:20,194 [INFO] IPUIPlugin:80 - create IPUIPlugin
2024-02-19 10:37:20,197 [INFO] PluginManager:220 - loadIPPluginJar : add plateformsettings
2024-02-19 10:37:20,201 [INFO] IPUIPlugin:80 - create IPUIPlugin
2024-02-19 10:37:20,202 [INFO] PluginManager:220 - loadIPPluginJar : add quadspi
2024-02-19 10:37:20,257 [INFO] IPUIPlugin:80 - create IPUIPlugin
2024-02-19 10:37:20,257 [INFO] PluginManager:220 - loadIPPluginJar : add resmgrutility
2024-02-19 10:37:20,266 [INFO] IPUIPlugin:80 - create IPUIPlugin
2024-02-19 10:37:20,267 [INFO] PluginManager:220 - loadIPPluginJar : add sai
2024-02-19 10:37:20,276 [INFO] IPUIPlugin:80 - create IPUIPlugin
2024-02-19 10:37:20,277 [INFO] PluginManager:220 - loadIPPluginJar : add spi
2024-02-19 10:37:20,296 [INFO] IPUIPlugin:80 - create IPUIPlugin
2024-02-19 10:37:20,297 [INFO] PluginManager:220 - loadIPPluginJar : add stm32_wpan
2024-02-19 10:37:20,305 [INFO] IPUIPlugin:80 - create IPUIPlugin
2024-02-19 10:37:20,305 [INFO] PluginManager:220 - loadIPPluginJar : add tim
2024-02-19 10:37:20,318 [INFO] IPUIPlugin:80 - create IPUIPlugin
2024-02-19 10:37:20,318 [INFO] PluginManager:220 - loadIPPluginJar : add touchsensing
2024-02-19 10:37:20,326 [INFO] IPUIPlugin:80 - create IPUIPlugin
2024-02-19 10:37:20,326 [INFO] PluginManager:220 - loadIPPluginJar : add tracer_emb
2024-02-19 10:37:20,334 [INFO] IPUIPlugin:80 - create IPUIPlugin
2024-02-19 10:37:20,334 [INFO] PluginManager:220 - loadIPPluginJar : add ts
2024-02-19 10:37:20,342 [INFO] IPUIPlugin:80 - create IPUIPlugin
2024-02-19 10:37:20,342 [INFO] PluginManager:220 - loadIPPluginJar : add tsc
2024-02-19 10:37:20,349 [INFO] IPUIPlugin:80 - create IPUIPlugin
2024-02-19 10:37:20,350 [INFO] PluginManager:220 - loadIPPluginJar : add ucpd
2024-02-19 10:37:20,360 [INFO] IPUIPlugin:80 - create IPUIPlugin
2024-02-19 10:37:20,360 [INFO] PluginManager:220 - loadIPPluginJar : add usart
2024-02-19 10:37:20,369 [INFO] IPUIPlugin:80 - create IPUIPlugin
2024-02-19 10:37:20,369 [INFO] PluginManager:220 - loadIPPluginJar : add usbx
2024-02-19 10:37:20,551 [INFO] CADModel:165 - CPN selected for project level
2024-02-19 10:37:20,552 [INFO] CADModel:114 - Register for checkConnection events
2024-02-19 10:37:20,552 [FATAL] Updater:308 - Updater called before beeing initialized
2024-02-19 10:37:20,552 [ERROR] CADModel:125 - Updater not yet initialized, retry later 
2024-02-19 10:37:20,847 [INFO] CADModel:165 - CPN selected for project level
2024-02-19 10:37:20,847 [INFO] CADModel:114 - Register for checkConnection events
2024-02-19 10:37:20,847 [FATAL] Updater:308 - Updater called before beeing initialized
2024-02-19 10:37:20,848 [ERROR] CADModel:125 - Updater not yet initialized, retry later 
2024-02-19 10:37:20,854 [FATAL] Updater:308 - Updater called before beeing initialized
2024-02-19 10:37:21,095 [FATAL] Updater:308 - Updater called before beeing initialized
2024-02-19 10:37:21,112 [INFO] DbMcusAds:53 - JSON generation date=Wed Nov 29 16:22:27 IST 2023 (1701255147200)
2024-02-19 10:37:21,113 [FATAL] Updater:308 - Updater called before beeing initialized
2024-02-19 10:37:21,223 [WARN] DetailPanel:346 - Failed to get advertising image, set to default
2024-02-19 10:37:21,464 [FATAL] Updater:308 - Updater called before beeing initialized
2024-02-19 10:37:21,468 [FATAL] Updater:308 - Updater called before beeing initialized
2024-02-19 10:37:21,468 [FATAL] Updater:308 - Updater called before beeing initialized
2024-02-19 10:37:21,468 [WARN] DetailPanel:346 - Failed to get advertising image, set to default
2024-02-19 10:37:21,470 [FATAL] Updater:308 - Updater called before beeing initialized
2024-02-19 10:37:21,567 [ERROR] Updater:1120 - MainUpdater not yet initialized. External WinMGr cannot be set.
2024-02-19 10:37:21,572 [INFO] Updater:1056 - Updater Version found : 6.9.2
2024-02-19 10:37:21,604 [INFO] ThirdPartyUpdaterWithRetryManager:70 - Updater plugin not ready yet. [2/15]
2024-02-19 10:37:21,611 [INFO] ApplicationProperties:184 - Using Application install path: C:\ST\STM32CubeIDE_1.13.2\STM32CubeIDE\plugins\com.st.stm32cube.common.mx_6.9.2.202309101412
2024-02-19 10:37:22,046 [INFO] MainUpdater:2868 - connection check result : 10
2024-02-19 10:37:22,047 [INFO] MainUpdater:285 - Updater Check For Update Now.
2024-02-19 10:37:22,048 [INFO] MicroXplorer:498 - Change Database Version : DB.6.0.92
2024-02-19 10:37:22,057 [INFO] McuFinderGlobals:63 - Set McuFinder mode to 2 (CubeIDE integrated)
2024-02-19 10:37:22,363 [INFO] CheckServerUpdateThread:120 - End of CheckServer Thread
2024-02-19 10:37:25,032 [WARN] PackLoader:240 - Cannot read IP mode file for STMicroelectronics.X-CUBE-SMBUS.2.1.0
2024-02-19 10:37:25,052 [WARN] PackLoader:240 - Cannot read IP mode file for STMicroelectronics.X-CUBE-TOUCHGFX.4.23.0
2024-02-19 10:37:25,122 [WARN] PackLoader:240 - Cannot read IP mode file for STMicroelectronics.X-CUBE-AZRTOS-F7.1.1.0
2024-02-19 10:37:25,144 [WARN] PackLoader:240 - Cannot read IP mode file for STMicroelectronics.FP-SNS-MOTENV1.4.3.2
2024-02-19 10:37:25,162 [WARN] PackLoader:240 - Cannot read IP mode file for STMicroelectronics.FP-SNS-FLIGHT1.5.0.2
2024-02-19 10:37:25,182 [WARN] PackLoader:240 - Cannot read IP mode file for STMicroelectronics.X-CUBE-DISPLAY.3.0.0
2024-02-19 10:37:25,211 [WARN] PackLoader:240 - Cannot read IP mode file for STMicroelectronics.X-CUBE-BLE1.7.0.0
2024-02-19 10:37:25,227 [WARN] PackLoader:240 - Cannot read IP mode file for emotas.I-CUBE-CANOPEN.1.3.0
2024-02-19 10:37:25,235 [WARN] PackLoader:240 - Cannot read IP mode file for STMicroelectronics.X-CUBE-TOUCHGFX.4.22.1
2024-02-19 10:37:25,240 [WARN] PackLoader:240 - Cannot read IP mode file for STMicroelectronics.FP-SNS-SMARTAG2.1.2.0
2024-02-19 10:37:25,266 [INFO] LogOutputStream:77 - [STDOUT_REDIRECT] 1 : Invalid condition id : UX_CORESTACK_Condition cause : null
2024-02-19 10:37:25,267 [INFO] LogOutputStream:77 - [STDOUT_REDIRECT] 1 : Invalid condition id : UX_CORESTACK_Condition cause : null
2024-02-19 10:37:25,268 [INFO] LogOutputStream:77 - [STDOUT_REDIRECT] 1 : Invalid condition id : UX_CORESTACK_Condition cause : null
2024-02-19 10:37:25,270 [INFO] LogOutputStream:77 - [STDOUT_REDIRECT] 1 : Invalid condition id : UX_CORESTACK_Condition cause : null
2024-02-19 10:37:25,271 [INFO] LogOutputStream:77 - [STDOUT_REDIRECT] 1 : Invalid condition id : UX_CORESTACK_Condition cause : null
2024-02-19 10:37:25,280 [WARN] PackLoader:240 - Cannot read IP mode file for STMicroelectronics.X-CUBE-AZRTOS-WL.2.0.0
2024-02-19 10:37:25,297 [WARN] PackLoader:240 - Cannot read IP mode file for WES.I-CUBE-Cesium.1.3.0
2024-02-19 10:37:25,311 [WARN] PackLoader:240 - Cannot read IP mode file for STMicroelectronics.X-CUBE-BLE2.3.3.0
2024-02-19 10:37:25,327 [WARN] PackLoader:240 - Cannot read IP mode file for STMicroelectronics.X-CUBE-ALGOBUILD.1.3.0
2024-02-19 10:37:25,365 [WARN] PackLoader:240 - Cannot read IP mode file for STMicroelectronics.X-CUBE-AZRTOS-G0.1.1.0
2024-02-19 10:37:25,385 [WARN] PackLoader:240 - Cannot read IP mode file for STMicroelectronics.X-CUBE-NFC4.3.0.0
2024-02-19 10:37:25,397 [WARN] PackLoader:240 - Cannot read IP mode file for STMicroelectronics.FP-ATR-SIGFOX1.3.2.0
2024-02-19 10:37:25,411 [WARN] PackLoader:240 - Cannot read IP mode file for STMicroelectronics.X-CUBE-EEPRMA1.5.1.0
2024-02-19 10:37:25,484 [WARN] PackLoader:240 - Cannot read IP mode file for SEGGER.I-CUBE-embOS.1.3.1
2024-02-19 10:37:25,564 [WARN] PackLoader:240 - Cannot read IP mode file for STMicroelectronics.X-CUBE-GNSS1.6.0.0
2024-02-19 10:37:25,589 [WARN] PackLoader:240 - Cannot read IP mode file for STMicroelectronics.X-CUBE-AZRTOS-F4.1.1.0
2024-02-19 10:37:25,604 [WARN] PackLoader:240 - Cannot read IP mode file for wolfSSL.I-CUBE-wolfSSL.5.6.3
2024-02-19 10:37:25,634 [WARN] PackLoader:240 - Cannot read IP mode file for STMicroelectronics.X-CUBE-AZRTOS-L5.2.0.0
2024-02-19 10:37:25,721 [WARN] PackLoader:240 - Cannot read IP mode file for STMicroelectronics.X-CUBE-MEMS1.9.6.0
2024-02-19 10:37:26,054 [WARN] PackLoader:240 - Cannot read IP mode file for STMicroelectronics.X-CUBE-EEPRMA1.4.2.0
2024-02-19 10:37:26,071 [WARN] PackLoader:240 - Cannot read IP mode file for ITTIA_DB.I-CUBE-ITTIADB.8.8.0
2024-02-19 10:37:26,089 [WARN] PackLoader:240 - Cannot read IP mode file for STMicroelectronics.X-CUBE-BLEMGR.2.0.0
2024-02-19 10:37:26,130 [WARN] ConditionMgr:438 - getConditionDescription Invalid condition id : UX DEVICE CLASS RTOS Condition cause : null
2024-02-19 10:37:26,131 [WARN] ConditionMgr:438 - getConditionDescription Invalid condition id : UX DEVICE CLASS RTOS Condition cause : null
2024-02-19 10:37:26,135 [WARN] PackLoader:240 - Cannot read IP mode file for STMicroelectronics.X-CUBE-AZRTOS-H7.3.1.0
2024-02-19 10:37:26,137 [WARN] ConditionMgr:1039 - genDependencies : Invalid condition id : UX DEVICE CLASS RTOS Condition cause : null
2024-02-19 10:37:26,137 [WARN] ConditionMgr:1039 - genDependencies : Invalid condition id : UX DEVICE CLASS RTOS Condition cause : null
2024-02-19 10:37:26,138 [WARN] ConditionMgr:1039 - genDependencies : Invalid condition id : UX DEVICE CLASS RTOS Condition cause : null
2024-02-19 10:37:26,139 [WARN] ConditionMgr:1039 - genDependencies : Invalid condition id : UX DEVICE CLASS RTOS Condition cause : null
2024-02-19 10:37:26,139 [WARN] ConditionMgr:1039 - genDependencies : Invalid condition id : UX DEVICE CLASS RTOS Condition cause : null
2024-02-19 10:37:26,149 [WARN] PackLoader:240 - Cannot read IP mode file for STMicroelectronics.X-CUBE-NFC7.1.0.1
2024-02-19 10:37:26,174 [WARN] PackLoader:240 - Cannot read IP mode file for STMicroelectronics.X-CUBE-NFC6.3.0.0
2024-02-19 10:37:26,192 [WARN] PackLoader:240 - Cannot read IP mode file for STMicroelectronics.X-CUBE-EEPRMA1.4.1.0
2024-02-19 10:37:26,204 [WARN] PackLoader:240 - Cannot read IP mode file for STMicroelectronics.X-CUBE-AI.8.1.0
2024-02-19 10:37:26,242 [WARN] ConditionMgr:438 - getConditionDescription Invalid condition id : LAN8742 Phy interface Condition cause : null
2024-02-19 10:37:26,243 [WARN] PackLoader:240 - Cannot read IP mode file for STMicroelectronics.X-CUBE-AZRTOS-L4.2.0.0
2024-02-19 10:37:26,247 [WARN] ConditionMgr:1039 - genDependencies : Invalid condition id : LAN8742 Phy interface Condition cause : null
2024-02-19 10:37:26,248 [WARN] ConditionMgr:1039 - genDependencies : Invalid condition id : LAN8742 Phy interface Condition cause : null
2024-02-19 10:37:26,249 [WARN] ConditionMgr:1039 - genDependencies : Invalid condition id : LAN8742 Phy interface Condition cause : null
2024-02-19 10:37:26,265 [WARN] PackLoader:240 - Cannot read IP mode file for STMicroelectronics.X-CUBE-SFXS2LP1.4.0.0
2024-02-19 10:37:26,280 [WARN] PackLoader:240 - Cannot read IP mode file for STMicroelectronics.X-CUBE-ISPU.1.1.0
2024-02-19 10:37:26,310 [WARN] ConditionMgr:438 - getConditionDescription Invalid condition id : UX DEVICE CLASS RTOS Condition cause : null
2024-02-19 10:37:26,311 [WARN] ConditionMgr:438 - getConditionDescription Invalid condition id : UX DEVICE CLASS RTOS Condition cause : null
2024-02-19 10:37:26,315 [WARN] PackLoader:240 - Cannot read IP mode file for STMicroelectronics.X-CUBE-AZRTOS-WB.2.0.0
2024-02-19 10:37:26,316 [WARN] ConditionMgr:1039 - genDependencies : Invalid condition id : UX DEVICE CLASS RTOS Condition cause : null
2024-02-19 10:37:26,316 [WARN] ConditionMgr:1039 - genDependencies : Invalid condition id : UX DEVICE CLASS RTOS Condition cause : null
2024-02-19 10:37:26,317 [WARN] ConditionMgr:1039 - genDependencies : Invalid condition id : UX DEVICE CLASS RTOS Condition cause : null
2024-02-19 10:37:26,318 [WARN] ConditionMgr:1039 - genDependencies : Invalid condition id : UX DEVICE CLASS RTOS Condition cause : null
2024-02-19 10:37:26,318 [WARN] ConditionMgr:1039 - genDependencies : Invalid condition id : UX DEVICE CLASS RTOS Condition cause : null
2024-02-19 10:37:26,360 [WARN] PackLoader:240 - Cannot read IP mode file for STMicroelectronics.X-CUBE-SUBG2.5.0.0
2024-02-19 10:37:26,393 [WARN] PackLoader:240 - Cannot read IP mode file for STMicroelectronics.X-CUBE-TOF1.3.3.1
2024-02-19 10:37:26,448 [WARN] PackLoader:240 - Cannot read IP mode file for STMicroelectronics.X-CUBE-AZRTOS-G4.2.0.0
2024-02-19 10:37:26,481 [WARN] PackLoader:240 - Cannot read IP mode file for Infineon.AIROC-Wi-Fi-Bluetooth-STM32.1.5.1
2024-02-19 10:37:26,496 [WARN] PackLoader:240 - Cannot read IP mode file for STMicroelectronics.FP-SNS-MOTENVWB1.1.3.0
2024-02-19 10:37:26,506 [WARN] PackLoader:240 - Cannot read IP mode file for STMicroelectronics.FP-SNS-MOTENVWB1.1.3.1
2024-02-19 10:37:26,514 [WARN] PackLoader:240 - Cannot read IP mode file for STMicroelectronics.X-CUBE-ISPU.2.0.0
2024-02-19 10:37:26,524 [WARN] PackLoader:240 - Cannot read IP mode file for STMicroelectronics.X-CUBE-FREERTOS.1.1.0
2024-02-19 10:37:26,535 [WARN] PackLoader:240 - Cannot read IP mode file for portGmbH.I-Cube-SoM-uGOAL.1.1.0
2024-02-19 10:37:26,547 [WARN] PackLoader:240 - Cannot read IP mode file for STMicroelectronics.X-CUBE-ALS.1.0.1
2024-02-19 10:37:26,559 [WARN] PackLoader:240 - Cannot read IP mode file for STMicroelectronics.FP-ATR-ASTRA1.2.0.0
2024-02-19 10:37:26,578 [WARN] PackLoader:240 - Cannot read IP mode file for STMicroelectronics.X-CUBE-TOF1.3.4.0
2024-02-19 10:37:26,637 [WARN] PackLoader:240 - Cannot read IP mode file for STMicroelectronics.X-CUBE-AZRTOS-H7.3.2.0
2024-02-19 10:37:26,643 [INFO] ThirdParty:978 - Integrity check success = true
2024-02-19 10:37:26,643 [INFO] IntegrityCheckThread:100 - exiting critical section [integrity check]
2024-02-19 10:37:26,643 [INFO] IntegrityCheckThread:103 - End integrity checks thread
2024-02-19 10:37:43,394 [ERROR] LogOutputStream:75 - [STDERR_REDIRECT] SLF4J: Failed to load class "org.slf4j.impl.StaticLoggerBinder".
2024-02-19 10:37:43,395 [ERROR] LogOutputStream:75 - [STDERR_REDIRECT] SLF4J: Defaulting to no-operation (NOP) logger implementation
2024-02-19 10:37:43,397 [ERROR] LogOutputStream:75 - [STDERR_REDIRECT] SLF4J: See http://www.slf4j.org/codes.html#StaticLoggerBinder for further details.
