2024-01-15 11:24:42,116 [INFO] Activator:176 - 


2024-01-15 11:24:42,123 [INFO] Activator:177 - !SESSION log4j initialized
2024-01-15 11:24:58,052 [INFO] LogOutputStream:77 - [STDOUT_REDIRECT] 
2024-01-15 11:24:59,060 [INFO] ApplicationProperties:184 - Using Application install path: C:\ST\STM32CubeIDE_1.13.2\STM32CubeIDE\plugins\com.st.stm32cube.common.mx_6.9.2.202309101412
2024-01-15 11:24:59,082 [INFO] DbMcusXml:78 - Set database path to: C:\ST\STM32CubeIDE_1.13.2\STM32CubeIDE\plugins\com.st.stm32cube.common.mx_6.9.2.202309101412\\db\/mcu/
2024-01-15 11:24:59,083 [INFO] ApiDb:274 - Set plugin database path to: C:\ST\STM32CubeIDE_1.13.2\STM32CubeIDE\plugins\com.st.stm32cube.common.mx_6.9.2.202309101412\\db\/plugins/boardmanager/
2024-01-15 11:24:59,083 [WARN] ApiDb:259 - Overriding images path with different value:  => C:\ST\STM32CubeIDE_1.13.2\STM32CubeIDE\plugins\com.st.stm32cube.common.mx_6.9.2.202309101412\\db\/plugins/mcufinder/images/
2024-01-15 11:24:59,097 [INFO] ApiDb:250 - Set database path to: C:\Users\sanjay.kumar\.stmcufinder\plugins\mcufinder//mcu/
2024-01-15 11:24:59,098 [INFO] DbMcusAds:125 - Set database path to: C:\Users\sanjay.kumar\.stmcufinder\plugins\mcufinder//mcu/
2024-01-15 11:24:59,100 [INFO] CrossReferenceDbSqlite:203 - Set database path to: C:\Users\sanjay.kumar\.stmcufinder\plugins\mcufinder//mcu/cs/
2024-01-15 11:24:59,208 [INFO] RulesReader:64 - Compatibility file has been processed (293 Rules)
2024-01-15 11:24:59,300 [INFO] DbMcusXml:78 - Set database path to: C:\ST\STM32CubeIDE_1.13.2\STM32CubeIDE\plugins\com.st.stm32cube.common.mx_6.9.2.202309101412\\db\/mcu/
2024-01-15 11:24:59,300 [INFO] ApiDb:274 - Set plugin database path to: C:\ST\STM32CubeIDE_1.13.2\STM32CubeIDE\plugins\com.st.stm32cube.common.mx_6.9.2.202309101412\\db\/plugins/boardmanager/
2024-01-15 11:24:59,300 [INFO] ApiDb:261 - Set plugin images path to: C:\ST\STM32CubeIDE_1.13.2\STM32CubeIDE\plugins\com.st.stm32cube.common.mx_6.9.2.202309101412\\db\/plugins/mcufinder/images/
2024-01-15 11:24:59,301 [WARN] DbFile:41 - Overriding database path with different value: C:\Users\sanjay.kumar\.stmcufinder\plugins\mcufinder/ => C:\Users\sanjay.kumar\.stmcufinder\plugins\mcufinder
2024-01-15 11:24:59,301 [INFO] ApiDb:250 - Set database path to: C:\Users\sanjay.kumar\.stmcufinder\plugins\mcufinder//mcu/
2024-01-15 11:24:59,301 [WARN] DbFile:41 - Overriding database path with different value: C:\Users\sanjay.kumar\.stmcufinder\plugins\mcufinder/ => C:\Users\sanjay.kumar\.stmcufinder\plugins\mcufinder
2024-01-15 11:24:59,302 [INFO] DbMcusAds:125 - Set database path to: C:\Users\sanjay.kumar\.stmcufinder\plugins\mcufinder//mcu/
2024-01-15 11:24:59,302 [WARN] DbFile:41 - Overriding database path with different value: C:\Users\sanjay.kumar\.stmcufinder\plugins\mcufinder/ => C:\Users\sanjay.kumar\.stmcufinder\plugins\mcufinder
2024-01-15 11:24:59,302 [WARN] DbFile:41 - Overriding database path with different value: C:\Users\sanjay.kumar\.stmcufinder\plugins\mcufinder/ => C:\Users\sanjay.kumar\.stmcufinder\plugins\mcufinder
2024-01-15 11:24:59,302 [INFO] CrossReferenceDbSqlite:203 - Set database path to: C:\Users\sanjay.kumar\.stmcufinder\plugins\mcufinder//mcu/cs/
2024-01-15 11:24:59,390 [INFO] MainPanel:262 - HeapMemory: 268435456
2024-01-15 11:24:59,477 [INFO] DbMcusXml:78 - Set database path to: C:\ST\STM32CubeIDE_1.13.2\STM32CubeIDE\plugins\com.st.stm32cube.common.mx_6.9.2.202309101412\\db\/mcu/
2024-01-15 11:24:59,477 [INFO] ApiDb:274 - Set plugin database path to: C:\ST\STM32CubeIDE_1.13.2\STM32CubeIDE\plugins\com.st.stm32cube.common.mx_6.9.2.202309101412\\db\/plugins/boardmanager/
2024-01-15 11:24:59,478 [INFO] ApiDb:261 - Set plugin images path to: C:\ST\STM32CubeIDE_1.13.2\STM32CubeIDE\plugins\com.st.stm32cube.common.mx_6.9.2.202309101412\\db\/plugins/mcufinder/images/
2024-01-15 11:24:59,478 [WARN] DbFile:41 - Overriding database path with different value: C:\Users\sanjay.kumar\.stmcufinder\plugins\mcufinder/ => C:\Users\sanjay.kumar\.stmcufinder\plugins\mcufinder
2024-01-15 11:24:59,478 [INFO] ApiDb:250 - Set database path to: C:\Users\sanjay.kumar\.stmcufinder\plugins\mcufinder//mcu/
2024-01-15 11:24:59,478 [WARN] DbFile:41 - Overriding database path with different value: C:\Users\sanjay.kumar\.stmcufinder\plugins\mcufinder/ => C:\Users\sanjay.kumar\.stmcufinder\plugins\mcufinder
2024-01-15 11:24:59,478 [INFO] DbMcusAds:125 - Set database path to: C:\Users\sanjay.kumar\.stmcufinder\plugins\mcufinder//mcu/
2024-01-15 11:24:59,478 [WARN] DbFile:41 - Overriding database path with different value: C:\Users\sanjay.kumar\.stmcufinder\plugins\mcufinder/ => C:\Users\sanjay.kumar\.stmcufinder\plugins\mcufinder
2024-01-15 11:24:59,478 [WARN] DbFile:41 - Overriding database path with different value: C:\Users\sanjay.kumar\.stmcufinder\plugins\mcufinder/ => C:\Users\sanjay.kumar\.stmcufinder\plugins\mcufinder
2024-01-15 11:24:59,478 [INFO] CrossReferenceDbSqlite:203 - Set database path to: C:\Users\sanjay.kumar\.stmcufinder\plugins\mcufinder//mcu/cs/
2024-01-15 11:24:59,496 [INFO] ApplicationProperties:184 - Using Application install path: C:\ST\STM32CubeIDE_1.13.2\STM32CubeIDE\plugins\com.st.stm32cube.common.mx_6.9.2.202309101412
2024-01-15 11:24:59,497 [INFO] PluginManage:196 - Search for loadable plugins [exclusion list=, ]
2024-01-15 11:24:59,498 [INFO] PluginManage:310 - Check plugin analytics
2024-01-15 11:24:59,638 [INFO] AnalyticsPlugin:253 - Accepted Software Licenses: STM32CubeMX.6.2.1
2024-01-15 11:24:59,639 [INFO] AnalyticsPlugin:255 - Accepted CMSIS Pack Licenses: 
2024-01-15 11:24:59,639 [INFO] AnalyticsPlugin:257 - Accepted Firmware Licenses: 
2024-01-15 11:24:59,641 [INFO] PluginManage:359 - Loaded plugin analytics (category:tool,tabindex:-1)
2024-01-15 11:24:59,641 [INFO] PluginManage:310 - Check plugin cadmodel
2024-01-15 11:24:59,648 [INFO] CADModel:105 - Init CAD model plugin
2024-01-15 11:24:59,648 [INFO] PluginManage:359 - Loaded plugin cadmodel (category:power,tabindex:5)
2024-01-15 11:24:59,649 [INFO] PluginManage:310 - Check plugin clock
2024-01-15 11:24:59,728 [INFO] PluginManage:359 - Loaded plugin clock (category:base,tabindex:2)
2024-01-15 11:24:59,729 [INFO] PluginManage:310 - Check plugin ddr
2024-01-15 11:24:59,731 [INFO] PluginManage:359 - Loaded plugin ddr (category:tool,tabindex:6)
2024-01-15 11:24:59,731 [INFO] PluginManage:310 - Check plugin filemanager
2024-01-15 11:24:59,846 [INFO] PluginManage:359 - Loaded plugin filemanager (category:base,tabindex:10)
2024-01-15 11:24:59,846 [INFO] PluginManage:310 - Check plugin ipmanager
2024-01-15 11:24:59,854 [INFO] PluginManage:359 - Loaded plugin ipmanager (category:base,tabindex:5)
2024-01-15 11:24:59,855 [INFO] PluginManage:310 - Check plugin lpbam
2024-01-15 11:24:59,880 [INFO] PluginManage:359 - Loaded plugin lpbam (category:base,tabindex:0)
2024-01-15 11:24:59,880 [INFO] PluginManage:310 - Check plugin memorymap
2024-01-15 11:24:59,909 [INFO] PluginManage:359 - Loaded plugin memorymap (category:base,tabindex:4)
2024-01-15 11:24:59,909 [INFO] PluginManage:310 - Check plugin pinoutandconfiguration
2024-01-15 11:24:59,942 [INFO] PluginManage:359 - Loaded plugin pinoutandconfiguration (category:base,tabindex:1)
2024-01-15 11:24:59,943 [INFO] PluginManage:310 - Check plugin pinoutconfig
2024-01-15 11:25:00,060 [WARN] SupportedApi:132 - Cannot load RTOS API schema: s4s-elt-must-match.1: The content of 'definitions' must match (annotation?, (simpleType | complexType)?, (unique | key | keyref)*)). A problem was found starting at: attribute.
2024-01-15 11:25:00,194 [INFO] PluginManage:359 - Loaded plugin pinoutconfig (category:base,tabindex:0)
2024-01-15 11:25:00,194 [INFO] PluginManage:310 - Check plugin power
2024-01-15 11:25:00,206 [INFO] PluginManage:359 - Loaded plugin power (category:power,tabindex:4)
2024-01-15 11:25:00,207 [INFO] PluginManage:310 - Check plugin projectmanager
2024-01-15 11:25:00,218 [INFO] PluginManage:359 - Loaded plugin projectmanager (category:projectmanager,tabindex:3)
2024-01-15 11:25:00,218 [INFO] PluginManage:310 - Check plugin thirdparty
2024-01-15 11:25:00,336 [INFO] PluginManage:359 - Loaded plugin thirdparty (category:base,tabindex:-1)
2024-01-15 11:25:00,336 [WARN] IntegrityCheckThread:84 - waiting for thirdparty lock release [integrity check]
2024-01-15 11:25:00,336 [INFO] PluginManage:310 - Check plugin tools
2024-01-15 11:25:00,336 [INFO] IntegrityCheckThread:86 - entering critical section [integrity check]
2024-01-15 11:25:00,336 [INFO] ThirdPartyUpdaterWithRetryManager:70 - Updater plugin not ready yet. [1/15]
2024-01-15 11:25:00,341 [INFO] PluginManage:359 - Loaded plugin tools (category:base,tabindex:7)
2024-01-15 11:25:00,341 [INFO] PluginManage:310 - Check plugin tutovideos
2024-01-15 11:25:00,531 [INFO] PluginManage:359 - Loaded plugin tutovideos (category:base,tabindex:-1)
2024-01-15 11:25:00,531 [INFO] PluginManage:310 - Check plugin updater
2024-01-15 11:25:00,542 [INFO] PluginManage:359 - Loaded plugin updater (category:base,tabindex:12)
2024-01-15 11:25:00,542 [INFO] PluginManage:310 - Check plugin userauth
2024-01-15 11:25:00,548 [INFO] UserAuth:113 - Init User Auth plugin
2024-01-15 11:25:00,548 [INFO] PluginManage:359 - Loaded plugin userauth (category:base,tabindex:14)
2024-01-15 11:25:00,548 [INFO] PluginManage:283 - PluginManage : Loaded plugins [17]
2024-01-15 11:25:00,763 [INFO] PinOutPanel:1499 - setPackage(No Configuration,No Configuration)
2024-01-15 11:25:00,876 [INFO] CADModel:165 - CPN selected for project level
2024-01-15 11:25:00,877 [INFO] CADModel:114 - Register for checkConnection events
2024-01-15 11:25:00,897 [INFO] IPUIPlugin:80 - create IPUIPlugin
2024-01-15 11:25:00,897 [INFO] PluginManager:220 - loadIPPluginJar : add adc
2024-01-15 11:25:00,901 [INFO] IPUIPlugin:80 - create IPUIPlugin
2024-01-15 11:25:00,901 [INFO] PluginManager:220 - loadIPPluginJar : add aes
2024-01-15 11:25:00,908 [INFO] IPUIPlugin:80 - create IPUIPlugin
2024-01-15 11:25:00,908 [INFO] PluginManager:220 - loadIPPluginJar : add can
2024-01-15 11:25:00,911 [INFO] IPUIPlugin:80 - create IPUIPlugin
2024-01-15 11:25:00,911 [INFO] PluginManager:220 - loadIPPluginJar : add comp
2024-01-15 11:25:00,916 [INFO] IPUIPlugin:80 - create IPUIPlugin
2024-01-15 11:25:00,916 [INFO] PluginManager:220 - loadIPPluginJar : add cryp
2024-01-15 11:25:00,919 [INFO] IPUIPlugin:80 - create IPUIPlugin
2024-01-15 11:25:00,919 [INFO] PluginManager:220 - loadIPPluginJar : add dfsdm
2024-01-15 11:25:00,932 [INFO] IPUIPlugin:80 - create IPUIPlugin
2024-01-15 11:25:00,932 [INFO] PluginManager:220 - loadIPPluginJar : add dma
2024-01-15 11:25:00,936 [INFO] IPUIPlugin:80 - create IPUIPlugin
2024-01-15 11:25:00,937 [INFO] PluginManager:220 - loadIPPluginJar : add dma3
2024-01-15 11:25:00,941 [INFO] IPUIPlugin:80 - create IPUIPlugin
2024-01-15 11:25:00,941 [INFO] PluginManager:220 - loadIPPluginJar : add fatfs
2024-01-15 11:25:00,948 [INFO] IPUIPlugin:80 - create IPUIPlugin
2024-01-15 11:25:00,948 [INFO] PluginManager:220 - loadIPPluginJar : add fmc
2024-01-15 11:25:00,982 [INFO] IPUIPlugin:80 - create IPUIPlugin
2024-01-15 11:25:00,982 [INFO] PluginManager:220 - loadIPPluginJar : add freertos
2024-01-15 11:25:00,985 [INFO] IPUIPlugin:80 - create IPUIPlugin
2024-01-15 11:25:00,985 [INFO] PluginManager:220 - loadIPPluginJar : add genericplugin
2024-01-15 11:25:00,991 [INFO] IPUIPlugin:80 - create IPUIPlugin
2024-01-15 11:25:00,991 [INFO] PluginManager:220 - loadIPPluginJar : add gfxmmu
2024-01-15 11:25:01,003 [INFO] IPUIPlugin:80 - create IPUIPlugin
2024-01-15 11:25:01,003 [INFO] PluginManager:220 - loadIPPluginJar : add gic
2024-01-15 11:25:01,017 [INFO] IPUIPlugin:80 - create IPUIPlugin
2024-01-15 11:25:01,017 [INFO] PluginManager:220 - loadIPPluginJar : add gpio
2024-01-15 11:25:01,025 [INFO] IPUIPlugin:80 - create IPUIPlugin
2024-01-15 11:25:01,025 [INFO] PluginManager:220 - loadIPPluginJar : add gtzc
2024-01-15 11:25:01,029 [INFO] IPUIPlugin:80 - create IPUIPlugin
2024-01-15 11:25:01,030 [INFO] PluginManager:220 - loadIPPluginJar : add hash
2024-01-15 11:25:01,035 [INFO] IPUIPlugin:80 - create IPUIPlugin
2024-01-15 11:25:01,035 [INFO] PluginManager:220 - loadIPPluginJar : add i2c
2024-01-15 11:25:01,041 [INFO] IPUIPlugin:80 - create IPUIPlugin
2024-01-15 11:25:01,041 [INFO] PluginManager:220 - loadIPPluginJar : add i2s
2024-01-15 11:25:01,047 [INFO] IPUIPlugin:80 - create IPUIPlugin
2024-01-15 11:25:01,047 [INFO] PluginManager:220 - loadIPPluginJar : add i3c
2024-01-15 11:25:01,054 [INFO] IPUIPlugin:80 - create IPUIPlugin
2024-01-15 11:25:01,054 [INFO] PluginManager:220 - loadIPPluginJar : add ipddr
2024-01-15 11:25:01,066 [INFO] IPUIPlugin:80 - create IPUIPlugin
2024-01-15 11:25:01,066 [INFO] PluginManager:220 - loadIPPluginJar : add linkedlist
2024-01-15 11:25:01,070 [INFO] IPUIPlugin:80 - create IPUIPlugin
2024-01-15 11:25:01,071 [INFO] PluginManager:220 - loadIPPluginJar : add lorawan
2024-01-15 11:25:01,075 [INFO] IPUIPlugin:80 - create IPUIPlugin
2024-01-15 11:25:01,075 [INFO] PluginManager:220 - loadIPPluginJar : add ltdc
2024-01-15 11:25:01,089 [INFO] IPUIPlugin:80 - create IPUIPlugin
2024-01-15 11:25:01,089 [INFO] PluginManager:220 - loadIPPluginJar : add mdma
2024-01-15 11:25:01,102 [INFO] IPUIPlugin:80 - create IPUIPlugin
2024-01-15 11:25:01,102 [INFO] PluginManager:220 - loadIPPluginJar : add nvic
2024-01-15 11:25:01,108 [INFO] IPUIPlugin:80 - create IPUIPlugin
2024-01-15 11:25:01,108 [INFO] PluginManager:220 - loadIPPluginJar : add opamp
2024-01-15 11:25:01,114 [INFO] IPUIPlugin:80 - create IPUIPlugin
2024-01-15 11:25:01,114 [INFO] PluginManager:220 - loadIPPluginJar : add openamp
2024-01-15 11:25:01,121 [INFO] IPUIPlugin:80 - create IPUIPlugin
2024-01-15 11:25:01,121 [INFO] PluginManager:220 - loadIPPluginJar : add pdm2pcm
2024-01-15 11:25:01,134 [INFO] IPUIPlugin:80 - create IPUIPlugin
2024-01-15 11:25:01,135 [INFO] PluginManager:220 - loadIPPluginJar : add plateformsettings
2024-01-15 11:25:01,140 [INFO] IPUIPlugin:80 - create IPUIPlugin
2024-01-15 11:25:01,140 [INFO] PluginManager:220 - loadIPPluginJar : add quadspi
2024-01-15 11:25:01,172 [INFO] IPUIPlugin:80 - create IPUIPlugin
2024-01-15 11:25:01,172 [INFO] PluginManager:220 - loadIPPluginJar : add resmgrutility
2024-01-15 11:25:01,178 [INFO] IPUIPlugin:80 - create IPUIPlugin
2024-01-15 11:25:01,178 [INFO] PluginManager:220 - loadIPPluginJar : add sai
2024-01-15 11:25:01,183 [INFO] IPUIPlugin:80 - create IPUIPlugin
2024-01-15 11:25:01,183 [INFO] PluginManager:220 - loadIPPluginJar : add spi
2024-01-15 11:25:01,192 [INFO] IPUIPlugin:80 - create IPUIPlugin
2024-01-15 11:25:01,192 [INFO] PluginManager:220 - loadIPPluginJar : add stm32_wpan
2024-01-15 11:25:01,195 [INFO] IPUIPlugin:80 - create IPUIPlugin
2024-01-15 11:25:01,196 [INFO] PluginManager:220 - loadIPPluginJar : add tim
2024-01-15 11:25:01,202 [INFO] IPUIPlugin:80 - create IPUIPlugin
2024-01-15 11:25:01,202 [INFO] PluginManager:220 - loadIPPluginJar : add touchsensing
2024-01-15 11:25:01,206 [INFO] IPUIPlugin:80 - create IPUIPlugin
2024-01-15 11:25:01,206 [INFO] PluginManager:220 - loadIPPluginJar : add tracer_emb
2024-01-15 11:25:01,211 [INFO] IPUIPlugin:80 - create IPUIPlugin
2024-01-15 11:25:01,211 [INFO] PluginManager:220 - loadIPPluginJar : add ts
2024-01-15 11:25:01,214 [INFO] IPUIPlugin:80 - create IPUIPlugin
2024-01-15 11:25:01,214 [INFO] PluginManager:220 - loadIPPluginJar : add tsc
2024-01-15 11:25:01,217 [INFO] IPUIPlugin:80 - create IPUIPlugin
2024-01-15 11:25:01,218 [INFO] PluginManager:220 - loadIPPluginJar : add ucpd
2024-01-15 11:25:01,224 [INFO] IPUIPlugin:80 - create IPUIPlugin
2024-01-15 11:25:01,224 [INFO] PluginManager:220 - loadIPPluginJar : add usart
2024-01-15 11:25:01,230 [INFO] IPUIPlugin:80 - create IPUIPlugin
2024-01-15 11:25:01,230 [INFO] PluginManager:220 - loadIPPluginJar : add usbx
2024-01-15 11:25:01,350 [INFO] CADModel:165 - CPN selected for project level
2024-01-15 11:25:01,350 [INFO] CADModel:114 - Register for checkConnection events
2024-01-15 11:25:01,350 [FATAL] Updater:308 - Updater called before beeing initialized
2024-01-15 11:25:01,350 [ERROR] CADModel:125 - Updater not yet initialized, retry later 
2024-01-15 11:25:01,473 [INFO] CADModel:165 - CPN selected for project level
2024-01-15 11:25:01,473 [INFO] CADModel:114 - Register for checkConnection events
2024-01-15 11:25:01,473 [FATAL] Updater:308 - Updater called before beeing initialized
2024-01-15 11:25:01,473 [ERROR] CADModel:125 - Updater not yet initialized, retry later 
2024-01-15 11:25:01,476 [FATAL] Updater:308 - Updater called before beeing initialized
2024-01-15 11:25:01,569 [FATAL] Updater:308 - Updater called before beeing initialized
2024-01-15 11:25:01,574 [INFO] DbMcusAds:53 - JSON generation date=Wed Nov 29 16:22:27 IST 2023 (1701255147349)
2024-01-15 11:25:01,574 [FATAL] Updater:308 - Updater called before beeing initialized
2024-01-15 11:25:01,617 [WARN] DetailPanel:346 - Failed to get advertising image, set to default
2024-01-15 11:25:01,709 [FATAL] Updater:308 - Updater called before beeing initialized
2024-01-15 11:25:01,710 [FATAL] Updater:308 - Updater called before beeing initialized
2024-01-15 11:25:01,710 [FATAL] Updater:308 - Updater called before beeing initialized
2024-01-15 11:25:01,710 [WARN] DetailPanel:346 - Failed to get advertising image, set to default
2024-01-15 11:25:01,711 [FATAL] Updater:308 - Updater called before beeing initialized
2024-01-15 11:25:01,749 [ERROR] Updater:1120 - MainUpdater not yet initialized. External WinMGr cannot be set.
2024-01-15 11:25:01,751 [INFO] Updater:1056 - Updater Version found : 6.9.2
2024-01-15 11:25:01,770 [INFO] ApplicationProperties:184 - Using Application install path: C:\ST\STM32CubeIDE_1.13.2\STM32CubeIDE\plugins\com.st.stm32cube.common.mx_6.9.2.202309101412
2024-01-15 11:25:01,813 [INFO] MainUpdater:521 - Copy updater definitions from MX database
2024-01-15 11:25:03,337 [INFO] ThirdPartyUpdaterWithRetryManager:70 - Updater plugin not ready yet. [2/15]
2024-01-15 11:25:06,339 [FATAL] Updater:308 - Updater called before beeing initialized
2024-01-15 11:25:06,339 [ERROR] IntegrityCheckThread:130 - Cannot retrieve database content from updater: error 21
2024-01-15 11:25:06,339 [INFO] ThirdParty:978 - Integrity check success = false
2024-01-15 11:25:06,340 [INFO] IntegrityCheckThread:100 - exiting critical section [integrity check]
2024-01-15 11:25:06,340 [INFO] IntegrityCheckThread:103 - End integrity checks thread
2024-01-15 11:25:11,188 [WARN] ServerAccessManage:1168 - Warning during Server Connection :  timeout Read timed out
2024-01-15 11:25:11,477 [ERROR] ConfigurationRetriever:142 - IOException on connection: Read timed out
2024-01-15 11:25:13,199 [WARN] ServerAccessManage:1168 - Warning during Server Connection :  timeout Connect timed out
2024-01-15 11:25:13,210 [INFO] MainUpdater:2868 - connection check result : 22
2024-01-15 11:25:13,212 [INFO] MainUpdater:285 - Updater Check For Update Now.
2024-01-15 11:25:13,212 [INFO] MicroXplorer:498 - Change Database Version : DB.6.0.92
2024-01-15 11:25:13,226 [INFO] McuFinderGlobals:63 - Set McuFinder mode to 2 (CubeIDE integrated)
2024-01-15 11:25:13,315 [ERROR] ConfigurationRetriever:142 - IOException on connection: Read timed out
2024-01-15 11:25:13,418 [INFO] CheckServerUpdateThread:120 - End of CheckServer Thread
2024-01-15 11:25:13,480 [ERROR] ConfigurationRetriever:142 - IOException on connection: Connect timed out
2024-01-15 11:25:15,481 [ERROR] ConfigurationRetriever:142 - IOException on connection: Connect timed out
2024-01-15 11:25:18,316 [ERROR] ConfigurationRetriever:142 - IOException on connection: Connect timed out
2024-01-15 11:25:23,317 [ERROR] ConfigurationRetriever:142 - IOException on connection: Connect timed out
2024-01-15 11:25:34,292 [ERROR] LogOutputStream:75 - [STDERR_REDIRECT] SLF4J: Failed to load class "org.slf4j.impl.StaticLoggerBinder".
2024-01-15 11:25:34,293 [ERROR] LogOutputStream:75 - [STDERR_REDIRECT] SLF4J: Defaulting to no-operation (NOP) logger implementation
2024-01-15 11:25:34,294 [ERROR] LogOutputStream:75 - [STDERR_REDIRECT] SLF4J: See http://www.slf4j.org/codes.html#StaticLoggerBinder for further details.
2024-01-15 15:04:54,886 [INFO] Activator:176 - 


2024-01-15 15:04:54,888 [INFO] Activator:177 - !SESSION log4j initialized
2024-01-15 15:05:03,214 [INFO] LogOutputStream:77 - [STDOUT_REDIRECT] 
2024-01-15 15:05:04,575 [INFO] ApplicationProperties:184 - Using Application install path: C:\ST\STM32CubeIDE_1.13.2\STM32CubeIDE\plugins\com.st.stm32cube.common.mx_6.9.2.202309101412
2024-01-15 15:05:04,592 [INFO] DbMcusXml:78 - Set database path to: C:\ST\STM32CubeIDE_1.13.2\STM32CubeIDE\plugins\com.st.stm32cube.common.mx_6.9.2.202309101412\\db\/mcu/
2024-01-15 15:05:04,592 [INFO] ApiDb:274 - Set plugin database path to: C:\ST\STM32CubeIDE_1.13.2\STM32CubeIDE\plugins\com.st.stm32cube.common.mx_6.9.2.202309101412\\db\/plugins/boardmanager/
2024-01-15 15:05:04,592 [WARN] ApiDb:259 - Overriding images path with different value:  => C:\ST\STM32CubeIDE_1.13.2\STM32CubeIDE\plugins\com.st.stm32cube.common.mx_6.9.2.202309101412\\db\/plugins/mcufinder/images/
2024-01-15 15:05:04,609 [INFO] ApiDb:250 - Set database path to: C:\Users\sanjay.kumar\.stmcufinder\plugins\mcufinder//mcu/
2024-01-15 15:05:04,611 [INFO] DbMcusAds:125 - Set database path to: C:\Users\sanjay.kumar\.stmcufinder\plugins\mcufinder//mcu/
2024-01-15 15:05:04,614 [INFO] CrossReferenceDbSqlite:203 - Set database path to: C:\Users\sanjay.kumar\.stmcufinder\plugins\mcufinder//mcu/cs/
2024-01-15 15:05:04,737 [INFO] RulesReader:64 - Compatibility file has been processed (293 Rules)
2024-01-15 15:05:04,898 [INFO] DbMcusXml:78 - Set database path to: C:\ST\STM32CubeIDE_1.13.2\STM32CubeIDE\plugins\com.st.stm32cube.common.mx_6.9.2.202309101412\\db\/mcu/
2024-01-15 15:05:04,899 [INFO] ApiDb:274 - Set plugin database path to: C:\ST\STM32CubeIDE_1.13.2\STM32CubeIDE\plugins\com.st.stm32cube.common.mx_6.9.2.202309101412\\db\/plugins/boardmanager/
2024-01-15 15:05:04,899 [INFO] ApiDb:261 - Set plugin images path to: C:\ST\STM32CubeIDE_1.13.2\STM32CubeIDE\plugins\com.st.stm32cube.common.mx_6.9.2.202309101412\\db\/plugins/mcufinder/images/
2024-01-15 15:05:04,899 [WARN] DbFile:41 - Overriding database path with different value: C:\Users\sanjay.kumar\.stmcufinder\plugins\mcufinder/ => C:\Users\sanjay.kumar\.stmcufinder\plugins\mcufinder
2024-01-15 15:05:04,899 [INFO] ApiDb:250 - Set database path to: C:\Users\sanjay.kumar\.stmcufinder\plugins\mcufinder//mcu/
2024-01-15 15:05:04,900 [WARN] DbFile:41 - Overriding database path with different value: C:\Users\sanjay.kumar\.stmcufinder\plugins\mcufinder/ => C:\Users\sanjay.kumar\.stmcufinder\plugins\mcufinder
2024-01-15 15:05:04,900 [INFO] DbMcusAds:125 - Set database path to: C:\Users\sanjay.kumar\.stmcufinder\plugins\mcufinder//mcu/
2024-01-15 15:05:04,900 [WARN] DbFile:41 - Overriding database path with different value: C:\Users\sanjay.kumar\.stmcufinder\plugins\mcufinder/ => C:\Users\sanjay.kumar\.stmcufinder\plugins\mcufinder
2024-01-15 15:05:04,900 [WARN] DbFile:41 - Overriding database path with different value: C:\Users\sanjay.kumar\.stmcufinder\plugins\mcufinder/ => C:\Users\sanjay.kumar\.stmcufinder\plugins\mcufinder
2024-01-15 15:05:04,900 [INFO] CrossReferenceDbSqlite:203 - Set database path to: C:\Users\sanjay.kumar\.stmcufinder\plugins\mcufinder//mcu/cs/
2024-01-15 15:05:05,021 [INFO] MainPanel:262 - HeapMemory: 268435456
2024-01-15 15:05:05,166 [INFO] DbMcusXml:78 - Set database path to: C:\ST\STM32CubeIDE_1.13.2\STM32CubeIDE\plugins\com.st.stm32cube.common.mx_6.9.2.202309101412\\db\/mcu/
2024-01-15 15:05:05,167 [INFO] ApiDb:274 - Set plugin database path to: C:\ST\STM32CubeIDE_1.13.2\STM32CubeIDE\plugins\com.st.stm32cube.common.mx_6.9.2.202309101412\\db\/plugins/boardmanager/
2024-01-15 15:05:05,167 [INFO] ApiDb:261 - Set plugin images path to: C:\ST\STM32CubeIDE_1.13.2\STM32CubeIDE\plugins\com.st.stm32cube.common.mx_6.9.2.202309101412\\db\/plugins/mcufinder/images/
2024-01-15 15:05:05,168 [WARN] DbFile:41 - Overriding database path with different value: C:\Users\sanjay.kumar\.stmcufinder\plugins\mcufinder/ => C:\Users\sanjay.kumar\.stmcufinder\plugins\mcufinder
2024-01-15 15:05:05,169 [INFO] ApiDb:250 - Set database path to: C:\Users\sanjay.kumar\.stmcufinder\plugins\mcufinder//mcu/
2024-01-15 15:05:05,169 [WARN] DbFile:41 - Overriding database path with different value: C:\Users\sanjay.kumar\.stmcufinder\plugins\mcufinder/ => C:\Users\sanjay.kumar\.stmcufinder\plugins\mcufinder
2024-01-15 15:05:05,170 [INFO] DbMcusAds:125 - Set database path to: C:\Users\sanjay.kumar\.stmcufinder\plugins\mcufinder//mcu/
2024-01-15 15:05:05,170 [WARN] DbFile:41 - Overriding database path with different value: C:\Users\sanjay.kumar\.stmcufinder\plugins\mcufinder/ => C:\Users\sanjay.kumar\.stmcufinder\plugins\mcufinder
2024-01-15 15:05:05,170 [WARN] DbFile:41 - Overriding database path with different value: C:\Users\sanjay.kumar\.stmcufinder\plugins\mcufinder/ => C:\Users\sanjay.kumar\.stmcufinder\plugins\mcufinder
2024-01-15 15:05:05,170 [INFO] CrossReferenceDbSqlite:203 - Set database path to: C:\Users\sanjay.kumar\.stmcufinder\plugins\mcufinder//mcu/cs/
2024-01-15 15:05:05,207 [INFO] ApplicationProperties:184 - Using Application install path: C:\ST\STM32CubeIDE_1.13.2\STM32CubeIDE\plugins\com.st.stm32cube.common.mx_6.9.2.202309101412
2024-01-15 15:05:05,208 [INFO] PluginManage:196 - Search for loadable plugins [exclusion list=, ]
2024-01-15 15:05:05,210 [INFO] PluginManage:310 - Check plugin analytics
2024-01-15 15:05:05,412 [INFO] AnalyticsPlugin:253 - Accepted Software Licenses: STM32CubeMX.6.2.1
2024-01-15 15:05:05,412 [INFO] AnalyticsPlugin:255 - Accepted CMSIS Pack Licenses: 
2024-01-15 15:05:05,413 [INFO] AnalyticsPlugin:257 - Accepted Firmware Licenses: 
2024-01-15 15:05:05,415 [INFO] PluginManage:359 - Loaded plugin analytics (category:tool,tabindex:-1)
2024-01-15 15:05:05,415 [INFO] PluginManage:310 - Check plugin cadmodel
2024-01-15 15:05:05,424 [INFO] CADModel:105 - Init CAD model plugin
2024-01-15 15:05:05,425 [INFO] PluginManage:359 - Loaded plugin cadmodel (category:power,tabindex:5)
2024-01-15 15:05:05,425 [INFO] PluginManage:310 - Check plugin clock
2024-01-15 15:05:05,504 [INFO] PluginManage:359 - Loaded plugin clock (category:base,tabindex:2)
2024-01-15 15:05:05,504 [INFO] PluginManage:310 - Check plugin ddr
2024-01-15 15:05:05,507 [INFO] PluginManage:359 - Loaded plugin ddr (category:tool,tabindex:6)
2024-01-15 15:05:05,507 [INFO] PluginManage:310 - Check plugin filemanager
2024-01-15 15:05:05,658 [INFO] PluginManage:359 - Loaded plugin filemanager (category:base,tabindex:10)
2024-01-15 15:05:05,658 [INFO] PluginManage:310 - Check plugin ipmanager
2024-01-15 15:05:05,672 [INFO] PluginManage:359 - Loaded plugin ipmanager (category:base,tabindex:5)
2024-01-15 15:05:05,672 [INFO] PluginManage:310 - Check plugin lpbam
2024-01-15 15:05:05,702 [INFO] PluginManage:359 - Loaded plugin lpbam (category:base,tabindex:0)
2024-01-15 15:05:05,702 [INFO] PluginManage:310 - Check plugin memorymap
2024-01-15 15:05:05,739 [INFO] PluginManage:359 - Loaded plugin memorymap (category:base,tabindex:4)
2024-01-15 15:05:05,739 [INFO] PluginManage:310 - Check plugin pinoutandconfiguration
2024-01-15 15:05:05,818 [INFO] PluginManage:359 - Loaded plugin pinoutandconfiguration (category:base,tabindex:1)
2024-01-15 15:05:05,818 [INFO] PluginManage:310 - Check plugin pinoutconfig
2024-01-15 15:05:05,967 [WARN] SupportedApi:132 - Cannot load RTOS API schema: s4s-elt-must-match.1: The content of 'definitions' must match (annotation?, (simpleType | complexType)?, (unique | key | keyref)*)). A problem was found starting at: attribute.
2024-01-15 15:05:06,113 [INFO] PluginManage:359 - Loaded plugin pinoutconfig (category:base,tabindex:0)
2024-01-15 15:05:06,113 [INFO] PluginManage:310 - Check plugin power
2024-01-15 15:05:06,130 [INFO] PluginManage:359 - Loaded plugin power (category:power,tabindex:4)
2024-01-15 15:05:06,131 [INFO] PluginManage:310 - Check plugin projectmanager
2024-01-15 15:05:06,150 [INFO] PluginManage:359 - Loaded plugin projectmanager (category:projectmanager,tabindex:3)
2024-01-15 15:05:06,151 [INFO] PluginManage:310 - Check plugin thirdparty
2024-01-15 15:05:06,339 [INFO] PluginManage:359 - Loaded plugin thirdparty (category:base,tabindex:-1)
2024-01-15 15:05:06,339 [WARN] IntegrityCheckThread:84 - waiting for thirdparty lock release [integrity check]
2024-01-15 15:05:06,339 [INFO] PluginManage:310 - Check plugin tools
2024-01-15 15:05:06,339 [INFO] IntegrityCheckThread:86 - entering critical section [integrity check]
2024-01-15 15:05:06,340 [INFO] ThirdPartyUpdaterWithRetryManager:70 - Updater plugin not ready yet. [1/15]
2024-01-15 15:05:06,345 [INFO] PluginManage:359 - Loaded plugin tools (category:base,tabindex:7)
2024-01-15 15:05:06,345 [INFO] PluginManage:310 - Check plugin tutovideos
2024-01-15 15:05:06,590 [INFO] PluginManage:359 - Loaded plugin tutovideos (category:base,tabindex:-1)
2024-01-15 15:05:06,591 [INFO] PluginManage:310 - Check plugin updater
2024-01-15 15:05:06,604 [INFO] PluginManage:359 - Loaded plugin updater (category:base,tabindex:12)
2024-01-15 15:05:06,604 [INFO] PluginManage:310 - Check plugin userauth
2024-01-15 15:05:06,611 [INFO] UserAuth:113 - Init User Auth plugin
2024-01-15 15:05:06,612 [INFO] PluginManage:359 - Loaded plugin userauth (category:base,tabindex:14)
2024-01-15 15:05:06,612 [INFO] PluginManage:283 - PluginManage : Loaded plugins [17]
2024-01-15 15:05:06,921 [INFO] PinOutPanel:1499 - setPackage(No Configuration,No Configuration)
2024-01-15 15:05:07,087 [INFO] CADModel:165 - CPN selected for project level
2024-01-15 15:05:07,087 [INFO] CADModel:114 - Register for checkConnection events
2024-01-15 15:05:07,123 [INFO] IPUIPlugin:80 - create IPUIPlugin
2024-01-15 15:05:07,123 [INFO] PluginManager:220 - loadIPPluginJar : add adc
2024-01-15 15:05:07,129 [INFO] IPUIPlugin:80 - create IPUIPlugin
2024-01-15 15:05:07,130 [INFO] PluginManager:220 - loadIPPluginJar : add aes
2024-01-15 15:05:07,137 [INFO] IPUIPlugin:80 - create IPUIPlugin
2024-01-15 15:05:07,137 [INFO] PluginManager:220 - loadIPPluginJar : add can
2024-01-15 15:05:07,142 [INFO] IPUIPlugin:80 - create IPUIPlugin
2024-01-15 15:05:07,142 [INFO] PluginManager:220 - loadIPPluginJar : add comp
2024-01-15 15:05:07,148 [INFO] IPUIPlugin:80 - create IPUIPlugin
2024-01-15 15:05:07,148 [INFO] PluginManager:220 - loadIPPluginJar : add cryp
2024-01-15 15:05:07,154 [INFO] IPUIPlugin:80 - create IPUIPlugin
2024-01-15 15:05:07,154 [INFO] PluginManager:220 - loadIPPluginJar : add dfsdm
2024-01-15 15:05:07,170 [INFO] IPUIPlugin:80 - create IPUIPlugin
2024-01-15 15:05:07,171 [INFO] PluginManager:220 - loadIPPluginJar : add dma
2024-01-15 15:05:07,177 [INFO] IPUIPlugin:80 - create IPUIPlugin
2024-01-15 15:05:07,177 [INFO] PluginManager:220 - loadIPPluginJar : add dma3
2024-01-15 15:05:07,181 [INFO] IPUIPlugin:80 - create IPUIPlugin
2024-01-15 15:05:07,181 [INFO] PluginManager:220 - loadIPPluginJar : add fatfs
2024-01-15 15:05:07,189 [INFO] IPUIPlugin:80 - create IPUIPlugin
2024-01-15 15:05:07,189 [INFO] PluginManager:220 - loadIPPluginJar : add fmc
2024-01-15 15:05:07,269 [INFO] IPUIPlugin:80 - create IPUIPlugin
2024-01-15 15:05:07,270 [INFO] PluginManager:220 - loadIPPluginJar : add freertos
2024-01-15 15:05:07,275 [INFO] IPUIPlugin:80 - create IPUIPlugin
2024-01-15 15:05:07,276 [INFO] PluginManager:220 - loadIPPluginJar : add genericplugin
2024-01-15 15:05:07,289 [INFO] IPUIPlugin:80 - create IPUIPlugin
2024-01-15 15:05:07,289 [INFO] PluginManager:220 - loadIPPluginJar : add gfxmmu
2024-01-15 15:05:07,312 [INFO] IPUIPlugin:80 - create IPUIPlugin
2024-01-15 15:05:07,312 [INFO] PluginManager:220 - loadIPPluginJar : add gic
2024-01-15 15:05:07,332 [INFO] IPUIPlugin:80 - create IPUIPlugin
2024-01-15 15:05:07,332 [INFO] PluginManager:220 - loadIPPluginJar : add gpio
2024-01-15 15:05:07,352 [INFO] IPUIPlugin:80 - create IPUIPlugin
2024-01-15 15:05:07,352 [INFO] PluginManager:220 - loadIPPluginJar : add gtzc
2024-01-15 15:05:07,361 [INFO] IPUIPlugin:80 - create IPUIPlugin
2024-01-15 15:05:07,361 [INFO] PluginManager:220 - loadIPPluginJar : add hash
2024-01-15 15:05:07,371 [INFO] IPUIPlugin:80 - create IPUIPlugin
2024-01-15 15:05:07,372 [INFO] PluginManager:220 - loadIPPluginJar : add i2c
2024-01-15 15:05:07,380 [ERROR] ConfigurationRetriever:142 - IOException on connection: Connect timed out
2024-01-15 15:05:07,381 [INFO] IPUIPlugin:80 - create IPUIPlugin
2024-01-15 15:05:07,381 [INFO] PluginManager:220 - loadIPPluginJar : add i2s
2024-01-15 15:05:07,391 [INFO] IPUIPlugin:80 - create IPUIPlugin
2024-01-15 15:05:07,391 [INFO] PluginManager:220 - loadIPPluginJar : add i3c
2024-01-15 15:05:07,405 [INFO] IPUIPlugin:80 - create IPUIPlugin
2024-01-15 15:05:07,405 [INFO] PluginManager:220 - loadIPPluginJar : add ipddr
2024-01-15 15:05:07,423 [INFO] IPUIPlugin:80 - create IPUIPlugin
2024-01-15 15:05:07,423 [INFO] PluginManager:220 - loadIPPluginJar : add linkedlist
2024-01-15 15:05:07,432 [INFO] IPUIPlugin:80 - create IPUIPlugin
2024-01-15 15:05:07,432 [INFO] PluginManager:220 - loadIPPluginJar : add lorawan
2024-01-15 15:05:07,439 [INFO] IPUIPlugin:80 - create IPUIPlugin
2024-01-15 15:05:07,439 [INFO] PluginManager:220 - loadIPPluginJar : add ltdc
2024-01-15 15:05:07,462 [INFO] IPUIPlugin:80 - create IPUIPlugin
2024-01-15 15:05:07,462 [INFO] PluginManager:220 - loadIPPluginJar : add mdma
2024-01-15 15:05:07,476 [INFO] IPUIPlugin:80 - create IPUIPlugin
2024-01-15 15:05:07,477 [INFO] PluginManager:220 - loadIPPluginJar : add nvic
2024-01-15 15:05:07,481 [INFO] IPUIPlugin:80 - create IPUIPlugin
2024-01-15 15:05:07,481 [INFO] PluginManager:220 - loadIPPluginJar : add opamp
2024-01-15 15:05:07,487 [INFO] IPUIPlugin:80 - create IPUIPlugin
2024-01-15 15:05:07,488 [INFO] PluginManager:220 - loadIPPluginJar : add openamp
2024-01-15 15:05:07,494 [INFO] IPUIPlugin:80 - create IPUIPlugin
2024-01-15 15:05:07,494 [INFO] PluginManager:220 - loadIPPluginJar : add pdm2pcm
2024-01-15 15:05:07,512 [INFO] IPUIPlugin:80 - create IPUIPlugin
2024-01-15 15:05:07,514 [INFO] PluginManager:220 - loadIPPluginJar : add plateformsettings
2024-01-15 15:05:07,520 [INFO] IPUIPlugin:80 - create IPUIPlugin
2024-01-15 15:05:07,520 [INFO] PluginManager:220 - loadIPPluginJar : add quadspi
2024-01-15 15:05:07,558 [INFO] IPUIPlugin:80 - create IPUIPlugin
2024-01-15 15:05:07,558 [INFO] PluginManager:220 - loadIPPluginJar : add resmgrutility
2024-01-15 15:05:07,565 [INFO] IPUIPlugin:80 - create IPUIPlugin
2024-01-15 15:05:07,565 [INFO] PluginManager:220 - loadIPPluginJar : add sai
2024-01-15 15:05:07,571 [INFO] IPUIPlugin:80 - create IPUIPlugin
2024-01-15 15:05:07,572 [INFO] PluginManager:220 - loadIPPluginJar : add spi
2024-01-15 15:05:07,584 [INFO] IPUIPlugin:80 - create IPUIPlugin
2024-01-15 15:05:07,585 [INFO] PluginManager:220 - loadIPPluginJar : add stm32_wpan
2024-01-15 15:05:07,590 [INFO] IPUIPlugin:80 - create IPUIPlugin
2024-01-15 15:05:07,590 [INFO] PluginManager:220 - loadIPPluginJar : add tim
2024-01-15 15:05:07,599 [INFO] IPUIPlugin:80 - create IPUIPlugin
2024-01-15 15:05:07,599 [INFO] PluginManager:220 - loadIPPluginJar : add touchsensing
2024-01-15 15:05:07,605 [INFO] IPUIPlugin:80 - create IPUIPlugin
2024-01-15 15:05:07,605 [INFO] PluginManager:220 - loadIPPluginJar : add tracer_emb
2024-01-15 15:05:07,610 [INFO] IPUIPlugin:80 - create IPUIPlugin
2024-01-15 15:05:07,611 [INFO] PluginManager:220 - loadIPPluginJar : add ts
2024-01-15 15:05:07,617 [INFO] IPUIPlugin:80 - create IPUIPlugin
2024-01-15 15:05:07,617 [INFO] PluginManager:220 - loadIPPluginJar : add tsc
2024-01-15 15:05:07,624 [INFO] IPUIPlugin:80 - create IPUIPlugin
2024-01-15 15:05:07,624 [INFO] PluginManager:220 - loadIPPluginJar : add ucpd
2024-01-15 15:05:07,634 [INFO] IPUIPlugin:80 - create IPUIPlugin
2024-01-15 15:05:07,634 [INFO] PluginManager:220 - loadIPPluginJar : add usart
2024-01-15 15:05:07,643 [INFO] IPUIPlugin:80 - create IPUIPlugin
2024-01-15 15:05:07,643 [INFO] PluginManager:220 - loadIPPluginJar : add usbx
2024-01-15 15:05:07,778 [INFO] CADModel:165 - CPN selected for project level
2024-01-15 15:05:07,779 [INFO] CADModel:114 - Register for checkConnection events
2024-01-15 15:05:07,779 [FATAL] Updater:308 - Updater called before beeing initialized
2024-01-15 15:05:07,779 [ERROR] CADModel:125 - Updater not yet initialized, retry later 
2024-01-15 15:05:07,961 [INFO] CADModel:165 - CPN selected for project level
2024-01-15 15:05:07,961 [INFO] CADModel:114 - Register for checkConnection events
2024-01-15 15:05:07,961 [FATAL] Updater:308 - Updater called before beeing initialized
2024-01-15 15:05:07,961 [ERROR] CADModel:125 - Updater not yet initialized, retry later 
2024-01-15 15:05:07,965 [FATAL] Updater:308 - Updater called before beeing initialized
2024-01-15 15:05:08,094 [FATAL] Updater:308 - Updater called before beeing initialized
2024-01-15 15:05:08,102 [INFO] DbMcusAds:53 - JSON generation date=Wed Nov 29 16:22:27 IST 2023 (1701255147349)
2024-01-15 15:05:08,103 [FATAL] Updater:308 - Updater called before beeing initialized
2024-01-15 15:05:08,156 [WARN] DetailPanel:346 - Failed to get advertising image, set to default
2024-01-15 15:05:08,289 [FATAL] Updater:308 - Updater called before beeing initialized
2024-01-15 15:05:08,292 [FATAL] Updater:308 - Updater called before beeing initialized
2024-01-15 15:05:08,292 [FATAL] Updater:308 - Updater called before beeing initialized
2024-01-15 15:05:08,292 [WARN] DetailPanel:346 - Failed to get advertising image, set to default
2024-01-15 15:05:08,293 [FATAL] Updater:308 - Updater called before beeing initialized
2024-01-15 15:05:08,354 [ERROR] Updater:1120 - MainUpdater not yet initialized. External WinMGr cannot be set.
2024-01-15 15:05:08,360 [INFO] Updater:1056 - Updater Version found : 6.9.2
2024-01-15 15:05:08,384 [INFO] ApplicationProperties:184 - Using Application install path: C:\ST\STM32CubeIDE_1.13.2\STM32CubeIDE\plugins\com.st.stm32cube.common.mx_6.9.2.202309101412
2024-01-15 15:05:09,342 [INFO] ThirdPartyUpdaterWithRetryManager:70 - Updater plugin not ready yet. [2/15]
2024-01-15 15:05:10,502 [WARN] ServerAccessManage:1168 - Warning during Server Connection :  timeout Connect timed out
2024-01-15 15:05:10,621 [INFO] MainUpdater:2868 - connection check result : 10
2024-01-15 15:05:10,621 [INFO] MainUpdater:3562 - Updater definition file requires update
2024-01-15 15:05:10,624 [INFO] MainUpdater:285 - Updater Check For Update Now.
2024-01-15 15:05:10,625 [INFO] MicroXplorer:498 - Change Database Version : DB.6.0.92
2024-01-15 15:05:10,642 [INFO] McuFinderGlobals:63 - Set McuFinder mode to 2 (CubeIDE integrated)
2024-01-15 15:05:11,618 [INFO] ServerAccessManage:473 - Download File updaters.zip
2024-01-15 15:05:11,962 [INFO] FileExtend:240 - Unzip File : updaters.zip
2024-01-15 15:05:11,962 [INFO] FileExtend:255 - Standard Zip Deflate
2024-01-15 15:05:12,344 [WARN] MainUpdater:1189 - Updater busy. Cannot search thirdparties
2024-01-15 15:05:12,344 [INFO] ThirdPartyUpdaterWithRetryManager:96 - Updater plugin is busy. [1/15]
2024-01-15 15:05:13,199 [INFO] ServerAccessManage:473 - Download File PacksControlFlags.xml
2024-01-15 15:05:14,493 [INFO] ServerAccessManage:473 - Download File cubemx.pidx
2024-01-15 15:05:14,617 [INFO] LoadServerUpdatesThread:373 - End of LoadServerUpdate Thread
2024-01-15 15:05:14,796 [INFO] CheckServerUpdateThread:120 - End of CheckServer Thread
2024-01-15 15:05:15,576 [WARN] PackLoader:240 - Cannot read IP mode file for STMicroelectronics.X-CUBE-SMBUS.2.1.0
2024-01-15 15:05:15,587 [WARN] PackLoader:240 - Cannot read IP mode file for STMicroelectronics.X-CUBE-TOUCHGFX.4.23.0
2024-01-15 15:05:15,627 [WARN] PackLoader:240 - Cannot read IP mode file for STMicroelectronics.X-CUBE-AZRTOS-F7.1.1.0
2024-01-15 15:05:15,645 [WARN] PackLoader:240 - Cannot read IP mode file for STMicroelectronics.FP-SNS-MOTENV1.4.3.2
2024-01-15 15:05:15,657 [WARN] PackLoader:240 - Cannot read IP mode file for STMicroelectronics.FP-SNS-FLIGHT1.5.0.2
2024-01-15 15:05:15,669 [WARN] PackLoader:240 - Cannot read IP mode file for STMicroelectronics.X-CUBE-DISPLAY.3.0.0
2024-01-15 15:05:15,687 [WARN] PackLoader:240 - Cannot read IP mode file for STMicroelectronics.X-CUBE-BLE1.7.0.0
2024-01-15 15:05:15,695 [WARN] PackLoader:240 - Cannot read IP mode file for emotas.I-CUBE-CANOPEN.1.3.0
2024-01-15 15:05:15,701 [WARN] PackLoader:240 - Cannot read IP mode file for STMicroelectronics.X-CUBE-TOUCHGFX.4.22.1
2024-01-15 15:05:15,707 [WARN] PackLoader:240 - Cannot read IP mode file for STMicroelectronics.FP-SNS-SMARTAG2.1.2.0
2024-01-15 15:05:15,723 [INFO] LogOutputStream:77 - [STDOUT_REDIRECT] 1 : Invalid condition id : UX_CORESTACK_Condition cause : null
2024-01-15 15:05:15,723 [INFO] LogOutputStream:77 - [STDOUT_REDIRECT] 1 : Invalid condition id : UX_CORESTACK_Condition cause : null
2024-01-15 15:05:15,725 [INFO] LogOutputStream:77 - [STDOUT_REDIRECT] 1 : Invalid condition id : UX_CORESTACK_Condition cause : null
2024-01-15 15:05:15,726 [INFO] LogOutputStream:77 - [STDOUT_REDIRECT] 1 : Invalid condition id : UX_CORESTACK_Condition cause : null
2024-01-15 15:05:15,727 [INFO] LogOutputStream:77 - [STDOUT_REDIRECT] 1 : Invalid condition id : UX_CORESTACK_Condition cause : null
2024-01-15 15:05:15,734 [WARN] PackLoader:240 - Cannot read IP mode file for STMicroelectronics.X-CUBE-AZRTOS-WL.2.0.0
2024-01-15 15:05:15,748 [WARN] PackLoader:240 - Cannot read IP mode file for WES.I-CUBE-Cesium.1.3.0
2024-01-15 15:05:15,756 [WARN] PackLoader:240 - Cannot read IP mode file for STMicroelectronics.X-CUBE-BLE2.3.3.0
2024-01-15 15:05:15,767 [WARN] PackLoader:240 - Cannot read IP mode file for STMicroelectronics.X-CUBE-ALGOBUILD.1.3.0
2024-01-15 15:05:15,792 [WARN] PackLoader:240 - Cannot read IP mode file for STMicroelectronics.X-CUBE-AZRTOS-G0.1.1.0
2024-01-15 15:05:15,803 [WARN] PackLoader:240 - Cannot read IP mode file for STMicroelectronics.X-CUBE-NFC4.3.0.0
2024-01-15 15:05:15,812 [WARN] PackLoader:240 - Cannot read IP mode file for STMicroelectronics.FP-ATR-SIGFOX1.3.2.0
2024-01-15 15:05:15,863 [WARN] PackLoader:240 - Cannot read IP mode file for SEGGER.I-CUBE-embOS.1.3.1
2024-01-15 15:05:15,922 [WARN] PackLoader:240 - Cannot read IP mode file for STMicroelectronics.X-CUBE-GNSS1.6.0.0
2024-01-15 15:05:15,949 [WARN] PackLoader:240 - Cannot read IP mode file for STMicroelectronics.X-CUBE-AZRTOS-F4.1.1.0
2024-01-15 15:05:15,961 [WARN] PackLoader:240 - Cannot read IP mode file for wolfSSL.I-CUBE-wolfSSL.5.6.3
2024-01-15 15:05:15,989 [WARN] PackLoader:240 - Cannot read IP mode file for STMicroelectronics.X-CUBE-AZRTOS-L5.2.0.0
2024-01-15 15:05:16,047 [WARN] PackLoader:240 - Cannot read IP mode file for STMicroelectronics.X-CUBE-MEMS1.9.6.0
2024-01-15 15:05:16,242 [WARN] PackLoader:240 - Cannot read IP mode file for ITTIA_DB.I-CUBE-ITTIADB.8.8.0
2024-01-15 15:05:16,250 [WARN] PackLoader:240 - Cannot read IP mode file for STMicroelectronics.X-CUBE-BLEMGR.2.0.0
2024-01-15 15:05:16,269 [WARN] ConditionMgr:438 - getConditionDescription Invalid condition id : UX DEVICE CLASS RTOS Condition cause : null
2024-01-15 15:05:16,270 [WARN] ConditionMgr:438 - getConditionDescription Invalid condition id : UX DEVICE CLASS RTOS Condition cause : null
2024-01-15 15:05:16,273 [WARN] PackLoader:240 - Cannot read IP mode file for STMicroelectronics.X-CUBE-AZRTOS-H7.3.1.0
2024-01-15 15:05:16,274 [WARN] ConditionMgr:1039 - genDependencies : Invalid condition id : UX DEVICE CLASS RTOS Condition cause : null
2024-01-15 15:05:16,274 [WARN] ConditionMgr:1039 - genDependencies : Invalid condition id : UX DEVICE CLASS RTOS Condition cause : null
2024-01-15 15:05:16,275 [WARN] ConditionMgr:1039 - genDependencies : Invalid condition id : UX DEVICE CLASS RTOS Condition cause : null
2024-01-15 15:05:16,276 [WARN] ConditionMgr:1039 - genDependencies : Invalid condition id : UX DEVICE CLASS RTOS Condition cause : null
2024-01-15 15:05:16,276 [WARN] ConditionMgr:1039 - genDependencies : Invalid condition id : UX DEVICE CLASS RTOS Condition cause : null
2024-01-15 15:05:16,284 [WARN] PackLoader:240 - Cannot read IP mode file for STMicroelectronics.X-CUBE-NFC7.1.0.1
2024-01-15 15:05:16,293 [WARN] PackLoader:240 - Cannot read IP mode file for STMicroelectronics.X-CUBE-NFC6.3.0.0
2024-01-15 15:05:16,302 [WARN] PackLoader:240 - Cannot read IP mode file for STMicroelectronics.X-CUBE-EEPRMA1.4.1.0
2024-01-15 15:05:16,312 [WARN] PackLoader:240 - Cannot read IP mode file for STMicroelectronics.X-CUBE-AI.8.1.0
2024-01-15 15:05:16,332 [WARN] ConditionMgr:438 - getConditionDescription Invalid condition id : LAN8742 Phy interface Condition cause : null
2024-01-15 15:05:16,333 [WARN] PackLoader:240 - Cannot read IP mode file for STMicroelectronics.X-CUBE-AZRTOS-L4.2.0.0
2024-01-15 15:05:16,335 [WARN] ConditionMgr:1039 - genDependencies : Invalid condition id : LAN8742 Phy interface Condition cause : null
2024-01-15 15:05:16,336 [WARN] ConditionMgr:1039 - genDependencies : Invalid condition id : LAN8742 Phy interface Condition cause : null
2024-01-15 15:05:16,336 [WARN] ConditionMgr:1039 - genDependencies : Invalid condition id : LAN8742 Phy interface Condition cause : null
2024-01-15 15:05:16,346 [WARN] PackLoader:240 - Cannot read IP mode file for STMicroelectronics.X-CUBE-SFXS2LP1.4.0.0
2024-01-15 15:05:16,352 [WARN] PackLoader:240 - Cannot read IP mode file for STMicroelectronics.X-CUBE-ISPU.1.1.0
2024-01-15 15:05:16,365 [WARN] ConditionMgr:438 - getConditionDescription Invalid condition id : UX DEVICE CLASS RTOS Condition cause : null
2024-01-15 15:05:16,366 [WARN] ConditionMgr:438 - getConditionDescription Invalid condition id : UX DEVICE CLASS RTOS Condition cause : null
2024-01-15 15:05:16,368 [WARN] PackLoader:240 - Cannot read IP mode file for STMicroelectronics.X-CUBE-AZRTOS-WB.2.0.0
2024-01-15 15:05:16,368 [WARN] ConditionMgr:1039 - genDependencies : Invalid condition id : UX DEVICE CLASS RTOS Condition cause : null
2024-01-15 15:05:16,368 [WARN] ConditionMgr:1039 - genDependencies : Invalid condition id : UX DEVICE CLASS RTOS Condition cause : null
2024-01-15 15:05:16,369 [WARN] ConditionMgr:1039 - genDependencies : Invalid condition id : UX DEVICE CLASS RTOS Condition cause : null
2024-01-15 15:05:16,370 [WARN] ConditionMgr:1039 - genDependencies : Invalid condition id : UX DEVICE CLASS RTOS Condition cause : null
2024-01-15 15:05:16,370 [WARN] ConditionMgr:1039 - genDependencies : Invalid condition id : UX DEVICE CLASS RTOS Condition cause : null
2024-01-15 15:05:16,379 [WARN] PackLoader:240 - Cannot read IP mode file for STMicroelectronics.X-CUBE-SUBG2.5.0.0
2024-01-15 15:05:16,394 [WARN] PackLoader:240 - Cannot read IP mode file for STMicroelectronics.X-CUBE-TOF1.3.3.1
2024-01-15 15:05:16,420 [WARN] PackLoader:240 - Cannot read IP mode file for STMicroelectronics.X-CUBE-AZRTOS-G4.2.0.0
2024-01-15 15:05:16,437 [WARN] PackLoader:240 - Cannot read IP mode file for Infineon.AIROC-Wi-Fi-Bluetooth-STM32.1.5.1
2024-01-15 15:05:16,447 [WARN] PackLoader:240 - Cannot read IP mode file for STMicroelectronics.FP-SNS-MOTENVWB1.1.3.0
2024-01-15 15:05:16,453 [WARN] PackLoader:240 - Cannot read IP mode file for STMicroelectronics.FP-SNS-MOTENVWB1.1.3.1
2024-01-15 15:05:16,459 [WARN] PackLoader:240 - Cannot read IP mode file for STMicroelectronics.X-CUBE-ISPU.2.0.0
2024-01-15 15:05:16,465 [WARN] PackLoader:240 - Cannot read IP mode file for STMicroelectronics.X-CUBE-FREERTOS.1.1.0
2024-01-15 15:05:16,473 [WARN] PackLoader:240 - Cannot read IP mode file for portGmbH.I-Cube-SoM-uGOAL.1.1.0
2024-01-15 15:05:16,479 [WARN] PackLoader:240 - Cannot read IP mode file for STMicroelectronics.X-CUBE-ALS.1.0.1
2024-01-15 15:05:16,486 [WARN] PackLoader:240 - Cannot read IP mode file for STMicroelectronics.FP-ATR-ASTRA1.2.0.0
2024-01-15 15:05:16,504 [WARN] PackLoader:240 - Cannot read IP mode file for STMicroelectronics.X-CUBE-TOF1.3.4.0
2024-01-15 15:05:16,536 [WARN] PackLoader:240 - Cannot read IP mode file for STMicroelectronics.X-CUBE-AZRTOS-H7.3.2.0
2024-01-15 15:05:16,540 [INFO] ThirdParty:978 - Integrity check success = true
2024-01-15 15:05:16,540 [INFO] IntegrityCheckThread:100 - exiting critical section [integrity check]
2024-01-15 15:05:16,540 [INFO] IntegrityCheckThread:103 - End integrity checks thread
2024-01-15 15:05:33,328 [ERROR] LogOutputStream:75 - [STDERR_REDIRECT] SLF4J: Failed to load class "org.slf4j.impl.StaticLoggerBinder".
2024-01-15 15:05:33,329 [ERROR] LogOutputStream:75 - [STDERR_REDIRECT] SLF4J: Defaulting to no-operation (NOP) logger implementation
2024-01-15 15:05:33,330 [ERROR] LogOutputStream:75 - [STDERR_REDIRECT] SLF4J: See http://www.slf4j.org/codes.html#StaticLoggerBinder for further details.
2024-01-15 15:06:56,532 [ERROR] ConfigurationRetriever:142 - IOException on connection: Connect timed out
2024-01-15 16:12:21,782 [INFO] McuFinderGlobals:63 - Set McuFinder mode to 2 (CubeIDE integrated)
2024-01-15 16:12:21,791 [INFO] MainUpdater:2868 - connection check result : 10
2024-01-15 16:12:21,793 [INFO] MainUpdater:2868 - connection check result : 10
2024-01-15 16:12:21,849 [INFO] MicroXplorer:468 - Change Database Path : 
2024-01-15 16:12:21,850 [INFO] MicroXplorer:498 - Change Database Version : DB.6.0.92
2024-01-15 16:12:21,854 [WARN] ThirdParty:871 - waiting for thirdparty lock release [close project]
2024-01-15 16:12:21,854 [INFO] ThirdParty:873 - entering critical section [close project]
2024-01-15 16:12:21,857 [INFO] ThirdParty:883 - exiting critical section [close project]
2024-01-15 16:12:21,860 [INFO] PinOutPanel:1499 - setPackage(No Configuration,No Configuration)
2024-01-15 16:12:21,867 [INFO] UtilMem:75 - Begin LoadConfig() Used Memory: 571900816 Bytes (958398464)
2024-01-15 16:12:21,870 [INFO] MicroXplorer:468 - Change Database Path : 
2024-01-15 16:12:21,870 [INFO] MicroXplorer:498 - Change Database Version : DB.6.0.92
2024-01-15 16:12:21,870 [INFO] OpenFileManager:308 - Change cursor
2024-01-15 16:12:21,907 [INFO] Mcu:1946 - Initializing MCU STM32F030R8Tx STM32F030R8Tx STM32F030R8T6
2024-01-15 16:12:23,204 [INFO] Context:659 - Trying to add GPIOservice into a context  which must be forbidden
2024-01-15 16:12:23,879 [INFO] RtosManager:555 - Registered RTOS mode: class=CMSIS, group=RTOS, mode=CMSIS_V1, owner=FREERTOS
2024-01-15 16:12:23,880 [INFO] RtosManager:555 - Registered RTOS mode: class=CMSIS, group=RTOS2, mode=CMSIS_V2, owner=FREERTOS
2024-01-15 16:12:23,880 [INFO] RtosManager:555 - Registered RTOS mode: class=RTOS, group=Core, mode=CMSIS_V1, owner=FREERTOS
2024-01-15 16:12:23,880 [INFO] RtosManager:555 - Registered RTOS mode: class=RTOS, group=Core, mode=CMSIS_V2, owner=FREERTOS
2024-01-15 16:12:23,880 [WARN] ModelIntegratedComponent:184 - Missing modes for component STMicroelectronics:FreeRTOS:0.0.1:STMicroelectronics:RTOS:FreeRTOS:Core:::10.2.0:
2024-01-15 16:12:23,901 [WARN] ModelIntegratedComponent:63 - No mode defined for component null
2024-01-15 16:12:23,902 [WARN] ModelIntegratedComponent:63 - No mode defined for component null
2024-01-15 16:12:23,902 [WARN] ModelIntegratedComponent:63 - No mode defined for component null
2024-01-15 16:12:23,902 [WARN] ModelIntegratedComponent:63 - No mode defined for component null
2024-01-15 16:12:23,902 [WARN] ModelIntegratedComponent:63 - No mode defined for component null
2024-01-15 16:12:23,902 [WARN] ModelIntegratedComponent:63 - No mode defined for component null
2024-01-15 16:12:23,902 [WARN] ModelIntegratedComponent:63 - No mode defined for component null
2024-01-15 16:12:23,902 [WARN] ModelIntegratedComponent:63 - No mode defined for component null
2024-01-15 16:12:23,902 [WARN] ModelIntegratedComponent:63 - No mode defined for component null
2024-01-15 16:12:23,902 [WARN] ModelIntegratedComponent:63 - No mode defined for component null
2024-01-15 16:12:23,902 [WARN] ModelIntegratedComponent:63 - No mode defined for component null
2024-01-15 16:12:23,903 [WARN] ModelIntegratedComponent:63 - No mode defined for component null
2024-01-15 16:12:23,903 [WARN] ModelIntegratedComponent:63 - No mode defined for component null
2024-01-15 16:12:23,903 [WARN] ModelIntegratedComponent:63 - No mode defined for component null
2024-01-15 16:12:23,903 [WARN] ModelIntegratedComponent:63 - No mode defined for component null
2024-01-15 16:12:23,903 [WARN] ModelIntegratedComponent:63 - No mode defined for component null
2024-01-15 16:12:23,903 [WARN] ModelIntegratedComponent:63 - No mode defined for component null
2024-01-15 16:12:23,903 [WARN] ModelIntegratedComponent:63 - No mode defined for component null
2024-01-15 16:12:23,903 [WARN] ModelIntegratedComponent:63 - No mode defined for component null
2024-01-15 16:12:23,903 [WARN] ModelIntegratedComponent:63 - No mode defined for component null
2024-01-15 16:12:23,903 [WARN] ModelIntegratedComponent:63 - No mode defined for component null
2024-01-15 16:12:23,903 [WARN] ModelIntegratedComponent:63 - No mode defined for component null
2024-01-15 16:12:23,903 [WARN] ModelIntegratedComponent:63 - No mode defined for component null
2024-01-15 16:12:23,903 [WARN] ModelIntegratedComponent:63 - No mode defined for component null
2024-01-15 16:12:23,904 [WARN] ModelIntegratedComponent:63 - No mode defined for component null
2024-01-15 16:12:23,904 [WARN] ModelIntegratedComponent:63 - No mode defined for component null
2024-01-15 16:12:23,904 [WARN] ModelIntegratedComponent:63 - No mode defined for component null
2024-01-15 16:12:23,904 [WARN] ModelIntegratedComponent:63 - No mode defined for component null
2024-01-15 16:12:23,904 [WARN] ModelIntegratedComponent:63 - No mode defined for component null
2024-01-15 16:12:23,904 [WARN] ModelIntegratedComponent:63 - No mode defined for component null
2024-01-15 16:12:23,904 [WARN] ModelIntegratedComponent:63 - No mode defined for component null
2024-01-15 16:12:23,904 [WARN] ModelIntegratedComponent:63 - No mode defined for component null
2024-01-15 16:12:23,904 [WARN] ModelIntegratedComponent:63 - No mode defined for component null
2024-01-15 16:12:23,942 [INFO] ThirdPartyModel:298 - Start build external matchings
2024-01-15 16:12:24,454 [INFO] ThirdPartyModel:316 - End build external matchings
2024-01-15 16:12:24,669 [INFO] UtilMem:75 - End LoadConfig() Used Memory: 536054392 Bytes (1073741824)
2024-01-15 16:12:24,810 [INFO] ApiDb:581 - Connected to CubeFinder SQLite database (C:\Users\sanjay.kumar\.stmcufinder\plugins\mcufinder\mcu\cube-finder-db.db)
2024-01-15 16:12:24,940 [INFO] ApiDb:668 - CubeFinder database Data Model version=2.1
2024-01-15 16:12:24,941 [INFO] ApiDb:669 - CubeFinder database Configuration version=3.0.39
2024-01-15 16:12:24,942 [INFO] ApiDb:670 - CubeFinder database generation date=2023-12-08 (1702028721)
2024-01-15 16:12:24,942 [INFO] ApiDb:671 - CubeFinder database FW Pack versions=[FP-ATR-ASTRA1_V2.0.0, FP-SNS-FLIGHT1_V5.0.1, FP-SNS-FLIGHT1_V5.0.2, FP-SNS-MOTENV1_V4.3.1, FP-SNS-MOTENV1_V4.3.2, FP-SNS-MOTENVWB1_V1.3.1, FP-SNS-SMARTAG2_V1.2.0, STM32Cube_FW_C0_V1.1.0, STM32Cube_FW_F4_V1.28.0, STM32Cube_FW_F7_V1.17.0, STM32Cube_FW_G0_V1.6.1, STM32Cube_FW_G4_V1.5.1, STM32Cube_FW_H5_V0.5.1, STM32Cube_FW_H5_V1.1.1, STM32Cube_FW_H5_V1.2.0RC2, STM32Cube_FW_H7_V1.11.0, STM32Cube_FW_L0_V1.12.2, STM32Cube_FW_L5_V1.5.0, STM32Cube_FW_U5_V1.3.0RC4, STM32Cube_FW_U5_V1.4.0, STM32Cube_FW_WBA_V1.0.0RC1, STM32Cube_FW_WBA_V1.1.0RC1, STM32Cube_FW_WBA_V1.2.0, STM32Cube_FW_WBA_V1.2.0RC2, STM32Cube_FW_WB_V1.15.0RC1, STM32Cube_FW_WB_V1.16.0, STM32Cube_FW_WB_V1.16.0RC2, STM32Cube_FW_WB_V1.18.0, STM32Cube_FW_WL_V1.3.0, X-CUBE-ALGOBUILD_V1.3.0, X-CUBE-ALS_V1.0.1, X-CUBE-AZRTOS-F4_V1.1.0, X-CUBE-AZRTOS-F7_V1.1.0, X-CUBE-AZRTOS-G0_V1.1.0, X-CUBE-AZRTOS-G4_V2.0.0, X-CUBE-AZRTOS-H7_V3.1.0, X-CUBE-AZRTOS-L4_V1.0.0, X-CUBE-AZRTOS-L4_V2.0.0, X-CUBE-AZRTOS-L5_V1.1.0, X-CUBE-AZRTOS-WB_V2.0.0, X-CUBE-AZRTOS-WL_V2.0.0, X-CUBE-BLE1_V7.0.0, X-CUBE-BLE2_V3.3.0, X-CUBE-BLEMGR_V3.0.0, X-CUBE-EEPRMA1_V4.1.0, X-CUBE-EEPRMA1_V4.2.0, X-CUBE-FREERTOS_V1.1.0, X-CUBE-GNSS1_V6.0.0, X-CUBE-MEMS1_V10.0.0, X-CUBE-MEMS1_V9.1.0, X-CUBE-MEMS1_V9.4.0, X-CUBE-MEMS1_V9.6.0, X-CUBE-NFC4_V3.0.0, X-CUBE-NFC7_V1.0.1, X-CUBE-SFXS2LP1_V4.0.0, X-CUBE-SUBG2_V5.0.0, X-CUBE-TOF1_V3.4.0]
2024-01-15 16:12:29,162 [INFO] ApiDb:240 - Found 323 in-development CPN: [B-G473E-ZEST1S, B-WB1M-WPAN1, B-WL5M-SUBG1, NUCLEO-C031C6, NUCLEO-H503RB, NUCLEO-H563ZI, NUCLEO-U545RE-Q, NUCLEO-U5A5ZJ-Q, NUCLEO-WBA52CG, STEVAL-PROTEUS1, STEVAL-SMARTAG2, STEVAL-STWINBX1, STM320518-EVAL, STM32C0116-DK, STM32C011D6Y3TR, STM32C011D6Y6TR, STM32C011F4P3, STM32C011F4P6, STM32C011F4U3, STM32C011F4U6TR, STM32C011F6P3, STM32C011F6P6, STM32C011F6U3, STM32C011F6U6TR, STM32C011J4M3, STM32C011J4M6, STM32C011J6M3, STM32C011J6M6, STM32C0316-DK, STM32C031C4T3, STM32C031C4T6, STM32C031C4U3, STM32C031C4U6, STM32C031C6T3, STM32C031C6T6, STM32C031C6U3, STM32C031C6U6, STM32C031F4P3, STM32C031F4P6, STM32C031F6P3, STM32C031F6P6, STM32C031G4U3, STM32C031G4U6, STM32C031G6U3, STM32C031G6U6, STM32C031K4T3, STM32C031K4T6, STM32C031K4U3, STM32C031K4U6, STM32C031K6T3, STM32C031K6T6, STM32C031K6U3, STM32C031K6U6, STM32G071K8TXN, STM32G071K8UXN, STM32G081GBU6N, STM32G081KBT6N, STM32G081KBUXN, STM32G0B1CCT6N, STM32G0B1KCT6, STM32G0B1NEY6TR, STM32G0B1RCT6N, STM32G0C1CCT6, STM32G0C1CCT6N, STM32G0C1CCU6N, STM32G0C1CET6N, STM32G0C1CEU6N, STM32G0C1KCT6, STM32G0C1NEY6TR, STM32G0C1RCI6N, STM32G0C1RCT6N, STM32G0C1REI6N, STM32G0C1RET6N, STM32G0C1VCI6, STM32G0C1VEI6, STM32G471CCT6, STM32G471CCU6, STM32G471CET3, STM32G471CET6, STM32G471CEU3, STM32G471CEU6, STM32G471MCT6, STM32G471MET3, STM32G471MET6, STM32G471MEY6TR, STM32G471QCT6, STM32G471QET3, STM32G471RCT6, STM32G471RET3, STM32G471RET6, STM32G471VCH6, STM32G471VCI6, STM32G471VCT6, STM32G471VEH3, STM32G471VEH6, STM32G471VEI3, STM32G471VEI6, STM32G471VET3, STM32G471VET6, STM32G474CCT6, STM32H503CBT6, STM32H503CBU6, STM32H503EBY6TR, STM32H503KBU6, STM32H503RBT6, STM32H562AGI6, STM32H562AII6, STM32H562IGK6, STM32H562IGT6, STM32H562IIK6, STM32H562IIT6, STM32H562RGT6, STM32H562RGV6, STM32H562RIT6, STM32H562RIV6, STM32H562VGT6, STM32H562VIT6, STM32H562ZGT6, STM32H562ZIT6, STM32H563AGI6, STM32H563AII3Q, STM32H563AII6, STM32H563IGK6, STM32H563IGT6, STM32H563IIK3Q, STM32H563IIK6, STM32H563IIT3Q, STM32H563IIT6, STM32H563MIY3QTR, STM32H563RGT6, STM32H563RGV6, STM32H563RIT6, STM32H563RIV6, STM32H563VGT6, STM32H563VIT3Q, STM32H563VIT6, STM32H563ZGT6, STM32H563ZIT3Q, STM32H563ZIT6, STM32H573AII3Q, STM32H573AII6, STM32H573I-DK, STM32H573IIK3Q, STM32H573IIK6, STM32H573IIT3Q, STM32H573IIT6, STM32H573MIY3QTR, STM32H573RIT6, STM32H573RIV6, STM32H573VIT3Q, STM32H573VIT6, STM32H573ZIT3Q, STM32H573ZIT6, STM32L4R5QGI6STR, STM32MP131AAE3, STM32MP131AAF3, STM32MP131AAG3, STM32MP131CAE3, STM32MP131CAF3, STM32MP131CAG3, STM32MP131DAE7, STM32MP131DAF7, STM32MP131DAG7, STM32MP131FAE7, STM32MP131FAF7, STM32MP131FAG7, STM32MP133AAE3, STM32MP133AAF3, STM32MP133AAG3, STM32MP133CAE3, STM32MP133CAF3, STM32MP133CAG3, STM32MP133DAE7, STM32MP133DAF7, STM32MP133DAG7, STM32MP133FAE7, STM32MP133FAF7, STM32MP133FAG7, STM32MP135AAE3, STM32MP135AAF3, STM32MP135AAG3, STM32MP135CAE3, STM32MP135CAF3, STM32MP135CAG3, STM32MP135DAE7, STM32MP135DAF7, STM32MP135DAG7, STM32MP135F-DK, STM32MP135FAE7, STM32MP135FAF7, STM32MP135FAF7T, STM32MP135FAF7U, STM32MP135FAG7, STM32U535CBT6, STM32U535CBT6Q, STM32U535CBU6, STM32U535CBU6Q, STM32U535CCT6, STM32U535CCT6Q, STM32U535CCU6, STM32U535CCU6Q, STM32U535CET6, STM32U535CET6Q, STM32U535CEU6, STM32U535CEU6Q, STM32U535JEY6QTR, STM32U535NCY6QTR, STM32U535NEY6QTR, STM32U535RBI6, STM32U535RBI6Q, STM32U535RBT6, STM32U535RBT6Q, STM32U535RCI6, STM32U535RCI6Q, STM32U535RCT6, STM32U535RCT6Q, STM32U535REI6, STM32U535REI6Q, STM32U535RET6, STM32U535RET6Q, STM32U535VCI6, STM32U535VCI6Q, STM32U535VCT6, STM32U535VCT6Q, STM32U535VEI6, STM32U535VEI6Q, STM32U535VET6, STM32U535VET6Q, STM32U545CET6, STM32U545CET6Q, STM32U545CEU6, STM32U545CEU6Q, STM32U545JEY6QTR, STM32U545NEY6QTR, STM32U545REI6, STM32U545REI6Q, STM32U545RET6, STM32U545RET6Q, STM32U545VEI6, STM32U545VEI6Q, STM32U545VET6, STM32U545VET6Q, STM32U595AIH6, STM32U595AIH6Q, STM32U595AJH6, STM32U595AJH6Q, STM32U595QII6, STM32U595QII6Q, STM32U595QJI6, STM32U595QJI6Q, STM32U595RIT6, STM32U595RIT6Q, STM32U595RJT6, STM32U595RJT6Q, STM32U595VIT6, STM32U595VIT6Q, STM32U595VJT6, STM32U595VJT6Q, STM32U595ZIT6, STM32U595ZIT6Q, STM32U595ZIY6QTR, STM32U595ZJT6, STM32U595ZJT6Q, STM32U595ZJY6QTR, STM32U599BJY6QTR, STM32U599NIH6Q, STM32U599NJH6Q, STM32U599VIT6Q, STM32U599VJT6, STM32U599VJT6Q, STM32U599ZIT6Q, STM32U599ZIY6QTR, STM32U599ZJT6Q, STM32U599ZJY6QTR, STM32U5A5AJH6, STM32U5A5AJH6Q, STM32U5A5QJI6, STM32U5A5QJI6Q, STM32U5A5RJT6, STM32U5A5RJT6Q, STM32U5A5VJT6, STM32U5A5VJT6Q, STM32U5A5ZJT6, STM32U5A5ZJT6Q, STM32U5A5ZJY6QTR, STM32U5A9BJY6QTR, STM32U5A9J-DK, STM32U5A9NJH6Q, STM32U5A9VJT6Q, STM32U5A9ZJT6Q, STM32U5A9ZJY6QTR, STM32U5F7VIT6, STM32U5F7VIT6Q, STM32U5F7VJT6, STM32U5F7VJT6Q, STM32U5F9BJY6QTR, STM32U5F9NJH6Q, STM32U5F9VIT6Q, STM32U5F9VJT6Q, STM32U5F9ZIJ6QTR, STM32U5F9ZIT6Q, STM32U5F9ZJJ6QTR, STM32U5F9ZJT6Q, STM32U5G7VJT6, STM32U5G7VJT6Q, STM32U5G9BJY6QTR, STM32U5G9J-DK1, STM32U5G9J-DK2, STM32U5G9NJH6Q, STM32U5G9VJT6Q, STM32U5G9ZJJ6QTR, STM32U5G9ZJT6Q, STM32WB1MMCH6, STM32WBA52CEU6, STM32WBA52CEU6T, STM32WBA52CGU6, STM32WBA52CGU6T, STM32WBA52KEU6, STM32WBA52KEU6T, STM32WBA52KGU6, STM32WBA52KGU6T, STM32WL5MOCH6, STM32WL5MOCH6TR]
2024-01-15 16:12:29,166 [INFO] DbMcus:217 - Found 3882 MCUs, 3882 are supported
2024-01-15 16:12:29,168 [INFO] ApiDb:423 - Load user favorites file C:\Users\sanjay.kumar/.stm32cubeide/favorites.mcus.txt: 0 item(s)
2024-01-15 16:12:29,168 [INFO] ApiDb:427 - User favorites MCUs=[]
2024-01-15 16:12:29,168 [INFO] DbMcus:223 - Set 0 / 0 favorites MCUs
2024-01-15 16:12:29,408 [WARN] ThirdParty:833 - waiting for thirdparty lock release [change project]
2024-01-15 16:12:29,408 [INFO] ThirdParty:835 - entering critical section [change project]
2024-01-15 16:12:29,408 [INFO] ThirdParty:1030 - CMSIS Pack Vendor :STMicroelectronics X-CUBE-ISPU 1.1.0
2024-01-15 16:12:29,408 [INFO] ThirdParty:1030 - CMSIS Pack Vendor :STMicroelectronics USBPD 4.1
2024-01-15 16:12:29,408 [INFO] ThirdParty:1030 - CMSIS Pack Vendor :STMicroelectronics X-CUBE-GNSS1 6.0.0
2024-01-15 16:12:29,409 [INFO] ThirdParty:1030 - CMSIS Pack Vendor :STMicroelectronics USB_HOST 2.0.0
2024-01-15 16:12:29,409 [INFO] ThirdParty:1030 - CMSIS Pack Vendor :STMicroelectronics X-CUBE-AZRTOS-F4 1.1.0
2024-01-15 16:12:29,409 [INFO] ThirdParty:1030 - CMSIS Pack Vendor :STMicroelectronics LIBJPEG 8.0.0
2024-01-15 16:12:29,409 [INFO] ThirdParty:1030 - CMSIS Pack Vendor :wolfSSL I-CUBE-wolfSSL 5.6.3
2024-01-15 16:12:29,409 [INFO] ThirdParty:1030 - CMSIS Pack Vendor :STMicroelectronics X-CUBE-SMBUS 2.1.0
2024-01-15 16:12:29,409 [INFO] ThirdParty:1030 - CMSIS Pack Vendor :STMicroelectronics USB_DEVICE 3.0.0
2024-01-15 16:12:29,409 [INFO] ThirdParty:1030 - CMSIS Pack Vendor :STMicroelectronics X-CUBE-AZRTOS-WB 2.0.0
2024-01-15 16:12:29,409 [INFO] ThirdParty:1030 - CMSIS Pack Vendor :STMicroelectronics X-CUBE-TOUCHGFX 4.23.0
2024-01-15 16:12:29,409 [INFO] ThirdParty:1030 - CMSIS Pack Vendor :STMicroelectronics X-CUBE-AZRTOS-F7 1.1.0
2024-01-15 16:12:29,409 [INFO] ThirdParty:1030 - CMSIS Pack Vendor :STMicroelectronics X-CUBE-AZRTOS-L5 2.0.0
2024-01-15 16:12:29,409 [INFO] ThirdParty:1030 - CMSIS Pack Vendor :STMicroelectronics USB_DEVICE 2.0.0
2024-01-15 16:12:29,409 [INFO] ThirdParty:1030 - CMSIS Pack Vendor :STMicroelectronics X-CUBE-MEMS1 9.6.0
2024-01-15 16:12:29,409 [INFO] ThirdParty:1030 - CMSIS Pack Vendor :ITTIA_DB I-CUBE-ITTIADB 8.8.0
2024-01-15 16:12:29,409 [INFO] ThirdParty:1030 - CMSIS Pack Vendor :STMicroelectronics FP-SNS-MOTENV1 4.3.2
2024-01-15 16:12:29,409 [INFO] ThirdParty:1030 - CMSIS Pack Vendor :STMicroelectronics X-CUBE-ALGOBUILD 1.3.0
2024-01-15 16:12:29,409 [INFO] ThirdParty:1030 - CMSIS Pack Vendor :STMicroelectronics FreeRTOS 0.0.1
2024-01-15 16:12:29,409 [INFO] ThirdParty:1030 - CMSIS Pack Vendor :STMicroelectronics X-CUBE-AZRTOS-G0 1.1.0
2024-01-15 16:12:29,409 [INFO] ThirdParty:1030 - CMSIS Pack Vendor :STMicroelectronics X-CUBE-BLEMGR 2.0.0
2024-01-15 16:12:29,409 [INFO] ThirdParty:1030 - CMSIS Pack Vendor :STMicroelectronics X-CUBE-NFC4 3.0.0
2024-01-15 16:12:29,409 [INFO] ThirdParty:1030 - CMSIS Pack Vendor :STMicroelectronics X-CUBE-SUBG2 5.0.0
2024-01-15 16:12:29,409 [INFO] ThirdParty:1030 - CMSIS Pack Vendor :STMicroelectronics STM32_WPAN 1.0.0
2024-01-15 16:12:29,409 [INFO] ThirdParty:1030 - CMSIS Pack Vendor :STMicroelectronics lwIP 2.0.3
2024-01-15 16:12:29,409 [INFO] ThirdParty:1030 - CMSIS Pack Vendor :STMicroelectronics FP-SNS-FLIGHT1 5.0.2
2024-01-15 16:12:29,409 [INFO] ThirdParty:1030 - CMSIS Pack Vendor :STMicroelectronics USB_HOST 1.0.0
2024-01-15 16:12:29,409 [INFO] ThirdParty:1030 - CMSIS Pack Vendor :STMicroelectronics X-CUBE-TOF1 3.3.1
2024-01-15 16:12:29,409 [INFO] ThirdParty:1030 - CMSIS Pack Vendor :STMicroelectronics X-CUBE-AZRTOS-G4 2.0.0
2024-01-15 16:12:29,409 [INFO] ThirdParty:1030 - CMSIS Pack Vendor :STMicroelectronics PDM2PCM 3.1.0
2024-01-15 16:12:29,409 [INFO] ThirdParty:1030 - CMSIS Pack Vendor :STMicroelectronics X-CUBE-AZRTOS-H7 3.1.0
2024-01-15 16:12:29,409 [INFO] ThirdParty:1030 - CMSIS Pack Vendor :Infineon AIROC-Wi-Fi-Bluetooth-STM32 1.5.1
2024-01-15 16:12:29,409 [INFO] ThirdParty:1030 - CMSIS Pack Vendor :STMicroelectronics PDM2PCM 3.3.0
2024-01-15 16:12:29,409 [INFO] ThirdParty:1030 - CMSIS Pack Vendor :STMicroelectronics X-CUBE-DISPLAY 3.0.0
2024-01-15 16:12:29,409 [INFO] ThirdParty:1030 - CMSIS Pack Vendor :STMicroelectronics FP-SNS-MOTENVWB1 1.3.0
2024-01-15 16:12:29,410 [INFO] ThirdParty:1030 - CMSIS Pack Vendor :STMicroelectronics FP-SNS-MOTENVWB1 1.3.1
2024-01-15 16:12:29,410 [INFO] ThirdParty:1030 - CMSIS Pack Vendor :STMicroelectronics X-CUBE-BLE1 7.0.0
2024-01-15 16:12:29,410 [INFO] ThirdParty:1030 - CMSIS Pack Vendor :STMicroelectronics FP-ATR-SIGFOX1 3.2.0
2024-01-15 16:12:29,410 [INFO] ThirdParty:1030 - CMSIS Pack Vendor :STMicroelectronics X-CUBE-ISPU 2.0.0
2024-01-15 16:12:29,410 [INFO] ThirdParty:1030 - CMSIS Pack Vendor :STMicroelectronics HAL Drivers 0.0.0
2024-01-15 16:12:29,410 [INFO] ThirdParty:1030 - CMSIS Pack Vendor :STMicroelectronics MBEDTLS 2.16.2
2024-01-15 16:12:29,410 [INFO] ThirdParty:1030 - CMSIS Pack Vendor :emotas I-CUBE-CANOPEN 1.3.0
2024-01-15 16:12:29,410 [INFO] ThirdParty:1030 - CMSIS Pack Vendor :STMicroelectronics X-CUBE-FREERTOS 1.1.0
2024-01-15 16:12:29,410 [INFO] ThirdParty:1030 - CMSIS Pack Vendor :STMicroelectronics X-CUBE-NFC7 1.0.1
2024-01-15 16:12:29,410 [INFO] ThirdParty:1030 - CMSIS Pack Vendor :STMicroelectronics MBEDTLS 2.14.1
2024-01-15 16:12:29,410 [INFO] ThirdParty:1030 - CMSIS Pack Vendor :STMicroelectronics X-CUBE-TOUCHGFX 4.22.1
2024-01-15 16:12:29,410 [INFO] ThirdParty:1030 - CMSIS Pack Vendor :STMicroelectronics X-CUBE-NFC6 3.0.0
2024-01-15 16:12:29,410 [INFO] ThirdParty:1030 - CMSIS Pack Vendor :STMicroelectronics X-CUBE-EEPRMA1 4.1.0
2024-01-15 16:12:29,410 [INFO] ThirdParty:1030 - CMSIS Pack Vendor :portGmbH I-Cube-SoM-uGOAL 1.1.0
2024-01-15 16:12:29,410 [INFO] ThirdParty:1030 - CMSIS Pack Vendor :STMicroelectronics X-CUBE-ALS 1.0.1
2024-01-15 16:12:29,410 [INFO] ThirdParty:1030 - CMSIS Pack Vendor :STMicroelectronics ThreadX 1.0.0
2024-01-15 16:12:29,410 [INFO] ThirdParty:1030 - CMSIS Pack Vendor :STMicroelectronics FP-SNS-SMARTAG2 1.2.0
2024-01-15 16:12:29,410 [INFO] ThirdParty:1030 - CMSIS Pack Vendor :STMicroelectronics X-CUBE-AZRTOS-WL 2.0.0
2024-01-15 16:12:29,410 [INFO] ThirdParty:1030 - CMSIS Pack Vendor :SEGGER I-CUBE-embOS 1.3.1
2024-01-15 16:12:29,410 [INFO] ThirdParty:1030 - CMSIS Pack Vendor :STMicroelectronics USB_DEVICE 1.0.0
2024-01-15 16:12:29,410 [INFO] ThirdParty:1030 - CMSIS Pack Vendor :STMicroelectronics X-CUBE-AI 8.1.0
2024-01-15 16:12:29,410 [INFO] ThirdParty:1030 - CMSIS Pack Vendor :STMicroelectronics X-CUBE-AZRTOS-L4 2.0.0
2024-01-15 16:12:29,410 [INFO] ThirdParty:1030 - CMSIS Pack Vendor :STMicroelectronics ThreadX 0.0.2
2024-01-15 16:12:29,410 [INFO] ThirdParty:1030 - CMSIS Pack Vendor :WES I-CUBE-Cesium 1.3.0
2024-01-15 16:12:29,410 [INFO] ThirdParty:1030 - CMSIS Pack Vendor :STMicroelectronics FP-ATR-ASTRA1 2.0.0
2024-01-15 16:12:29,410 [INFO] ThirdParty:1030 - CMSIS Pack Vendor :STMicroelectronics lwIP 2.1.2
2024-01-15 16:12:29,410 [INFO] ThirdParty:1030 - CMSIS Pack Vendor :STMicroelectronics X-CUBE-SFXS2LP1 4.0.0
2024-01-15 16:12:29,410 [INFO] ThirdParty:1030 - CMSIS Pack Vendor :STMicroelectronics X-CUBE-BLE2 3.3.0
2024-01-15 16:12:29,410 [INFO] ThirdParty:1030 - CMSIS Pack Vendor :STMicroelectronics X-CUBE-TOF1 3.4.0
2024-01-15 16:12:29,411 [INFO] ThirdParty:1030 - CMSIS Pack Vendor :STMicroelectronics X-CUBE-AZRTOS-H7 3.2.0
2024-01-15 16:12:29,411 [INFO] ThirdParty:1030 - CMSIS Pack Vendor :STMicroelectronics PDM2PCM 3.2.0
2024-01-15 16:12:29,411 [INFO] ThirdParty:841 - exiting critical section [change project]
2024-01-15 16:12:29,638 [INFO] PinOutPanel:1499 - setPackage(No Configuration,No Configuration)
2024-01-15 16:12:29,641 [INFO] PinOutPanel:1499 - setPackage(STM32F030R8Tx,LQFP64)
2024-01-15 16:12:30,231 [INFO] UtilMem:75 - Before build in PCC Used Memory: 565090248 Bytes (1073741824)
2024-01-15 16:12:31,499 [INFO] UtilMem:75 - After build in PCC Used Memory: 666464344 Bytes (1073741824)
2024-01-15 16:12:31,536 [INFO] IPUIPlugin:80 - create IPUIPlugin
2024-01-15 16:12:31,537 [INFO] IPUIPlugin:80 - create IPUIPlugin
2024-01-15 16:12:31,538 [INFO] IPUIPlugin:80 - create IPUIPlugin
2024-01-15 16:12:31,538 [INFO] IPUIPlugin:80 - create IPUIPlugin
2024-01-15 16:12:31,538 [INFO] IPUIPlugin:80 - create IPUIPlugin
2024-01-15 16:12:31,538 [INFO] IPUIPlugin:80 - create IPUIPlugin
2024-01-15 16:12:31,538 [INFO] IPUIPlugin:80 - create IPUIPlugin
2024-01-15 16:12:31,538 [INFO] IPUIPlugin:80 - create IPUIPlugin
2024-01-15 16:12:31,538 [INFO] IPUIPlugin:80 - create IPUIPlugin
2024-01-15 16:12:31,538 [INFO] IPUIPlugin:80 - create IPUIPlugin
2024-01-15 16:12:31,539 [INFO] IPUIPlugin:80 - create IPUIPlugin
2024-01-15 16:12:31,539 [INFO] IPUIPlugin:80 - create IPUIPlugin
2024-01-15 16:12:31,539 [INFO] IPUIPlugin:80 - create IPUIPlugin
2024-01-15 16:12:31,539 [INFO] IPUIPlugin:80 - create IPUIPlugin
2024-01-15 16:12:31,540 [INFO] IPUIPlugin:80 - create IPUIPlugin
2024-01-15 16:12:31,540 [INFO] IPUIPlugin:80 - create IPUIPlugin
2024-01-15 16:12:31,540 [INFO] IPUIPlugin:80 - create IPUIPlugin
2024-01-15 16:12:31,540 [INFO] IPUIPlugin:80 - create IPUIPlugin
2024-01-15 16:12:31,540 [INFO] IPUIPlugin:80 - create IPUIPlugin
2024-01-15 16:12:31,541 [INFO] IPUIPlugin:80 - create IPUIPlugin
2024-01-15 16:12:31,541 [INFO] IPUIPlugin:80 - create IPUIPlugin
2024-01-15 16:12:31,542 [INFO] IPUIPlugin:80 - create IPUIPlugin
2024-01-15 16:12:31,542 [INFO] IPUIPlugin:80 - create IPUIPlugin
2024-01-15 16:12:31,542 [INFO] IPUIPlugin:80 - create IPUIPlugin
2024-01-15 16:12:31,543 [INFO] IPUIPlugin:80 - create IPUIPlugin
2024-01-15 16:12:31,543 [INFO] IPUIPlugin:80 - create IPUIPlugin
2024-01-15 16:12:31,822 [INFO] CADModel:165 - CPN selected for project levelSTM32F030R8T6
2024-01-15 16:12:31,823 [INFO] CADModel:114 - Register for checkConnection events
2024-01-15 16:12:31,874 [INFO] OpenFileManager:328 - Restore cursor
2024-01-15 16:15:57,756 [ERROR] ConfigurationRetriever:142 - IOException on connection: Connect timed out
2024-01-15 16:17:30,098 [ERROR] ConfigurationRetriever:142 - IOException on connection: Connect timed out
2024-01-15 16:19:35,594 [ERROR] ConfigurationRetriever:142 - IOException on connection: Connect timed out
2024-01-15 16:19:38,187 [ERROR] AdobePublisher:162 - Exception while opening the connection: java.net.SocketTimeoutException: Connect timed out
2024-01-15 16:33:37,192 [ERROR] ConfigurationRetriever:142 - IOException on connection: Connect timed out
2024-01-15 16:34:24,560 [ERROR] ConfigurationRetriever:142 - IOException on connection: Connect timed out
2024-01-15 16:34:28,414 [ERROR] ConfigurationRetriever:142 - IOException on connection: Connect timed out
2024-01-15 16:37:33,497 [ERROR] ConfigurationRetriever:142 - IOException on connection: Connect timed out
2024-01-15 16:39:03,961 [ERROR] ConfigurationRetriever:142 - IOException on connection: Connect timed out
2024-01-15 16:39:06,684 [ERROR] ConfigurationRetriever:142 - IOException on connection: Connect timed out
2024-01-15 16:43:31,511 [ERROR] ConfigurationRetriever:142 - IOException on connection: Connect timed out
2024-01-15 16:54:13,171 [ERROR] ConfigurationRetriever:142 - IOException on connection: Connect timed out
2024-01-15 16:55:34,031 [ERROR] ConfigurationRetriever:142 - IOException on connection: Connect timed out
2024-01-15 16:55:36,565 [ERROR] AdobePublisher:162 - Exception while opening the connection: java.net.SocketTimeoutException: Connect timed out
