2024-02-21 10:47:04,833 [INFO] Activator:176 - 


2024-02-21 10:47:04,840 [INFO] Activator:177 - !SESSION log4j initialized
2024-02-21 10:47:11,679 [INFO] LogOutputStream:77 - [STDOUT_REDIRECT] 
2024-02-21 10:47:13,745 [INFO] ApplicationProperties:184 - Using Application install path: C:\ST\STM32CubeIDE_1.13.2\STM32CubeIDE\plugins\com.st.stm32cube.common.mx_6.9.2.202309101412
2024-02-21 10:47:13,765 [INFO] DbMcusXml:78 - Set database path to: C:\ST\STM32CubeIDE_1.13.2\STM32CubeIDE\plugins\com.st.stm32cube.common.mx_6.9.2.202309101412\\db\/mcu/
2024-02-21 10:47:13,765 [INFO] ApiDb:274 - Set plugin database path to: C:\ST\STM32CubeIDE_1.13.2\STM32CubeIDE\plugins\com.st.stm32cube.common.mx_6.9.2.202309101412\\db\/plugins/boardmanager/
2024-02-21 10:47:13,766 [WARN] ApiDb:259 - Overriding images path with different value:  => C:\ST\STM32CubeIDE_1.13.2\STM32CubeIDE\plugins\com.st.stm32cube.common.mx_6.9.2.202309101412\\db\/plugins/mcufinder/images/
2024-02-21 10:47:13,775 [INFO] ApiDb:250 - Set database path to: C:\Users\sanjay.kumar\.stmcufinder\plugins\mcufinder//mcu/
2024-02-21 10:47:13,776 [INFO] DbMcusAds:125 - Set database path to: C:\Users\sanjay.kumar\.stmcufinder\plugins\mcufinder//mcu/
2024-02-21 10:47:13,778 [INFO] CrossReferenceDbSqlite:203 - Set database path to: C:\Users\sanjay.kumar\.stmcufinder\plugins\mcufinder//mcu/cs/
2024-02-21 10:47:13,880 [INFO] RulesReader:64 - Compatibility file has been processed (293 Rules)
2024-02-21 10:47:13,974 [INFO] DbMcusXml:78 - Set database path to: C:\ST\STM32CubeIDE_1.13.2\STM32CubeIDE\plugins\com.st.stm32cube.common.mx_6.9.2.202309101412\\db\/mcu/
2024-02-21 10:47:13,974 [INFO] ApiDb:274 - Set plugin database path to: C:\ST\STM32CubeIDE_1.13.2\STM32CubeIDE\plugins\com.st.stm32cube.common.mx_6.9.2.202309101412\\db\/plugins/boardmanager/
2024-02-21 10:47:13,974 [INFO] ApiDb:261 - Set plugin images path to: C:\ST\STM32CubeIDE_1.13.2\STM32CubeIDE\plugins\com.st.stm32cube.common.mx_6.9.2.202309101412\\db\/plugins/mcufinder/images/
2024-02-21 10:47:13,974 [WARN] DbFile:41 - Overriding database path with different value: C:\Users\sanjay.kumar\.stmcufinder\plugins\mcufinder/ => C:\Users\sanjay.kumar\.stmcufinder\plugins\mcufinder
2024-02-21 10:47:13,974 [INFO] ApiDb:250 - Set database path to: C:\Users\sanjay.kumar\.stmcufinder\plugins\mcufinder//mcu/
2024-02-21 10:47:13,975 [WARN] DbFile:41 - Overriding database path with different value: C:\Users\sanjay.kumar\.stmcufinder\plugins\mcufinder/ => C:\Users\sanjay.kumar\.stmcufinder\plugins\mcufinder
2024-02-21 10:47:13,975 [INFO] DbMcusAds:125 - Set database path to: C:\Users\sanjay.kumar\.stmcufinder\plugins\mcufinder//mcu/
2024-02-21 10:47:13,975 [WARN] DbFile:41 - Overriding database path with different value: C:\Users\sanjay.kumar\.stmcufinder\plugins\mcufinder/ => C:\Users\sanjay.kumar\.stmcufinder\plugins\mcufinder
2024-02-21 10:47:13,975 [WARN] DbFile:41 - Overriding database path with different value: C:\Users\sanjay.kumar\.stmcufinder\plugins\mcufinder/ => C:\Users\sanjay.kumar\.stmcufinder\plugins\mcufinder
2024-02-21 10:47:13,975 [INFO] CrossReferenceDbSqlite:203 - Set database path to: C:\Users\sanjay.kumar\.stmcufinder\plugins\mcufinder//mcu/cs/
2024-02-21 10:47:14,067 [INFO] MainPanel:262 - HeapMemory: 268435456
2024-02-21 10:47:14,157 [INFO] DbMcusXml:78 - Set database path to: C:\ST\STM32CubeIDE_1.13.2\STM32CubeIDE\plugins\com.st.stm32cube.common.mx_6.9.2.202309101412\\db\/mcu/
2024-02-21 10:47:14,158 [INFO] ApiDb:274 - Set plugin database path to: C:\ST\STM32CubeIDE_1.13.2\STM32CubeIDE\plugins\com.st.stm32cube.common.mx_6.9.2.202309101412\\db\/plugins/boardmanager/
2024-02-21 10:47:14,158 [INFO] ApiDb:261 - Set plugin images path to: C:\ST\STM32CubeIDE_1.13.2\STM32CubeIDE\plugins\com.st.stm32cube.common.mx_6.9.2.202309101412\\db\/plugins/mcufinder/images/
2024-02-21 10:47:14,158 [WARN] DbFile:41 - Overriding database path with different value: C:\Users\sanjay.kumar\.stmcufinder\plugins\mcufinder/ => C:\Users\sanjay.kumar\.stmcufinder\plugins\mcufinder
2024-02-21 10:47:14,158 [INFO] ApiDb:250 - Set database path to: C:\Users\sanjay.kumar\.stmcufinder\plugins\mcufinder//mcu/
2024-02-21 10:47:14,159 [WARN] DbFile:41 - Overriding database path with different value: C:\Users\sanjay.kumar\.stmcufinder\plugins\mcufinder/ => C:\Users\sanjay.kumar\.stmcufinder\plugins\mcufinder
2024-02-21 10:47:14,159 [INFO] DbMcusAds:125 - Set database path to: C:\Users\sanjay.kumar\.stmcufinder\plugins\mcufinder//mcu/
2024-02-21 10:47:14,159 [WARN] DbFile:41 - Overriding database path with different value: C:\Users\sanjay.kumar\.stmcufinder\plugins\mcufinder/ => C:\Users\sanjay.kumar\.stmcufinder\plugins\mcufinder
2024-02-21 10:47:14,159 [WARN] DbFile:41 - Overriding database path with different value: C:\Users\sanjay.kumar\.stmcufinder\plugins\mcufinder/ => C:\Users\sanjay.kumar\.stmcufinder\plugins\mcufinder
2024-02-21 10:47:14,159 [INFO] CrossReferenceDbSqlite:203 - Set database path to: C:\Users\sanjay.kumar\.stmcufinder\plugins\mcufinder//mcu/cs/
2024-02-21 10:47:14,177 [INFO] ApplicationProperties:184 - Using Application install path: C:\ST\STM32CubeIDE_1.13.2\STM32CubeIDE\plugins\com.st.stm32cube.common.mx_6.9.2.202309101412
2024-02-21 10:47:14,179 [INFO] PluginManage:196 - Search for loadable plugins [exclusion list=, ]
2024-02-21 10:47:14,180 [INFO] PluginManage:310 - Check plugin analytics
2024-02-21 10:47:14,321 [INFO] AnalyticsPlugin:253 - Accepted Software Licenses: STM32CubeMX.6.2.1
2024-02-21 10:47:14,321 [INFO] AnalyticsPlugin:255 - Accepted CMSIS Pack Licenses: 
2024-02-21 10:47:14,321 [INFO] AnalyticsPlugin:257 - Accepted Firmware Licenses: 
2024-02-21 10:47:14,323 [INFO] PluginManage:359 - Loaded plugin analytics (category:tool,tabindex:-1)
2024-02-21 10:47:14,324 [INFO] PluginManage:310 - Check plugin cadmodel
2024-02-21 10:47:14,330 [INFO] CADModel:105 - Init CAD model plugin
2024-02-21 10:47:14,330 [INFO] PluginManage:359 - Loaded plugin cadmodel (category:power,tabindex:5)
2024-02-21 10:47:14,330 [INFO] PluginManage:310 - Check plugin clock
2024-02-21 10:47:14,383 [INFO] PluginManage:359 - Loaded plugin clock (category:base,tabindex:2)
2024-02-21 10:47:14,383 [INFO] PluginManage:310 - Check plugin ddr
2024-02-21 10:47:14,391 [INFO] PluginManage:359 - Loaded plugin ddr (category:tool,tabindex:6)
2024-02-21 10:47:14,391 [INFO] PluginManage:310 - Check plugin filemanager
2024-02-21 10:47:14,550 [INFO] PluginManage:359 - Loaded plugin filemanager (category:base,tabindex:10)
2024-02-21 10:47:14,550 [INFO] PluginManage:310 - Check plugin ipmanager
2024-02-21 10:47:14,562 [INFO] PluginManage:359 - Loaded plugin ipmanager (category:base,tabindex:5)
2024-02-21 10:47:14,562 [INFO] PluginManage:310 - Check plugin lpbam
2024-02-21 10:47:14,587 [INFO] PluginManage:359 - Loaded plugin lpbam (category:base,tabindex:0)
2024-02-21 10:47:14,587 [INFO] PluginManage:310 - Check plugin memorymap
2024-02-21 10:47:14,612 [INFO] PluginManage:359 - Loaded plugin memorymap (category:base,tabindex:4)
2024-02-21 10:47:14,612 [INFO] PluginManage:310 - Check plugin pinoutandconfiguration
2024-02-21 10:47:14,641 [INFO] PluginManage:359 - Loaded plugin pinoutandconfiguration (category:base,tabindex:1)
2024-02-21 10:47:14,642 [INFO] PluginManage:310 - Check plugin pinoutconfig
2024-02-21 10:47:14,746 [WARN] SupportedApi:132 - Cannot load RTOS API schema: s4s-elt-must-match.1: The content of 'definitions' must match (annotation?, (simpleType | complexType)?, (unique | key | keyref)*)). A problem was found starting at: attribute.
2024-02-21 10:47:14,884 [INFO] PluginManage:359 - Loaded plugin pinoutconfig (category:base,tabindex:0)
2024-02-21 10:47:14,885 [INFO] PluginManage:310 - Check plugin power
2024-02-21 10:47:14,896 [INFO] PluginManage:359 - Loaded plugin power (category:power,tabindex:4)
2024-02-21 10:47:14,897 [INFO] PluginManage:310 - Check plugin projectmanager
2024-02-21 10:47:14,907 [INFO] PluginManage:359 - Loaded plugin projectmanager (category:projectmanager,tabindex:3)
2024-02-21 10:47:14,907 [INFO] PluginManage:310 - Check plugin thirdparty
2024-02-21 10:47:15,046 [INFO] PluginManage:359 - Loaded plugin thirdparty (category:base,tabindex:-1)
2024-02-21 10:47:15,046 [WARN] IntegrityCheckThread:84 - waiting for thirdparty lock release [integrity check]
2024-02-21 10:47:15,046 [INFO] IntegrityCheckThread:86 - entering critical section [integrity check]
2024-02-21 10:47:15,046 [INFO] PluginManage:310 - Check plugin tools
2024-02-21 10:47:15,047 [INFO] ThirdPartyUpdaterWithRetryManager:70 - Updater plugin not ready yet. [1/15]
2024-02-21 10:47:15,051 [INFO] PluginManage:359 - Loaded plugin tools (category:base,tabindex:7)
2024-02-21 10:47:15,051 [INFO] PluginManage:310 - Check plugin tutovideos
2024-02-21 10:47:15,283 [INFO] PluginManage:359 - Loaded plugin tutovideos (category:base,tabindex:-1)
2024-02-21 10:47:15,283 [INFO] PluginManage:310 - Check plugin updater
2024-02-21 10:47:15,296 [INFO] PluginManage:359 - Loaded plugin updater (category:base,tabindex:12)
2024-02-21 10:47:15,296 [INFO] PluginManage:310 - Check plugin userauth
2024-02-21 10:47:15,301 [INFO] UserAuth:113 - Init User Auth plugin
2024-02-21 10:47:15,301 [INFO] PluginManage:359 - Loaded plugin userauth (category:base,tabindex:14)
2024-02-21 10:47:15,303 [INFO] PluginManage:283 - PluginManage : Loaded plugins [17]
2024-02-21 10:47:15,532 [INFO] PinOutPanel:1499 - setPackage(No Configuration,No Configuration)
2024-02-21 10:47:15,679 [INFO] CADModel:165 - CPN selected for project level
2024-02-21 10:47:15,679 [INFO] CADModel:114 - Register for checkConnection events
2024-02-21 10:47:15,701 [INFO] IPUIPlugin:80 - create IPUIPlugin
2024-02-21 10:47:15,702 [INFO] PluginManager:220 - loadIPPluginJar : add adc
2024-02-21 10:47:15,706 [INFO] IPUIPlugin:80 - create IPUIPlugin
2024-02-21 10:47:15,706 [INFO] PluginManager:220 - loadIPPluginJar : add aes
2024-02-21 10:47:15,711 [INFO] IPUIPlugin:80 - create IPUIPlugin
2024-02-21 10:47:15,711 [INFO] PluginManager:220 - loadIPPluginJar : add can
2024-02-21 10:47:15,714 [INFO] IPUIPlugin:80 - create IPUIPlugin
2024-02-21 10:47:15,714 [INFO] PluginManager:220 - loadIPPluginJar : add comp
2024-02-21 10:47:15,719 [INFO] IPUIPlugin:80 - create IPUIPlugin
2024-02-21 10:47:15,719 [INFO] PluginManager:220 - loadIPPluginJar : add cryp
2024-02-21 10:47:15,722 [INFO] IPUIPlugin:80 - create IPUIPlugin
2024-02-21 10:47:15,722 [INFO] PluginManager:220 - loadIPPluginJar : add dfsdm
2024-02-21 10:47:15,734 [INFO] IPUIPlugin:80 - create IPUIPlugin
2024-02-21 10:47:15,734 [INFO] PluginManager:220 - loadIPPluginJar : add dma
2024-02-21 10:47:15,740 [INFO] IPUIPlugin:80 - create IPUIPlugin
2024-02-21 10:47:15,740 [INFO] PluginManager:220 - loadIPPluginJar : add dma3
2024-02-21 10:47:15,742 [INFO] IPUIPlugin:80 - create IPUIPlugin
2024-02-21 10:47:15,742 [INFO] PluginManager:220 - loadIPPluginJar : add fatfs
2024-02-21 10:47:15,750 [INFO] IPUIPlugin:80 - create IPUIPlugin
2024-02-21 10:47:15,750 [INFO] PluginManager:220 - loadIPPluginJar : add fmc
2024-02-21 10:47:15,788 [INFO] IPUIPlugin:80 - create IPUIPlugin
2024-02-21 10:47:15,788 [INFO] PluginManager:220 - loadIPPluginJar : add freertos
2024-02-21 10:47:15,791 [INFO] IPUIPlugin:80 - create IPUIPlugin
2024-02-21 10:47:15,791 [INFO] PluginManager:220 - loadIPPluginJar : add genericplugin
2024-02-21 10:47:15,798 [INFO] IPUIPlugin:80 - create IPUIPlugin
2024-02-21 10:47:15,798 [INFO] PluginManager:220 - loadIPPluginJar : add gfxmmu
2024-02-21 10:47:15,807 [INFO] IPUIPlugin:80 - create IPUIPlugin
2024-02-21 10:47:15,807 [INFO] PluginManager:220 - loadIPPluginJar : add gic
2024-02-21 10:47:15,821 [INFO] IPUIPlugin:80 - create IPUIPlugin
2024-02-21 10:47:15,821 [INFO] PluginManager:220 - loadIPPluginJar : add gpio
2024-02-21 10:47:15,827 [INFO] IPUIPlugin:80 - create IPUIPlugin
2024-02-21 10:47:15,828 [INFO] PluginManager:220 - loadIPPluginJar : add gtzc
2024-02-21 10:47:15,832 [INFO] IPUIPlugin:80 - create IPUIPlugin
2024-02-21 10:47:15,832 [INFO] PluginManager:220 - loadIPPluginJar : add hash
2024-02-21 10:47:15,838 [INFO] IPUIPlugin:80 - create IPUIPlugin
2024-02-21 10:47:15,838 [INFO] PluginManager:220 - loadIPPluginJar : add i2c
2024-02-21 10:47:15,844 [INFO] IPUIPlugin:80 - create IPUIPlugin
2024-02-21 10:47:15,845 [INFO] PluginManager:220 - loadIPPluginJar : add i2s
2024-02-21 10:47:15,850 [INFO] IPUIPlugin:80 - create IPUIPlugin
2024-02-21 10:47:15,850 [INFO] PluginManager:220 - loadIPPluginJar : add i3c
2024-02-21 10:47:15,859 [INFO] IPUIPlugin:80 - create IPUIPlugin
2024-02-21 10:47:15,859 [INFO] PluginManager:220 - loadIPPluginJar : add ipddr
2024-02-21 10:47:15,870 [INFO] IPUIPlugin:80 - create IPUIPlugin
2024-02-21 10:47:15,870 [INFO] PluginManager:220 - loadIPPluginJar : add linkedlist
2024-02-21 10:47:15,876 [INFO] IPUIPlugin:80 - create IPUIPlugin
2024-02-21 10:47:15,876 [INFO] PluginManager:220 - loadIPPluginJar : add lorawan
2024-02-21 10:47:15,880 [INFO] IPUIPlugin:80 - create IPUIPlugin
2024-02-21 10:47:15,880 [INFO] PluginManager:220 - loadIPPluginJar : add ltdc
2024-02-21 10:47:15,896 [INFO] IPUIPlugin:80 - create IPUIPlugin
2024-02-21 10:47:15,896 [INFO] PluginManager:220 - loadIPPluginJar : add mdma
2024-02-21 10:47:15,910 [INFO] IPUIPlugin:80 - create IPUIPlugin
2024-02-21 10:47:15,910 [INFO] PluginManager:220 - loadIPPluginJar : add nvic
2024-02-21 10:47:15,915 [INFO] IPUIPlugin:80 - create IPUIPlugin
2024-02-21 10:47:15,915 [INFO] PluginManager:220 - loadIPPluginJar : add opamp
2024-02-21 10:47:15,922 [INFO] IPUIPlugin:80 - create IPUIPlugin
2024-02-21 10:47:15,922 [INFO] PluginManager:220 - loadIPPluginJar : add openamp
2024-02-21 10:47:15,929 [INFO] IPUIPlugin:80 - create IPUIPlugin
2024-02-21 10:47:15,929 [INFO] PluginManager:220 - loadIPPluginJar : add pdm2pcm
2024-02-21 10:47:15,944 [INFO] IPUIPlugin:80 - create IPUIPlugin
2024-02-21 10:47:15,946 [INFO] PluginManager:220 - loadIPPluginJar : add plateformsettings
2024-02-21 10:47:15,950 [INFO] IPUIPlugin:80 - create IPUIPlugin
2024-02-21 10:47:15,950 [INFO] PluginManager:220 - loadIPPluginJar : add quadspi
2024-02-21 10:47:15,984 [INFO] IPUIPlugin:80 - create IPUIPlugin
2024-02-21 10:47:15,985 [INFO] PluginManager:220 - loadIPPluginJar : add resmgrutility
2024-02-21 10:47:15,991 [INFO] IPUIPlugin:80 - create IPUIPlugin
2024-02-21 10:47:15,991 [INFO] PluginManager:220 - loadIPPluginJar : add sai
2024-02-21 10:47:15,996 [INFO] IPUIPlugin:80 - create IPUIPlugin
2024-02-21 10:47:15,997 [INFO] PluginManager:220 - loadIPPluginJar : add spi
2024-02-21 10:47:16,006 [INFO] IPUIPlugin:80 - create IPUIPlugin
2024-02-21 10:47:16,006 [INFO] PluginManager:220 - loadIPPluginJar : add stm32_wpan
2024-02-21 10:47:16,011 [INFO] IPUIPlugin:80 - create IPUIPlugin
2024-02-21 10:47:16,011 [INFO] PluginManager:220 - loadIPPluginJar : add tim
2024-02-21 10:47:16,019 [INFO] IPUIPlugin:80 - create IPUIPlugin
2024-02-21 10:47:16,019 [INFO] PluginManager:220 - loadIPPluginJar : add touchsensing
2024-02-21 10:47:16,023 [INFO] IPUIPlugin:80 - create IPUIPlugin
2024-02-21 10:47:16,023 [INFO] PluginManager:220 - loadIPPluginJar : add tracer_emb
2024-02-21 10:47:16,027 [INFO] IPUIPlugin:80 - create IPUIPlugin
2024-02-21 10:47:16,027 [INFO] PluginManager:220 - loadIPPluginJar : add ts
2024-02-21 10:47:16,032 [INFO] IPUIPlugin:80 - create IPUIPlugin
2024-02-21 10:47:16,032 [INFO] PluginManager:220 - loadIPPluginJar : add tsc
2024-02-21 10:47:16,037 [INFO] IPUIPlugin:80 - create IPUIPlugin
2024-02-21 10:47:16,037 [INFO] PluginManager:220 - loadIPPluginJar : add ucpd
2024-02-21 10:47:16,042 [INFO] IPUIPlugin:80 - create IPUIPlugin
2024-02-21 10:47:16,043 [INFO] PluginManager:220 - loadIPPluginJar : add usart
2024-02-21 10:47:16,050 [INFO] IPUIPlugin:80 - create IPUIPlugin
2024-02-21 10:47:16,050 [INFO] PluginManager:220 - loadIPPluginJar : add usbx
2024-02-21 10:47:16,174 [INFO] CADModel:165 - CPN selected for project level
2024-02-21 10:47:16,174 [INFO] CADModel:114 - Register for checkConnection events
2024-02-21 10:47:16,174 [FATAL] Updater:308 - Updater called before beeing initialized
2024-02-21 10:47:16,175 [ERROR] CADModel:125 - Updater not yet initialized, retry later 
2024-02-21 10:47:16,290 [INFO] CADModel:165 - CPN selected for project level
2024-02-21 10:47:16,290 [INFO] CADModel:114 - Register for checkConnection events
2024-02-21 10:47:16,290 [FATAL] Updater:308 - Updater called before beeing initialized
2024-02-21 10:47:16,290 [ERROR] CADModel:125 - Updater not yet initialized, retry later 
2024-02-21 10:47:16,294 [FATAL] Updater:308 - Updater called before beeing initialized
2024-02-21 10:47:16,403 [FATAL] Updater:308 - Updater called before beeing initialized
2024-02-21 10:47:16,408 [INFO] DbMcusAds:53 - JSON generation date=Wed Nov 29 16:22:27 IST 2023 (1701255147200)
2024-02-21 10:47:16,408 [FATAL] Updater:308 - Updater called before beeing initialized
2024-02-21 10:47:16,450 [WARN] DetailPanel:346 - Failed to get advertising image, set to default
2024-02-21 10:47:16,543 [FATAL] Updater:308 - Updater called before beeing initialized
2024-02-21 10:47:16,545 [FATAL] Updater:308 - Updater called before beeing initialized
2024-02-21 10:47:16,545 [FATAL] Updater:308 - Updater called before beeing initialized
2024-02-21 10:47:16,546 [WARN] DetailPanel:346 - Failed to get advertising image, set to default
2024-02-21 10:47:16,546 [FATAL] Updater:308 - Updater called before beeing initialized
2024-02-21 10:47:16,593 [ERROR] Updater:1120 - MainUpdater not yet initialized. External WinMGr cannot be set.
2024-02-21 10:47:16,597 [INFO] Updater:1056 - Updater Version found : 6.9.2
2024-02-21 10:47:16,619 [INFO] ApplicationProperties:184 - Using Application install path: C:\ST\STM32CubeIDE_1.13.2\STM32CubeIDE\plugins\com.st.stm32cube.common.mx_6.9.2.202309101412
2024-02-21 10:47:16,758 [INFO] MainUpdater:2868 - connection check result : 10
2024-02-21 10:47:16,760 [INFO] MainUpdater:285 - Updater Check For Update Now.
2024-02-21 10:47:16,760 [INFO] MicroXplorer:498 - Change Database Version : DB.6.0.92
2024-02-21 10:47:16,768 [INFO] McuFinderGlobals:63 - Set McuFinder mode to 2 (CubeIDE integrated)
2024-02-21 10:47:16,947 [INFO] CheckServerUpdateThread:120 - End of CheckServer Thread
2024-02-21 10:47:18,221 [WARN] PackLoader:240 - Cannot read IP mode file for STMicroelectronics.X-CUBE-SMBUS.2.1.0
2024-02-21 10:47:18,231 [WARN] PackLoader:240 - Cannot read IP mode file for STMicroelectronics.X-CUBE-TOUCHGFX.4.23.0
2024-02-21 10:47:18,261 [WARN] PackLoader:240 - Cannot read IP mode file for STMicroelectronics.X-CUBE-AZRTOS-F7.1.1.0
2024-02-21 10:47:18,274 [WARN] PackLoader:240 - Cannot read IP mode file for STMicroelectronics.FP-SNS-MOTENV1.4.3.2
2024-02-21 10:47:18,285 [WARN] PackLoader:240 - Cannot read IP mode file for STMicroelectronics.FP-SNS-FLIGHT1.5.0.2
2024-02-21 10:47:18,294 [WARN] PackLoader:240 - Cannot read IP mode file for STMicroelectronics.X-CUBE-DISPLAY.3.0.0
2024-02-21 10:47:18,309 [WARN] PackLoader:240 - Cannot read IP mode file for STMicroelectronics.X-CUBE-BLE1.7.0.0
2024-02-21 10:47:18,316 [WARN] PackLoader:240 - Cannot read IP mode file for emotas.I-CUBE-CANOPEN.1.3.0
2024-02-21 10:47:18,319 [WARN] PackLoader:240 - Cannot read IP mode file for STMicroelectronics.X-CUBE-TOUCHGFX.4.22.1
2024-02-21 10:47:18,333 [WARN] PackLoader:240 - Cannot read IP mode file for STMicroelectronics.FP-SNS-SMARTAG2.1.2.0
2024-02-21 10:47:18,344 [INFO] LogOutputStream:77 - [STDOUT_REDIRECT] 1 : Invalid condition id : UX_CORESTACK_Condition cause : null
2024-02-21 10:47:18,344 [INFO] LogOutputStream:77 - [STDOUT_REDIRECT] 1 : Invalid condition id : UX_CORESTACK_Condition cause : null
2024-02-21 10:47:18,345 [INFO] LogOutputStream:77 - [STDOUT_REDIRECT] 1 : Invalid condition id : UX_CORESTACK_Condition cause : null
2024-02-21 10:47:18,345 [INFO] LogOutputStream:77 - [STDOUT_REDIRECT] 1 : Invalid condition id : UX_CORESTACK_Condition cause : null
2024-02-21 10:47:18,346 [INFO] LogOutputStream:77 - [STDOUT_REDIRECT] 1 : Invalid condition id : UX_CORESTACK_Condition cause : null
2024-02-21 10:47:18,348 [WARN] PackLoader:240 - Cannot read IP mode file for STMicroelectronics.X-CUBE-AZRTOS-WL.2.0.0
2024-02-21 10:47:18,358 [WARN] PackLoader:240 - Cannot read IP mode file for WES.I-CUBE-Cesium.1.3.0
2024-02-21 10:47:18,363 [WARN] PackLoader:240 - Cannot read IP mode file for STMicroelectronics.X-CUBE-BLE2.3.3.0
2024-02-21 10:47:18,371 [WARN] PackLoader:240 - Cannot read IP mode file for STMicroelectronics.X-CUBE-ALGOBUILD.1.3.0
2024-02-21 10:47:18,387 [WARN] PackLoader:240 - Cannot read IP mode file for STMicroelectronics.X-CUBE-AZRTOS-G0.1.1.0
2024-02-21 10:47:18,394 [WARN] PackLoader:240 - Cannot read IP mode file for STMicroelectronics.X-CUBE-NFC4.3.0.0
2024-02-21 10:47:18,400 [WARN] PackLoader:240 - Cannot read IP mode file for STMicroelectronics.FP-ATR-SIGFOX1.3.2.0
2024-02-21 10:47:18,405 [WARN] PackLoader:240 - Cannot read IP mode file for STMicroelectronics.X-CUBE-EEPRMA1.5.1.0
2024-02-21 10:47:18,440 [WARN] PackLoader:240 - Cannot read IP mode file for SEGGER.I-CUBE-embOS.1.3.1
2024-02-21 10:47:18,475 [WARN] PackLoader:240 - Cannot read IP mode file for STMicroelectronics.X-CUBE-GNSS1.6.0.0
2024-02-21 10:47:18,489 [WARN] PackLoader:240 - Cannot read IP mode file for STMicroelectronics.X-CUBE-AZRTOS-F4.1.1.0
2024-02-21 10:47:18,497 [WARN] PackLoader:240 - Cannot read IP mode file for wolfSSL.I-CUBE-wolfSSL.5.6.3
2024-02-21 10:47:18,511 [WARN] PackLoader:240 - Cannot read IP mode file for STMicroelectronics.X-CUBE-AZRTOS-L5.2.0.0
2024-02-21 10:47:18,554 [WARN] PackLoader:240 - Cannot read IP mode file for STMicroelectronics.X-CUBE-MEMS1.9.6.0
2024-02-21 10:47:18,671 [WARN] PackLoader:240 - Cannot read IP mode file for STMicroelectronics.X-CUBE-EEPRMA1.4.2.0
2024-02-21 10:47:18,677 [WARN] PackLoader:240 - Cannot read IP mode file for ITTIA_DB.I-CUBE-ITTIADB.8.8.0
2024-02-21 10:47:18,683 [WARN] PackLoader:240 - Cannot read IP mode file for STMicroelectronics.X-CUBE-BLEMGR.2.0.0
2024-02-21 10:47:18,697 [WARN] ConditionMgr:438 - getConditionDescription Invalid condition id : UX DEVICE CLASS RTOS Condition cause : null
2024-02-21 10:47:18,698 [WARN] ConditionMgr:438 - getConditionDescription Invalid condition id : UX DEVICE CLASS RTOS Condition cause : null
2024-02-21 10:47:18,700 [WARN] PackLoader:240 - Cannot read IP mode file for STMicroelectronics.X-CUBE-AZRTOS-H7.3.1.0
2024-02-21 10:47:18,701 [WARN] ConditionMgr:1039 - genDependencies : Invalid condition id : UX DEVICE CLASS RTOS Condition cause : null
2024-02-21 10:47:18,701 [WARN] ConditionMgr:1039 - genDependencies : Invalid condition id : UX DEVICE CLASS RTOS Condition cause : null
2024-02-21 10:47:18,701 [WARN] ConditionMgr:1039 - genDependencies : Invalid condition id : UX DEVICE CLASS RTOS Condition cause : null
2024-02-21 10:47:18,702 [WARN] ConditionMgr:1039 - genDependencies : Invalid condition id : UX DEVICE CLASS RTOS Condition cause : null
2024-02-21 10:47:18,702 [WARN] ConditionMgr:1039 - genDependencies : Invalid condition id : UX DEVICE CLASS RTOS Condition cause : null
2024-02-21 10:47:18,708 [WARN] PackLoader:240 - Cannot read IP mode file for STMicroelectronics.X-CUBE-NFC7.1.0.1
2024-02-21 10:47:18,715 [WARN] PackLoader:240 - Cannot read IP mode file for STMicroelectronics.X-CUBE-NFC6.3.0.0
2024-02-21 10:47:18,721 [WARN] PackLoader:240 - Cannot read IP mode file for STMicroelectronics.X-CUBE-EEPRMA1.4.1.0
2024-02-21 10:47:18,729 [WARN] PackLoader:240 - Cannot read IP mode file for STMicroelectronics.X-CUBE-AI.8.1.0
2024-02-21 10:47:18,745 [WARN] ConditionMgr:438 - getConditionDescription Invalid condition id : LAN8742 Phy interface Condition cause : null
2024-02-21 10:47:18,746 [WARN] PackLoader:240 - Cannot read IP mode file for STMicroelectronics.X-CUBE-AZRTOS-L4.2.0.0
2024-02-21 10:47:18,747 [WARN] ConditionMgr:1039 - genDependencies : Invalid condition id : LAN8742 Phy interface Condition cause : null
2024-02-21 10:47:18,747 [WARN] ConditionMgr:1039 - genDependencies : Invalid condition id : LAN8742 Phy interface Condition cause : null
2024-02-21 10:47:18,748 [WARN] ConditionMgr:1039 - genDependencies : Invalid condition id : LAN8742 Phy interface Condition cause : null
2024-02-21 10:47:18,756 [WARN] PackLoader:240 - Cannot read IP mode file for STMicroelectronics.X-CUBE-SFXS2LP1.4.0.0
2024-02-21 10:47:18,763 [WARN] PackLoader:240 - Cannot read IP mode file for STMicroelectronics.X-CUBE-ISPU.1.1.0
2024-02-21 10:47:18,781 [WARN] ConditionMgr:438 - getConditionDescription Invalid condition id : UX DEVICE CLASS RTOS Condition cause : null
2024-02-21 10:47:18,781 [WARN] ConditionMgr:438 - getConditionDescription Invalid condition id : UX DEVICE CLASS RTOS Condition cause : null
2024-02-21 10:47:18,783 [WARN] PackLoader:240 - Cannot read IP mode file for STMicroelectronics.X-CUBE-AZRTOS-WB.2.0.0
2024-02-21 10:47:18,784 [WARN] ConditionMgr:1039 - genDependencies : Invalid condition id : UX DEVICE CLASS RTOS Condition cause : null
2024-02-21 10:47:18,784 [WARN] ConditionMgr:1039 - genDependencies : Invalid condition id : UX DEVICE CLASS RTOS Condition cause : null
2024-02-21 10:47:18,784 [WARN] ConditionMgr:1039 - genDependencies : Invalid condition id : UX DEVICE CLASS RTOS Condition cause : null
2024-02-21 10:47:18,785 [WARN] ConditionMgr:1039 - genDependencies : Invalid condition id : UX DEVICE CLASS RTOS Condition cause : null
2024-02-21 10:47:18,785 [WARN] ConditionMgr:1039 - genDependencies : Invalid condition id : UX DEVICE CLASS RTOS Condition cause : null
2024-02-21 10:47:18,796 [WARN] PackLoader:240 - Cannot read IP mode file for STMicroelectronics.X-CUBE-SUBG2.5.0.0
2024-02-21 10:47:18,809 [WARN] PackLoader:240 - Cannot read IP mode file for STMicroelectronics.X-CUBE-TOF1.3.3.1
2024-02-21 10:47:18,827 [WARN] PackLoader:240 - Cannot read IP mode file for STMicroelectronics.X-CUBE-AZRTOS-G4.2.0.0
2024-02-21 10:47:18,841 [WARN] PackLoader:240 - Cannot read IP mode file for Infineon.AIROC-Wi-Fi-Bluetooth-STM32.1.5.1
2024-02-21 10:47:18,850 [WARN] PackLoader:240 - Cannot read IP mode file for STMicroelectronics.FP-SNS-MOTENVWB1.1.3.0
2024-02-21 10:47:18,854 [WARN] PackLoader:240 - Cannot read IP mode file for STMicroelectronics.FP-SNS-MOTENVWB1.1.3.1
2024-02-21 10:47:18,858 [WARN] PackLoader:240 - Cannot read IP mode file for STMicroelectronics.X-CUBE-ISPU.2.0.0
2024-02-21 10:47:18,864 [WARN] PackLoader:240 - Cannot read IP mode file for STMicroelectronics.X-CUBE-FREERTOS.1.1.0
2024-02-21 10:47:18,870 [WARN] PackLoader:240 - Cannot read IP mode file for portGmbH.I-Cube-SoM-uGOAL.1.1.0
2024-02-21 10:47:18,874 [WARN] PackLoader:240 - Cannot read IP mode file for STMicroelectronics.X-CUBE-ALS.1.0.1
2024-02-21 10:47:18,879 [WARN] PackLoader:240 - Cannot read IP mode file for STMicroelectronics.FP-ATR-ASTRA1.2.0.0
2024-02-21 10:47:18,891 [WARN] PackLoader:240 - Cannot read IP mode file for STMicroelectronics.X-CUBE-TOF1.3.4.0
2024-02-21 10:47:18,916 [WARN] PackLoader:240 - Cannot read IP mode file for STMicroelectronics.X-CUBE-AZRTOS-H7.3.2.0
2024-02-21 10:47:18,919 [INFO] ThirdParty:978 - Integrity check success = true
2024-02-21 10:47:18,919 [INFO] IntegrityCheckThread:100 - exiting critical section [integrity check]
2024-02-21 10:47:18,919 [INFO] IntegrityCheckThread:103 - End integrity checks thread
2024-02-21 10:47:37,999 [ERROR] LogOutputStream:75 - [STDERR_REDIRECT] SLF4J: Failed to load class "org.slf4j.impl.StaticLoggerBinder".
2024-02-21 10:47:37,999 [ERROR] LogOutputStream:75 - [STDERR_REDIRECT] SLF4J: Defaulting to no-operation (NOP) logger implementation
2024-02-21 10:47:38,003 [ERROR] LogOutputStream:75 - [STDERR_REDIRECT] SLF4J: See http://www.slf4j.org/codes.html#StaticLoggerBinder for further details.
