2024-01-06 11:44:34,062 [INFO] Activator:176 - 


2024-01-06 11:44:34,075 [INFO] Activator:177 - !SESSION log4j initialized
2024-01-06 11:44:52,586 [INFO] LogOutputStream:77 - [STDOUT_REDIRECT] 
2024-01-06 11:44:55,921 [INFO] ApplicationProperties:184 - Using Application install path: C:\ST\STM32CubeIDE_1.13.2\STM32CubeIDE\plugins\com.st.stm32cube.common.mx_6.9.2.202309101412
2024-01-06 11:44:55,953 [INFO] DbMcusXml:78 - Set database path to: C:\ST\STM32CubeIDE_1.13.2\STM32CubeIDE\plugins\com.st.stm32cube.common.mx_6.9.2.202309101412\\db\/mcu/
2024-01-06 11:44:55,953 [INFO] ApiDb:274 - Set plugin database path to: C:\ST\STM32CubeIDE_1.13.2\STM32CubeIDE\plugins\com.st.stm32cube.common.mx_6.9.2.202309101412\\db\/plugins/boardmanager/
2024-01-06 11:44:55,953 [WARN] ApiDb:259 - Overriding images path with different value:  => C:\ST\STM32CubeIDE_1.13.2\STM32CubeIDE\plugins\com.st.stm32cube.common.mx_6.9.2.202309101412\\db\/plugins/mcufinder/images/
2024-01-06 11:44:55,969 [INFO] ApiDb:250 - Set database path to: C:\Users\sanjay.kumar\.stmcufinder\plugins\mcufinder//mcu/
2024-01-06 11:44:55,969 [INFO] DbMcusAds:125 - Set database path to: C:\Users\sanjay.kumar\.stmcufinder\plugins\mcufinder//mcu/
2024-01-06 11:45:04,922 [INFO] CrossReferenceDbSqlite:203 - Set database path to: C:\Users\sanjay.kumar\.stmcufinder\plugins\mcufinder//mcu/cs/
2024-01-06 11:45:05,047 [ERROR] ConfigurationRetriever:142 - IOException on connection: sw-center.st.com
2024-01-06 11:45:05,052 [ERROR] ConfigurationRetriever:142 - IOException on connection: sw-center.st.com
2024-01-06 11:45:05,052 [ERROR] ConfigurationRetriever:142 - IOException on connection: sw-center.st.com
2024-01-06 11:45:05,182 [INFO] RulesReader:64 - Compatibility file has been processed (293 Rules)
2024-01-06 11:45:05,330 [INFO] DbMcusXml:78 - Set database path to: C:\ST\STM32CubeIDE_1.13.2\STM32CubeIDE\plugins\com.st.stm32cube.common.mx_6.9.2.202309101412\\db\/mcu/
2024-01-06 11:45:05,330 [INFO] ApiDb:274 - Set plugin database path to: C:\ST\STM32CubeIDE_1.13.2\STM32CubeIDE\plugins\com.st.stm32cube.common.mx_6.9.2.202309101412\\db\/plugins/boardmanager/
2024-01-06 11:45:05,330 [INFO] ApiDb:261 - Set plugin images path to: C:\ST\STM32CubeIDE_1.13.2\STM32CubeIDE\plugins\com.st.stm32cube.common.mx_6.9.2.202309101412\\db\/plugins/mcufinder/images/
2024-01-06 11:45:05,330 [WARN] DbFile:41 - Overriding database path with different value: C:\Users\sanjay.kumar\.stmcufinder\plugins\mcufinder/ => C:\Users\sanjay.kumar\.stmcufinder\plugins\mcufinder
2024-01-06 11:45:05,330 [INFO] ApiDb:250 - Set database path to: C:\Users\sanjay.kumar\.stmcufinder\plugins\mcufinder//mcu/
2024-01-06 11:45:05,330 [WARN] DbFile:41 - Overriding database path with different value: C:\Users\sanjay.kumar\.stmcufinder\plugins\mcufinder/ => C:\Users\sanjay.kumar\.stmcufinder\plugins\mcufinder
2024-01-06 11:45:05,330 [INFO] DbMcusAds:125 - Set database path to: C:\Users\sanjay.kumar\.stmcufinder\plugins\mcufinder//mcu/
2024-01-06 11:45:05,330 [WARN] DbFile:41 - Overriding database path with different value: C:\Users\sanjay.kumar\.stmcufinder\plugins\mcufinder/ => C:\Users\sanjay.kumar\.stmcufinder\plugins\mcufinder
2024-01-06 11:45:05,330 [WARN] DbFile:41 - Overriding database path with different value: C:\Users\sanjay.kumar\.stmcufinder\plugins\mcufinder/ => C:\Users\sanjay.kumar\.stmcufinder\plugins\mcufinder
2024-01-06 11:45:05,330 [INFO] CrossReferenceDbSqlite:203 - Set database path to: C:\Users\sanjay.kumar\.stmcufinder\plugins\mcufinder//mcu/cs/
2024-01-06 11:45:05,496 [INFO] MainPanel:262 - HeapMemory: 268435456
2024-01-06 11:45:05,645 [INFO] DbMcusXml:78 - Set database path to: C:\ST\STM32CubeIDE_1.13.2\STM32CubeIDE\plugins\com.st.stm32cube.common.mx_6.9.2.202309101412\\db\/mcu/
2024-01-06 11:45:05,645 [INFO] ApiDb:274 - Set plugin database path to: C:\ST\STM32CubeIDE_1.13.2\STM32CubeIDE\plugins\com.st.stm32cube.common.mx_6.9.2.202309101412\\db\/plugins/boardmanager/
2024-01-06 11:45:05,645 [INFO] ApiDb:261 - Set plugin images path to: C:\ST\STM32CubeIDE_1.13.2\STM32CubeIDE\plugins\com.st.stm32cube.common.mx_6.9.2.202309101412\\db\/plugins/mcufinder/images/
2024-01-06 11:45:05,647 [WARN] DbFile:41 - Overriding database path with different value: C:\Users\sanjay.kumar\.stmcufinder\plugins\mcufinder/ => C:\Users\sanjay.kumar\.stmcufinder\plugins\mcufinder
2024-01-06 11:45:05,647 [INFO] ApiDb:250 - Set database path to: C:\Users\sanjay.kumar\.stmcufinder\plugins\mcufinder//mcu/
2024-01-06 11:45:05,647 [WARN] DbFile:41 - Overriding database path with different value: C:\Users\sanjay.kumar\.stmcufinder\plugins\mcufinder/ => C:\Users\sanjay.kumar\.stmcufinder\plugins\mcufinder
2024-01-06 11:45:05,647 [INFO] DbMcusAds:125 - Set database path to: C:\Users\sanjay.kumar\.stmcufinder\plugins\mcufinder//mcu/
2024-01-06 11:45:05,647 [WARN] DbFile:41 - Overriding database path with different value: C:\Users\sanjay.kumar\.stmcufinder\plugins\mcufinder/ => C:\Users\sanjay.kumar\.stmcufinder\plugins\mcufinder
2024-01-06 11:45:05,648 [WARN] DbFile:41 - Overriding database path with different value: C:\Users\sanjay.kumar\.stmcufinder\plugins\mcufinder/ => C:\Users\sanjay.kumar\.stmcufinder\plugins\mcufinder
2024-01-06 11:45:05,648 [INFO] CrossReferenceDbSqlite:203 - Set database path to: C:\Users\sanjay.kumar\.stmcufinder\plugins\mcufinder//mcu/cs/
2024-01-06 11:45:05,682 [INFO] ApplicationProperties:184 - Using Application install path: C:\ST\STM32CubeIDE_1.13.2\STM32CubeIDE\plugins\com.st.stm32cube.common.mx_6.9.2.202309101412
2024-01-06 11:45:05,684 [INFO] PluginManage:196 - Search for loadable plugins [exclusion list=, ]
2024-01-06 11:45:05,686 [INFO] PluginManage:310 - Check plugin analytics
2024-01-06 11:45:05,872 [INFO] AnalyticsPlugin:253 - Accepted Software Licenses: STM32CubeMX.6.2.1
2024-01-06 11:45:05,873 [INFO] AnalyticsPlugin:255 - Accepted CMSIS Pack Licenses: 
2024-01-06 11:45:05,873 [INFO] AnalyticsPlugin:257 - Accepted Firmware Licenses: 
2024-01-06 11:45:05,876 [INFO] PluginManage:359 - Loaded plugin analytics (category:tool,tabindex:-1)
2024-01-06 11:45:05,876 [INFO] PluginManage:310 - Check plugin cadmodel
2024-01-06 11:45:05,877 [ERROR] ConfigurationRetriever:142 - IOException on connection: sw-center.st.com
2024-01-06 11:45:05,878 [ERROR] ConfigurationRetriever:142 - IOException on connection: sw-center.st.com
2024-01-06 11:45:05,879 [ERROR] ConfigurationRetriever:142 - IOException on connection: sw-center.st.com
2024-01-06 11:45:05,887 [INFO] CADModel:105 - Init CAD model plugin
2024-01-06 11:45:05,887 [INFO] PluginManage:359 - Loaded plugin cadmodel (category:power,tabindex:5)
2024-01-06 11:45:05,887 [INFO] PluginManage:310 - Check plugin clock
2024-01-06 11:45:05,996 [INFO] PluginManage:359 - Loaded plugin clock (category:base,tabindex:2)
2024-01-06 11:45:05,996 [INFO] PluginManage:310 - Check plugin ddr
2024-01-06 11:45:06,000 [INFO] PluginManage:359 - Loaded plugin ddr (category:tool,tabindex:6)
2024-01-06 11:45:06,000 [INFO] PluginManage:310 - Check plugin filemanager
2024-01-06 11:45:06,168 [INFO] PluginManage:359 - Loaded plugin filemanager (category:base,tabindex:10)
2024-01-06 11:45:06,169 [INFO] PluginManage:310 - Check plugin ipmanager
2024-01-06 11:45:06,185 [INFO] PluginManage:359 - Loaded plugin ipmanager (category:base,tabindex:5)
2024-01-06 11:45:06,185 [INFO] PluginManage:310 - Check plugin lpbam
2024-01-06 11:45:06,210 [INFO] PluginManage:359 - Loaded plugin lpbam (category:base,tabindex:0)
2024-01-06 11:45:06,210 [INFO] PluginManage:310 - Check plugin memorymap
2024-01-06 11:45:06,243 [INFO] PluginManage:359 - Loaded plugin memorymap (category:base,tabindex:4)
2024-01-06 11:45:06,244 [INFO] PluginManage:310 - Check plugin pinoutandconfiguration
2024-01-06 11:45:06,279 [INFO] PluginManage:359 - Loaded plugin pinoutandconfiguration (category:base,tabindex:1)
2024-01-06 11:45:06,279 [INFO] PluginManage:310 - Check plugin pinoutconfig
2024-01-06 11:45:06,404 [WARN] SupportedApi:132 - Cannot load RTOS API schema: s4s-elt-must-match.1: The content of 'definitions' must match (annotation?, (simpleType | complexType)?, (unique | key | keyref)*)). A problem was found starting at: attribute.
2024-01-06 11:45:06,571 [INFO] PluginManage:359 - Loaded plugin pinoutconfig (category:base,tabindex:0)
2024-01-06 11:45:06,571 [INFO] PluginManage:310 - Check plugin power
2024-01-06 11:45:06,588 [INFO] PluginManage:359 - Loaded plugin power (category:power,tabindex:4)
2024-01-06 11:45:06,589 [INFO] PluginManage:310 - Check plugin projectmanager
2024-01-06 11:45:06,606 [INFO] PluginManage:359 - Loaded plugin projectmanager (category:projectmanager,tabindex:3)
2024-01-06 11:45:06,606 [INFO] PluginManage:310 - Check plugin thirdparty
2024-01-06 11:45:06,818 [INFO] PluginManage:359 - Loaded plugin thirdparty (category:base,tabindex:-1)
2024-01-06 11:45:06,818 [WARN] IntegrityCheckThread:84 - waiting for thirdparty lock release [integrity check]
2024-01-06 11:45:06,818 [INFO] PluginManage:310 - Check plugin tools
2024-01-06 11:45:06,818 [INFO] IntegrityCheckThread:86 - entering critical section [integrity check]
2024-01-06 11:45:06,819 [INFO] ThirdPartyUpdaterWithRetryManager:70 - Updater plugin not ready yet. [1/15]
2024-01-06 11:45:06,827 [INFO] PluginManage:359 - Loaded plugin tools (category:base,tabindex:7)
2024-01-06 11:45:06,827 [INFO] PluginManage:310 - Check plugin tutovideos
2024-01-06 11:45:07,124 [INFO] PluginManage:359 - Loaded plugin tutovideos (category:base,tabindex:-1)
2024-01-06 11:45:07,125 [INFO] PluginManage:310 - Check plugin updater
2024-01-06 11:45:07,142 [INFO] PluginManage:359 - Loaded plugin updater (category:base,tabindex:12)
2024-01-06 11:45:07,142 [INFO] PluginManage:310 - Check plugin userauth
2024-01-06 11:45:07,151 [INFO] UserAuth:113 - Init User Auth plugin
2024-01-06 11:45:07,151 [INFO] PluginManage:359 - Loaded plugin userauth (category:base,tabindex:14)
2024-01-06 11:45:07,152 [INFO] PluginManage:283 - PluginManage : Loaded plugins [17]
2024-01-06 11:45:07,545 [INFO] PinOutPanel:1499 - setPackage(No Configuration,No Configuration)
2024-01-06 11:45:07,731 [INFO] CADModel:165 - CPN selected for project level
2024-01-06 11:45:07,731 [INFO] CADModel:114 - Register for checkConnection events
2024-01-06 11:45:07,760 [INFO] IPUIPlugin:80 - create IPUIPlugin
2024-01-06 11:45:07,761 [INFO] PluginManager:220 - loadIPPluginJar : add adc
2024-01-06 11:45:07,768 [INFO] IPUIPlugin:80 - create IPUIPlugin
2024-01-06 11:45:07,768 [INFO] PluginManager:220 - loadIPPluginJar : add aes
2024-01-06 11:45:07,776 [INFO] IPUIPlugin:80 - create IPUIPlugin
2024-01-06 11:45:07,777 [INFO] PluginManager:220 - loadIPPluginJar : add can
2024-01-06 11:45:07,781 [INFO] IPUIPlugin:80 - create IPUIPlugin
2024-01-06 11:45:07,783 [INFO] PluginManager:220 - loadIPPluginJar : add comp
2024-01-06 11:45:07,789 [INFO] IPUIPlugin:80 - create IPUIPlugin
2024-01-06 11:45:07,790 [INFO] PluginManager:220 - loadIPPluginJar : add cryp
2024-01-06 11:45:07,796 [INFO] IPUIPlugin:80 - create IPUIPlugin
2024-01-06 11:45:07,796 [INFO] PluginManager:220 - loadIPPluginJar : add dfsdm
2024-01-06 11:45:07,810 [INFO] IPUIPlugin:80 - create IPUIPlugin
2024-01-06 11:45:07,810 [INFO] PluginManager:220 - loadIPPluginJar : add dma
2024-01-06 11:45:07,819 [INFO] IPUIPlugin:80 - create IPUIPlugin
2024-01-06 11:45:07,819 [INFO] PluginManager:220 - loadIPPluginJar : add dma3
2024-01-06 11:45:07,826 [INFO] IPUIPlugin:80 - create IPUIPlugin
2024-01-06 11:45:07,826 [INFO] PluginManager:220 - loadIPPluginJar : add fatfs
2024-01-06 11:45:07,839 [INFO] IPUIPlugin:80 - create IPUIPlugin
2024-01-06 11:45:07,839 [INFO] PluginManager:220 - loadIPPluginJar : add fmc
2024-01-06 11:45:07,888 [INFO] IPUIPlugin:80 - create IPUIPlugin
2024-01-06 11:45:07,888 [INFO] PluginManager:220 - loadIPPluginJar : add freertos
2024-01-06 11:45:07,894 [INFO] IPUIPlugin:80 - create IPUIPlugin
2024-01-06 11:45:07,894 [INFO] PluginManager:220 - loadIPPluginJar : add genericplugin
2024-01-06 11:45:07,903 [INFO] IPUIPlugin:80 - create IPUIPlugin
2024-01-06 11:45:07,903 [INFO] PluginManager:220 - loadIPPluginJar : add gfxmmu
2024-01-06 11:45:07,918 [INFO] IPUIPlugin:80 - create IPUIPlugin
2024-01-06 11:45:07,919 [INFO] PluginManager:220 - loadIPPluginJar : add gic
2024-01-06 11:45:07,940 [INFO] IPUIPlugin:80 - create IPUIPlugin
2024-01-06 11:45:07,940 [INFO] PluginManager:220 - loadIPPluginJar : add gpio
2024-01-06 11:45:07,955 [INFO] IPUIPlugin:80 - create IPUIPlugin
2024-01-06 11:45:07,956 [INFO] PluginManager:220 - loadIPPluginJar : add gtzc
2024-01-06 11:45:07,963 [INFO] IPUIPlugin:80 - create IPUIPlugin
2024-01-06 11:45:07,963 [INFO] PluginManager:220 - loadIPPluginJar : add hash
2024-01-06 11:45:07,977 [INFO] IPUIPlugin:80 - create IPUIPlugin
2024-01-06 11:45:07,977 [INFO] PluginManager:220 - loadIPPluginJar : add i2c
2024-01-06 11:45:07,988 [INFO] IPUIPlugin:80 - create IPUIPlugin
2024-01-06 11:45:07,988 [INFO] PluginManager:220 - loadIPPluginJar : add i2s
2024-01-06 11:45:07,997 [INFO] IPUIPlugin:80 - create IPUIPlugin
2024-01-06 11:45:07,997 [INFO] PluginManager:220 - loadIPPluginJar : add i3c
2024-01-06 11:45:08,007 [INFO] IPUIPlugin:80 - create IPUIPlugin
2024-01-06 11:45:08,008 [INFO] PluginManager:220 - loadIPPluginJar : add ipddr
2024-01-06 11:45:08,028 [INFO] IPUIPlugin:80 - create IPUIPlugin
2024-01-06 11:45:08,028 [INFO] PluginManager:220 - loadIPPluginJar : add linkedlist
2024-01-06 11:45:08,034 [INFO] IPUIPlugin:80 - create IPUIPlugin
2024-01-06 11:45:08,035 [INFO] PluginManager:220 - loadIPPluginJar : add lorawan
2024-01-06 11:45:08,041 [INFO] IPUIPlugin:80 - create IPUIPlugin
2024-01-06 11:45:08,042 [INFO] PluginManager:220 - loadIPPluginJar : add ltdc
2024-01-06 11:45:08,067 [INFO] IPUIPlugin:80 - create IPUIPlugin
2024-01-06 11:45:08,067 [INFO] PluginManager:220 - loadIPPluginJar : add mdma
2024-01-06 11:45:08,093 [INFO] IPUIPlugin:80 - create IPUIPlugin
2024-01-06 11:45:08,093 [INFO] PluginManager:220 - loadIPPluginJar : add nvic
2024-01-06 11:45:08,101 [INFO] IPUIPlugin:80 - create IPUIPlugin
2024-01-06 11:45:08,101 [INFO] PluginManager:220 - loadIPPluginJar : add opamp
2024-01-06 11:45:08,111 [INFO] IPUIPlugin:80 - create IPUIPlugin
2024-01-06 11:45:08,111 [INFO] PluginManager:220 - loadIPPluginJar : add openamp
2024-01-06 11:45:08,119 [INFO] IPUIPlugin:80 - create IPUIPlugin
2024-01-06 11:45:08,119 [INFO] PluginManager:220 - loadIPPluginJar : add pdm2pcm
2024-01-06 11:45:08,143 [INFO] IPUIPlugin:80 - create IPUIPlugin
2024-01-06 11:45:08,146 [INFO] PluginManager:220 - loadIPPluginJar : add plateformsettings
2024-01-06 11:45:08,151 [INFO] IPUIPlugin:80 - create IPUIPlugin
2024-01-06 11:45:08,151 [INFO] PluginManager:220 - loadIPPluginJar : add quadspi
2024-01-06 11:45:08,199 [INFO] IPUIPlugin:80 - create IPUIPlugin
2024-01-06 11:45:08,200 [INFO] PluginManager:220 - loadIPPluginJar : add resmgrutility
2024-01-06 11:45:08,208 [INFO] IPUIPlugin:80 - create IPUIPlugin
2024-01-06 11:45:08,208 [INFO] PluginManager:220 - loadIPPluginJar : add sai
2024-01-06 11:45:08,214 [INFO] IPUIPlugin:80 - create IPUIPlugin
2024-01-06 11:45:08,214 [INFO] PluginManager:220 - loadIPPluginJar : add spi
2024-01-06 11:45:08,225 [INFO] IPUIPlugin:80 - create IPUIPlugin
2024-01-06 11:45:08,225 [INFO] PluginManager:220 - loadIPPluginJar : add stm32_wpan
2024-01-06 11:45:08,231 [INFO] IPUIPlugin:80 - create IPUIPlugin
2024-01-06 11:45:08,231 [INFO] PluginManager:220 - loadIPPluginJar : add tim
2024-01-06 11:45:08,241 [INFO] IPUIPlugin:80 - create IPUIPlugin
2024-01-06 11:45:08,241 [INFO] PluginManager:220 - loadIPPluginJar : add touchsensing
2024-01-06 11:45:08,248 [INFO] IPUIPlugin:80 - create IPUIPlugin
2024-01-06 11:45:08,249 [INFO] PluginManager:220 - loadIPPluginJar : add tracer_emb
2024-01-06 11:45:08,255 [INFO] IPUIPlugin:80 - create IPUIPlugin
2024-01-06 11:45:08,255 [INFO] PluginManager:220 - loadIPPluginJar : add ts
2024-01-06 11:45:08,259 [INFO] IPUIPlugin:80 - create IPUIPlugin
2024-01-06 11:45:08,259 [INFO] PluginManager:220 - loadIPPluginJar : add tsc
2024-01-06 11:45:08,266 [INFO] IPUIPlugin:80 - create IPUIPlugin
2024-01-06 11:45:08,266 [INFO] PluginManager:220 - loadIPPluginJar : add ucpd
2024-01-06 11:45:08,274 [INFO] IPUIPlugin:80 - create IPUIPlugin
2024-01-06 11:45:08,274 [INFO] PluginManager:220 - loadIPPluginJar : add usart
2024-01-06 11:45:08,282 [INFO] IPUIPlugin:80 - create IPUIPlugin
2024-01-06 11:45:08,282 [INFO] PluginManager:220 - loadIPPluginJar : add usbx
2024-01-06 11:45:08,481 [INFO] CADModel:165 - CPN selected for project level
2024-01-06 11:45:08,481 [INFO] CADModel:114 - Register for checkConnection events
2024-01-06 11:45:08,482 [FATAL] Updater:308 - Updater called before beeing initialized
2024-01-06 11:45:08,482 [ERROR] CADModel:125 - Updater not yet initialized, retry later 
2024-01-06 11:45:08,754 [INFO] CADModel:165 - CPN selected for project level
2024-01-06 11:45:08,754 [INFO] CADModel:114 - Register for checkConnection events
2024-01-06 11:45:08,754 [FATAL] Updater:308 - Updater called before beeing initialized
2024-01-06 11:45:08,754 [ERROR] CADModel:125 - Updater not yet initialized, retry later 
2024-01-06 11:45:08,760 [FATAL] Updater:308 - Updater called before beeing initialized
2024-01-06 11:45:09,000 [FATAL] Updater:308 - Updater called before beeing initialized
2024-01-06 11:45:09,006 [INFO] DbMcusAds:53 - JSON generation date=Wed Nov 29 16:22:27 IST 2023 (1701255147349)
2024-01-06 11:45:09,006 [FATAL] Updater:308 - Updater called before beeing initialized
2024-01-06 11:45:09,075 [WARN] DetailPanel:346 - Failed to get advertising image, set to default
2024-01-06 11:45:09,212 [FATAL] Updater:308 - Updater called before beeing initialized
2024-01-06 11:45:09,216 [FATAL] Updater:308 - Updater called before beeing initialized
2024-01-06 11:45:09,216 [FATAL] Updater:308 - Updater called before beeing initialized
2024-01-06 11:45:09,216 [WARN] DetailPanel:346 - Failed to get advertising image, set to default
2024-01-06 11:45:09,218 [FATAL] Updater:308 - Updater called before beeing initialized
2024-01-06 11:45:09,344 [ERROR] Updater:1120 - MainUpdater not yet initialized. External WinMGr cannot be set.
2024-01-06 11:45:09,350 [INFO] Updater:1056 - Updater Version found : 6.9.2
2024-01-06 11:45:09,381 [INFO] ApplicationProperties:184 - Using Application install path: C:\ST\STM32CubeIDE_1.13.2\STM32CubeIDE\plugins\com.st.stm32cube.common.mx_6.9.2.202309101412
2024-01-06 11:45:09,575 [ERROR] ServerAccessManage:1146 - Warning during Server Connection :  Unknown host sw-center.st.com
2024-01-06 11:45:09,584 [INFO] MainUpdater:2868 - connection check result : 22
2024-01-06 11:45:09,586 [INFO] MainUpdater:285 - Updater Check For Update Now.
2024-01-06 11:45:09,587 [INFO] MicroXplorer:498 - Change Database Version : DB.6.0.92
2024-01-06 11:45:09,820 [WARN] MainUpdater:1189 - Updater busy. Cannot search thirdparties
2024-01-06 11:45:09,821 [INFO] ThirdPartyUpdaterWithRetryManager:96 - Updater plugin is busy. [1/15]
2024-01-06 11:45:09,837 [INFO] CheckServerUpdateThread:120 - End of CheckServer Thread
2024-01-06 11:45:10,008 [ERROR] ServerAccessManage:1146 - Warning during Server Connection :  Unknown host sw-center.st.com
2024-01-06 11:45:10,011 [INFO] MainUpdater:2868 - connection check result : 22
2024-01-06 11:45:10,024 [ERROR] ServerAccessManage:1146 - Warning during Server Connection :  Unknown host sw-center.st.com
2024-01-06 11:45:10,027 [INFO] MainUpdater:2868 - connection check result : 22
2024-01-06 11:45:10,706 [INFO] McuFinderGlobals:63 - Set McuFinder mode to 2 (CubeIDE integrated)
2024-01-06 11:45:13,050 [WARN] PackLoader:240 - Cannot read IP mode file for STMicroelectronics.X-CUBE-SMBUS.2.1.0
2024-01-06 11:45:13,061 [WARN] PackLoader:240 - Cannot read IP mode file for STMicroelectronics.X-CUBE-TOUCHGFX.4.23.0
2024-01-06 11:45:13,107 [WARN] PackLoader:240 - Cannot read IP mode file for STMicroelectronics.X-CUBE-AZRTOS-F7.1.1.0
2024-01-06 11:45:13,126 [WARN] PackLoader:240 - Cannot read IP mode file for STMicroelectronics.FP-SNS-MOTENV1.4.3.2
2024-01-06 11:45:13,137 [WARN] PackLoader:240 - Cannot read IP mode file for STMicroelectronics.FP-SNS-FLIGHT1.5.0.2
2024-01-06 11:45:13,152 [WARN] PackLoader:240 - Cannot read IP mode file for STMicroelectronics.X-CUBE-DISPLAY.3.0.0
2024-01-06 11:45:13,171 [WARN] PackLoader:240 - Cannot read IP mode file for STMicroelectronics.X-CUBE-BLE1.7.0.0
2024-01-06 11:45:13,180 [WARN] PackLoader:240 - Cannot read IP mode file for emotas.I-CUBE-CANOPEN.1.3.0
2024-01-06 11:45:13,184 [WARN] PackLoader:240 - Cannot read IP mode file for STMicroelectronics.X-CUBE-TOUCHGFX.4.22.1
2024-01-06 11:45:13,190 [WARN] PackLoader:240 - Cannot read IP mode file for STMicroelectronics.FP-SNS-SMARTAG2.1.2.0
2024-01-06 11:45:13,204 [INFO] LogOutputStream:77 - [STDOUT_REDIRECT] 1 : Invalid condition id : UX_CORESTACK_Condition cause : null
2024-01-06 11:45:13,205 [INFO] LogOutputStream:77 - [STDOUT_REDIRECT] 1 : Invalid condition id : UX_CORESTACK_Condition cause : null
2024-01-06 11:45:13,206 [INFO] LogOutputStream:77 - [STDOUT_REDIRECT] 1 : Invalid condition id : UX_CORESTACK_Condition cause : null
2024-01-06 11:45:13,207 [INFO] LogOutputStream:77 - [STDOUT_REDIRECT] 1 : Invalid condition id : UX_CORESTACK_Condition cause : null
2024-01-06 11:45:13,209 [INFO] LogOutputStream:77 - [STDOUT_REDIRECT] 1 : Invalid condition id : UX_CORESTACK_Condition cause : null
2024-01-06 11:45:13,215 [WARN] PackLoader:240 - Cannot read IP mode file for STMicroelectronics.X-CUBE-AZRTOS-WL.2.0.0
2024-01-06 11:45:13,230 [WARN] PackLoader:240 - Cannot read IP mode file for WES.I-CUBE-Cesium.1.3.0
2024-01-06 11:45:13,237 [WARN] PackLoader:240 - Cannot read IP mode file for STMicroelectronics.X-CUBE-BLE2.3.3.0
2024-01-06 11:45:13,246 [WARN] PackLoader:240 - Cannot read IP mode file for STMicroelectronics.X-CUBE-ALGOBUILD.1.3.0
2024-01-06 11:45:13,271 [WARN] PackLoader:240 - Cannot read IP mode file for STMicroelectronics.X-CUBE-AZRTOS-G0.1.1.0
2024-01-06 11:45:13,284 [WARN] PackLoader:240 - Cannot read IP mode file for STMicroelectronics.X-CUBE-NFC4.3.0.0
2024-01-06 11:45:13,292 [WARN] PackLoader:240 - Cannot read IP mode file for STMicroelectronics.FP-ATR-SIGFOX1.3.2.0
2024-01-06 11:45:13,345 [WARN] PackLoader:240 - Cannot read IP mode file for SEGGER.I-CUBE-embOS.1.3.1
2024-01-06 11:45:13,408 [WARN] PackLoader:240 - Cannot read IP mode file for STMicroelectronics.X-CUBE-GNSS1.6.0.0
2024-01-06 11:45:13,450 [WARN] PackLoader:240 - Cannot read IP mode file for STMicroelectronics.X-CUBE-AZRTOS-F4.1.1.0
2024-01-06 11:45:13,462 [WARN] PackLoader:240 - Cannot read IP mode file for wolfSSL.I-CUBE-wolfSSL.5.6.3
2024-01-06 11:45:13,491 [WARN] PackLoader:240 - Cannot read IP mode file for STMicroelectronics.X-CUBE-AZRTOS-L5.2.0.0
2024-01-06 11:45:13,548 [WARN] PackLoader:240 - Cannot read IP mode file for STMicroelectronics.X-CUBE-MEMS1.9.6.0
2024-01-06 11:45:13,758 [WARN] PackLoader:240 - Cannot read IP mode file for ITTIA_DB.I-CUBE-ITTIADB.8.8.0
2024-01-06 11:45:13,767 [WARN] PackLoader:240 - Cannot read IP mode file for STMicroelectronics.X-CUBE-BLEMGR.2.0.0
2024-01-06 11:45:13,786 [WARN] ConditionMgr:438 - getConditionDescription Invalid condition id : UX DEVICE CLASS RTOS Condition cause : null
2024-01-06 11:45:13,787 [WARN] ConditionMgr:438 - getConditionDescription Invalid condition id : UX DEVICE CLASS RTOS Condition cause : null
2024-01-06 11:45:13,791 [WARN] PackLoader:240 - Cannot read IP mode file for STMicroelectronics.X-CUBE-AZRTOS-H7.3.1.0
2024-01-06 11:45:13,792 [WARN] ConditionMgr:1039 - genDependencies : Invalid condition id : UX DEVICE CLASS RTOS Condition cause : null
2024-01-06 11:45:13,793 [WARN] ConditionMgr:1039 - genDependencies : Invalid condition id : UX DEVICE CLASS RTOS Condition cause : null
2024-01-06 11:45:13,793 [WARN] ConditionMgr:1039 - genDependencies : Invalid condition id : UX DEVICE CLASS RTOS Condition cause : null
2024-01-06 11:45:13,794 [WARN] ConditionMgr:1039 - genDependencies : Invalid condition id : UX DEVICE CLASS RTOS Condition cause : null
2024-01-06 11:45:13,794 [WARN] ConditionMgr:1039 - genDependencies : Invalid condition id : UX DEVICE CLASS RTOS Condition cause : null
2024-01-06 11:45:13,804 [WARN] PackLoader:240 - Cannot read IP mode file for STMicroelectronics.X-CUBE-NFC7.1.0.1
2024-01-06 11:45:13,814 [WARN] PackLoader:240 - Cannot read IP mode file for STMicroelectronics.X-CUBE-NFC6.3.0.0
2024-01-06 11:45:13,824 [WARN] PackLoader:240 - Cannot read IP mode file for STMicroelectronics.X-CUBE-EEPRMA1.4.1.0
2024-01-06 11:45:13,830 [WARN] PackLoader:240 - Cannot read IP mode file for STMicroelectronics.X-CUBE-AI.8.1.0
2024-01-06 11:45:13,850 [WARN] ConditionMgr:438 - getConditionDescription Invalid condition id : LAN8742 Phy interface Condition cause : null
2024-01-06 11:45:13,851 [WARN] PackLoader:240 - Cannot read IP mode file for STMicroelectronics.X-CUBE-AZRTOS-L4.2.0.0
2024-01-06 11:45:13,853 [WARN] ConditionMgr:1039 - genDependencies : Invalid condition id : LAN8742 Phy interface Condition cause : null
2024-01-06 11:45:13,853 [WARN] ConditionMgr:1039 - genDependencies : Invalid condition id : LAN8742 Phy interface Condition cause : null
2024-01-06 11:45:13,854 [WARN] ConditionMgr:1039 - genDependencies : Invalid condition id : LAN8742 Phy interface Condition cause : null
2024-01-06 11:45:13,863 [WARN] PackLoader:240 - Cannot read IP mode file for STMicroelectronics.X-CUBE-SFXS2LP1.4.0.0
2024-01-06 11:45:13,869 [WARN] PackLoader:240 - Cannot read IP mode file for STMicroelectronics.X-CUBE-ISPU.1.1.0
2024-01-06 11:45:13,885 [WARN] ConditionMgr:438 - getConditionDescription Invalid condition id : UX DEVICE CLASS RTOS Condition cause : null
2024-01-06 11:45:13,885 [WARN] ConditionMgr:438 - getConditionDescription Invalid condition id : UX DEVICE CLASS RTOS Condition cause : null
2024-01-06 11:45:13,889 [WARN] PackLoader:240 - Cannot read IP mode file for STMicroelectronics.X-CUBE-AZRTOS-WB.2.0.0
2024-01-06 11:45:13,890 [WARN] ConditionMgr:1039 - genDependencies : Invalid condition id : UX DEVICE CLASS RTOS Condition cause : null
2024-01-06 11:45:13,890 [WARN] ConditionMgr:1039 - genDependencies : Invalid condition id : UX DEVICE CLASS RTOS Condition cause : null
2024-01-06 11:45:13,891 [WARN] ConditionMgr:1039 - genDependencies : Invalid condition id : UX DEVICE CLASS RTOS Condition cause : null
2024-01-06 11:45:13,891 [WARN] ConditionMgr:1039 - genDependencies : Invalid condition id : UX DEVICE CLASS RTOS Condition cause : null
2024-01-06 11:45:13,891 [WARN] ConditionMgr:1039 - genDependencies : Invalid condition id : UX DEVICE CLASS RTOS Condition cause : null
2024-01-06 11:45:13,906 [WARN] PackLoader:240 - Cannot read IP mode file for STMicroelectronics.X-CUBE-SUBG2.5.0.0
2024-01-06 11:45:13,923 [WARN] PackLoader:240 - Cannot read IP mode file for STMicroelectronics.X-CUBE-TOF1.3.3.1
2024-01-06 11:45:13,952 [WARN] PackLoader:240 - Cannot read IP mode file for STMicroelectronics.X-CUBE-AZRTOS-G4.2.0.0
2024-01-06 11:45:13,975 [WARN] PackLoader:240 - Cannot read IP mode file for Infineon.AIROC-Wi-Fi-Bluetooth-STM32.1.5.1
2024-01-06 11:45:13,987 [WARN] PackLoader:240 - Cannot read IP mode file for STMicroelectronics.FP-SNS-MOTENVWB1.1.3.0
2024-01-06 11:45:13,993 [WARN] PackLoader:240 - Cannot read IP mode file for STMicroelectronics.FP-SNS-MOTENVWB1.1.3.1
2024-01-06 11:45:13,999 [WARN] PackLoader:240 - Cannot read IP mode file for STMicroelectronics.X-CUBE-ISPU.2.0.0
2024-01-06 11:45:14,007 [WARN] PackLoader:240 - Cannot read IP mode file for STMicroelectronics.X-CUBE-FREERTOS.1.1.0
2024-01-06 11:45:14,016 [WARN] PackLoader:240 - Cannot read IP mode file for portGmbH.I-Cube-SoM-uGOAL.1.1.0
2024-01-06 11:45:14,024 [WARN] PackLoader:240 - Cannot read IP mode file for STMicroelectronics.X-CUBE-ALS.1.0.1
2024-01-06 11:45:14,031 [WARN] PackLoader:240 - Cannot read IP mode file for STMicroelectronics.FP-ATR-ASTRA1.2.0.0
2024-01-06 11:45:14,052 [WARN] PackLoader:240 - Cannot read IP mode file for STMicroelectronics.X-CUBE-TOF1.3.4.0
2024-01-06 11:45:14,091 [WARN] PackLoader:240 - Cannot read IP mode file for STMicroelectronics.X-CUBE-AZRTOS-H7.3.2.0
2024-01-06 11:45:14,094 [INFO] ThirdParty:978 - Integrity check success = true
2024-01-06 11:45:14,095 [INFO] IntegrityCheckThread:100 - exiting critical section [integrity check]
2024-01-06 11:45:14,095 [INFO] IntegrityCheckThread:103 - End integrity checks thread
2024-01-06 11:45:14,955 [ERROR] ServerAccessManage:1146 - Warning during Server Connection :  Unknown host sw-center.st.com
2024-01-06 11:45:14,961 [INFO] MainUpdater:2868 - connection check result : 22
2024-01-06 11:45:17,168 [INFO] MicroXplorer:468 - Change Database Path : 
2024-01-06 11:45:17,168 [INFO] MicroXplorer:498 - Change Database Version : DB.6.0.92
2024-01-06 11:45:17,174 [WARN] ThirdParty:871 - waiting for thirdparty lock release [close project]
2024-01-06 11:45:17,174 [INFO] ThirdParty:873 - entering critical section [close project]
2024-01-06 11:45:17,177 [INFO] ThirdParty:883 - exiting critical section [close project]
2024-01-06 11:45:17,179 [INFO] PinOutPanel:1499 - setPackage(No Configuration,No Configuration)
2024-01-06 11:45:17,187 [INFO] UtilMem:75 - Begin LoadConfig() Used Memory: 160829136 Bytes (268435456)
2024-01-06 11:45:17,189 [INFO] MicroXplorer:468 - Change Database Path : 
2024-01-06 11:45:17,189 [INFO] MicroXplorer:498 - Change Database Version : DB.6.0.92
2024-01-06 11:45:17,190 [INFO] OpenFileManager:308 - Change cursor
2024-01-06 11:45:17,234 [INFO] Mcu:1946 - Initializing MCU STM32F030R8Tx STM32F030R8Tx STM32F030R8T6
2024-01-06 11:45:18,461 [INFO] Context:659 - Trying to add GPIOservice into a context  which must be forbidden
2024-01-06 11:45:18,984 [INFO] RtosManager:555 - Registered RTOS mode: class=CMSIS, group=RTOS, mode=CMSIS_V1, owner=FREERTOS
2024-01-06 11:45:18,984 [INFO] RtosManager:555 - Registered RTOS mode: class=CMSIS, group=RTOS2, mode=CMSIS_V2, owner=FREERTOS
2024-01-06 11:45:18,984 [INFO] RtosManager:555 - Registered RTOS mode: class=RTOS, group=Core, mode=CMSIS_V1, owner=FREERTOS
2024-01-06 11:45:18,984 [INFO] RtosManager:555 - Registered RTOS mode: class=RTOS, group=Core, mode=CMSIS_V2, owner=FREERTOS
2024-01-06 11:45:18,985 [WARN] ModelIntegratedComponent:184 - Missing modes for component STMicroelectronics:FreeRTOS:0.0.1:STMicroelectronics:RTOS:FreeRTOS:Core:::10.2.0:
2024-01-06 11:45:19,004 [WARN] ModelIntegratedComponent:63 - No mode defined for component null
2024-01-06 11:45:19,004 [WARN] ModelIntegratedComponent:63 - No mode defined for component null
2024-01-06 11:45:19,004 [WARN] ModelIntegratedComponent:63 - No mode defined for component null
2024-01-06 11:45:19,005 [WARN] ModelIntegratedComponent:63 - No mode defined for component null
2024-01-06 11:45:19,005 [WARN] ModelIntegratedComponent:63 - No mode defined for component null
2024-01-06 11:45:19,005 [WARN] ModelIntegratedComponent:63 - No mode defined for component null
2024-01-06 11:45:19,005 [WARN] ModelIntegratedComponent:63 - No mode defined for component null
2024-01-06 11:45:19,005 [WARN] ModelIntegratedComponent:63 - No mode defined for component null
2024-01-06 11:45:19,005 [WARN] ModelIntegratedComponent:63 - No mode defined for component null
2024-01-06 11:45:19,005 [WARN] ModelIntegratedComponent:63 - No mode defined for component null
2024-01-06 11:45:19,005 [WARN] ModelIntegratedComponent:63 - No mode defined for component null
2024-01-06 11:45:19,005 [WARN] ModelIntegratedComponent:63 - No mode defined for component null
2024-01-06 11:45:19,005 [WARN] ModelIntegratedComponent:63 - No mode defined for component null
2024-01-06 11:45:19,005 [WARN] ModelIntegratedComponent:63 - No mode defined for component null
2024-01-06 11:45:19,005 [WARN] ModelIntegratedComponent:63 - No mode defined for component null
2024-01-06 11:45:19,005 [WARN] ModelIntegratedComponent:63 - No mode defined for component null
2024-01-06 11:45:19,005 [WARN] ModelIntegratedComponent:63 - No mode defined for component null
2024-01-06 11:45:19,005 [WARN] ModelIntegratedComponent:63 - No mode defined for component null
2024-01-06 11:45:19,005 [WARN] ModelIntegratedComponent:63 - No mode defined for component null
2024-01-06 11:45:19,006 [WARN] ModelIntegratedComponent:63 - No mode defined for component null
2024-01-06 11:45:19,006 [WARN] ModelIntegratedComponent:63 - No mode defined for component null
2024-01-06 11:45:19,006 [WARN] ModelIntegratedComponent:63 - No mode defined for component null
2024-01-06 11:45:19,006 [WARN] ModelIntegratedComponent:63 - No mode defined for component null
2024-01-06 11:45:19,006 [WARN] ModelIntegratedComponent:63 - No mode defined for component null
2024-01-06 11:45:19,006 [WARN] ModelIntegratedComponent:63 - No mode defined for component null
2024-01-06 11:45:19,006 [WARN] ModelIntegratedComponent:63 - No mode defined for component null
2024-01-06 11:45:19,006 [WARN] ModelIntegratedComponent:63 - No mode defined for component null
2024-01-06 11:45:19,006 [WARN] ModelIntegratedComponent:63 - No mode defined for component null
2024-01-06 11:45:19,006 [WARN] ModelIntegratedComponent:63 - No mode defined for component null
2024-01-06 11:45:19,006 [WARN] ModelIntegratedComponent:63 - No mode defined for component null
2024-01-06 11:45:19,006 [WARN] ModelIntegratedComponent:63 - No mode defined for component null
2024-01-06 11:45:19,006 [WARN] ModelIntegratedComponent:63 - No mode defined for component null
2024-01-06 11:45:19,006 [WARN] ModelIntegratedComponent:63 - No mode defined for component null
2024-01-06 11:45:19,034 [INFO] ThirdPartyModel:298 - Start build external matchings
2024-01-06 11:45:19,372 [INFO] ThirdPartyModel:316 - End build external matchings
2024-01-06 11:45:19,628 [INFO] UtilMem:75 - End LoadConfig() Used Memory: 400055920 Bytes (586153984)
2024-01-06 11:45:19,767 [INFO] ApiDb:581 - Connected to CubeFinder SQLite database (C:\Users\sanjay.kumar\.stmcufinder\plugins\mcufinder\mcu\cube-finder-db.db)
2024-01-06 11:45:19,923 [INFO] ApiDb:668 - CubeFinder database Data Model version=2.1
2024-01-06 11:45:19,923 [INFO] ApiDb:669 - CubeFinder database Configuration version=3.0.39
2024-01-06 11:45:19,924 [INFO] ApiDb:670 - CubeFinder database generation date=2023-12-08 (1702028721)
2024-01-06 11:45:19,924 [INFO] ApiDb:671 - CubeFinder database FW Pack versions=[FP-ATR-ASTRA1_V2.0.0, FP-SNS-FLIGHT1_V5.0.1, FP-SNS-FLIGHT1_V5.0.2, FP-SNS-MOTENV1_V4.3.1, FP-SNS-MOTENV1_V4.3.2, FP-SNS-MOTENVWB1_V1.3.1, FP-SNS-SMARTAG2_V1.2.0, STM32Cube_FW_C0_V1.1.0, STM32Cube_FW_F4_V1.28.0, STM32Cube_FW_F7_V1.17.0, STM32Cube_FW_G0_V1.6.1, STM32Cube_FW_G4_V1.5.1, STM32Cube_FW_H5_V0.5.1, STM32Cube_FW_H5_V1.1.1, STM32Cube_FW_H5_V1.2.0RC2, STM32Cube_FW_H7_V1.11.0, STM32Cube_FW_L0_V1.12.2, STM32Cube_FW_L5_V1.5.0, STM32Cube_FW_U5_V1.3.0RC4, STM32Cube_FW_U5_V1.4.0, STM32Cube_FW_WBA_V1.0.0RC1, STM32Cube_FW_WBA_V1.1.0RC1, STM32Cube_FW_WBA_V1.2.0, STM32Cube_FW_WBA_V1.2.0RC2, STM32Cube_FW_WB_V1.15.0RC1, STM32Cube_FW_WB_V1.16.0, STM32Cube_FW_WB_V1.16.0RC2, STM32Cube_FW_WB_V1.18.0, STM32Cube_FW_WL_V1.3.0, X-CUBE-ALGOBUILD_V1.3.0, X-CUBE-ALS_V1.0.1, X-CUBE-AZRTOS-F4_V1.1.0, X-CUBE-AZRTOS-F7_V1.1.0, X-CUBE-AZRTOS-G0_V1.1.0, X-CUBE-AZRTOS-G4_V2.0.0, X-CUBE-AZRTOS-H7_V3.1.0, X-CUBE-AZRTOS-L4_V1.0.0, X-CUBE-AZRTOS-L4_V2.0.0, X-CUBE-AZRTOS-L5_V1.1.0, X-CUBE-AZRTOS-WB_V2.0.0, X-CUBE-AZRTOS-WL_V2.0.0, X-CUBE-BLE1_V7.0.0, X-CUBE-BLE2_V3.3.0, X-CUBE-BLEMGR_V3.0.0, X-CUBE-EEPRMA1_V4.1.0, X-CUBE-EEPRMA1_V4.2.0, X-CUBE-FREERTOS_V1.1.0, X-CUBE-GNSS1_V6.0.0, X-CUBE-MEMS1_V10.0.0, X-CUBE-MEMS1_V9.1.0, X-CUBE-MEMS1_V9.4.0, X-CUBE-MEMS1_V9.6.0, X-CUBE-NFC4_V3.0.0, X-CUBE-NFC7_V1.0.1, X-CUBE-SFXS2LP1_V4.0.0, X-CUBE-SUBG2_V5.0.0, X-CUBE-TOF1_V3.4.0]
2024-01-06 11:45:23,710 [INFO] ApiDb:240 - Found 323 in-development CPN: [B-G473E-ZEST1S, B-WB1M-WPAN1, B-WL5M-SUBG1, NUCLEO-C031C6, NUCLEO-H503RB, NUCLEO-H563ZI, NUCLEO-U545RE-Q, NUCLEO-U5A5ZJ-Q, NUCLEO-WBA52CG, STEVAL-PROTEUS1, STEVAL-SMARTAG2, STEVAL-STWINBX1, STM320518-EVAL, STM32C0116-DK, STM32C011D6Y3TR, STM32C011D6Y6TR, STM32C011F4P3, STM32C011F4P6, STM32C011F4U3, STM32C011F4U6TR, STM32C011F6P3, STM32C011F6P6, STM32C011F6U3, STM32C011F6U6TR, STM32C011J4M3, STM32C011J4M6, STM32C011J6M3, STM32C011J6M6, STM32C0316-DK, STM32C031C4T3, STM32C031C4T6, STM32C031C4U3, STM32C031C4U6, STM32C031C6T3, STM32C031C6T6, STM32C031C6U3, STM32C031C6U6, STM32C031F4P3, STM32C031F4P6, STM32C031F6P3, STM32C031F6P6, STM32C031G4U3, STM32C031G4U6, STM32C031G6U3, STM32C031G6U6, STM32C031K4T3, STM32C031K4T6, STM32C031K4U3, STM32C031K4U6, STM32C031K6T3, STM32C031K6T6, STM32C031K6U3, STM32C031K6U6, STM32G071K8TXN, STM32G071K8UXN, STM32G081GBU6N, STM32G081KBT6N, STM32G081KBUXN, STM32G0B1CCT6N, STM32G0B1KCT6, STM32G0B1NEY6TR, STM32G0B1RCT6N, STM32G0C1CCT6, STM32G0C1CCT6N, STM32G0C1CCU6N, STM32G0C1CET6N, STM32G0C1CEU6N, STM32G0C1KCT6, STM32G0C1NEY6TR, STM32G0C1RCI6N, STM32G0C1RCT6N, STM32G0C1REI6N, STM32G0C1RET6N, STM32G0C1VCI6, STM32G0C1VEI6, STM32G471CCT6, STM32G471CCU6, STM32G471CET3, STM32G471CET6, STM32G471CEU3, STM32G471CEU6, STM32G471MCT6, STM32G471MET3, STM32G471MET6, STM32G471MEY6TR, STM32G471QCT6, STM32G471QET3, STM32G471RCT6, STM32G471RET3, STM32G471RET6, STM32G471VCH6, STM32G471VCI6, STM32G471VCT6, STM32G471VEH3, STM32G471VEH6, STM32G471VEI3, STM32G471VEI6, STM32G471VET3, STM32G471VET6, STM32G474CCT6, STM32H503CBT6, STM32H503CBU6, STM32H503EBY6TR, STM32H503KBU6, STM32H503RBT6, STM32H562AGI6, STM32H562AII6, STM32H562IGK6, STM32H562IGT6, STM32H562IIK6, STM32H562IIT6, STM32H562RGT6, STM32H562RGV6, STM32H562RIT6, STM32H562RIV6, STM32H562VGT6, STM32H562VIT6, STM32H562ZGT6, STM32H562ZIT6, STM32H563AGI6, STM32H563AII3Q, STM32H563AII6, STM32H563IGK6, STM32H563IGT6, STM32H563IIK3Q, STM32H563IIK6, STM32H563IIT3Q, STM32H563IIT6, STM32H563MIY3QTR, STM32H563RGT6, STM32H563RGV6, STM32H563RIT6, STM32H563RIV6, STM32H563VGT6, STM32H563VIT3Q, STM32H563VIT6, STM32H563ZGT6, STM32H563ZIT3Q, STM32H563ZIT6, STM32H573AII3Q, STM32H573AII6, STM32H573I-DK, STM32H573IIK3Q, STM32H573IIK6, STM32H573IIT3Q, STM32H573IIT6, STM32H573MIY3QTR, STM32H573RIT6, STM32H573RIV6, STM32H573VIT3Q, STM32H573VIT6, STM32H573ZIT3Q, STM32H573ZIT6, STM32L4R5QGI6STR, STM32MP131AAE3, STM32MP131AAF3, STM32MP131AAG3, STM32MP131CAE3, STM32MP131CAF3, STM32MP131CAG3, STM32MP131DAE7, STM32MP131DAF7, STM32MP131DAG7, STM32MP131FAE7, STM32MP131FAF7, STM32MP131FAG7, STM32MP133AAE3, STM32MP133AAF3, STM32MP133AAG3, STM32MP133CAE3, STM32MP133CAF3, STM32MP133CAG3, STM32MP133DAE7, STM32MP133DAF7, STM32MP133DAG7, STM32MP133FAE7, STM32MP133FAF7, STM32MP133FAG7, STM32MP135AAE3, STM32MP135AAF3, STM32MP135AAG3, STM32MP135CAE3, STM32MP135CAF3, STM32MP135CAG3, STM32MP135DAE7, STM32MP135DAF7, STM32MP135DAG7, STM32MP135F-DK, STM32MP135FAE7, STM32MP135FAF7, STM32MP135FAF7T, STM32MP135FAF7U, STM32MP135FAG7, STM32U535CBT6, STM32U535CBT6Q, STM32U535CBU6, STM32U535CBU6Q, STM32U535CCT6, STM32U535CCT6Q, STM32U535CCU6, STM32U535CCU6Q, STM32U535CET6, STM32U535CET6Q, STM32U535CEU6, STM32U535CEU6Q, STM32U535JEY6QTR, STM32U535NCY6QTR, STM32U535NEY6QTR, STM32U535RBI6, STM32U535RBI6Q, STM32U535RBT6, STM32U535RBT6Q, STM32U535RCI6, STM32U535RCI6Q, STM32U535RCT6, STM32U535RCT6Q, STM32U535REI6, STM32U535REI6Q, STM32U535RET6, STM32U535RET6Q, STM32U535VCI6, STM32U535VCI6Q, STM32U535VCT6, STM32U535VCT6Q, STM32U535VEI6, STM32U535VEI6Q, STM32U535VET6, STM32U535VET6Q, STM32U545CET6, STM32U545CET6Q, STM32U545CEU6, STM32U545CEU6Q, STM32U545JEY6QTR, STM32U545NEY6QTR, STM32U545REI6, STM32U545REI6Q, STM32U545RET6, STM32U545RET6Q, STM32U545VEI6, STM32U545VEI6Q, STM32U545VET6, STM32U545VET6Q, STM32U595AIH6, STM32U595AIH6Q, STM32U595AJH6, STM32U595AJH6Q, STM32U595QII6, STM32U595QII6Q, STM32U595QJI6, STM32U595QJI6Q, STM32U595RIT6, STM32U595RIT6Q, STM32U595RJT6, STM32U595RJT6Q, STM32U595VIT6, STM32U595VIT6Q, STM32U595VJT6, STM32U595VJT6Q, STM32U595ZIT6, STM32U595ZIT6Q, STM32U595ZIY6QTR, STM32U595ZJT6, STM32U595ZJT6Q, STM32U595ZJY6QTR, STM32U599BJY6QTR, STM32U599NIH6Q, STM32U599NJH6Q, STM32U599VIT6Q, STM32U599VJT6, STM32U599VJT6Q, STM32U599ZIT6Q, STM32U599ZIY6QTR, STM32U599ZJT6Q, STM32U599ZJY6QTR, STM32U5A5AJH6, STM32U5A5AJH6Q, STM32U5A5QJI6, STM32U5A5QJI6Q, STM32U5A5RJT6, STM32U5A5RJT6Q, STM32U5A5VJT6, STM32U5A5VJT6Q, STM32U5A5ZJT6, STM32U5A5ZJT6Q, STM32U5A5ZJY6QTR, STM32U5A9BJY6QTR, STM32U5A9J-DK, STM32U5A9NJH6Q, STM32U5A9VJT6Q, STM32U5A9ZJT6Q, STM32U5A9ZJY6QTR, STM32U5F7VIT6, STM32U5F7VIT6Q, STM32U5F7VJT6, STM32U5F7VJT6Q, STM32U5F9BJY6QTR, STM32U5F9NJH6Q, STM32U5F9VIT6Q, STM32U5F9VJT6Q, STM32U5F9ZIJ6QTR, STM32U5F9ZIT6Q, STM32U5F9ZJJ6QTR, STM32U5F9ZJT6Q, STM32U5G7VJT6, STM32U5G7VJT6Q, STM32U5G9BJY6QTR, STM32U5G9J-DK1, STM32U5G9J-DK2, STM32U5G9NJH6Q, STM32U5G9VJT6Q, STM32U5G9ZJJ6QTR, STM32U5G9ZJT6Q, STM32WB1MMCH6, STM32WBA52CEU6, STM32WBA52CEU6T, STM32WBA52CGU6, STM32WBA52CGU6T, STM32WBA52KEU6, STM32WBA52KEU6T, STM32WBA52KGU6, STM32WBA52KGU6T, STM32WL5MOCH6, STM32WL5MOCH6TR]
2024-01-06 11:45:23,714 [INFO] DbMcus:217 - Found 3882 MCUs, 3882 are supported
2024-01-06 11:45:23,716 [INFO] ApiDb:423 - Load user favorites file C:\Users\sanjay.kumar/.stm32cubeide/favorites.mcus.txt: 0 item(s)
2024-01-06 11:45:23,716 [INFO] ApiDb:427 - User favorites MCUs=[]
2024-01-06 11:45:23,716 [INFO] DbMcus:223 - Set 0 / 0 favorites MCUs
2024-01-06 11:45:24,131 [WARN] ThirdParty:833 - waiting for thirdparty lock release [change project]
2024-01-06 11:45:24,131 [INFO] ThirdParty:835 - entering critical section [change project]
2024-01-06 11:45:24,132 [INFO] ThirdParty:1030 - CMSIS Pack Vendor :STMicroelectronics X-CUBE-ISPU 1.1.0
2024-01-06 11:45:24,132 [INFO] ThirdParty:1030 - CMSIS Pack Vendor :STMicroelectronics USBPD 4.1
2024-01-06 11:45:24,132 [INFO] ThirdParty:1030 - CMSIS Pack Vendor :STMicroelectronics X-CUBE-GNSS1 6.0.0
2024-01-06 11:45:24,132 [INFO] ThirdParty:1030 - CMSIS Pack Vendor :STMicroelectronics USB_HOST 2.0.0
2024-01-06 11:45:24,132 [INFO] ThirdParty:1030 - CMSIS Pack Vendor :STMicroelectronics X-CUBE-AZRTOS-F4 1.1.0
2024-01-06 11:45:24,132 [INFO] ThirdParty:1030 - CMSIS Pack Vendor :STMicroelectronics LIBJPEG 8.0.0
2024-01-06 11:45:24,132 [INFO] ThirdParty:1030 - CMSIS Pack Vendor :wolfSSL I-CUBE-wolfSSL 5.6.3
2024-01-06 11:45:24,132 [INFO] ThirdParty:1030 - CMSIS Pack Vendor :STMicroelectronics X-CUBE-SMBUS 2.1.0
2024-01-06 11:45:24,132 [INFO] ThirdParty:1030 - CMSIS Pack Vendor :STMicroelectronics USB_DEVICE 3.0.0
2024-01-06 11:45:24,132 [INFO] ThirdParty:1030 - CMSIS Pack Vendor :STMicroelectronics X-CUBE-AZRTOS-WB 2.0.0
2024-01-06 11:45:24,132 [INFO] ThirdParty:1030 - CMSIS Pack Vendor :STMicroelectronics X-CUBE-TOUCHGFX 4.23.0
2024-01-06 11:45:24,132 [INFO] ThirdParty:1030 - CMSIS Pack Vendor :STMicroelectronics X-CUBE-AZRTOS-F7 1.1.0
2024-01-06 11:45:24,132 [INFO] ThirdParty:1030 - CMSIS Pack Vendor :STMicroelectronics X-CUBE-AZRTOS-L5 2.0.0
2024-01-06 11:45:24,133 [INFO] ThirdParty:1030 - CMSIS Pack Vendor :STMicroelectronics USB_DEVICE 2.0.0
2024-01-06 11:45:24,133 [INFO] ThirdParty:1030 - CMSIS Pack Vendor :STMicroelectronics X-CUBE-MEMS1 9.6.0
2024-01-06 11:45:24,133 [INFO] ThirdParty:1030 - CMSIS Pack Vendor :ITTIA_DB I-CUBE-ITTIADB 8.8.0
2024-01-06 11:45:24,133 [INFO] ThirdParty:1030 - CMSIS Pack Vendor :STMicroelectronics FP-SNS-MOTENV1 4.3.2
2024-01-06 11:45:24,133 [INFO] ThirdParty:1030 - CMSIS Pack Vendor :STMicroelectronics X-CUBE-ALGOBUILD 1.3.0
2024-01-06 11:45:24,133 [INFO] ThirdParty:1030 - CMSIS Pack Vendor :STMicroelectronics FreeRTOS 0.0.1
2024-01-06 11:45:24,133 [INFO] ThirdParty:1030 - CMSIS Pack Vendor :STMicroelectronics X-CUBE-AZRTOS-G0 1.1.0
2024-01-06 11:45:24,133 [INFO] ThirdParty:1030 - CMSIS Pack Vendor :STMicroelectronics X-CUBE-BLEMGR 2.0.0
2024-01-06 11:45:24,133 [INFO] ThirdParty:1030 - CMSIS Pack Vendor :STMicroelectronics X-CUBE-NFC4 3.0.0
2024-01-06 11:45:24,133 [INFO] ThirdParty:1030 - CMSIS Pack Vendor :STMicroelectronics X-CUBE-SUBG2 5.0.0
2024-01-06 11:45:24,133 [INFO] ThirdParty:1030 - CMSIS Pack Vendor :STMicroelectronics STM32_WPAN 1.0.0
2024-01-06 11:45:24,133 [INFO] ThirdParty:1030 - CMSIS Pack Vendor :STMicroelectronics lwIP 2.0.3
2024-01-06 11:45:24,133 [INFO] ThirdParty:1030 - CMSIS Pack Vendor :STMicroelectronics FP-SNS-FLIGHT1 5.0.2
2024-01-06 11:45:24,133 [INFO] ThirdParty:1030 - CMSIS Pack Vendor :STMicroelectronics USB_HOST 1.0.0
2024-01-06 11:45:24,133 [INFO] ThirdParty:1030 - CMSIS Pack Vendor :STMicroelectronics X-CUBE-TOF1 3.3.1
2024-01-06 11:45:24,133 [INFO] ThirdParty:1030 - CMSIS Pack Vendor :STMicroelectronics X-CUBE-AZRTOS-G4 2.0.0
2024-01-06 11:45:24,133 [INFO] ThirdParty:1030 - CMSIS Pack Vendor :STMicroelectronics PDM2PCM 3.1.0
2024-01-06 11:45:24,134 [INFO] ThirdParty:1030 - CMSIS Pack Vendor :STMicroelectronics X-CUBE-AZRTOS-H7 3.1.0
2024-01-06 11:45:24,134 [INFO] ThirdParty:1030 - CMSIS Pack Vendor :Infineon AIROC-Wi-Fi-Bluetooth-STM32 1.5.1
2024-01-06 11:45:24,134 [INFO] ThirdParty:1030 - CMSIS Pack Vendor :STMicroelectronics PDM2PCM 3.3.0
2024-01-06 11:45:24,134 [INFO] ThirdParty:1030 - CMSIS Pack Vendor :STMicroelectronics X-CUBE-DISPLAY 3.0.0
2024-01-06 11:45:24,134 [INFO] ThirdParty:1030 - CMSIS Pack Vendor :STMicroelectronics FP-SNS-MOTENVWB1 1.3.0
2024-01-06 11:45:24,134 [INFO] ThirdParty:1030 - CMSIS Pack Vendor :STMicroelectronics FP-SNS-MOTENVWB1 1.3.1
2024-01-06 11:45:24,134 [INFO] ThirdParty:1030 - CMSIS Pack Vendor :STMicroelectronics X-CUBE-BLE1 7.0.0
2024-01-06 11:45:24,134 [INFO] ThirdParty:1030 - CMSIS Pack Vendor :STMicroelectronics FP-ATR-SIGFOX1 3.2.0
2024-01-06 11:45:24,134 [INFO] ThirdParty:1030 - CMSIS Pack Vendor :STMicroelectronics X-CUBE-ISPU 2.0.0
2024-01-06 11:45:24,134 [INFO] ThirdParty:1030 - CMSIS Pack Vendor :STMicroelectronics HAL Drivers 0.0.0
2024-01-06 11:45:24,134 [INFO] ThirdParty:1030 - CMSIS Pack Vendor :STMicroelectronics MBEDTLS 2.16.2
2024-01-06 11:45:24,134 [INFO] ThirdParty:1030 - CMSIS Pack Vendor :emotas I-CUBE-CANOPEN 1.3.0
2024-01-06 11:45:24,134 [INFO] ThirdParty:1030 - CMSIS Pack Vendor :STMicroelectronics X-CUBE-FREERTOS 1.1.0
2024-01-06 11:45:24,134 [INFO] ThirdParty:1030 - CMSIS Pack Vendor :STMicroelectronics X-CUBE-NFC7 1.0.1
2024-01-06 11:45:24,134 [INFO] ThirdParty:1030 - CMSIS Pack Vendor :STMicroelectronics MBEDTLS 2.14.1
2024-01-06 11:45:24,134 [INFO] ThirdParty:1030 - CMSIS Pack Vendor :STMicroelectronics X-CUBE-TOUCHGFX 4.22.1
2024-01-06 11:45:24,134 [INFO] ThirdParty:1030 - CMSIS Pack Vendor :STMicroelectronics X-CUBE-NFC6 3.0.0
2024-01-06 11:45:24,134 [INFO] ThirdParty:1030 - CMSIS Pack Vendor :STMicroelectronics X-CUBE-EEPRMA1 4.1.0
2024-01-06 11:45:24,134 [INFO] ThirdParty:1030 - CMSIS Pack Vendor :portGmbH I-Cube-SoM-uGOAL 1.1.0
2024-01-06 11:45:24,135 [INFO] ThirdParty:1030 - CMSIS Pack Vendor :STMicroelectronics X-CUBE-ALS 1.0.1
2024-01-06 11:45:24,135 [INFO] ThirdParty:1030 - CMSIS Pack Vendor :STMicroelectronics ThreadX 1.0.0
2024-01-06 11:45:24,135 [INFO] ThirdParty:1030 - CMSIS Pack Vendor :STMicroelectronics FP-SNS-SMARTAG2 1.2.0
2024-01-06 11:45:24,135 [INFO] ThirdParty:1030 - CMSIS Pack Vendor :STMicroelectronics X-CUBE-AZRTOS-WL 2.0.0
2024-01-06 11:45:24,135 [INFO] ThirdParty:1030 - CMSIS Pack Vendor :SEGGER I-CUBE-embOS 1.3.1
2024-01-06 11:45:24,135 [INFO] ThirdParty:1030 - CMSIS Pack Vendor :STMicroelectronics USB_DEVICE 1.0.0
2024-01-06 11:45:24,135 [INFO] ThirdParty:1030 - CMSIS Pack Vendor :STMicroelectronics X-CUBE-AI 8.1.0
2024-01-06 11:45:24,135 [INFO] ThirdParty:1030 - CMSIS Pack Vendor :STMicroelectronics X-CUBE-AZRTOS-L4 2.0.0
2024-01-06 11:45:24,135 [INFO] ThirdParty:1030 - CMSIS Pack Vendor :STMicroelectronics ThreadX 0.0.2
2024-01-06 11:45:24,135 [INFO] ThirdParty:1030 - CMSIS Pack Vendor :WES I-CUBE-Cesium 1.3.0
2024-01-06 11:45:24,135 [INFO] ThirdParty:1030 - CMSIS Pack Vendor :STMicroelectronics FP-ATR-ASTRA1 2.0.0
2024-01-06 11:45:24,135 [INFO] ThirdParty:1030 - CMSIS Pack Vendor :STMicroelectronics lwIP 2.1.2
2024-01-06 11:45:24,135 [INFO] ThirdParty:1030 - CMSIS Pack Vendor :STMicroelectronics X-CUBE-SFXS2LP1 4.0.0
2024-01-06 11:45:24,135 [INFO] ThirdParty:1030 - CMSIS Pack Vendor :STMicroelectronics X-CUBE-BLE2 3.3.0
2024-01-06 11:45:24,135 [INFO] ThirdParty:1030 - CMSIS Pack Vendor :STMicroelectronics X-CUBE-TOF1 3.4.0
2024-01-06 11:45:24,135 [INFO] ThirdParty:1030 - CMSIS Pack Vendor :STMicroelectronics X-CUBE-AZRTOS-H7 3.2.0
2024-01-06 11:45:24,135 [INFO] ThirdParty:1030 - CMSIS Pack Vendor :STMicroelectronics PDM2PCM 3.2.0
2024-01-06 11:45:24,135 [INFO] ThirdParty:841 - exiting critical section [change project]
2024-01-06 11:45:24,746 [INFO] PinOutPanel:1499 - setPackage(No Configuration,No Configuration)
2024-01-06 11:45:24,748 [INFO] PinOutPanel:1499 - setPackage(STM32F030R8Tx,LQFP64)
2024-01-06 11:45:25,397 [INFO] UtilMem:75 - Before build in PCC Used Memory: 284243264 Bytes (586153984)
2024-01-06 11:45:26,288 [INFO] UtilMem:75 - After build in PCC Used Memory: 373413408 Bytes (586153984)
2024-01-06 11:45:26,315 [INFO] IPUIPlugin:80 - create IPUIPlugin
2024-01-06 11:45:26,316 [INFO] IPUIPlugin:80 - create IPUIPlugin
2024-01-06 11:45:26,316 [INFO] IPUIPlugin:80 - create IPUIPlugin
2024-01-06 11:45:26,316 [INFO] IPUIPlugin:80 - create IPUIPlugin
2024-01-06 11:45:26,316 [INFO] IPUIPlugin:80 - create IPUIPlugin
2024-01-06 11:45:26,316 [INFO] IPUIPlugin:80 - create IPUIPlugin
2024-01-06 11:45:26,316 [INFO] IPUIPlugin:80 - create IPUIPlugin
2024-01-06 11:45:26,316 [INFO] IPUIPlugin:80 - create IPUIPlugin
2024-01-06 11:45:26,316 [INFO] IPUIPlugin:80 - create IPUIPlugin
2024-01-06 11:45:26,317 [INFO] IPUIPlugin:80 - create IPUIPlugin
2024-01-06 11:45:26,317 [INFO] IPUIPlugin:80 - create IPUIPlugin
2024-01-06 11:45:26,317 [INFO] IPUIPlugin:80 - create IPUIPlugin
2024-01-06 11:45:26,317 [INFO] IPUIPlugin:80 - create IPUIPlugin
2024-01-06 11:45:26,317 [INFO] IPUIPlugin:80 - create IPUIPlugin
2024-01-06 11:45:26,317 [INFO] IPUIPlugin:80 - create IPUIPlugin
2024-01-06 11:45:26,318 [INFO] IPUIPlugin:80 - create IPUIPlugin
2024-01-06 11:45:26,318 [INFO] IPUIPlugin:80 - create IPUIPlugin
2024-01-06 11:45:26,318 [INFO] IPUIPlugin:80 - create IPUIPlugin
2024-01-06 11:45:26,318 [INFO] IPUIPlugin:80 - create IPUIPlugin
2024-01-06 11:45:26,318 [INFO] IPUIPlugin:80 - create IPUIPlugin
2024-01-06 11:45:26,319 [INFO] IPUIPlugin:80 - create IPUIPlugin
2024-01-06 11:45:26,319 [INFO] IPUIPlugin:80 - create IPUIPlugin
2024-01-06 11:45:26,319 [INFO] IPUIPlugin:80 - create IPUIPlugin
2024-01-06 11:45:26,319 [INFO] IPUIPlugin:80 - create IPUIPlugin
2024-01-06 11:45:26,320 [INFO] IPUIPlugin:80 - create IPUIPlugin
2024-01-06 11:45:26,320 [INFO] IPUIPlugin:80 - create IPUIPlugin
2024-01-06 11:45:26,563 [INFO] CADModel:165 - CPN selected for project levelSTM32F030R8T6
2024-01-06 11:45:26,563 [INFO] CADModel:114 - Register for checkConnection events
2024-01-06 11:45:26,618 [INFO] OpenFileManager:328 - Restore cursor
2024-01-06 11:45:31,613 [ERROR] LogOutputStream:75 - [STDERR_REDIRECT] SLF4J: Failed to load class "org.slf4j.impl.StaticLoggerBinder".
2024-01-06 11:45:31,613 [ERROR] LogOutputStream:75 - [STDERR_REDIRECT] SLF4J: Defaulting to no-operation (NOP) logger implementation
2024-01-06 11:45:31,614 [ERROR] LogOutputStream:75 - [STDERR_REDIRECT] SLF4J: See http://www.slf4j.org/codes.html#StaticLoggerBinder for further details.
2024-01-06 11:48:42,688 [ERROR] ConfigurationRetriever:142 - IOException on connection: sw-center.st.com
2024-01-06 11:48:42,689 [ERROR] ConfigurationRetriever:142 - IOException on connection: sw-center.st.com
2024-01-06 11:48:42,689 [ERROR] ConfigurationRetriever:142 - IOException on connection: sw-center.st.com
2024-01-06 11:52:47,402 [ERROR] ServerAccessManage:1146 - Warning during Server Connection :  Unknown host sw-center.st.com
2024-01-06 11:52:47,406 [INFO] MainUpdater:2868 - connection check result : 22
2024-01-06 11:52:47,411 [ERROR] ServerAccessManage:1146 - Warning during Server Connection :  Unknown host sw-center.st.com
2024-01-06 11:52:47,415 [INFO] MainUpdater:2868 - connection check result : 22
2024-01-06 11:52:49,798 [INFO] MicroXplorer:468 - Change Database Path : 
2024-01-06 11:52:49,799 [INFO] MicroXplorer:498 - Change Database Version : DB.6.0.92
2024-01-06 11:52:49,831 [WARN] ThirdParty:871 - waiting for thirdparty lock release [close project]
2024-01-06 11:52:49,831 [INFO] ThirdParty:873 - entering critical section [close project]
2024-01-06 11:52:49,831 [INFO] ThirdParty:883 - exiting critical section [close project]
2024-01-06 11:52:49,833 [INFO] PinOutPanel:1499 - setPackage(No Configuration,No Configuration)
2024-01-06 11:52:49,848 [INFO] UtilMem:75 - Begin LoadConfig() Used Memory: 347299584 Bytes (573571072)
2024-01-06 11:52:49,849 [INFO] MicroXplorer:468 - Change Database Path : 
2024-01-06 11:52:49,849 [INFO] MicroXplorer:498 - Change Database Version : DB.6.0.92
2024-01-06 11:52:49,849 [INFO] OpenFileManager:308 - Change cursor
2024-01-06 11:52:49,860 [INFO] Mcu:1946 - Initializing MCU STM32F030R8Tx STM32F030R8Tx STM32F030R8T6
2024-01-06 11:52:50,555 [INFO] Context:659 - Trying to add GPIOservice into a context  which must be forbidden
2024-01-06 11:52:50,850 [INFO] RtosManager:555 - Registered RTOS mode: class=CMSIS, group=RTOS, mode=CMSIS_V1, owner=FREERTOS
2024-01-06 11:52:50,850 [INFO] RtosManager:555 - Registered RTOS mode: class=CMSIS, group=RTOS2, mode=CMSIS_V2, owner=FREERTOS
2024-01-06 11:52:50,850 [INFO] RtosManager:555 - Registered RTOS mode: class=RTOS, group=Core, mode=CMSIS_V1, owner=FREERTOS
2024-01-06 11:52:50,850 [INFO] RtosManager:555 - Registered RTOS mode: class=RTOS, group=Core, mode=CMSIS_V2, owner=FREERTOS
2024-01-06 11:52:50,850 [WARN] ModelIntegratedComponent:184 - Missing modes for component STMicroelectronics:FreeRTOS:0.0.1:STMicroelectronics:RTOS:FreeRTOS:Core:::10.2.0:
2024-01-06 11:52:50,860 [WARN] ModelIntegratedComponent:63 - No mode defined for component null
2024-01-06 11:52:50,861 [WARN] ModelIntegratedComponent:63 - No mode defined for component null
2024-01-06 11:52:50,861 [WARN] ModelIntegratedComponent:63 - No mode defined for component null
2024-01-06 11:52:50,861 [WARN] ModelIntegratedComponent:63 - No mode defined for component null
2024-01-06 11:52:50,861 [WARN] ModelIntegratedComponent:63 - No mode defined for component null
2024-01-06 11:52:50,861 [WARN] ModelIntegratedComponent:63 - No mode defined for component null
2024-01-06 11:52:50,861 [WARN] ModelIntegratedComponent:63 - No mode defined for component null
2024-01-06 11:52:50,861 [WARN] ModelIntegratedComponent:63 - No mode defined for component null
2024-01-06 11:52:50,861 [WARN] ModelIntegratedComponent:63 - No mode defined for component null
2024-01-06 11:52:50,861 [WARN] ModelIntegratedComponent:63 - No mode defined for component null
2024-01-06 11:52:50,861 [WARN] ModelIntegratedComponent:63 - No mode defined for component null
2024-01-06 11:52:50,861 [WARN] ModelIntegratedComponent:63 - No mode defined for component null
2024-01-06 11:52:50,861 [WARN] ModelIntegratedComponent:63 - No mode defined for component null
2024-01-06 11:52:50,861 [WARN] ModelIntegratedComponent:63 - No mode defined for component null
2024-01-06 11:52:50,861 [WARN] ModelIntegratedComponent:63 - No mode defined for component null
2024-01-06 11:52:50,862 [WARN] ModelIntegratedComponent:63 - No mode defined for component null
2024-01-06 11:52:50,862 [WARN] ModelIntegratedComponent:63 - No mode defined for component null
2024-01-06 11:52:50,862 [WARN] ModelIntegratedComponent:63 - No mode defined for component null
2024-01-06 11:52:50,862 [WARN] ModelIntegratedComponent:63 - No mode defined for component null
2024-01-06 11:52:50,862 [WARN] ModelIntegratedComponent:63 - No mode defined for component null
2024-01-06 11:52:50,862 [WARN] ModelIntegratedComponent:63 - No mode defined for component null
2024-01-06 11:52:50,862 [WARN] ModelIntegratedComponent:63 - No mode defined for component null
2024-01-06 11:52:50,862 [WARN] ModelIntegratedComponent:63 - No mode defined for component null
2024-01-06 11:52:50,862 [WARN] ModelIntegratedComponent:63 - No mode defined for component null
2024-01-06 11:52:50,862 [WARN] ModelIntegratedComponent:63 - No mode defined for component null
2024-01-06 11:52:50,862 [WARN] ModelIntegratedComponent:63 - No mode defined for component null
2024-01-06 11:52:50,862 [WARN] ModelIntegratedComponent:63 - No mode defined for component null
2024-01-06 11:52:50,862 [WARN] ModelIntegratedComponent:63 - No mode defined for component null
2024-01-06 11:52:50,862 [WARN] ModelIntegratedComponent:63 - No mode defined for component null
2024-01-06 11:52:50,862 [WARN] ModelIntegratedComponent:63 - No mode defined for component null
2024-01-06 11:52:50,862 [WARN] ModelIntegratedComponent:63 - No mode defined for component null
2024-01-06 11:52:50,862 [WARN] ModelIntegratedComponent:63 - No mode defined for component null
2024-01-06 11:52:50,863 [WARN] ModelIntegratedComponent:63 - No mode defined for component null
2024-01-06 11:52:50,875 [INFO] ThirdPartyModel:298 - Start build external matchings
2024-01-06 11:52:51,239 [INFO] ThirdPartyModel:316 - End build external matchings
2024-01-06 11:52:51,448 [INFO] UtilMem:75 - End LoadConfig() Used Memory: 455366144 Bytes (573571072)
2024-01-06 11:52:51,476 [WARN] ThirdParty:833 - waiting for thirdparty lock release [change project]
2024-01-06 11:52:51,476 [INFO] ThirdParty:835 - entering critical section [change project]
2024-01-06 11:52:51,476 [INFO] ThirdParty:1030 - CMSIS Pack Vendor :STMicroelectronics X-CUBE-ISPU 1.1.0
2024-01-06 11:52:51,477 [INFO] ThirdParty:1030 - CMSIS Pack Vendor :STMicroelectronics USBPD 4.1
2024-01-06 11:52:51,477 [INFO] ThirdParty:1030 - CMSIS Pack Vendor :STMicroelectronics X-CUBE-GNSS1 6.0.0
2024-01-06 11:52:51,477 [INFO] ThirdParty:1030 - CMSIS Pack Vendor :STMicroelectronics USB_HOST 2.0.0
2024-01-06 11:52:51,477 [INFO] ThirdParty:1030 - CMSIS Pack Vendor :STMicroelectronics X-CUBE-AZRTOS-F4 1.1.0
2024-01-06 11:52:51,478 [INFO] ThirdParty:1030 - CMSIS Pack Vendor :STMicroelectronics LIBJPEG 8.0.0
2024-01-06 11:52:51,478 [INFO] ThirdParty:1030 - CMSIS Pack Vendor :wolfSSL I-CUBE-wolfSSL 5.6.3
2024-01-06 11:52:51,478 [INFO] ThirdParty:1030 - CMSIS Pack Vendor :STMicroelectronics X-CUBE-SMBUS 2.1.0
2024-01-06 11:52:51,478 [INFO] ThirdParty:1030 - CMSIS Pack Vendor :STMicroelectronics USB_DEVICE 3.0.0
2024-01-06 11:52:51,478 [INFO] ThirdParty:1030 - CMSIS Pack Vendor :STMicroelectronics X-CUBE-AZRTOS-WB 2.0.0
2024-01-06 11:52:51,478 [INFO] ThirdParty:1030 - CMSIS Pack Vendor :STMicroelectronics X-CUBE-TOUCHGFX 4.23.0
2024-01-06 11:52:51,479 [INFO] ThirdParty:1030 - CMSIS Pack Vendor :STMicroelectronics X-CUBE-AZRTOS-F7 1.1.0
2024-01-06 11:52:51,479 [INFO] ThirdParty:1030 - CMSIS Pack Vendor :STMicroelectronics X-CUBE-AZRTOS-L5 2.0.0
2024-01-06 11:52:51,479 [INFO] ThirdParty:1030 - CMSIS Pack Vendor :STMicroelectronics USB_DEVICE 2.0.0
2024-01-06 11:52:51,479 [INFO] ThirdParty:1030 - CMSIS Pack Vendor :STMicroelectronics X-CUBE-MEMS1 9.6.0
2024-01-06 11:52:51,479 [INFO] ThirdParty:1030 - CMSIS Pack Vendor :ITTIA_DB I-CUBE-ITTIADB 8.8.0
2024-01-06 11:52:51,479 [INFO] ThirdParty:1030 - CMSIS Pack Vendor :STMicroelectronics FP-SNS-MOTENV1 4.3.2
2024-01-06 11:52:51,479 [INFO] ThirdParty:1030 - CMSIS Pack Vendor :STMicroelectronics X-CUBE-ALGOBUILD 1.3.0
2024-01-06 11:52:51,480 [INFO] ThirdParty:1030 - CMSIS Pack Vendor :STMicroelectronics FreeRTOS 0.0.1
2024-01-06 11:52:51,480 [INFO] ThirdParty:1030 - CMSIS Pack Vendor :STMicroelectronics X-CUBE-AZRTOS-G0 1.1.0
2024-01-06 11:52:51,480 [INFO] ThirdParty:1030 - CMSIS Pack Vendor :STMicroelectronics X-CUBE-BLEMGR 2.0.0
2024-01-06 11:52:51,480 [INFO] ThirdParty:1030 - CMSIS Pack Vendor :STMicroelectronics X-CUBE-NFC4 3.0.0
2024-01-06 11:52:51,480 [INFO] ThirdParty:1030 - CMSIS Pack Vendor :STMicroelectronics X-CUBE-SUBG2 5.0.0
2024-01-06 11:52:51,480 [INFO] ThirdParty:1030 - CMSIS Pack Vendor :STMicroelectronics STM32_WPAN 1.0.0
2024-01-06 11:52:51,480 [INFO] ThirdParty:1030 - CMSIS Pack Vendor :STMicroelectronics lwIP 2.0.3
2024-01-06 11:52:51,480 [INFO] ThirdParty:1030 - CMSIS Pack Vendor :STMicroelectronics FP-SNS-FLIGHT1 5.0.2
2024-01-06 11:52:51,480 [INFO] ThirdParty:1030 - CMSIS Pack Vendor :STMicroelectronics USB_HOST 1.0.0
2024-01-06 11:52:51,481 [INFO] ThirdParty:1030 - CMSIS Pack Vendor :STMicroelectronics X-CUBE-TOF1 3.3.1
2024-01-06 11:52:51,481 [INFO] ThirdParty:1030 - CMSIS Pack Vendor :STMicroelectronics X-CUBE-AZRTOS-G4 2.0.0
2024-01-06 11:52:51,481 [INFO] ThirdParty:1030 - CMSIS Pack Vendor :STMicroelectronics PDM2PCM 3.1.0
2024-01-06 11:52:51,481 [INFO] ThirdParty:1030 - CMSIS Pack Vendor :STMicroelectronics X-CUBE-AZRTOS-H7 3.1.0
2024-01-06 11:52:51,481 [INFO] ThirdParty:1030 - CMSIS Pack Vendor :Infineon AIROC-Wi-Fi-Bluetooth-STM32 1.5.1
2024-01-06 11:52:51,481 [INFO] ThirdParty:1030 - CMSIS Pack Vendor :STMicroelectronics PDM2PCM 3.3.0
2024-01-06 11:52:51,481 [INFO] ThirdParty:1030 - CMSIS Pack Vendor :STMicroelectronics X-CUBE-DISPLAY 3.0.0
2024-01-06 11:52:51,481 [INFO] ThirdParty:1030 - CMSIS Pack Vendor :STMicroelectronics FP-SNS-MOTENVWB1 1.3.0
2024-01-06 11:52:51,481 [INFO] ThirdParty:1030 - CMSIS Pack Vendor :STMicroelectronics FP-SNS-MOTENVWB1 1.3.1
2024-01-06 11:52:51,481 [INFO] ThirdParty:1030 - CMSIS Pack Vendor :STMicroelectronics X-CUBE-BLE1 7.0.0
2024-01-06 11:52:51,481 [INFO] ThirdParty:1030 - CMSIS Pack Vendor :STMicroelectronics FP-ATR-SIGFOX1 3.2.0
2024-01-06 11:52:51,481 [INFO] ThirdParty:1030 - CMSIS Pack Vendor :STMicroelectronics X-CUBE-ISPU 2.0.0
2024-01-06 11:52:51,481 [INFO] ThirdParty:1030 - CMSIS Pack Vendor :STMicroelectronics HAL Drivers 0.0.0
2024-01-06 11:52:51,481 [INFO] ThirdParty:1030 - CMSIS Pack Vendor :STMicroelectronics MBEDTLS 2.16.2
2024-01-06 11:52:51,482 [INFO] ThirdParty:1030 - CMSIS Pack Vendor :emotas I-CUBE-CANOPEN 1.3.0
2024-01-06 11:52:51,482 [INFO] ThirdParty:1030 - CMSIS Pack Vendor :STMicroelectronics X-CUBE-FREERTOS 1.1.0
2024-01-06 11:52:51,482 [INFO] ThirdParty:1030 - CMSIS Pack Vendor :STMicroelectronics X-CUBE-NFC7 1.0.1
2024-01-06 11:52:51,482 [INFO] ThirdParty:1030 - CMSIS Pack Vendor :STMicroelectronics MBEDTLS 2.14.1
2024-01-06 11:52:51,482 [INFO] ThirdParty:1030 - CMSIS Pack Vendor :STMicroelectronics X-CUBE-TOUCHGFX 4.22.1
2024-01-06 11:52:51,482 [INFO] ThirdParty:1030 - CMSIS Pack Vendor :STMicroelectronics X-CUBE-NFC6 3.0.0
2024-01-06 11:52:51,482 [INFO] ThirdParty:1030 - CMSIS Pack Vendor :STMicroelectronics X-CUBE-EEPRMA1 4.1.0
2024-01-06 11:52:51,482 [INFO] ThirdParty:1030 - CMSIS Pack Vendor :portGmbH I-Cube-SoM-uGOAL 1.1.0
2024-01-06 11:52:51,482 [INFO] ThirdParty:1030 - CMSIS Pack Vendor :STMicroelectronics X-CUBE-ALS 1.0.1
2024-01-06 11:52:51,482 [INFO] ThirdParty:1030 - CMSIS Pack Vendor :STMicroelectronics ThreadX 1.0.0
2024-01-06 11:52:51,482 [INFO] ThirdParty:1030 - CMSIS Pack Vendor :STMicroelectronics FP-SNS-SMARTAG2 1.2.0
2024-01-06 11:52:51,482 [INFO] ThirdParty:1030 - CMSIS Pack Vendor :STMicroelectronics X-CUBE-AZRTOS-WL 2.0.0
2024-01-06 11:52:51,482 [INFO] ThirdParty:1030 - CMSIS Pack Vendor :SEGGER I-CUBE-embOS 1.3.1
2024-01-06 11:52:51,482 [INFO] ThirdParty:1030 - CMSIS Pack Vendor :STMicroelectronics USB_DEVICE 1.0.0
2024-01-06 11:52:51,483 [INFO] ThirdParty:1030 - CMSIS Pack Vendor :STMicroelectronics X-CUBE-AI 8.1.0
2024-01-06 11:52:51,483 [INFO] ThirdParty:1030 - CMSIS Pack Vendor :STMicroelectronics X-CUBE-AZRTOS-L4 2.0.0
2024-01-06 11:52:51,483 [INFO] ThirdParty:1030 - CMSIS Pack Vendor :STMicroelectronics ThreadX 0.0.2
2024-01-06 11:52:51,483 [INFO] ThirdParty:1030 - CMSIS Pack Vendor :WES I-CUBE-Cesium 1.3.0
2024-01-06 11:52:51,483 [INFO] ThirdParty:1030 - CMSIS Pack Vendor :STMicroelectronics FP-ATR-ASTRA1 2.0.0
2024-01-06 11:52:51,483 [INFO] ThirdParty:1030 - CMSIS Pack Vendor :STMicroelectronics lwIP 2.1.2
2024-01-06 11:52:51,483 [INFO] ThirdParty:1030 - CMSIS Pack Vendor :STMicroelectronics X-CUBE-SFXS2LP1 4.0.0
2024-01-06 11:52:51,483 [INFO] ThirdParty:1030 - CMSIS Pack Vendor :STMicroelectronics X-CUBE-BLE2 3.3.0
2024-01-06 11:52:51,483 [INFO] ThirdParty:1030 - CMSIS Pack Vendor :STMicroelectronics X-CUBE-TOF1 3.4.0
2024-01-06 11:52:51,483 [INFO] ThirdParty:1030 - CMSIS Pack Vendor :STMicroelectronics X-CUBE-AZRTOS-H7 3.2.0
2024-01-06 11:52:51,483 [INFO] ThirdParty:1030 - CMSIS Pack Vendor :STMicroelectronics PDM2PCM 3.2.0
2024-01-06 11:52:51,483 [INFO] ThirdParty:841 - exiting critical section [change project]
2024-01-06 11:52:51,626 [INFO] PinOutPanel:1499 - setPackage(No Configuration,No Configuration)
2024-01-06 11:52:51,627 [INFO] PinOutPanel:1499 - setPackage(STM32F030R8Tx,LQFP64)
2024-01-06 11:52:51,957 [INFO] UtilMem:75 - Before build in PCC Used Memory: 239491080 Bytes (573571072)
2024-01-06 11:52:52,277 [INFO] UtilMem:75 - After build in PCC Used Memory: 279869464 Bytes (573571072)
2024-01-06 11:52:52,293 [INFO] IPUIPlugin:80 - create IPUIPlugin
2024-01-06 11:52:52,293 [INFO] IPUIPlugin:80 - create IPUIPlugin
2024-01-06 11:52:52,293 [INFO] IPUIPlugin:80 - create IPUIPlugin
2024-01-06 11:52:52,293 [INFO] IPUIPlugin:80 - create IPUIPlugin
2024-01-06 11:52:52,293 [INFO] IPUIPlugin:80 - create IPUIPlugin
2024-01-06 11:52:52,293 [INFO] IPUIPlugin:80 - create IPUIPlugin
2024-01-06 11:52:52,294 [INFO] IPUIPlugin:80 - create IPUIPlugin
2024-01-06 11:52:52,294 [INFO] IPUIPlugin:80 - create IPUIPlugin
2024-01-06 11:52:52,294 [INFO] IPUIPlugin:80 - create IPUIPlugin
2024-01-06 11:52:52,294 [INFO] IPUIPlugin:80 - create IPUIPlugin
2024-01-06 11:52:52,294 [INFO] IPUIPlugin:80 - create IPUIPlugin
2024-01-06 11:52:52,294 [INFO] IPUIPlugin:80 - create IPUIPlugin
2024-01-06 11:52:52,294 [INFO] IPUIPlugin:80 - create IPUIPlugin
2024-01-06 11:52:52,295 [INFO] IPUIPlugin:80 - create IPUIPlugin
2024-01-06 11:52:52,295 [INFO] IPUIPlugin:80 - create IPUIPlugin
2024-01-06 11:52:52,295 [INFO] IPUIPlugin:80 - create IPUIPlugin
2024-01-06 11:52:52,295 [INFO] IPUIPlugin:80 - create IPUIPlugin
2024-01-06 11:52:52,295 [INFO] IPUIPlugin:80 - create IPUIPlugin
2024-01-06 11:52:52,295 [INFO] IPUIPlugin:80 - create IPUIPlugin
2024-01-06 11:52:52,295 [INFO] IPUIPlugin:80 - create IPUIPlugin
2024-01-06 11:52:52,296 [INFO] IPUIPlugin:80 - create IPUIPlugin
2024-01-06 11:52:52,296 [INFO] IPUIPlugin:80 - create IPUIPlugin
2024-01-06 11:52:52,296 [INFO] IPUIPlugin:80 - create IPUIPlugin
2024-01-06 11:52:52,296 [INFO] IPUIPlugin:80 - create IPUIPlugin
2024-01-06 11:52:52,296 [INFO] IPUIPlugin:80 - create IPUIPlugin
2024-01-06 11:52:52,296 [INFO] IPUIPlugin:80 - create IPUIPlugin
2024-01-06 11:52:52,354 [INFO] CADModel:165 - CPN selected for project levelSTM32F030R8T6
2024-01-06 11:52:52,354 [INFO] CADModel:114 - Register for checkConnection events
2024-01-06 11:52:52,407 [INFO] OpenFileManager:328 - Restore cursor
2024-01-06 11:57:53,751 [ERROR] ConfigurationRetriever:142 - IOException on connection: sw-center.st.com
2024-01-06 11:57:53,752 [ERROR] ConfigurationRetriever:142 - IOException on connection: sw-center.st.com
2024-01-06 11:57:53,752 [ERROR] ConfigurationRetriever:142 - IOException on connection: sw-center.st.com
2024-01-06 11:58:21,712 [ERROR] ConfigurationRetriever:142 - IOException on connection: sw-center.st.com
2024-01-06 11:58:21,712 [ERROR] ConfigurationRetriever:142 - IOException on connection: sw-center.st.com
2024-01-06 11:58:21,712 [ERROR] ConfigurationRetriever:142 - IOException on connection: sw-center.st.com
2024-01-06 12:01:32,957 [ERROR] ConfigurationRetriever:142 - IOException on connection: sw-center.st.com
2024-01-06 12:01:32,957 [ERROR] ConfigurationRetriever:142 - IOException on connection: sw-center.st.com
2024-01-06 12:01:32,958 [ERROR] ConfigurationRetriever:142 - IOException on connection: sw-center.st.com
2024-01-06 12:40:52,126 [ERROR] ConfigurationRetriever:142 - IOException on connection: sw-center.st.com
2024-01-06 12:40:52,127 [ERROR] ConfigurationRetriever:142 - IOException on connection: sw-center.st.com
2024-01-06 12:40:52,127 [ERROR] ConfigurationRetriever:142 - IOException on connection: sw-center.st.com
2024-01-06 12:41:35,968 [ERROR] ConfigurationRetriever:142 - IOException on connection: sw-center.st.com
2024-01-06 12:41:35,969 [ERROR] ConfigurationRetriever:142 - IOException on connection: sw-center.st.com
2024-01-06 12:41:35,969 [ERROR] ConfigurationRetriever:142 - IOException on connection: sw-center.st.com
2024-01-06 12:44:03,407 [ERROR] ConfigurationRetriever:142 - IOException on connection: sw-center.st.com
2024-01-06 12:44:03,409 [ERROR] ConfigurationRetriever:142 - IOException on connection: sw-center.st.com
2024-01-06 12:44:03,409 [ERROR] ConfigurationRetriever:142 - IOException on connection: sw-center.st.com
2024-01-06 12:44:03,434 [ERROR] ConfigurationRetriever:142 - IOException on connection: sw-center.st.com
2024-01-06 12:44:03,434 [ERROR] ConfigurationRetriever:142 - IOException on connection: sw-center.st.com
2024-01-06 12:44:03,434 [ERROR] ConfigurationRetriever:142 - IOException on connection: sw-center.st.com
2024-01-06 12:46:29,842 [ERROR] ConfigurationRetriever:142 - IOException on connection: sw-center.st.com
2024-01-06 12:46:29,843 [ERROR] ConfigurationRetriever:142 - IOException on connection: sw-center.st.com
2024-01-06 12:46:29,843 [ERROR] ConfigurationRetriever:142 - IOException on connection: sw-center.st.com
