2024-02-04 17:14:37,435 [INFO] Activator:176 - 


2024-02-04 17:14:37,449 [INFO] Activator:177 - !SESSION log4j initialized
2024-02-04 17:14:55,747 [INFO] LogOutputStream:77 - [STDOUT_REDIRECT] 
2024-02-04 17:14:56,116 [ERROR] ConfigurationRetriever:142 - IOException on connection: sw-center.st.com
2024-02-04 17:14:56,116 [ERROR] ConfigurationRetriever:142 - IOException on connection: sw-center.st.com
2024-02-04 17:14:56,116 [ERROR] ConfigurationRetriever:142 - IOException on connection: sw-center.st.com
2024-02-04 17:14:57,910 [INFO] ApplicationProperties:184 - Using Application install path: C:\ST\STM32CubeIDE_1.13.2\STM32CubeIDE\plugins\com.st.stm32cube.common.mx_6.9.2.202309101412
2024-02-04 17:14:57,941 [INFO] DbMcusXml:78 - Set database path to: C:\ST\STM32CubeIDE_1.13.2\STM32CubeIDE\plugins\com.st.stm32cube.common.mx_6.9.2.202309101412\\db\/mcu/
2024-02-04 17:14:57,942 [INFO] ApiDb:274 - Set plugin database path to: C:\ST\STM32CubeIDE_1.13.2\STM32CubeIDE\plugins\com.st.stm32cube.common.mx_6.9.2.202309101412\\db\/plugins/boardmanager/
2024-02-04 17:14:57,942 [WARN] ApiDb:259 - Overriding images path with different value:  => C:\ST\STM32CubeIDE_1.13.2\STM32CubeIDE\plugins\com.st.stm32cube.common.mx_6.9.2.202309101412\\db\/plugins/mcufinder/images/
2024-02-04 17:14:57,961 [INFO] ApiDb:250 - Set database path to: C:\Users\sanjay.kumar\.stmcufinder\plugins\mcufinder//mcu/
2024-02-04 17:14:57,963 [INFO] DbMcusAds:125 - Set database path to: C:\Users\sanjay.kumar\.stmcufinder\plugins\mcufinder//mcu/
2024-02-04 17:14:57,967 [INFO] CrossReferenceDbSqlite:203 - Set database path to: C:\Users\sanjay.kumar\.stmcufinder\plugins\mcufinder//mcu/cs/
2024-02-04 17:14:58,150 [INFO] RulesReader:64 - Compatibility file has been processed (293 Rules)
2024-02-04 17:14:58,271 [INFO] DbMcusXml:78 - Set database path to: C:\ST\STM32CubeIDE_1.13.2\STM32CubeIDE\plugins\com.st.stm32cube.common.mx_6.9.2.202309101412\\db\/mcu/
2024-02-04 17:14:58,271 [INFO] ApiDb:274 - Set plugin database path to: C:\ST\STM32CubeIDE_1.13.2\STM32CubeIDE\plugins\com.st.stm32cube.common.mx_6.9.2.202309101412\\db\/plugins/boardmanager/
2024-02-04 17:14:58,272 [INFO] ApiDb:261 - Set plugin images path to: C:\ST\STM32CubeIDE_1.13.2\STM32CubeIDE\plugins\com.st.stm32cube.common.mx_6.9.2.202309101412\\db\/plugins/mcufinder/images/
2024-02-04 17:14:58,272 [WARN] DbFile:41 - Overriding database path with different value: C:\Users\sanjay.kumar\.stmcufinder\plugins\mcufinder/ => C:\Users\sanjay.kumar\.stmcufinder\plugins\mcufinder
2024-02-04 17:14:58,272 [INFO] ApiDb:250 - Set database path to: C:\Users\sanjay.kumar\.stmcufinder\plugins\mcufinder//mcu/
2024-02-04 17:14:58,272 [WARN] DbFile:41 - Overriding database path with different value: C:\Users\sanjay.kumar\.stmcufinder\plugins\mcufinder/ => C:\Users\sanjay.kumar\.stmcufinder\plugins\mcufinder
2024-02-04 17:14:58,272 [INFO] DbMcusAds:125 - Set database path to: C:\Users\sanjay.kumar\.stmcufinder\plugins\mcufinder//mcu/
2024-02-04 17:14:58,272 [WARN] DbFile:41 - Overriding database path with different value: C:\Users\sanjay.kumar\.stmcufinder\plugins\mcufinder/ => C:\Users\sanjay.kumar\.stmcufinder\plugins\mcufinder
2024-02-04 17:14:58,272 [WARN] DbFile:41 - Overriding database path with different value: C:\Users\sanjay.kumar\.stmcufinder\plugins\mcufinder/ => C:\Users\sanjay.kumar\.stmcufinder\plugins\mcufinder
2024-02-04 17:14:58,272 [INFO] CrossReferenceDbSqlite:203 - Set database path to: C:\Users\sanjay.kumar\.stmcufinder\plugins\mcufinder//mcu/cs/
2024-02-04 17:14:58,381 [INFO] MainPanel:262 - HeapMemory: 268435456
2024-02-04 17:14:58,492 [INFO] DbMcusXml:78 - Set database path to: C:\ST\STM32CubeIDE_1.13.2\STM32CubeIDE\plugins\com.st.stm32cube.common.mx_6.9.2.202309101412\\db\/mcu/
2024-02-04 17:14:58,493 [INFO] ApiDb:274 - Set plugin database path to: C:\ST\STM32CubeIDE_1.13.2\STM32CubeIDE\plugins\com.st.stm32cube.common.mx_6.9.2.202309101412\\db\/plugins/boardmanager/
2024-02-04 17:14:58,493 [INFO] ApiDb:261 - Set plugin images path to: C:\ST\STM32CubeIDE_1.13.2\STM32CubeIDE\plugins\com.st.stm32cube.common.mx_6.9.2.202309101412\\db\/plugins/mcufinder/images/
2024-02-04 17:14:58,494 [WARN] DbFile:41 - Overriding database path with different value: C:\Users\sanjay.kumar\.stmcufinder\plugins\mcufinder/ => C:\Users\sanjay.kumar\.stmcufinder\plugins\mcufinder
2024-02-04 17:14:58,494 [INFO] ApiDb:250 - Set database path to: C:\Users\sanjay.kumar\.stmcufinder\plugins\mcufinder//mcu/
2024-02-04 17:14:58,494 [WARN] DbFile:41 - Overriding database path with different value: C:\Users\sanjay.kumar\.stmcufinder\plugins\mcufinder/ => C:\Users\sanjay.kumar\.stmcufinder\plugins\mcufinder
2024-02-04 17:14:58,494 [INFO] DbMcusAds:125 - Set database path to: C:\Users\sanjay.kumar\.stmcufinder\plugins\mcufinder//mcu/
2024-02-04 17:14:58,494 [WARN] DbFile:41 - Overriding database path with different value: C:\Users\sanjay.kumar\.stmcufinder\plugins\mcufinder/ => C:\Users\sanjay.kumar\.stmcufinder\plugins\mcufinder
2024-02-04 17:14:58,494 [WARN] DbFile:41 - Overriding database path with different value: C:\Users\sanjay.kumar\.stmcufinder\plugins\mcufinder/ => C:\Users\sanjay.kumar\.stmcufinder\plugins\mcufinder
2024-02-04 17:14:58,494 [INFO] CrossReferenceDbSqlite:203 - Set database path to: C:\Users\sanjay.kumar\.stmcufinder\plugins\mcufinder//mcu/cs/
2024-02-04 17:14:58,527 [INFO] ApplicationProperties:184 - Using Application install path: C:\ST\STM32CubeIDE_1.13.2\STM32CubeIDE\plugins\com.st.stm32cube.common.mx_6.9.2.202309101412
2024-02-04 17:14:58,528 [INFO] PluginManage:196 - Search for loadable plugins [exclusion list=, ]
2024-02-04 17:14:58,530 [INFO] PluginManage:310 - Check plugin analytics
2024-02-04 17:14:58,741 [INFO] AnalyticsPlugin:253 - Accepted Software Licenses: STM32CubeMX.6.2.1
2024-02-04 17:14:58,741 [INFO] AnalyticsPlugin:255 - Accepted CMSIS Pack Licenses: 
2024-02-04 17:14:58,741 [INFO] AnalyticsPlugin:257 - Accepted Firmware Licenses: 
2024-02-04 17:14:58,745 [ERROR] ConfigurationRetriever:142 - IOException on connection: sw-center.st.com
2024-02-04 17:14:58,745 [INFO] PluginManage:359 - Loaded plugin analytics (category:tool,tabindex:-1)
2024-02-04 17:14:58,746 [ERROR] ConfigurationRetriever:142 - IOException on connection: sw-center.st.com
2024-02-04 17:14:58,746 [INFO] PluginManage:310 - Check plugin cadmodel
2024-02-04 17:14:58,746 [ERROR] ConfigurationRetriever:142 - IOException on connection: sw-center.st.com
2024-02-04 17:14:58,755 [INFO] CADModel:105 - Init CAD model plugin
2024-02-04 17:14:58,755 [INFO] PluginManage:359 - Loaded plugin cadmodel (category:power,tabindex:5)
2024-02-04 17:14:58,756 [INFO] PluginManage:310 - Check plugin clock
2024-02-04 17:14:58,861 [INFO] PluginManage:359 - Loaded plugin clock (category:base,tabindex:2)
2024-02-04 17:14:58,861 [INFO] PluginManage:310 - Check plugin ddr
2024-02-04 17:14:58,864 [INFO] PluginManage:359 - Loaded plugin ddr (category:tool,tabindex:6)
2024-02-04 17:14:58,865 [INFO] PluginManage:310 - Check plugin filemanager
2024-02-04 17:14:59,013 [INFO] PluginManage:359 - Loaded plugin filemanager (category:base,tabindex:10)
2024-02-04 17:14:59,013 [INFO] PluginManage:310 - Check plugin ipmanager
2024-02-04 17:14:59,023 [INFO] PluginManage:359 - Loaded plugin ipmanager (category:base,tabindex:5)
2024-02-04 17:14:59,023 [INFO] PluginManage:310 - Check plugin lpbam
2024-02-04 17:14:59,046 [INFO] PluginManage:359 - Loaded plugin lpbam (category:base,tabindex:0)
2024-02-04 17:14:59,046 [INFO] PluginManage:310 - Check plugin memorymap
2024-02-04 17:14:59,076 [INFO] PluginManage:359 - Loaded plugin memorymap (category:base,tabindex:4)
2024-02-04 17:14:59,076 [INFO] PluginManage:310 - Check plugin pinoutandconfiguration
2024-02-04 17:14:59,111 [INFO] PluginManage:359 - Loaded plugin pinoutandconfiguration (category:base,tabindex:1)
2024-02-04 17:14:59,111 [INFO] PluginManage:310 - Check plugin pinoutconfig
2024-02-04 17:14:59,265 [WARN] SupportedApi:132 - Cannot load RTOS API schema: s4s-elt-must-match.1: The content of 'definitions' must match (annotation?, (simpleType | complexType)?, (unique | key | keyref)*)). A problem was found starting at: attribute.
2024-02-04 17:14:59,410 [INFO] PluginManage:359 - Loaded plugin pinoutconfig (category:base,tabindex:0)
2024-02-04 17:14:59,410 [INFO] PluginManage:310 - Check plugin power
2024-02-04 17:14:59,426 [INFO] PluginManage:359 - Loaded plugin power (category:power,tabindex:4)
2024-02-04 17:14:59,426 [INFO] PluginManage:310 - Check plugin projectmanager
2024-02-04 17:14:59,441 [INFO] PluginManage:359 - Loaded plugin projectmanager (category:projectmanager,tabindex:3)
2024-02-04 17:14:59,442 [INFO] PluginManage:310 - Check plugin thirdparty
2024-02-04 17:14:59,614 [INFO] PluginManage:359 - Loaded plugin thirdparty (category:base,tabindex:-1)
2024-02-04 17:14:59,614 [WARN] IntegrityCheckThread:84 - waiting for thirdparty lock release [integrity check]
2024-02-04 17:14:59,614 [INFO] PluginManage:310 - Check plugin tools
2024-02-04 17:14:59,614 [INFO] IntegrityCheckThread:86 - entering critical section [integrity check]
2024-02-04 17:14:59,615 [INFO] ThirdPartyUpdaterWithRetryManager:70 - Updater plugin not ready yet. [1/15]
2024-02-04 17:14:59,621 [INFO] PluginManage:359 - Loaded plugin tools (category:base,tabindex:7)
2024-02-04 17:14:59,621 [INFO] PluginManage:310 - Check plugin tutovideos
2024-02-04 17:14:59,874 [INFO] PluginManage:359 - Loaded plugin tutovideos (category:base,tabindex:-1)
2024-02-04 17:14:59,875 [INFO] PluginManage:310 - Check plugin updater
2024-02-04 17:14:59,889 [INFO] PluginManage:359 - Loaded plugin updater (category:base,tabindex:12)
2024-02-04 17:14:59,889 [INFO] PluginManage:310 - Check plugin userauth
2024-02-04 17:14:59,896 [INFO] UserAuth:113 - Init User Auth plugin
2024-02-04 17:14:59,897 [INFO] PluginManage:359 - Loaded plugin userauth (category:base,tabindex:14)
2024-02-04 17:14:59,897 [INFO] PluginManage:283 - PluginManage : Loaded plugins [17]
2024-02-04 17:15:00,230 [INFO] PinOutPanel:1499 - setPackage(No Configuration,No Configuration)
2024-02-04 17:15:00,401 [INFO] CADModel:165 - CPN selected for project level
2024-02-04 17:15:00,401 [INFO] CADModel:114 - Register for checkConnection events
2024-02-04 17:15:00,430 [INFO] IPUIPlugin:80 - create IPUIPlugin
2024-02-04 17:15:00,430 [INFO] PluginManager:220 - loadIPPluginJar : add adc
2024-02-04 17:15:00,437 [INFO] IPUIPlugin:80 - create IPUIPlugin
2024-02-04 17:15:00,437 [INFO] PluginManager:220 - loadIPPluginJar : add aes
2024-02-04 17:15:00,443 [INFO] IPUIPlugin:80 - create IPUIPlugin
2024-02-04 17:15:00,444 [INFO] PluginManager:220 - loadIPPluginJar : add can
2024-02-04 17:15:00,449 [INFO] IPUIPlugin:80 - create IPUIPlugin
2024-02-04 17:15:00,449 [INFO] PluginManager:220 - loadIPPluginJar : add comp
2024-02-04 17:15:00,456 [INFO] IPUIPlugin:80 - create IPUIPlugin
2024-02-04 17:15:00,456 [INFO] PluginManager:220 - loadIPPluginJar : add cryp
2024-02-04 17:15:00,462 [INFO] IPUIPlugin:80 - create IPUIPlugin
2024-02-04 17:15:00,462 [INFO] PluginManager:220 - loadIPPluginJar : add dfsdm
2024-02-04 17:15:00,477 [INFO] IPUIPlugin:80 - create IPUIPlugin
2024-02-04 17:15:00,478 [INFO] PluginManager:220 - loadIPPluginJar : add dma
2024-02-04 17:15:00,487 [INFO] IPUIPlugin:80 - create IPUIPlugin
2024-02-04 17:15:00,487 [INFO] PluginManager:220 - loadIPPluginJar : add dma3
2024-02-04 17:15:00,492 [INFO] IPUIPlugin:80 - create IPUIPlugin
2024-02-04 17:15:00,493 [INFO] PluginManager:220 - loadIPPluginJar : add fatfs
2024-02-04 17:15:00,507 [INFO] IPUIPlugin:80 - create IPUIPlugin
2024-02-04 17:15:00,508 [INFO] PluginManager:220 - loadIPPluginJar : add fmc
2024-02-04 17:15:00,552 [INFO] IPUIPlugin:80 - create IPUIPlugin
2024-02-04 17:15:00,552 [INFO] PluginManager:220 - loadIPPluginJar : add freertos
2024-02-04 17:15:00,556 [INFO] IPUIPlugin:80 - create IPUIPlugin
2024-02-04 17:15:00,556 [INFO] PluginManager:220 - loadIPPluginJar : add genericplugin
2024-02-04 17:15:00,563 [INFO] IPUIPlugin:80 - create IPUIPlugin
2024-02-04 17:15:00,563 [INFO] PluginManager:220 - loadIPPluginJar : add gfxmmu
2024-02-04 17:15:00,574 [INFO] IPUIPlugin:80 - create IPUIPlugin
2024-02-04 17:15:00,575 [INFO] PluginManager:220 - loadIPPluginJar : add gic
2024-02-04 17:15:00,589 [INFO] IPUIPlugin:80 - create IPUIPlugin
2024-02-04 17:15:00,590 [INFO] PluginManager:220 - loadIPPluginJar : add gpio
2024-02-04 17:15:00,598 [INFO] IPUIPlugin:80 - create IPUIPlugin
2024-02-04 17:15:00,598 [INFO] PluginManager:220 - loadIPPluginJar : add gtzc
2024-02-04 17:15:00,607 [INFO] IPUIPlugin:80 - create IPUIPlugin
2024-02-04 17:15:00,607 [INFO] PluginManager:220 - loadIPPluginJar : add hash
2024-02-04 17:15:00,612 [INFO] IPUIPlugin:80 - create IPUIPlugin
2024-02-04 17:15:00,612 [INFO] PluginManager:220 - loadIPPluginJar : add i2c
2024-02-04 17:15:00,618 [INFO] IPUIPlugin:80 - create IPUIPlugin
2024-02-04 17:15:00,618 [INFO] PluginManager:220 - loadIPPluginJar : add i2s
2024-02-04 17:15:00,624 [INFO] IPUIPlugin:80 - create IPUIPlugin
2024-02-04 17:15:00,624 [INFO] PluginManager:220 - loadIPPluginJar : add i3c
2024-02-04 17:15:00,631 [INFO] IPUIPlugin:80 - create IPUIPlugin
2024-02-04 17:15:00,632 [INFO] PluginManager:220 - loadIPPluginJar : add ipddr
2024-02-04 17:15:00,643 [INFO] IPUIPlugin:80 - create IPUIPlugin
2024-02-04 17:15:00,644 [INFO] PluginManager:220 - loadIPPluginJar : add linkedlist
2024-02-04 17:15:00,649 [INFO] IPUIPlugin:80 - create IPUIPlugin
2024-02-04 17:15:00,649 [INFO] PluginManager:220 - loadIPPluginJar : add lorawan
2024-02-04 17:15:00,653 [INFO] IPUIPlugin:80 - create IPUIPlugin
2024-02-04 17:15:00,653 [INFO] PluginManager:220 - loadIPPluginJar : add ltdc
2024-02-04 17:15:00,669 [INFO] IPUIPlugin:80 - create IPUIPlugin
2024-02-04 17:15:00,669 [INFO] PluginManager:220 - loadIPPluginJar : add mdma
2024-02-04 17:15:00,683 [INFO] IPUIPlugin:80 - create IPUIPlugin
2024-02-04 17:15:00,683 [INFO] PluginManager:220 - loadIPPluginJar : add nvic
2024-02-04 17:15:00,688 [INFO] IPUIPlugin:80 - create IPUIPlugin
2024-02-04 17:15:00,689 [INFO] PluginManager:220 - loadIPPluginJar : add opamp
2024-02-04 17:15:00,694 [INFO] IPUIPlugin:80 - create IPUIPlugin
2024-02-04 17:15:00,694 [INFO] PluginManager:220 - loadIPPluginJar : add openamp
2024-02-04 17:15:00,700 [INFO] IPUIPlugin:80 - create IPUIPlugin
2024-02-04 17:15:00,700 [INFO] PluginManager:220 - loadIPPluginJar : add pdm2pcm
2024-02-04 17:15:00,713 [INFO] IPUIPlugin:80 - create IPUIPlugin
2024-02-04 17:15:00,715 [INFO] PluginManager:220 - loadIPPluginJar : add plateformsettings
2024-02-04 17:15:00,719 [INFO] IPUIPlugin:80 - create IPUIPlugin
2024-02-04 17:15:00,719 [INFO] PluginManager:220 - loadIPPluginJar : add quadspi
2024-02-04 17:15:00,755 [INFO] IPUIPlugin:80 - create IPUIPlugin
2024-02-04 17:15:00,755 [INFO] PluginManager:220 - loadIPPluginJar : add resmgrutility
2024-02-04 17:15:00,762 [INFO] IPUIPlugin:80 - create IPUIPlugin
2024-02-04 17:15:00,762 [INFO] PluginManager:220 - loadIPPluginJar : add sai
2024-02-04 17:15:00,766 [INFO] IPUIPlugin:80 - create IPUIPlugin
2024-02-04 17:15:00,766 [INFO] PluginManager:220 - loadIPPluginJar : add spi
2024-02-04 17:15:00,775 [INFO] IPUIPlugin:80 - create IPUIPlugin
2024-02-04 17:15:00,775 [INFO] PluginManager:220 - loadIPPluginJar : add stm32_wpan
2024-02-04 17:15:00,779 [INFO] IPUIPlugin:80 - create IPUIPlugin
2024-02-04 17:15:00,780 [INFO] PluginManager:220 - loadIPPluginJar : add tim
2024-02-04 17:15:00,786 [INFO] IPUIPlugin:80 - create IPUIPlugin
2024-02-04 17:15:00,786 [INFO] PluginManager:220 - loadIPPluginJar : add touchsensing
2024-02-04 17:15:00,790 [INFO] IPUIPlugin:80 - create IPUIPlugin
2024-02-04 17:15:00,790 [INFO] PluginManager:220 - loadIPPluginJar : add tracer_emb
2024-02-04 17:15:00,794 [INFO] IPUIPlugin:80 - create IPUIPlugin
2024-02-04 17:15:00,794 [INFO] PluginManager:220 - loadIPPluginJar : add ts
2024-02-04 17:15:00,798 [INFO] IPUIPlugin:80 - create IPUIPlugin
2024-02-04 17:15:00,798 [INFO] PluginManager:220 - loadIPPluginJar : add tsc
2024-02-04 17:15:00,801 [INFO] IPUIPlugin:80 - create IPUIPlugin
2024-02-04 17:15:00,801 [INFO] PluginManager:220 - loadIPPluginJar : add ucpd
2024-02-04 17:15:00,807 [INFO] IPUIPlugin:80 - create IPUIPlugin
2024-02-04 17:15:00,807 [INFO] PluginManager:220 - loadIPPluginJar : add usart
2024-02-04 17:15:00,813 [INFO] IPUIPlugin:80 - create IPUIPlugin
2024-02-04 17:15:00,813 [INFO] PluginManager:220 - loadIPPluginJar : add usbx
2024-02-04 17:15:00,975 [INFO] CADModel:165 - CPN selected for project level
2024-02-04 17:15:00,975 [INFO] CADModel:114 - Register for checkConnection events
2024-02-04 17:15:00,976 [FATAL] Updater:308 - Updater called before beeing initialized
2024-02-04 17:15:00,976 [ERROR] CADModel:125 - Updater not yet initialized, retry later 
2024-02-04 17:15:01,255 [INFO] CADModel:165 - CPN selected for project level
2024-02-04 17:15:01,255 [INFO] CADModel:114 - Register for checkConnection events
2024-02-04 17:15:01,255 [FATAL] Updater:308 - Updater called before beeing initialized
2024-02-04 17:15:01,255 [ERROR] CADModel:125 - Updater not yet initialized, retry later 
2024-02-04 17:15:01,259 [FATAL] Updater:308 - Updater called before beeing initialized
2024-02-04 17:15:01,413 [FATAL] Updater:308 - Updater called before beeing initialized
2024-02-04 17:15:01,419 [INFO] DbMcusAds:53 - JSON generation date=Wed Nov 29 16:22:27 IST 2023 (1701255147200)
2024-02-04 17:15:01,420 [FATAL] Updater:308 - Updater called before beeing initialized
2024-02-04 17:15:01,481 [WARN] DetailPanel:346 - Failed to get advertising image, set to default
2024-02-04 17:15:01,609 [FATAL] Updater:308 - Updater called before beeing initialized
2024-02-04 17:15:01,613 [FATAL] Updater:308 - Updater called before beeing initialized
2024-02-04 17:15:01,613 [FATAL] Updater:308 - Updater called before beeing initialized
2024-02-04 17:15:01,613 [WARN] DetailPanel:346 - Failed to get advertising image, set to default
2024-02-04 17:15:01,613 [FATAL] Updater:308 - Updater called before beeing initialized
2024-02-04 17:15:01,694 [ERROR] Updater:1120 - MainUpdater not yet initialized. External WinMGr cannot be set.
2024-02-04 17:15:01,698 [INFO] Updater:1056 - Updater Version found : 6.9.2
2024-02-04 17:15:01,719 [INFO] ApplicationProperties:184 - Using Application install path: C:\ST\STM32CubeIDE_1.13.2\STM32CubeIDE\plugins\com.st.stm32cube.common.mx_6.9.2.202309101412
2024-02-04 17:15:01,863 [ERROR] ServerAccessManage:1146 - Warning during Server Connection :  Unknown host sw-center.st.com
2024-02-04 17:15:01,876 [INFO] MainUpdater:2868 - connection check result : 22
2024-02-04 17:15:01,878 [INFO] MainUpdater:285 - Updater Check For Update Now.
2024-02-04 17:15:01,878 [INFO] MicroXplorer:498 - Change Database Version : DB.6.0.92
2024-02-04 17:15:01,889 [INFO] McuFinderGlobals:63 - Set McuFinder mode to 2 (CubeIDE integrated)
2024-02-04 17:15:02,123 [INFO] CheckServerUpdateThread:120 - End of CheckServer Thread
2024-02-04 17:15:02,823 [WARN] PackLoader:240 - Cannot read IP mode file for STMicroelectronics.X-CUBE-SMBUS.2.1.0
2024-02-04 17:15:02,834 [WARN] PackLoader:240 - Cannot read IP mode file for STMicroelectronics.X-CUBE-TOUCHGFX.4.23.0
2024-02-04 17:15:02,869 [WARN] PackLoader:240 - Cannot read IP mode file for STMicroelectronics.X-CUBE-AZRTOS-F7.1.1.0
2024-02-04 17:15:02,885 [WARN] PackLoader:240 - Cannot read IP mode file for STMicroelectronics.FP-SNS-MOTENV1.4.3.2
2024-02-04 17:15:02,894 [WARN] PackLoader:240 - Cannot read IP mode file for STMicroelectronics.FP-SNS-FLIGHT1.5.0.2
2024-02-04 17:15:02,905 [WARN] PackLoader:240 - Cannot read IP mode file for STMicroelectronics.X-CUBE-DISPLAY.3.0.0
2024-02-04 17:15:02,921 [WARN] PackLoader:240 - Cannot read IP mode file for STMicroelectronics.X-CUBE-BLE1.7.0.0
2024-02-04 17:15:02,931 [WARN] PackLoader:240 - Cannot read IP mode file for emotas.I-CUBE-CANOPEN.1.3.0
2024-02-04 17:15:02,936 [WARN] PackLoader:240 - Cannot read IP mode file for STMicroelectronics.X-CUBE-TOUCHGFX.4.22.1
2024-02-04 17:15:02,944 [WARN] PackLoader:240 - Cannot read IP mode file for STMicroelectronics.FP-SNS-SMARTAG2.1.2.0
2024-02-04 17:15:02,959 [INFO] LogOutputStream:77 - [STDOUT_REDIRECT] 1 : Invalid condition id : UX_CORESTACK_Condition cause : null
2024-02-04 17:15:02,959 [INFO] LogOutputStream:77 - [STDOUT_REDIRECT] 1 : Invalid condition id : UX_CORESTACK_Condition cause : null
2024-02-04 17:15:02,960 [INFO] LogOutputStream:77 - [STDOUT_REDIRECT] 1 : Invalid condition id : UX_CORESTACK_Condition cause : null
2024-02-04 17:15:02,961 [INFO] LogOutputStream:77 - [STDOUT_REDIRECT] 1 : Invalid condition id : UX_CORESTACK_Condition cause : null
2024-02-04 17:15:02,962 [INFO] LogOutputStream:77 - [STDOUT_REDIRECT] 1 : Invalid condition id : UX_CORESTACK_Condition cause : null
2024-02-04 17:15:02,966 [WARN] PackLoader:240 - Cannot read IP mode file for STMicroelectronics.X-CUBE-AZRTOS-WL.2.0.0
2024-02-04 17:15:02,978 [WARN] PackLoader:240 - Cannot read IP mode file for WES.I-CUBE-Cesium.1.3.0
2024-02-04 17:15:02,986 [WARN] PackLoader:240 - Cannot read IP mode file for STMicroelectronics.X-CUBE-BLE2.3.3.0
2024-02-04 17:15:02,997 [WARN] PackLoader:240 - Cannot read IP mode file for STMicroelectronics.X-CUBE-ALGOBUILD.1.3.0
2024-02-04 17:15:03,027 [WARN] PackLoader:240 - Cannot read IP mode file for STMicroelectronics.X-CUBE-AZRTOS-G0.1.1.0
2024-02-04 17:15:03,041 [WARN] PackLoader:240 - Cannot read IP mode file for STMicroelectronics.X-CUBE-NFC4.3.0.0
2024-02-04 17:15:03,052 [WARN] PackLoader:240 - Cannot read IP mode file for STMicroelectronics.FP-ATR-SIGFOX1.3.2.0
2024-02-04 17:15:03,060 [WARN] PackLoader:240 - Cannot read IP mode file for STMicroelectronics.X-CUBE-EEPRMA1.5.1.0
2024-02-04 17:15:03,112 [WARN] PackLoader:240 - Cannot read IP mode file for SEGGER.I-CUBE-embOS.1.3.1
2024-02-04 17:15:03,192 [WARN] PackLoader:240 - Cannot read IP mode file for STMicroelectronics.X-CUBE-GNSS1.6.0.0
2024-02-04 17:15:03,219 [WARN] PackLoader:240 - Cannot read IP mode file for STMicroelectronics.X-CUBE-AZRTOS-F4.1.1.0
2024-02-04 17:15:03,232 [WARN] PackLoader:240 - Cannot read IP mode file for wolfSSL.I-CUBE-wolfSSL.5.6.3
2024-02-04 17:15:03,259 [WARN] PackLoader:240 - Cannot read IP mode file for STMicroelectronics.X-CUBE-AZRTOS-L5.2.0.0
2024-02-04 17:15:03,301 [WARN] PackLoader:240 - Cannot read IP mode file for STMicroelectronics.X-CUBE-MEMS1.9.6.0
2024-02-04 17:15:03,504 [WARN] PackLoader:240 - Cannot read IP mode file for STMicroelectronics.X-CUBE-EEPRMA1.4.2.0
2024-02-04 17:15:03,515 [WARN] PackLoader:240 - Cannot read IP mode file for ITTIA_DB.I-CUBE-ITTIADB.8.8.0
2024-02-04 17:15:03,525 [WARN] PackLoader:240 - Cannot read IP mode file for STMicroelectronics.X-CUBE-BLEMGR.2.0.0
2024-02-04 17:15:03,555 [WARN] ConditionMgr:438 - getConditionDescription Invalid condition id : UX DEVICE CLASS RTOS Condition cause : null
2024-02-04 17:15:03,556 [WARN] ConditionMgr:438 - getConditionDescription Invalid condition id : UX DEVICE CLASS RTOS Condition cause : null
2024-02-04 17:15:03,560 [WARN] PackLoader:240 - Cannot read IP mode file for STMicroelectronics.X-CUBE-AZRTOS-H7.3.1.0
2024-02-04 17:15:03,562 [WARN] ConditionMgr:1039 - genDependencies : Invalid condition id : UX DEVICE CLASS RTOS Condition cause : null
2024-02-04 17:15:03,562 [WARN] ConditionMgr:1039 - genDependencies : Invalid condition id : UX DEVICE CLASS RTOS Condition cause : null
2024-02-04 17:15:03,563 [WARN] ConditionMgr:1039 - genDependencies : Invalid condition id : UX DEVICE CLASS RTOS Condition cause : null
2024-02-04 17:15:03,564 [WARN] ConditionMgr:1039 - genDependencies : Invalid condition id : UX DEVICE CLASS RTOS Condition cause : null
2024-02-04 17:15:03,564 [WARN] ConditionMgr:1039 - genDependencies : Invalid condition id : UX DEVICE CLASS RTOS Condition cause : null
2024-02-04 17:15:03,574 [WARN] PackLoader:240 - Cannot read IP mode file for STMicroelectronics.X-CUBE-NFC7.1.0.1
2024-02-04 17:15:03,582 [WARN] PackLoader:240 - Cannot read IP mode file for STMicroelectronics.X-CUBE-NFC6.3.0.0
2024-02-04 17:15:03,591 [WARN] PackLoader:240 - Cannot read IP mode file for STMicroelectronics.X-CUBE-EEPRMA1.4.1.0
2024-02-04 17:15:03,597 [WARN] PackLoader:240 - Cannot read IP mode file for STMicroelectronics.X-CUBE-AI.8.1.0
2024-02-04 17:15:03,637 [WARN] ConditionMgr:438 - getConditionDescription Invalid condition id : LAN8742 Phy interface Condition cause : null
2024-02-04 17:15:03,638 [WARN] PackLoader:240 - Cannot read IP mode file for STMicroelectronics.X-CUBE-AZRTOS-L4.2.0.0
2024-02-04 17:15:03,640 [WARN] ConditionMgr:1039 - genDependencies : Invalid condition id : LAN8742 Phy interface Condition cause : null
2024-02-04 17:15:03,640 [WARN] ConditionMgr:1039 - genDependencies : Invalid condition id : LAN8742 Phy interface Condition cause : null
2024-02-04 17:15:03,641 [WARN] ConditionMgr:1039 - genDependencies : Invalid condition id : LAN8742 Phy interface Condition cause : null
2024-02-04 17:15:03,652 [WARN] PackLoader:240 - Cannot read IP mode file for STMicroelectronics.X-CUBE-SFXS2LP1.4.0.0
2024-02-04 17:15:03,659 [WARN] PackLoader:240 - Cannot read IP mode file for STMicroelectronics.X-CUBE-ISPU.1.1.0
2024-02-04 17:15:03,673 [WARN] ConditionMgr:438 - getConditionDescription Invalid condition id : UX DEVICE CLASS RTOS Condition cause : null
2024-02-04 17:15:03,673 [WARN] ConditionMgr:438 - getConditionDescription Invalid condition id : UX DEVICE CLASS RTOS Condition cause : null
2024-02-04 17:15:03,675 [WARN] PackLoader:240 - Cannot read IP mode file for STMicroelectronics.X-CUBE-AZRTOS-WB.2.0.0
2024-02-04 17:15:03,676 [WARN] ConditionMgr:1039 - genDependencies : Invalid condition id : UX DEVICE CLASS RTOS Condition cause : null
2024-02-04 17:15:03,676 [WARN] ConditionMgr:1039 - genDependencies : Invalid condition id : UX DEVICE CLASS RTOS Condition cause : null
2024-02-04 17:15:03,676 [WARN] ConditionMgr:1039 - genDependencies : Invalid condition id : UX DEVICE CLASS RTOS Condition cause : null
2024-02-04 17:15:03,676 [WARN] ConditionMgr:1039 - genDependencies : Invalid condition id : UX DEVICE CLASS RTOS Condition cause : null
2024-02-04 17:15:03,677 [WARN] ConditionMgr:1039 - genDependencies : Invalid condition id : UX DEVICE CLASS RTOS Condition cause : null
2024-02-04 17:15:03,689 [WARN] PackLoader:240 - Cannot read IP mode file for STMicroelectronics.X-CUBE-SUBG2.5.0.0
2024-02-04 17:15:03,704 [WARN] PackLoader:240 - Cannot read IP mode file for STMicroelectronics.X-CUBE-TOF1.3.3.1
2024-02-04 17:15:03,725 [WARN] PackLoader:240 - Cannot read IP mode file for STMicroelectronics.X-CUBE-AZRTOS-G4.2.0.0
2024-02-04 17:15:03,737 [WARN] PackLoader:240 - Cannot read IP mode file for Infineon.AIROC-Wi-Fi-Bluetooth-STM32.1.5.1
2024-02-04 17:15:03,746 [WARN] PackLoader:240 - Cannot read IP mode file for STMicroelectronics.FP-SNS-MOTENVWB1.1.3.0
2024-02-04 17:15:03,751 [WARN] PackLoader:240 - Cannot read IP mode file for STMicroelectronics.FP-SNS-MOTENVWB1.1.3.1
2024-02-04 17:15:03,756 [WARN] PackLoader:240 - Cannot read IP mode file for STMicroelectronics.X-CUBE-ISPU.2.0.0
2024-02-04 17:15:03,770 [WARN] PackLoader:240 - Cannot read IP mode file for STMicroelectronics.X-CUBE-FREERTOS.1.1.0
2024-02-04 17:15:03,780 [WARN] PackLoader:240 - Cannot read IP mode file for portGmbH.I-Cube-SoM-uGOAL.1.1.0
2024-02-04 17:15:03,785 [WARN] PackLoader:240 - Cannot read IP mode file for STMicroelectronics.X-CUBE-ALS.1.0.1
2024-02-04 17:15:03,792 [WARN] PackLoader:240 - Cannot read IP mode file for STMicroelectronics.FP-ATR-ASTRA1.2.0.0
2024-02-04 17:15:03,802 [WARN] PackLoader:240 - Cannot read IP mode file for STMicroelectronics.X-CUBE-TOF1.3.4.0
2024-02-04 17:15:03,835 [WARN] PackLoader:240 - Cannot read IP mode file for STMicroelectronics.X-CUBE-AZRTOS-H7.3.2.0
2024-02-04 17:15:03,838 [INFO] ThirdParty:978 - Integrity check success = true
2024-02-04 17:15:03,838 [INFO] IntegrityCheckThread:100 - exiting critical section [integrity check]
2024-02-04 17:15:03,838 [INFO] IntegrityCheckThread:103 - End integrity checks thread
2024-02-04 17:15:22,911 [ERROR] LogOutputStream:75 - [STDERR_REDIRECT] SLF4J: Failed to load class "org.slf4j.impl.StaticLoggerBinder".
2024-02-04 17:15:22,912 [ERROR] LogOutputStream:75 - [STDERR_REDIRECT] SLF4J: Defaulting to no-operation (NOP) logger implementation
2024-02-04 17:15:22,914 [ERROR] LogOutputStream:75 - [STDERR_REDIRECT] SLF4J: See http://www.slf4j.org/codes.html#StaticLoggerBinder for further details.
2024-02-04 17:23:19,297 [ERROR] ConfigurationRetriever:142 - IOException on connection: sw-center.st.com
2024-02-04 17:23:19,298 [ERROR] ConfigurationRetriever:142 - IOException on connection: sw-center.st.com
2024-02-04 17:23:19,298 [ERROR] ConfigurationRetriever:142 - IOException on connection: sw-center.st.com
2024-02-04 17:25:44,700 [ERROR] ConfigurationRetriever:142 - IOException on connection: sw-center.st.com
2024-02-04 17:25:44,701 [ERROR] ConfigurationRetriever:142 - IOException on connection: sw-center.st.com
2024-02-04 17:25:44,702 [ERROR] ConfigurationRetriever:142 - IOException on connection: sw-center.st.com
2024-02-04 17:58:05,572 [ERROR] ConfigurationRetriever:142 - IOException on connection: sw-center.st.com
2024-02-04 17:58:05,573 [ERROR] ConfigurationRetriever:142 - IOException on connection: sw-center.st.com
2024-02-04 17:58:05,574 [ERROR] ConfigurationRetriever:142 - IOException on connection: sw-center.st.com
2024-02-04 18:00:50,225 [ERROR] ConfigurationRetriever:142 - IOException on connection: sw-center.st.com
2024-02-04 18:00:50,225 [ERROR] ConfigurationRetriever:142 - IOException on connection: sw-center.st.com
2024-02-04 18:00:50,226 [ERROR] ConfigurationRetriever:142 - IOException on connection: sw-center.st.com
2024-02-04 18:06:23,793 [ERROR] ConfigurationRetriever:142 - IOException on connection: sw-center.st.com
2024-02-04 18:06:23,795 [ERROR] ConfigurationRetriever:142 - IOException on connection: sw-center.st.com
2024-02-04 18:06:23,795 [ERROR] ConfigurationRetriever:142 - IOException on connection: sw-center.st.com
2024-02-04 18:08:15,751 [ERROR] ConfigurationRetriever:142 - IOException on connection: sw-center.st.com
2024-02-04 18:08:15,751 [ERROR] ConfigurationRetriever:142 - IOException on connection: sw-center.st.com
2024-02-04 18:08:15,752 [ERROR] ConfigurationRetriever:142 - IOException on connection: sw-center.st.com
2024-02-04 18:09:11,944 [ERROR] ConfigurationRetriever:142 - IOException on connection: sw-center.st.com
2024-02-04 18:09:11,945 [ERROR] ConfigurationRetriever:142 - IOException on connection: sw-center.st.com
2024-02-04 18:09:11,945 [ERROR] ConfigurationRetriever:142 - IOException on connection: sw-center.st.com
2024-02-04 18:11:39,202 [ERROR] ConfigurationRetriever:142 - IOException on connection: sw-center.st.com
2024-02-04 18:11:39,203 [ERROR] ConfigurationRetriever:142 - IOException on connection: sw-center.st.com
2024-02-04 18:11:39,203 [ERROR] ConfigurationRetriever:142 - IOException on connection: sw-center.st.com
2024-02-04 18:11:45,850 [ERROR] ConfigurationRetriever:142 - IOException on connection: sw-center.st.com
2024-02-04 18:11:45,851 [ERROR] ConfigurationRetriever:142 - IOException on connection: sw-center.st.com
2024-02-04 18:11:45,851 [ERROR] ConfigurationRetriever:142 - IOException on connection: sw-center.st.com
2024-02-04 18:14:57,788 [ERROR] ConfigurationRetriever:142 - IOException on connection: Read timed out
