2024-02-24 15:24:15,887 [INFO] Activator:176 - 


2024-02-24 15:24:15,887 [INFO] Activator:177 - !SESSION log4j initialized
2024-02-24 15:24:27,108 [INFO] LogOutputStream:77 - [STDOUT_REDIRECT] 
2024-02-24 15:24:31,316 [INFO] ApplicationProperties:184 - Using Application install path: C:\ST\STM32CubeIDE_1.13.2\STM32CubeIDE\plugins\com.st.stm32cube.common.mx_6.9.2.202309101412
2024-02-24 15:24:31,362 [INFO] DbMcusXml:78 - Set database path to: C:\ST\STM32CubeIDE_1.13.2\STM32CubeIDE\plugins\com.st.stm32cube.common.mx_6.9.2.202309101412\\db\/mcu/
2024-02-24 15:24:31,363 [INFO] ApiDb:274 - Set plugin database path to: C:\ST\STM32CubeIDE_1.13.2\STM32CubeIDE\plugins\com.st.stm32cube.common.mx_6.9.2.202309101412\\db\/plugins/boardmanager/
2024-02-24 15:24:31,364 [WARN] ApiDb:259 - Overriding images path with different value:  => C:\ST\STM32CubeIDE_1.13.2\STM32CubeIDE\plugins\com.st.stm32cube.common.mx_6.9.2.202309101412\\db\/plugins/mcufinder/images/
2024-02-24 15:24:31,395 [INFO] ApiDb:250 - Set database path to: C:\Users\sanjay.kumar\.stmcufinder\plugins\mcufinder//mcu/
2024-02-24 15:24:31,398 [INFO] DbMcusAds:125 - Set database path to: C:\Users\sanjay.kumar\.stmcufinder\plugins\mcufinder//mcu/
2024-02-24 15:24:31,404 [INFO] CrossReferenceDbSqlite:203 - Set database path to: C:\Users\sanjay.kumar\.stmcufinder\plugins\mcufinder//mcu/cs/
2024-02-24 15:24:31,711 [INFO] RulesReader:64 - Compatibility file has been processed (293 Rules)
2024-02-24 15:24:31,935 [INFO] DbMcusXml:78 - Set database path to: C:\ST\STM32CubeIDE_1.13.2\STM32CubeIDE\plugins\com.st.stm32cube.common.mx_6.9.2.202309101412\\db\/mcu/
2024-02-24 15:24:31,937 [INFO] ApiDb:274 - Set plugin database path to: C:\ST\STM32CubeIDE_1.13.2\STM32CubeIDE\plugins\com.st.stm32cube.common.mx_6.9.2.202309101412\\db\/plugins/boardmanager/
2024-02-24 15:24:31,937 [INFO] ApiDb:261 - Set plugin images path to: C:\ST\STM32CubeIDE_1.13.2\STM32CubeIDE\plugins\com.st.stm32cube.common.mx_6.9.2.202309101412\\db\/plugins/mcufinder/images/
2024-02-24 15:24:31,938 [WARN] DbFile:41 - Overriding database path with different value: C:\Users\sanjay.kumar\.stmcufinder\plugins\mcufinder/ => C:\Users\sanjay.kumar\.stmcufinder\plugins\mcufinder
2024-02-24 15:24:31,938 [INFO] ApiDb:250 - Set database path to: C:\Users\sanjay.kumar\.stmcufinder\plugins\mcufinder//mcu/
2024-02-24 15:24:31,939 [WARN] DbFile:41 - Overriding database path with different value: C:\Users\sanjay.kumar\.stmcufinder\plugins\mcufinder/ => C:\Users\sanjay.kumar\.stmcufinder\plugins\mcufinder
2024-02-24 15:24:31,939 [INFO] DbMcusAds:125 - Set database path to: C:\Users\sanjay.kumar\.stmcufinder\plugins\mcufinder//mcu/
2024-02-24 15:24:31,939 [WARN] DbFile:41 - Overriding database path with different value: C:\Users\sanjay.kumar\.stmcufinder\plugins\mcufinder/ => C:\Users\sanjay.kumar\.stmcufinder\plugins\mcufinder
2024-02-24 15:24:31,939 [WARN] DbFile:41 - Overriding database path with different value: C:\Users\sanjay.kumar\.stmcufinder\plugins\mcufinder/ => C:\Users\sanjay.kumar\.stmcufinder\plugins\mcufinder
2024-02-24 15:24:31,940 [INFO] CrossReferenceDbSqlite:203 - Set database path to: C:\Users\sanjay.kumar\.stmcufinder\plugins\mcufinder//mcu/cs/
2024-02-24 15:24:32,155 [INFO] MainPanel:262 - HeapMemory: 268435456
2024-02-24 15:24:32,388 [INFO] DbMcusXml:78 - Set database path to: C:\ST\STM32CubeIDE_1.13.2\STM32CubeIDE\plugins\com.st.stm32cube.common.mx_6.9.2.202309101412\\db\/mcu/
2024-02-24 15:24:32,388 [INFO] ApiDb:274 - Set plugin database path to: C:\ST\STM32CubeIDE_1.13.2\STM32CubeIDE\plugins\com.st.stm32cube.common.mx_6.9.2.202309101412\\db\/plugins/boardmanager/
2024-02-24 15:24:32,388 [INFO] ApiDb:261 - Set plugin images path to: C:\ST\STM32CubeIDE_1.13.2\STM32CubeIDE\plugins\com.st.stm32cube.common.mx_6.9.2.202309101412\\db\/plugins/mcufinder/images/
2024-02-24 15:24:32,390 [WARN] DbFile:41 - Overriding database path with different value: C:\Users\sanjay.kumar\.stmcufinder\plugins\mcufinder/ => C:\Users\sanjay.kumar\.stmcufinder\plugins\mcufinder
2024-02-24 15:24:32,390 [INFO] ApiDb:250 - Set database path to: C:\Users\sanjay.kumar\.stmcufinder\plugins\mcufinder//mcu/
2024-02-24 15:24:32,390 [WARN] DbFile:41 - Overriding database path with different value: C:\Users\sanjay.kumar\.stmcufinder\plugins\mcufinder/ => C:\Users\sanjay.kumar\.stmcufinder\plugins\mcufinder
2024-02-24 15:24:32,391 [INFO] DbMcusAds:125 - Set database path to: C:\Users\sanjay.kumar\.stmcufinder\plugins\mcufinder//mcu/
2024-02-24 15:24:32,391 [WARN] DbFile:41 - Overriding database path with different value: C:\Users\sanjay.kumar\.stmcufinder\plugins\mcufinder/ => C:\Users\sanjay.kumar\.stmcufinder\plugins\mcufinder
2024-02-24 15:24:32,391 [WARN] DbFile:41 - Overriding database path with different value: C:\Users\sanjay.kumar\.stmcufinder\plugins\mcufinder/ => C:\Users\sanjay.kumar\.stmcufinder\plugins\mcufinder
2024-02-24 15:24:32,391 [INFO] CrossReferenceDbSqlite:203 - Set database path to: C:\Users\sanjay.kumar\.stmcufinder\plugins\mcufinder//mcu/cs/
2024-02-24 15:24:32,441 [INFO] ApplicationProperties:184 - Using Application install path: C:\ST\STM32CubeIDE_1.13.2\STM32CubeIDE\plugins\com.st.stm32cube.common.mx_6.9.2.202309101412
2024-02-24 15:24:32,444 [INFO] PluginManage:196 - Search for loadable plugins [exclusion list=, ]
2024-02-24 15:24:32,448 [INFO] PluginManage:310 - Check plugin analytics
2024-02-24 15:24:32,865 [INFO] AnalyticsPlugin:253 - Accepted Software Licenses: STM32CubeMX.6.2.1
2024-02-24 15:24:32,865 [INFO] AnalyticsPlugin:255 - Accepted CMSIS Pack Licenses: 
2024-02-24 15:24:32,866 [INFO] AnalyticsPlugin:257 - Accepted Firmware Licenses: 
2024-02-24 15:24:32,871 [INFO] PluginManage:359 - Loaded plugin analytics (category:tool,tabindex:-1)
2024-02-24 15:24:32,872 [INFO] PluginManage:310 - Check plugin cadmodel
2024-02-24 15:24:32,886 [INFO] CADModel:105 - Init CAD model plugin
2024-02-24 15:24:32,886 [INFO] PluginManage:359 - Loaded plugin cadmodel (category:power,tabindex:5)
2024-02-24 15:24:32,886 [INFO] PluginManage:310 - Check plugin clock
2024-02-24 15:24:32,982 [INFO] PluginManage:359 - Loaded plugin clock (category:base,tabindex:2)
2024-02-24 15:24:32,983 [INFO] PluginManage:310 - Check plugin ddr
2024-02-24 15:24:32,990 [INFO] PluginManage:359 - Loaded plugin ddr (category:tool,tabindex:6)
2024-02-24 15:24:32,990 [INFO] PluginManage:310 - Check plugin filemanager
2024-02-24 15:24:33,300 [INFO] PluginManage:359 - Loaded plugin filemanager (category:base,tabindex:10)
2024-02-24 15:24:33,300 [INFO] PluginManage:310 - Check plugin ipmanager
2024-02-24 15:24:33,325 [INFO] PluginManage:359 - Loaded plugin ipmanager (category:base,tabindex:5)
2024-02-24 15:24:33,325 [INFO] PluginManage:310 - Check plugin lpbam
2024-02-24 15:24:33,359 [INFO] PluginManage:359 - Loaded plugin lpbam (category:base,tabindex:0)
2024-02-24 15:24:33,359 [INFO] PluginManage:310 - Check plugin memorymap
2024-02-24 15:24:33,404 [INFO] PluginManage:359 - Loaded plugin memorymap (category:base,tabindex:4)
2024-02-24 15:24:33,405 [INFO] PluginManage:310 - Check plugin pinoutandconfiguration
2024-02-24 15:24:33,448 [INFO] PluginManage:359 - Loaded plugin pinoutandconfiguration (category:base,tabindex:1)
2024-02-24 15:24:33,448 [INFO] PluginManage:310 - Check plugin pinoutconfig
2024-02-24 15:24:33,687 [WARN] SupportedApi:132 - Cannot load RTOS API schema: s4s-elt-must-match.1: The content of 'definitions' must match (annotation?, (simpleType | complexType)?, (unique | key | keyref)*)). A problem was found starting at: attribute.
2024-02-24 15:24:34,028 [INFO] PluginManage:359 - Loaded plugin pinoutconfig (category:base,tabindex:0)
2024-02-24 15:24:34,028 [INFO] PluginManage:310 - Check plugin power
2024-02-24 15:24:34,058 [INFO] PluginManage:359 - Loaded plugin power (category:power,tabindex:4)
2024-02-24 15:24:34,059 [INFO] PluginManage:310 - Check plugin projectmanager
2024-02-24 15:24:34,095 [INFO] PluginManage:359 - Loaded plugin projectmanager (category:projectmanager,tabindex:3)
2024-02-24 15:24:34,096 [INFO] PluginManage:310 - Check plugin thirdparty
2024-02-24 15:24:34,420 [INFO] PluginManage:359 - Loaded plugin thirdparty (category:base,tabindex:-1)
2024-02-24 15:24:34,420 [WARN] IntegrityCheckThread:84 - waiting for thirdparty lock release [integrity check]
2024-02-24 15:24:34,421 [INFO] PluginManage:310 - Check plugin tools
2024-02-24 15:24:34,421 [INFO] IntegrityCheckThread:86 - entering critical section [integrity check]
2024-02-24 15:24:34,422 [INFO] ThirdPartyUpdaterWithRetryManager:70 - Updater plugin not ready yet. [1/15]
2024-02-24 15:24:34,428 [INFO] PluginManage:359 - Loaded plugin tools (category:base,tabindex:7)
2024-02-24 15:24:34,428 [INFO] PluginManage:310 - Check plugin tutovideos
2024-02-24 15:24:34,869 [INFO] PluginManage:359 - Loaded plugin tutovideos (category:base,tabindex:-1)
2024-02-24 15:24:34,869 [INFO] PluginManage:310 - Check plugin updater
2024-02-24 15:24:34,894 [INFO] PluginManage:359 - Loaded plugin updater (category:base,tabindex:12)
2024-02-24 15:24:34,895 [INFO] PluginManage:310 - Check plugin userauth
2024-02-24 15:24:34,906 [INFO] UserAuth:113 - Init User Auth plugin
2024-02-24 15:24:34,907 [INFO] PluginManage:359 - Loaded plugin userauth (category:base,tabindex:14)
2024-02-24 15:24:34,908 [INFO] PluginManage:283 - PluginManage : Loaded plugins [17]
2024-02-24 15:24:35,478 [INFO] PinOutPanel:1499 - setPackage(No Configuration,No Configuration)
2024-02-24 15:24:35,793 [INFO] CADModel:165 - CPN selected for project level
2024-02-24 15:24:35,794 [INFO] CADModel:114 - Register for checkConnection events
2024-02-24 15:24:35,841 [INFO] IPUIPlugin:80 - create IPUIPlugin
2024-02-24 15:24:35,841 [INFO] PluginManager:220 - loadIPPluginJar : add adc
2024-02-24 15:24:35,852 [INFO] IPUIPlugin:80 - create IPUIPlugin
2024-02-24 15:24:35,853 [INFO] PluginManager:220 - loadIPPluginJar : add aes
2024-02-24 15:24:35,866 [INFO] IPUIPlugin:80 - create IPUIPlugin
2024-02-24 15:24:35,866 [INFO] PluginManager:220 - loadIPPluginJar : add can
2024-02-24 15:24:35,874 [INFO] IPUIPlugin:80 - create IPUIPlugin
2024-02-24 15:24:35,874 [INFO] PluginManager:220 - loadIPPluginJar : add comp
2024-02-24 15:24:35,884 [INFO] IPUIPlugin:80 - create IPUIPlugin
2024-02-24 15:24:35,884 [INFO] PluginManager:220 - loadIPPluginJar : add cryp
2024-02-24 15:24:35,898 [INFO] IPUIPlugin:80 - create IPUIPlugin
2024-02-24 15:24:35,899 [INFO] PluginManager:220 - loadIPPluginJar : add dfsdm
2024-02-24 15:24:35,920 [INFO] IPUIPlugin:80 - create IPUIPlugin
2024-02-24 15:24:35,922 [INFO] PluginManager:220 - loadIPPluginJar : add dma
2024-02-24 15:24:35,931 [INFO] IPUIPlugin:80 - create IPUIPlugin
2024-02-24 15:24:35,931 [INFO] PluginManager:220 - loadIPPluginJar : add dma3
2024-02-24 15:24:35,938 [INFO] IPUIPlugin:80 - create IPUIPlugin
2024-02-24 15:24:35,939 [INFO] PluginManager:220 - loadIPPluginJar : add fatfs
2024-02-24 15:24:35,953 [INFO] IPUIPlugin:80 - create IPUIPlugin
2024-02-24 15:24:35,954 [INFO] PluginManager:220 - loadIPPluginJar : add fmc
2024-02-24 15:24:36,000 [INFO] IPUIPlugin:80 - create IPUIPlugin
2024-02-24 15:24:36,001 [INFO] PluginManager:220 - loadIPPluginJar : add freertos
2024-02-24 15:24:36,009 [INFO] IPUIPlugin:80 - create IPUIPlugin
2024-02-24 15:24:36,009 [INFO] PluginManager:220 - loadIPPluginJar : add genericplugin
2024-02-24 15:24:36,019 [INFO] IPUIPlugin:80 - create IPUIPlugin
2024-02-24 15:24:36,020 [INFO] PluginManager:220 - loadIPPluginJar : add gfxmmu
2024-02-24 15:24:36,049 [INFO] IPUIPlugin:80 - create IPUIPlugin
2024-02-24 15:24:36,050 [INFO] PluginManager:220 - loadIPPluginJar : add gic
2024-02-24 15:24:36,089 [INFO] IPUIPlugin:80 - create IPUIPlugin
2024-02-24 15:24:36,089 [INFO] PluginManager:220 - loadIPPluginJar : add gpio
2024-02-24 15:24:36,101 [INFO] IPUIPlugin:80 - create IPUIPlugin
2024-02-24 15:24:36,102 [INFO] PluginManager:220 - loadIPPluginJar : add gtzc
2024-02-24 15:24:36,108 [INFO] IPUIPlugin:80 - create IPUIPlugin
2024-02-24 15:24:36,109 [INFO] PluginManager:220 - loadIPPluginJar : add hash
2024-02-24 15:24:36,118 [INFO] IPUIPlugin:80 - create IPUIPlugin
2024-02-24 15:24:36,118 [INFO] PluginManager:220 - loadIPPluginJar : add i2c
2024-02-24 15:24:36,126 [INFO] IPUIPlugin:80 - create IPUIPlugin
2024-02-24 15:24:36,126 [INFO] PluginManager:220 - loadIPPluginJar : add i2s
2024-02-24 15:24:36,135 [INFO] IPUIPlugin:80 - create IPUIPlugin
2024-02-24 15:24:36,136 [INFO] PluginManager:220 - loadIPPluginJar : add i3c
2024-02-24 15:24:36,146 [INFO] IPUIPlugin:80 - create IPUIPlugin
2024-02-24 15:24:36,146 [INFO] PluginManager:220 - loadIPPluginJar : add ipddr
2024-02-24 15:24:36,166 [INFO] IPUIPlugin:80 - create IPUIPlugin
2024-02-24 15:24:36,167 [INFO] PluginManager:220 - loadIPPluginJar : add linkedlist
2024-02-24 15:24:36,176 [INFO] IPUIPlugin:80 - create IPUIPlugin
2024-02-24 15:24:36,176 [INFO] PluginManager:220 - loadIPPluginJar : add lorawan
2024-02-24 15:24:36,183 [INFO] IPUIPlugin:80 - create IPUIPlugin
2024-02-24 15:24:36,183 [INFO] PluginManager:220 - loadIPPluginJar : add ltdc
2024-02-24 15:24:36,205 [INFO] IPUIPlugin:80 - create IPUIPlugin
2024-02-24 15:24:36,206 [INFO] PluginManager:220 - loadIPPluginJar : add mdma
2024-02-24 15:24:36,222 [INFO] IPUIPlugin:80 - create IPUIPlugin
2024-02-24 15:24:36,223 [INFO] PluginManager:220 - loadIPPluginJar : add nvic
2024-02-24 15:24:36,232 [INFO] IPUIPlugin:80 - create IPUIPlugin
2024-02-24 15:24:36,232 [INFO] PluginManager:220 - loadIPPluginJar : add opamp
2024-02-24 15:24:36,241 [INFO] IPUIPlugin:80 - create IPUIPlugin
2024-02-24 15:24:36,242 [INFO] PluginManager:220 - loadIPPluginJar : add openamp
2024-02-24 15:24:36,254 [INFO] IPUIPlugin:80 - create IPUIPlugin
2024-02-24 15:24:36,255 [INFO] PluginManager:220 - loadIPPluginJar : add pdm2pcm
2024-02-24 15:24:36,276 [INFO] IPUIPlugin:80 - create IPUIPlugin
2024-02-24 15:24:36,280 [INFO] PluginManager:220 - loadIPPluginJar : add plateformsettings
2024-02-24 15:24:36,286 [INFO] IPUIPlugin:80 - create IPUIPlugin
2024-02-24 15:24:36,286 [INFO] PluginManager:220 - loadIPPluginJar : add quadspi
2024-02-24 15:24:36,324 [INFO] IPUIPlugin:80 - create IPUIPlugin
2024-02-24 15:24:36,324 [INFO] PluginManager:220 - loadIPPluginJar : add resmgrutility
2024-02-24 15:24:36,333 [INFO] IPUIPlugin:80 - create IPUIPlugin
2024-02-24 15:24:36,333 [INFO] PluginManager:220 - loadIPPluginJar : add sai
2024-02-24 15:24:36,342 [INFO] IPUIPlugin:80 - create IPUIPlugin
2024-02-24 15:24:36,342 [INFO] PluginManager:220 - loadIPPluginJar : add spi
2024-02-24 15:24:36,358 [INFO] IPUIPlugin:80 - create IPUIPlugin
2024-02-24 15:24:36,358 [INFO] PluginManager:220 - loadIPPluginJar : add stm32_wpan
2024-02-24 15:24:36,365 [INFO] IPUIPlugin:80 - create IPUIPlugin
2024-02-24 15:24:36,365 [INFO] PluginManager:220 - loadIPPluginJar : add tim
2024-02-24 15:24:36,376 [INFO] IPUIPlugin:80 - create IPUIPlugin
2024-02-24 15:24:36,377 [INFO] PluginManager:220 - loadIPPluginJar : add touchsensing
2024-02-24 15:24:36,383 [INFO] IPUIPlugin:80 - create IPUIPlugin
2024-02-24 15:24:36,383 [INFO] PluginManager:220 - loadIPPluginJar : add tracer_emb
2024-02-24 15:24:36,390 [INFO] IPUIPlugin:80 - create IPUIPlugin
2024-02-24 15:24:36,390 [INFO] PluginManager:220 - loadIPPluginJar : add ts
2024-02-24 15:24:36,396 [INFO] IPUIPlugin:80 - create IPUIPlugin
2024-02-24 15:24:36,397 [INFO] PluginManager:220 - loadIPPluginJar : add tsc
2024-02-24 15:24:36,403 [INFO] IPUIPlugin:80 - create IPUIPlugin
2024-02-24 15:24:36,404 [INFO] PluginManager:220 - loadIPPluginJar : add ucpd
2024-02-24 15:24:36,413 [INFO] IPUIPlugin:80 - create IPUIPlugin
2024-02-24 15:24:36,413 [INFO] PluginManager:220 - loadIPPluginJar : add usart
2024-02-24 15:24:36,422 [INFO] IPUIPlugin:80 - create IPUIPlugin
2024-02-24 15:24:36,423 [INFO] PluginManager:220 - loadIPPluginJar : add usbx
2024-02-24 15:24:36,645 [INFO] CADModel:165 - CPN selected for project level
2024-02-24 15:24:36,646 [INFO] CADModel:114 - Register for checkConnection events
2024-02-24 15:24:36,646 [FATAL] Updater:308 - Updater called before beeing initialized
2024-02-24 15:24:36,647 [ERROR] CADModel:125 - Updater not yet initialized, retry later 
2024-02-24 15:24:37,012 [INFO] CADModel:165 - CPN selected for project level
2024-02-24 15:24:37,012 [INFO] CADModel:114 - Register for checkConnection events
2024-02-24 15:24:37,013 [FATAL] Updater:308 - Updater called before beeing initialized
2024-02-24 15:24:37,013 [ERROR] CADModel:125 - Updater not yet initialized, retry later 
2024-02-24 15:24:37,021 [FATAL] Updater:308 - Updater called before beeing initialized
2024-02-24 15:24:37,300 [FATAL] Updater:308 - Updater called before beeing initialized
2024-02-24 15:24:37,311 [INFO] DbMcusAds:53 - JSON generation date=Wed Nov 29 16:22:27 IST 2023 (1701255147200)
2024-02-24 15:24:37,312 [FATAL] Updater:308 - Updater called before beeing initialized
2024-02-24 15:24:37,416 [WARN] DetailPanel:346 - Failed to get advertising image, set to default
2024-02-24 15:24:37,422 [INFO] ThirdPartyUpdaterWithRetryManager:70 - Updater plugin not ready yet. [2/15]
2024-02-24 15:24:37,693 [FATAL] Updater:308 - Updater called before beeing initialized
2024-02-24 15:24:37,699 [FATAL] Updater:308 - Updater called before beeing initialized
2024-02-24 15:24:37,699 [FATAL] Updater:308 - Updater called before beeing initialized
2024-02-24 15:24:37,700 [WARN] DetailPanel:346 - Failed to get advertising image, set to default
2024-02-24 15:24:37,701 [FATAL] Updater:308 - Updater called before beeing initialized
2024-02-24 15:24:37,821 [ERROR] Updater:1120 - MainUpdater not yet initialized. External WinMGr cannot be set.
2024-02-24 15:24:37,828 [INFO] Updater:1056 - Updater Version found : 6.9.2
2024-02-24 15:24:37,871 [INFO] ApplicationProperties:184 - Using Application install path: C:\ST\STM32CubeIDE_1.13.2\STM32CubeIDE\plugins\com.st.stm32cube.common.mx_6.9.2.202309101412
2024-02-24 15:24:38,210 [INFO] MainUpdater:2868 - connection check result : 10
2024-02-24 15:24:38,212 [INFO] MainUpdater:3562 - Updater definition file requires update
2024-02-24 15:24:38,214 [INFO] MainUpdater:285 - Updater Check For Update Now.
2024-02-24 15:24:38,215 [INFO] MicroXplorer:498 - Change Database Version : DB.6.0.92
2024-02-24 15:24:38,231 [INFO] McuFinderGlobals:63 - Set McuFinder mode to 2 (CubeIDE integrated)
2024-02-24 15:24:38,289 [INFO] ServerAccessManage:473 - Download File updaters.zip
2024-02-24 15:24:38,502 [INFO] FileExtend:240 - Unzip File : updaters.zip
2024-02-24 15:24:38,502 [INFO] FileExtend:255 - Standard Zip Deflate
2024-02-24 15:24:39,817 [INFO] ServerAccessManage:473 - Download File PacksControlFlags.xml
2024-02-24 15:24:40,110 [INFO] ServerAccessManage:473 - Download File cubemx.pidx
2024-02-24 15:24:40,403 [INFO] LoadServerUpdatesThread:373 - End of LoadServerUpdate Thread
2024-02-24 15:24:40,425 [WARN] MainUpdater:1189 - Updater busy. Cannot search thirdparties
2024-02-24 15:24:40,426 [INFO] ThirdPartyUpdaterWithRetryManager:96 - Updater plugin is busy. [1/15]
2024-02-24 15:24:40,662 [INFO] CheckServerUpdateThread:120 - End of CheckServer Thread
2024-02-24 15:24:43,915 [WARN] PackLoader:240 - Cannot read IP mode file for STMicroelectronics.X-CUBE-SMBUS.2.1.0
2024-02-24 15:24:43,931 [WARN] PackLoader:240 - Cannot read IP mode file for STMicroelectronics.X-CUBE-TOUCHGFX.4.23.0
2024-02-24 15:24:44,007 [WARN] PackLoader:240 - Cannot read IP mode file for STMicroelectronics.X-CUBE-AZRTOS-F7.1.1.0
2024-02-24 15:24:44,043 [WARN] PackLoader:240 - Cannot read IP mode file for STMicroelectronics.FP-SNS-MOTENV1.4.3.2
2024-02-24 15:24:44,065 [WARN] PackLoader:240 - Cannot read IP mode file for STMicroelectronics.FP-SNS-FLIGHT1.5.0.2
2024-02-24 15:24:44,085 [WARN] PackLoader:240 - Cannot read IP mode file for STMicroelectronics.X-CUBE-DISPLAY.3.0.0
2024-02-24 15:24:44,125 [WARN] PackLoader:240 - Cannot read IP mode file for STMicroelectronics.X-CUBE-BLE1.7.0.0
2024-02-24 15:24:44,144 [WARN] PackLoader:240 - Cannot read IP mode file for emotas.I-CUBE-CANOPEN.1.3.0
2024-02-24 15:24:44,154 [WARN] PackLoader:240 - Cannot read IP mode file for STMicroelectronics.X-CUBE-TOUCHGFX.4.22.1
2024-02-24 15:24:44,169 [WARN] PackLoader:240 - Cannot read IP mode file for STMicroelectronics.FP-SNS-SMARTAG2.1.2.0
2024-02-24 15:24:44,204 [INFO] LogOutputStream:77 - [STDOUT_REDIRECT] 1 : Invalid condition id : UX_CORESTACK_Condition cause : null
2024-02-24 15:24:44,206 [INFO] LogOutputStream:77 - [STDOUT_REDIRECT] 1 : Invalid condition id : UX_CORESTACK_Condition cause : null
2024-02-24 15:24:44,209 [INFO] LogOutputStream:77 - [STDOUT_REDIRECT] 1 : Invalid condition id : UX_CORESTACK_Condition cause : null
2024-02-24 15:24:44,211 [INFO] LogOutputStream:77 - [STDOUT_REDIRECT] 1 : Invalid condition id : UX_CORESTACK_Condition cause : null
2024-02-24 15:24:44,214 [INFO] LogOutputStream:77 - [STDOUT_REDIRECT] 1 : Invalid condition id : UX_CORESTACK_Condition cause : null
2024-02-24 15:24:44,231 [WARN] PackLoader:240 - Cannot read IP mode file for STMicroelectronics.X-CUBE-AZRTOS-WL.2.0.0
2024-02-24 15:24:44,259 [WARN] PackLoader:240 - Cannot read IP mode file for WES.I-CUBE-Cesium.1.3.0
2024-02-24 15:24:44,275 [WARN] PackLoader:240 - Cannot read IP mode file for STMicroelectronics.X-CUBE-BLE2.3.3.0
2024-02-24 15:24:44,296 [WARN] PackLoader:240 - Cannot read IP mode file for STMicroelectronics.X-CUBE-ALGOBUILD.1.3.0
2024-02-24 15:24:44,352 [WARN] PackLoader:240 - Cannot read IP mode file for STMicroelectronics.X-CUBE-AZRTOS-G0.1.1.0
2024-02-24 15:24:44,376 [WARN] PackLoader:240 - Cannot read IP mode file for STMicroelectronics.X-CUBE-NFC4.3.0.0
2024-02-24 15:24:44,392 [WARN] PackLoader:240 - Cannot read IP mode file for STMicroelectronics.FP-ATR-SIGFOX1.3.2.0
2024-02-24 15:24:44,409 [WARN] PackLoader:240 - Cannot read IP mode file for STMicroelectronics.X-CUBE-EEPRMA1.5.1.0
2024-02-24 15:24:44,506 [WARN] PackLoader:240 - Cannot read IP mode file for SEGGER.I-CUBE-embOS.1.3.1
2024-02-24 15:24:44,631 [WARN] PackLoader:240 - Cannot read IP mode file for STMicroelectronics.X-CUBE-GNSS1.6.0.0
2024-02-24 15:24:44,686 [WARN] PackLoader:240 - Cannot read IP mode file for STMicroelectronics.X-CUBE-AZRTOS-F4.1.1.0
2024-02-24 15:24:44,706 [WARN] PackLoader:240 - Cannot read IP mode file for wolfSSL.I-CUBE-wolfSSL.5.6.3
2024-02-24 15:24:44,757 [WARN] PackLoader:240 - Cannot read IP mode file for STMicroelectronics.X-CUBE-AZRTOS-L5.2.0.0
2024-02-24 15:24:44,872 [WARN] PackLoader:240 - Cannot read IP mode file for STMicroelectronics.X-CUBE-MEMS1.9.6.0
2024-02-24 15:24:45,207 [WARN] PackLoader:240 - Cannot read IP mode file for STMicroelectronics.X-CUBE-EEPRMA1.4.2.0
2024-02-24 15:24:45,231 [WARN] PackLoader:240 - Cannot read IP mode file for ITTIA_DB.I-CUBE-ITTIADB.8.8.0
2024-02-24 15:24:45,242 [WARN] PackLoader:240 - Cannot read IP mode file for STMicroelectronics.X-CUBE-BLEMGR.2.0.0
2024-02-24 15:24:45,264 [WARN] ConditionMgr:438 - getConditionDescription Invalid condition id : UX DEVICE CLASS RTOS Condition cause : null
2024-02-24 15:24:45,265 [WARN] ConditionMgr:438 - getConditionDescription Invalid condition id : UX DEVICE CLASS RTOS Condition cause : null
2024-02-24 15:24:45,269 [WARN] PackLoader:240 - Cannot read IP mode file for STMicroelectronics.X-CUBE-AZRTOS-H7.3.1.0
2024-02-24 15:24:45,270 [WARN] ConditionMgr:1039 - genDependencies : Invalid condition id : UX DEVICE CLASS RTOS Condition cause : null
2024-02-24 15:24:45,271 [WARN] ConditionMgr:1039 - genDependencies : Invalid condition id : UX DEVICE CLASS RTOS Condition cause : null
2024-02-24 15:24:45,271 [WARN] ConditionMgr:1039 - genDependencies : Invalid condition id : UX DEVICE CLASS RTOS Condition cause : null
2024-02-24 15:24:45,272 [WARN] ConditionMgr:1039 - genDependencies : Invalid condition id : UX DEVICE CLASS RTOS Condition cause : null
2024-02-24 15:24:45,272 [WARN] ConditionMgr:1039 - genDependencies : Invalid condition id : UX DEVICE CLASS RTOS Condition cause : null
2024-02-24 15:24:45,280 [WARN] PackLoader:240 - Cannot read IP mode file for STMicroelectronics.X-CUBE-NFC7.1.0.1
2024-02-24 15:24:45,287 [WARN] PackLoader:240 - Cannot read IP mode file for STMicroelectronics.X-CUBE-NFC6.3.0.0
2024-02-24 15:24:45,295 [WARN] PackLoader:240 - Cannot read IP mode file for STMicroelectronics.X-CUBE-EEPRMA1.4.1.0
2024-02-24 15:24:45,301 [WARN] PackLoader:240 - Cannot read IP mode file for STMicroelectronics.X-CUBE-AI.8.1.0
2024-02-24 15:24:45,315 [WARN] ConditionMgr:438 - getConditionDescription Invalid condition id : LAN8742 Phy interface Condition cause : null
2024-02-24 15:24:45,316 [WARN] PackLoader:240 - Cannot read IP mode file for STMicroelectronics.X-CUBE-AZRTOS-L4.2.0.0
2024-02-24 15:24:45,317 [WARN] ConditionMgr:1039 - genDependencies : Invalid condition id : LAN8742 Phy interface Condition cause : null
2024-02-24 15:24:45,317 [WARN] ConditionMgr:1039 - genDependencies : Invalid condition id : LAN8742 Phy interface Condition cause : null
2024-02-24 15:24:45,318 [WARN] ConditionMgr:1039 - genDependencies : Invalid condition id : LAN8742 Phy interface Condition cause : null
2024-02-24 15:24:45,326 [WARN] PackLoader:240 - Cannot read IP mode file for STMicroelectronics.X-CUBE-SFXS2LP1.4.0.0
2024-02-24 15:24:45,331 [WARN] PackLoader:240 - Cannot read IP mode file for STMicroelectronics.X-CUBE-ISPU.1.1.0
2024-02-24 15:24:45,344 [WARN] ConditionMgr:438 - getConditionDescription Invalid condition id : UX DEVICE CLASS RTOS Condition cause : null
2024-02-24 15:24:45,344 [WARN] ConditionMgr:438 - getConditionDescription Invalid condition id : UX DEVICE CLASS RTOS Condition cause : null
2024-02-24 15:24:45,348 [WARN] PackLoader:240 - Cannot read IP mode file for STMicroelectronics.X-CUBE-AZRTOS-WB.2.0.0
2024-02-24 15:24:45,349 [WARN] ConditionMgr:1039 - genDependencies : Invalid condition id : UX DEVICE CLASS RTOS Condition cause : null
2024-02-24 15:24:45,349 [WARN] ConditionMgr:1039 - genDependencies : Invalid condition id : UX DEVICE CLASS RTOS Condition cause : null
2024-02-24 15:24:45,349 [WARN] ConditionMgr:1039 - genDependencies : Invalid condition id : UX DEVICE CLASS RTOS Condition cause : null
2024-02-24 15:24:45,350 [WARN] ConditionMgr:1039 - genDependencies : Invalid condition id : UX DEVICE CLASS RTOS Condition cause : null
2024-02-24 15:24:45,350 [WARN] ConditionMgr:1039 - genDependencies : Invalid condition id : UX DEVICE CLASS RTOS Condition cause : null
2024-02-24 15:24:45,361 [WARN] PackLoader:240 - Cannot read IP mode file for STMicroelectronics.X-CUBE-SUBG2.5.0.0
2024-02-24 15:24:45,377 [WARN] PackLoader:240 - Cannot read IP mode file for STMicroelectronics.X-CUBE-TOF1.3.3.1
2024-02-24 15:24:45,398 [WARN] PackLoader:240 - Cannot read IP mode file for STMicroelectronics.X-CUBE-AZRTOS-G4.2.0.0
2024-02-24 15:24:45,411 [WARN] PackLoader:240 - Cannot read IP mode file for Infineon.AIROC-Wi-Fi-Bluetooth-STM32.1.5.1
2024-02-24 15:24:45,420 [WARN] PackLoader:240 - Cannot read IP mode file for STMicroelectronics.FP-SNS-MOTENVWB1.1.3.0
2024-02-24 15:24:45,423 [WARN] PackLoader:240 - Cannot read IP mode file for STMicroelectronics.FP-SNS-MOTENVWB1.1.3.1
2024-02-24 15:24:45,428 [WARN] PackLoader:240 - Cannot read IP mode file for STMicroelectronics.X-CUBE-ISPU.2.0.0
2024-02-24 15:24:45,435 [WARN] PackLoader:240 - Cannot read IP mode file for STMicroelectronics.X-CUBE-FREERTOS.1.1.0
2024-02-24 15:24:45,442 [WARN] PackLoader:240 - Cannot read IP mode file for portGmbH.I-Cube-SoM-uGOAL.1.1.0
2024-02-24 15:24:45,448 [WARN] PackLoader:240 - Cannot read IP mode file for STMicroelectronics.X-CUBE-ALS.1.0.1
2024-02-24 15:24:45,455 [WARN] PackLoader:240 - Cannot read IP mode file for STMicroelectronics.FP-ATR-ASTRA1.2.0.0
2024-02-24 15:24:45,468 [WARN] PackLoader:240 - Cannot read IP mode file for STMicroelectronics.X-CUBE-TOF1.3.4.0
2024-02-24 15:24:45,501 [WARN] PackLoader:240 - Cannot read IP mode file for STMicroelectronics.X-CUBE-AZRTOS-H7.3.2.0
2024-02-24 15:24:45,506 [INFO] ThirdParty:978 - Integrity check success = true
2024-02-24 15:24:45,506 [INFO] IntegrityCheckThread:100 - exiting critical section [integrity check]
2024-02-24 15:24:45,506 [INFO] IntegrityCheckThread:103 - End integrity checks thread
2024-02-24 15:24:59,938 [ERROR] LogOutputStream:75 - [STDERR_REDIRECT] SLF4J: Failed to load class "org.slf4j.impl.StaticLoggerBinder".
2024-02-24 15:24:59,939 [ERROR] LogOutputStream:75 - [STDERR_REDIRECT] SLF4J: Defaulting to no-operation (NOP) logger implementation
2024-02-24 15:24:59,942 [ERROR] LogOutputStream:75 - [STDERR_REDIRECT] SLF4J: See http://www.slf4j.org/codes.html#StaticLoggerBinder for further details.
