2024-02-18 16:26:39,198 [INFO] Activator:176 - 


2024-02-18 16:26:39,221 [INFO] Activator:177 - !SESSION log4j initialized
2024-02-18 16:26:45,199 [INFO] LogOutputStream:77 - [STDOUT_REDIRECT] 
2024-02-18 16:26:47,249 [INFO] ApplicationProperties:184 - Using Application install path: C:\ST\STM32CubeIDE_1.13.2\STM32CubeIDE\plugins\com.st.stm32cube.common.mx_6.9.2.202309101412
2024-02-18 16:26:47,268 [INFO] DbMcusXml:78 - Set database path to: C:\ST\STM32CubeIDE_1.13.2\STM32CubeIDE\plugins\com.st.stm32cube.common.mx_6.9.2.202309101412\\db\/mcu/
2024-02-18 16:26:47,269 [INFO] ApiDb:274 - Set plugin database path to: C:\ST\STM32CubeIDE_1.13.2\STM32CubeIDE\plugins\com.st.stm32cube.common.mx_6.9.2.202309101412\\db\/plugins/boardmanager/
2024-02-18 16:26:47,269 [WARN] ApiDb:259 - Overriding images path with different value:  => C:\ST\STM32CubeIDE_1.13.2\STM32CubeIDE\plugins\com.st.stm32cube.common.mx_6.9.2.202309101412\\db\/plugins/mcufinder/images/
2024-02-18 16:26:47,285 [INFO] ApiDb:250 - Set database path to: C:\Users\sanjay.kumar\.stmcufinder\plugins\mcufinder//mcu/
2024-02-18 16:26:47,286 [INFO] DbMcusAds:125 - Set database path to: C:\Users\sanjay.kumar\.stmcufinder\plugins\mcufinder//mcu/
2024-02-18 16:26:47,289 [INFO] CrossReferenceDbSqlite:203 - Set database path to: C:\Users\sanjay.kumar\.stmcufinder\plugins\mcufinder//mcu/cs/
2024-02-18 16:26:47,424 [INFO] RulesReader:64 - Compatibility file has been processed (293 Rules)
2024-02-18 16:26:47,517 [INFO] DbMcusXml:78 - Set database path to: C:\ST\STM32CubeIDE_1.13.2\STM32CubeIDE\plugins\com.st.stm32cube.common.mx_6.9.2.202309101412\\db\/mcu/
2024-02-18 16:26:47,517 [INFO] ApiDb:274 - Set plugin database path to: C:\ST\STM32CubeIDE_1.13.2\STM32CubeIDE\plugins\com.st.stm32cube.common.mx_6.9.2.202309101412\\db\/plugins/boardmanager/
2024-02-18 16:26:47,517 [INFO] ApiDb:261 - Set plugin images path to: C:\ST\STM32CubeIDE_1.13.2\STM32CubeIDE\plugins\com.st.stm32cube.common.mx_6.9.2.202309101412\\db\/plugins/mcufinder/images/
2024-02-18 16:26:47,518 [WARN] DbFile:41 - Overriding database path with different value: C:\Users\sanjay.kumar\.stmcufinder\plugins\mcufinder/ => C:\Users\sanjay.kumar\.stmcufinder\plugins\mcufinder
2024-02-18 16:26:47,518 [INFO] ApiDb:250 - Set database path to: C:\Users\sanjay.kumar\.stmcufinder\plugins\mcufinder//mcu/
2024-02-18 16:26:47,518 [WARN] DbFile:41 - Overriding database path with different value: C:\Users\sanjay.kumar\.stmcufinder\plugins\mcufinder/ => C:\Users\sanjay.kumar\.stmcufinder\plugins\mcufinder
2024-02-18 16:26:47,518 [INFO] DbMcusAds:125 - Set database path to: C:\Users\sanjay.kumar\.stmcufinder\plugins\mcufinder//mcu/
2024-02-18 16:26:47,518 [WARN] DbFile:41 - Overriding database path with different value: C:\Users\sanjay.kumar\.stmcufinder\plugins\mcufinder/ => C:\Users\sanjay.kumar\.stmcufinder\plugins\mcufinder
2024-02-18 16:26:47,518 [WARN] DbFile:41 - Overriding database path with different value: C:\Users\sanjay.kumar\.stmcufinder\plugins\mcufinder/ => C:\Users\sanjay.kumar\.stmcufinder\plugins\mcufinder
2024-02-18 16:26:47,518 [INFO] CrossReferenceDbSqlite:203 - Set database path to: C:\Users\sanjay.kumar\.stmcufinder\plugins\mcufinder//mcu/cs/
2024-02-18 16:26:47,601 [INFO] MainPanel:262 - HeapMemory: 268435456
2024-02-18 16:26:47,692 [INFO] DbMcusXml:78 - Set database path to: C:\ST\STM32CubeIDE_1.13.2\STM32CubeIDE\plugins\com.st.stm32cube.common.mx_6.9.2.202309101412\\db\/mcu/
2024-02-18 16:26:47,692 [INFO] ApiDb:274 - Set plugin database path to: C:\ST\STM32CubeIDE_1.13.2\STM32CubeIDE\plugins\com.st.stm32cube.common.mx_6.9.2.202309101412\\db\/plugins/boardmanager/
2024-02-18 16:26:47,692 [INFO] ApiDb:261 - Set plugin images path to: C:\ST\STM32CubeIDE_1.13.2\STM32CubeIDE\plugins\com.st.stm32cube.common.mx_6.9.2.202309101412\\db\/plugins/mcufinder/images/
2024-02-18 16:26:47,692 [WARN] DbFile:41 - Overriding database path with different value: C:\Users\sanjay.kumar\.stmcufinder\plugins\mcufinder/ => C:\Users\sanjay.kumar\.stmcufinder\plugins\mcufinder
2024-02-18 16:26:47,692 [INFO] ApiDb:250 - Set database path to: C:\Users\sanjay.kumar\.stmcufinder\plugins\mcufinder//mcu/
2024-02-18 16:26:47,692 [WARN] DbFile:41 - Overriding database path with different value: C:\Users\sanjay.kumar\.stmcufinder\plugins\mcufinder/ => C:\Users\sanjay.kumar\.stmcufinder\plugins\mcufinder
2024-02-18 16:26:47,693 [INFO] DbMcusAds:125 - Set database path to: C:\Users\sanjay.kumar\.stmcufinder\plugins\mcufinder//mcu/
2024-02-18 16:26:47,693 [WARN] DbFile:41 - Overriding database path with different value: C:\Users\sanjay.kumar\.stmcufinder\plugins\mcufinder/ => C:\Users\sanjay.kumar\.stmcufinder\plugins\mcufinder
2024-02-18 16:26:47,693 [WARN] DbFile:41 - Overriding database path with different value: C:\Users\sanjay.kumar\.stmcufinder\plugins\mcufinder/ => C:\Users\sanjay.kumar\.stmcufinder\plugins\mcufinder
2024-02-18 16:26:47,693 [INFO] CrossReferenceDbSqlite:203 - Set database path to: C:\Users\sanjay.kumar\.stmcufinder\plugins\mcufinder//mcu/cs/
2024-02-18 16:26:47,714 [INFO] ApplicationProperties:184 - Using Application install path: C:\ST\STM32CubeIDE_1.13.2\STM32CubeIDE\plugins\com.st.stm32cube.common.mx_6.9.2.202309101412
2024-02-18 16:26:47,715 [INFO] PluginManage:196 - Search for loadable plugins [exclusion list=, ]
2024-02-18 16:26:47,717 [INFO] PluginManage:310 - Check plugin analytics
2024-02-18 16:26:47,860 [INFO] AnalyticsPlugin:253 - Accepted Software Licenses: STM32CubeMX.6.2.1
2024-02-18 16:26:47,860 [INFO] AnalyticsPlugin:255 - Accepted CMSIS Pack Licenses: 
2024-02-18 16:26:47,860 [INFO] AnalyticsPlugin:257 - Accepted Firmware Licenses: 
2024-02-18 16:26:47,862 [INFO] PluginManage:359 - Loaded plugin analytics (category:tool,tabindex:-1)
2024-02-18 16:26:47,862 [INFO] PluginManage:310 - Check plugin cadmodel
2024-02-18 16:26:47,869 [INFO] CADModel:105 - Init CAD model plugin
2024-02-18 16:26:47,869 [INFO] PluginManage:359 - Loaded plugin cadmodel (category:power,tabindex:5)
2024-02-18 16:26:47,869 [INFO] PluginManage:310 - Check plugin clock
2024-02-18 16:26:47,934 [INFO] PluginManage:359 - Loaded plugin clock (category:base,tabindex:2)
2024-02-18 16:26:47,934 [INFO] PluginManage:310 - Check plugin ddr
2024-02-18 16:26:47,937 [INFO] PluginManage:359 - Loaded plugin ddr (category:tool,tabindex:6)
2024-02-18 16:26:47,937 [INFO] PluginManage:310 - Check plugin filemanager
2024-02-18 16:26:48,085 [INFO] PluginManage:359 - Loaded plugin filemanager (category:base,tabindex:10)
2024-02-18 16:26:48,085 [INFO] PluginManage:310 - Check plugin ipmanager
2024-02-18 16:26:48,097 [INFO] PluginManage:359 - Loaded plugin ipmanager (category:base,tabindex:5)
2024-02-18 16:26:48,097 [INFO] PluginManage:310 - Check plugin lpbam
2024-02-18 16:26:48,121 [INFO] PluginManage:359 - Loaded plugin lpbam (category:base,tabindex:0)
2024-02-18 16:26:48,122 [INFO] PluginManage:310 - Check plugin memorymap
2024-02-18 16:26:48,150 [INFO] PluginManage:359 - Loaded plugin memorymap (category:base,tabindex:4)
2024-02-18 16:26:48,151 [INFO] PluginManage:310 - Check plugin pinoutandconfiguration
2024-02-18 16:26:48,186 [INFO] PluginManage:359 - Loaded plugin pinoutandconfiguration (category:base,tabindex:1)
2024-02-18 16:26:48,186 [INFO] PluginManage:310 - Check plugin pinoutconfig
2024-02-18 16:26:48,290 [WARN] SupportedApi:132 - Cannot load RTOS API schema: s4s-elt-must-match.1: The content of 'definitions' must match (annotation?, (simpleType | complexType)?, (unique | key | keyref)*)). A problem was found starting at: attribute.
2024-02-18 16:26:48,414 [INFO] PluginManage:359 - Loaded plugin pinoutconfig (category:base,tabindex:0)
2024-02-18 16:26:48,414 [INFO] PluginManage:310 - Check plugin power
2024-02-18 16:26:48,425 [INFO] PluginManage:359 - Loaded plugin power (category:power,tabindex:4)
2024-02-18 16:26:48,426 [INFO] PluginManage:310 - Check plugin projectmanager
2024-02-18 16:26:48,437 [INFO] PluginManage:359 - Loaded plugin projectmanager (category:projectmanager,tabindex:3)
2024-02-18 16:26:48,438 [INFO] PluginManage:310 - Check plugin thirdparty
2024-02-18 16:26:48,576 [INFO] PluginManage:359 - Loaded plugin thirdparty (category:base,tabindex:-1)
2024-02-18 16:26:48,576 [WARN] IntegrityCheckThread:84 - waiting for thirdparty lock release [integrity check]
2024-02-18 16:26:48,577 [INFO] PluginManage:310 - Check plugin tools
2024-02-18 16:26:48,577 [INFO] IntegrityCheckThread:86 - entering critical section [integrity check]
2024-02-18 16:26:48,577 [INFO] ThirdPartyUpdaterWithRetryManager:70 - Updater plugin not ready yet. [1/15]
2024-02-18 16:26:48,583 [INFO] PluginManage:359 - Loaded plugin tools (category:base,tabindex:7)
2024-02-18 16:26:48,583 [INFO] PluginManage:310 - Check plugin tutovideos
2024-02-18 16:26:48,763 [INFO] PluginManage:359 - Loaded plugin tutovideos (category:base,tabindex:-1)
2024-02-18 16:26:48,763 [INFO] PluginManage:310 - Check plugin updater
2024-02-18 16:26:48,774 [INFO] PluginManage:359 - Loaded plugin updater (category:base,tabindex:12)
2024-02-18 16:26:48,774 [INFO] PluginManage:310 - Check plugin userauth
2024-02-18 16:26:48,780 [INFO] UserAuth:113 - Init User Auth plugin
2024-02-18 16:26:48,780 [INFO] PluginManage:359 - Loaded plugin userauth (category:base,tabindex:14)
2024-02-18 16:26:48,780 [INFO] PluginManage:283 - PluginManage : Loaded plugins [17]
2024-02-18 16:26:49,001 [INFO] PinOutPanel:1499 - setPackage(No Configuration,No Configuration)
2024-02-18 16:26:49,117 [INFO] CADModel:165 - CPN selected for project level
2024-02-18 16:26:49,117 [INFO] CADModel:114 - Register for checkConnection events
2024-02-18 16:26:49,142 [INFO] IPUIPlugin:80 - create IPUIPlugin
2024-02-18 16:26:49,142 [INFO] PluginManager:220 - loadIPPluginJar : add adc
2024-02-18 16:26:49,147 [INFO] IPUIPlugin:80 - create IPUIPlugin
2024-02-18 16:26:49,147 [INFO] PluginManager:220 - loadIPPluginJar : add aes
2024-02-18 16:26:49,153 [INFO] IPUIPlugin:80 - create IPUIPlugin
2024-02-18 16:26:49,153 [INFO] PluginManager:220 - loadIPPluginJar : add can
2024-02-18 16:26:49,157 [INFO] IPUIPlugin:80 - create IPUIPlugin
2024-02-18 16:26:49,157 [INFO] PluginManager:220 - loadIPPluginJar : add comp
2024-02-18 16:26:49,165 [INFO] IPUIPlugin:80 - create IPUIPlugin
2024-02-18 16:26:49,165 [INFO] PluginManager:220 - loadIPPluginJar : add cryp
2024-02-18 16:26:49,170 [INFO] IPUIPlugin:80 - create IPUIPlugin
2024-02-18 16:26:49,170 [INFO] PluginManager:220 - loadIPPluginJar : add dfsdm
2024-02-18 16:26:49,183 [INFO] IPUIPlugin:80 - create IPUIPlugin
2024-02-18 16:26:49,183 [INFO] PluginManager:220 - loadIPPluginJar : add dma
2024-02-18 16:26:49,187 [INFO] IPUIPlugin:80 - create IPUIPlugin
2024-02-18 16:26:49,187 [INFO] PluginManager:220 - loadIPPluginJar : add dma3
2024-02-18 16:26:49,190 [INFO] IPUIPlugin:80 - create IPUIPlugin
2024-02-18 16:26:49,190 [INFO] PluginManager:220 - loadIPPluginJar : add fatfs
2024-02-18 16:26:49,197 [INFO] IPUIPlugin:80 - create IPUIPlugin
2024-02-18 16:26:49,197 [INFO] PluginManager:220 - loadIPPluginJar : add fmc
2024-02-18 16:26:49,233 [INFO] IPUIPlugin:80 - create IPUIPlugin
2024-02-18 16:26:49,233 [INFO] PluginManager:220 - loadIPPluginJar : add freertos
2024-02-18 16:26:49,237 [INFO] IPUIPlugin:80 - create IPUIPlugin
2024-02-18 16:26:49,237 [INFO] PluginManager:220 - loadIPPluginJar : add genericplugin
2024-02-18 16:26:49,243 [INFO] IPUIPlugin:80 - create IPUIPlugin
2024-02-18 16:26:49,244 [INFO] PluginManager:220 - loadIPPluginJar : add gfxmmu
2024-02-18 16:26:49,272 [INFO] IPUIPlugin:80 - create IPUIPlugin
2024-02-18 16:26:49,272 [INFO] PluginManager:220 - loadIPPluginJar : add gic
2024-02-18 16:26:49,287 [INFO] IPUIPlugin:80 - create IPUIPlugin
2024-02-18 16:26:49,288 [INFO] PluginManager:220 - loadIPPluginJar : add gpio
2024-02-18 16:26:49,295 [INFO] IPUIPlugin:80 - create IPUIPlugin
2024-02-18 16:26:49,295 [INFO] PluginManager:220 - loadIPPluginJar : add gtzc
2024-02-18 16:26:49,300 [INFO] IPUIPlugin:80 - create IPUIPlugin
2024-02-18 16:26:49,300 [INFO] PluginManager:220 - loadIPPluginJar : add hash
2024-02-18 16:26:49,306 [INFO] IPUIPlugin:80 - create IPUIPlugin
2024-02-18 16:26:49,306 [INFO] PluginManager:220 - loadIPPluginJar : add i2c
2024-02-18 16:26:49,312 [INFO] IPUIPlugin:80 - create IPUIPlugin
2024-02-18 16:26:49,312 [INFO] PluginManager:220 - loadIPPluginJar : add i2s
2024-02-18 16:26:49,327 [INFO] IPUIPlugin:80 - create IPUIPlugin
2024-02-18 16:26:49,327 [INFO] PluginManager:220 - loadIPPluginJar : add i3c
2024-02-18 16:26:49,334 [INFO] IPUIPlugin:80 - create IPUIPlugin
2024-02-18 16:26:49,334 [INFO] PluginManager:220 - loadIPPluginJar : add ipddr
2024-02-18 16:26:49,347 [INFO] IPUIPlugin:80 - create IPUIPlugin
2024-02-18 16:26:49,347 [INFO] PluginManager:220 - loadIPPluginJar : add linkedlist
2024-02-18 16:26:49,353 [INFO] IPUIPlugin:80 - create IPUIPlugin
2024-02-18 16:26:49,353 [INFO] PluginManager:220 - loadIPPluginJar : add lorawan
2024-02-18 16:26:49,358 [INFO] IPUIPlugin:80 - create IPUIPlugin
2024-02-18 16:26:49,358 [INFO] PluginManager:220 - loadIPPluginJar : add ltdc
2024-02-18 16:26:49,374 [INFO] IPUIPlugin:80 - create IPUIPlugin
2024-02-18 16:26:49,375 [INFO] PluginManager:220 - loadIPPluginJar : add mdma
2024-02-18 16:26:49,388 [INFO] IPUIPlugin:80 - create IPUIPlugin
2024-02-18 16:26:49,389 [INFO] PluginManager:220 - loadIPPluginJar : add nvic
2024-02-18 16:26:49,394 [INFO] IPUIPlugin:80 - create IPUIPlugin
2024-02-18 16:26:49,395 [INFO] PluginManager:220 - loadIPPluginJar : add opamp
2024-02-18 16:26:49,401 [INFO] IPUIPlugin:80 - create IPUIPlugin
2024-02-18 16:26:49,401 [INFO] PluginManager:220 - loadIPPluginJar : add openamp
2024-02-18 16:26:49,408 [INFO] IPUIPlugin:80 - create IPUIPlugin
2024-02-18 16:26:49,408 [INFO] PluginManager:220 - loadIPPluginJar : add pdm2pcm
2024-02-18 16:26:49,421 [INFO] IPUIPlugin:80 - create IPUIPlugin
2024-02-18 16:26:49,422 [INFO] PluginManager:220 - loadIPPluginJar : add plateformsettings
2024-02-18 16:26:49,426 [INFO] IPUIPlugin:80 - create IPUIPlugin
2024-02-18 16:26:49,426 [INFO] PluginManager:220 - loadIPPluginJar : add quadspi
2024-02-18 16:26:49,463 [INFO] IPUIPlugin:80 - create IPUIPlugin
2024-02-18 16:26:49,464 [INFO] PluginManager:220 - loadIPPluginJar : add resmgrutility
2024-02-18 16:26:49,470 [INFO] IPUIPlugin:80 - create IPUIPlugin
2024-02-18 16:26:49,471 [INFO] PluginManager:220 - loadIPPluginJar : add sai
2024-02-18 16:26:49,476 [INFO] IPUIPlugin:80 - create IPUIPlugin
2024-02-18 16:26:49,476 [INFO] PluginManager:220 - loadIPPluginJar : add spi
2024-02-18 16:26:49,486 [INFO] IPUIPlugin:80 - create IPUIPlugin
2024-02-18 16:26:49,486 [INFO] PluginManager:220 - loadIPPluginJar : add stm32_wpan
2024-02-18 16:26:49,492 [INFO] IPUIPlugin:80 - create IPUIPlugin
2024-02-18 16:26:49,492 [INFO] PluginManager:220 - loadIPPluginJar : add tim
2024-02-18 16:26:49,500 [INFO] IPUIPlugin:80 - create IPUIPlugin
2024-02-18 16:26:49,500 [INFO] PluginManager:220 - loadIPPluginJar : add touchsensing
2024-02-18 16:26:49,504 [INFO] IPUIPlugin:80 - create IPUIPlugin
2024-02-18 16:26:49,504 [INFO] PluginManager:220 - loadIPPluginJar : add tracer_emb
2024-02-18 16:26:49,510 [INFO] IPUIPlugin:80 - create IPUIPlugin
2024-02-18 16:26:49,510 [INFO] PluginManager:220 - loadIPPluginJar : add ts
2024-02-18 16:26:49,516 [INFO] IPUIPlugin:80 - create IPUIPlugin
2024-02-18 16:26:49,516 [INFO] PluginManager:220 - loadIPPluginJar : add tsc
2024-02-18 16:26:49,520 [INFO] IPUIPlugin:80 - create IPUIPlugin
2024-02-18 16:26:49,520 [INFO] PluginManager:220 - loadIPPluginJar : add ucpd
2024-02-18 16:26:49,526 [INFO] IPUIPlugin:80 - create IPUIPlugin
2024-02-18 16:26:49,526 [INFO] PluginManager:220 - loadIPPluginJar : add usart
2024-02-18 16:26:49,533 [INFO] IPUIPlugin:80 - create IPUIPlugin
2024-02-18 16:26:49,533 [INFO] PluginManager:220 - loadIPPluginJar : add usbx
2024-02-18 16:26:49,658 [INFO] CADModel:165 - CPN selected for project level
2024-02-18 16:26:49,658 [INFO] CADModel:114 - Register for checkConnection events
2024-02-18 16:26:49,659 [FATAL] Updater:308 - Updater called before beeing initialized
2024-02-18 16:26:49,659 [ERROR] CADModel:125 - Updater not yet initialized, retry later 
2024-02-18 16:26:49,777 [INFO] CADModel:165 - CPN selected for project level
2024-02-18 16:26:49,777 [INFO] CADModel:114 - Register for checkConnection events
2024-02-18 16:26:49,777 [FATAL] Updater:308 - Updater called before beeing initialized
2024-02-18 16:26:49,777 [ERROR] CADModel:125 - Updater not yet initialized, retry later 
2024-02-18 16:26:49,780 [FATAL] Updater:308 - Updater called before beeing initialized
2024-02-18 16:26:49,897 [FATAL] Updater:308 - Updater called before beeing initialized
2024-02-18 16:26:49,901 [INFO] DbMcusAds:53 - JSON generation date=Wed Nov 29 16:22:27 IST 2023 (1701255147200)
2024-02-18 16:26:49,901 [FATAL] Updater:308 - Updater called before beeing initialized
2024-02-18 16:26:49,942 [WARN] DetailPanel:346 - Failed to get advertising image, set to default
2024-02-18 16:26:50,033 [FATAL] Updater:308 - Updater called before beeing initialized
2024-02-18 16:26:50,035 [FATAL] Updater:308 - Updater called before beeing initialized
2024-02-18 16:26:50,035 [FATAL] Updater:308 - Updater called before beeing initialized
2024-02-18 16:26:50,035 [WARN] DetailPanel:346 - Failed to get advertising image, set to default
2024-02-18 16:26:50,035 [FATAL] Updater:308 - Updater called before beeing initialized
2024-02-18 16:26:50,072 [ERROR] Updater:1120 - MainUpdater not yet initialized. External WinMGr cannot be set.
2024-02-18 16:26:50,075 [INFO] Updater:1056 - Updater Version found : 6.9.2
2024-02-18 16:26:50,097 [INFO] ApplicationProperties:184 - Using Application install path: C:\ST\STM32CubeIDE_1.13.2\STM32CubeIDE\plugins\com.st.stm32cube.common.mx_6.9.2.202309101412
2024-02-18 16:26:50,984 [INFO] MainUpdater:2868 - connection check result : 10
2024-02-18 16:26:50,984 [INFO] MainUpdater:3562 - Updater definition file requires update
2024-02-18 16:26:50,986 [INFO] MainUpdater:285 - Updater Check For Update Now.
2024-02-18 16:26:50,987 [INFO] MicroXplorer:498 - Change Database Version : DB.6.0.92
2024-02-18 16:26:51,032 [INFO] McuFinderGlobals:63 - Set McuFinder mode to 2 (CubeIDE integrated)
2024-02-18 16:26:51,040 [INFO] ServerAccessManage:473 - Download File updaters.zip
2024-02-18 16:26:51,197 [INFO] FileExtend:240 - Unzip File : updaters.zip
2024-02-18 16:26:51,198 [INFO] FileExtend:255 - Standard Zip Deflate
2024-02-18 16:26:51,579 [WARN] MainUpdater:1189 - Updater busy. Cannot search thirdparties
2024-02-18 16:26:51,579 [INFO] ThirdPartyUpdaterWithRetryManager:96 - Updater plugin is busy. [1/15]
2024-02-18 16:26:52,791 [INFO] ServerAccessManage:473 - Download File PacksControlFlags.xml
2024-02-18 16:26:52,879 [INFO] ServerAccessManage:473 - Download File cubemx.pidx
2024-02-18 16:26:52,956 [INFO] LoadServerUpdatesThread:373 - End of LoadServerUpdate Thread
2024-02-18 16:26:53,122 [INFO] CheckServerUpdateThread:120 - End of CheckServer Thread
2024-02-18 16:26:54,758 [WARN] PackLoader:240 - Cannot read IP mode file for STMicroelectronics.X-CUBE-SMBUS.2.1.0
2024-02-18 16:26:54,768 [WARN] PackLoader:240 - Cannot read IP mode file for STMicroelectronics.X-CUBE-TOUCHGFX.4.23.0
2024-02-18 16:26:54,801 [WARN] PackLoader:240 - Cannot read IP mode file for STMicroelectronics.X-CUBE-AZRTOS-F7.1.1.0
2024-02-18 16:26:54,813 [WARN] PackLoader:240 - Cannot read IP mode file for STMicroelectronics.FP-SNS-MOTENV1.4.3.2
2024-02-18 16:26:54,820 [WARN] PackLoader:240 - Cannot read IP mode file for STMicroelectronics.FP-SNS-FLIGHT1.5.0.2
2024-02-18 16:26:54,829 [WARN] PackLoader:240 - Cannot read IP mode file for STMicroelectronics.X-CUBE-DISPLAY.3.0.0
2024-02-18 16:26:54,842 [WARN] PackLoader:240 - Cannot read IP mode file for STMicroelectronics.X-CUBE-BLE1.7.0.0
2024-02-18 16:26:54,849 [WARN] PackLoader:240 - Cannot read IP mode file for emotas.I-CUBE-CANOPEN.1.3.0
2024-02-18 16:26:54,854 [WARN] PackLoader:240 - Cannot read IP mode file for STMicroelectronics.X-CUBE-TOUCHGFX.4.22.1
2024-02-18 16:26:54,859 [WARN] PackLoader:240 - Cannot read IP mode file for STMicroelectronics.FP-SNS-SMARTAG2.1.2.0
2024-02-18 16:26:54,868 [INFO] LogOutputStream:77 - [STDOUT_REDIRECT] 1 : Invalid condition id : UX_CORESTACK_Condition cause : null
2024-02-18 16:26:54,869 [INFO] LogOutputStream:77 - [STDOUT_REDIRECT] 1 : Invalid condition id : UX_CORESTACK_Condition cause : null
2024-02-18 16:26:54,870 [INFO] LogOutputStream:77 - [STDOUT_REDIRECT] 1 : Invalid condition id : UX_CORESTACK_Condition cause : null
2024-02-18 16:26:54,871 [INFO] LogOutputStream:77 - [STDOUT_REDIRECT] 1 : Invalid condition id : UX_CORESTACK_Condition cause : null
2024-02-18 16:26:54,871 [INFO] LogOutputStream:77 - [STDOUT_REDIRECT] 1 : Invalid condition id : UX_CORESTACK_Condition cause : null
2024-02-18 16:26:54,876 [WARN] PackLoader:240 - Cannot read IP mode file for STMicroelectronics.X-CUBE-AZRTOS-WL.2.0.0
2024-02-18 16:26:54,885 [WARN] PackLoader:240 - Cannot read IP mode file for WES.I-CUBE-Cesium.1.3.0
2024-02-18 16:26:54,891 [WARN] PackLoader:240 - Cannot read IP mode file for STMicroelectronics.X-CUBE-BLE2.3.3.0
2024-02-18 16:26:54,897 [WARN] PackLoader:240 - Cannot read IP mode file for STMicroelectronics.X-CUBE-ALGOBUILD.1.3.0
2024-02-18 16:26:54,912 [WARN] PackLoader:240 - Cannot read IP mode file for STMicroelectronics.X-CUBE-AZRTOS-G0.1.1.0
2024-02-18 16:26:54,919 [WARN] PackLoader:240 - Cannot read IP mode file for STMicroelectronics.X-CUBE-NFC4.3.0.0
2024-02-18 16:26:54,926 [WARN] PackLoader:240 - Cannot read IP mode file for STMicroelectronics.FP-ATR-SIGFOX1.3.2.0
2024-02-18 16:26:54,936 [WARN] PackLoader:240 - Cannot read IP mode file for STMicroelectronics.X-CUBE-EEPRMA1.5.1.0
2024-02-18 16:26:54,970 [WARN] PackLoader:240 - Cannot read IP mode file for SEGGER.I-CUBE-embOS.1.3.1
2024-02-18 16:26:55,013 [WARN] PackLoader:240 - Cannot read IP mode file for STMicroelectronics.X-CUBE-GNSS1.6.0.0
2024-02-18 16:26:55,031 [WARN] PackLoader:240 - Cannot read IP mode file for STMicroelectronics.X-CUBE-AZRTOS-F4.1.1.0
2024-02-18 16:26:55,041 [WARN] PackLoader:240 - Cannot read IP mode file for wolfSSL.I-CUBE-wolfSSL.5.6.3
2024-02-18 16:26:55,061 [WARN] PackLoader:240 - Cannot read IP mode file for STMicroelectronics.X-CUBE-AZRTOS-L5.2.0.0
2024-02-18 16:26:55,098 [WARN] PackLoader:240 - Cannot read IP mode file for STMicroelectronics.X-CUBE-MEMS1.9.6.0
2024-02-18 16:26:55,209 [WARN] PackLoader:240 - Cannot read IP mode file for STMicroelectronics.X-CUBE-EEPRMA1.4.2.0
2024-02-18 16:26:55,218 [WARN] PackLoader:240 - Cannot read IP mode file for ITTIA_DB.I-CUBE-ITTIADB.8.8.0
2024-02-18 16:26:55,227 [WARN] PackLoader:240 - Cannot read IP mode file for STMicroelectronics.X-CUBE-BLEMGR.2.0.0
2024-02-18 16:26:55,243 [WARN] ConditionMgr:438 - getConditionDescription Invalid condition id : UX DEVICE CLASS RTOS Condition cause : null
2024-02-18 16:26:55,244 [WARN] ConditionMgr:438 - getConditionDescription Invalid condition id : UX DEVICE CLASS RTOS Condition cause : null
2024-02-18 16:26:55,246 [WARN] PackLoader:240 - Cannot read IP mode file for STMicroelectronics.X-CUBE-AZRTOS-H7.3.1.0
2024-02-18 16:26:55,248 [WARN] ConditionMgr:1039 - genDependencies : Invalid condition id : UX DEVICE CLASS RTOS Condition cause : null
2024-02-18 16:26:55,248 [WARN] ConditionMgr:1039 - genDependencies : Invalid condition id : UX DEVICE CLASS RTOS Condition cause : null
2024-02-18 16:26:55,248 [WARN] ConditionMgr:1039 - genDependencies : Invalid condition id : UX DEVICE CLASS RTOS Condition cause : null
2024-02-18 16:26:55,249 [WARN] ConditionMgr:1039 - genDependencies : Invalid condition id : UX DEVICE CLASS RTOS Condition cause : null
2024-02-18 16:26:55,249 [WARN] ConditionMgr:1039 - genDependencies : Invalid condition id : UX DEVICE CLASS RTOS Condition cause : null
2024-02-18 16:26:55,256 [WARN] PackLoader:240 - Cannot read IP mode file for STMicroelectronics.X-CUBE-NFC7.1.0.1
2024-02-18 16:26:55,265 [WARN] PackLoader:240 - Cannot read IP mode file for STMicroelectronics.X-CUBE-NFC6.3.0.0
2024-02-18 16:26:55,271 [WARN] PackLoader:240 - Cannot read IP mode file for STMicroelectronics.X-CUBE-EEPRMA1.4.1.0
2024-02-18 16:26:55,276 [WARN] PackLoader:240 - Cannot read IP mode file for STMicroelectronics.X-CUBE-AI.8.1.0
2024-02-18 16:26:55,297 [WARN] ConditionMgr:438 - getConditionDescription Invalid condition id : LAN8742 Phy interface Condition cause : null
2024-02-18 16:26:55,299 [WARN] PackLoader:240 - Cannot read IP mode file for STMicroelectronics.X-CUBE-AZRTOS-L4.2.0.0
2024-02-18 16:26:55,300 [WARN] ConditionMgr:1039 - genDependencies : Invalid condition id : LAN8742 Phy interface Condition cause : null
2024-02-18 16:26:55,300 [WARN] ConditionMgr:1039 - genDependencies : Invalid condition id : LAN8742 Phy interface Condition cause : null
2024-02-18 16:26:55,301 [WARN] ConditionMgr:1039 - genDependencies : Invalid condition id : LAN8742 Phy interface Condition cause : null
2024-02-18 16:26:55,310 [WARN] PackLoader:240 - Cannot read IP mode file for STMicroelectronics.X-CUBE-SFXS2LP1.4.0.0
2024-02-18 16:26:55,318 [WARN] PackLoader:240 - Cannot read IP mode file for STMicroelectronics.X-CUBE-ISPU.1.1.0
2024-02-18 16:26:55,332 [WARN] ConditionMgr:438 - getConditionDescription Invalid condition id : UX DEVICE CLASS RTOS Condition cause : null
2024-02-18 16:26:55,332 [WARN] ConditionMgr:438 - getConditionDescription Invalid condition id : UX DEVICE CLASS RTOS Condition cause : null
2024-02-18 16:26:55,334 [WARN] PackLoader:240 - Cannot read IP mode file for STMicroelectronics.X-CUBE-AZRTOS-WB.2.0.0
2024-02-18 16:26:55,335 [WARN] ConditionMgr:1039 - genDependencies : Invalid condition id : UX DEVICE CLASS RTOS Condition cause : null
2024-02-18 16:26:55,336 [WARN] ConditionMgr:1039 - genDependencies : Invalid condition id : UX DEVICE CLASS RTOS Condition cause : null
2024-02-18 16:26:55,336 [WARN] ConditionMgr:1039 - genDependencies : Invalid condition id : UX DEVICE CLASS RTOS Condition cause : null
2024-02-18 16:26:55,336 [WARN] ConditionMgr:1039 - genDependencies : Invalid condition id : UX DEVICE CLASS RTOS Condition cause : null
2024-02-18 16:26:55,337 [WARN] ConditionMgr:1039 - genDependencies : Invalid condition id : UX DEVICE CLASS RTOS Condition cause : null
2024-02-18 16:26:55,348 [WARN] PackLoader:240 - Cannot read IP mode file for STMicroelectronics.X-CUBE-SUBG2.5.0.0
2024-02-18 16:26:55,363 [WARN] PackLoader:240 - Cannot read IP mode file for STMicroelectronics.X-CUBE-TOF1.3.3.1
2024-02-18 16:26:55,386 [WARN] PackLoader:240 - Cannot read IP mode file for STMicroelectronics.X-CUBE-AZRTOS-G4.2.0.0
2024-02-18 16:26:55,400 [WARN] PackLoader:240 - Cannot read IP mode file for Infineon.AIROC-Wi-Fi-Bluetooth-STM32.1.5.1
2024-02-18 16:26:55,409 [WARN] PackLoader:240 - Cannot read IP mode file for STMicroelectronics.FP-SNS-MOTENVWB1.1.3.0
2024-02-18 16:26:55,412 [WARN] PackLoader:240 - Cannot read IP mode file for STMicroelectronics.FP-SNS-MOTENVWB1.1.3.1
2024-02-18 16:26:55,417 [WARN] PackLoader:240 - Cannot read IP mode file for STMicroelectronics.X-CUBE-ISPU.2.0.0
2024-02-18 16:26:55,424 [WARN] PackLoader:240 - Cannot read IP mode file for STMicroelectronics.X-CUBE-FREERTOS.1.1.0
2024-02-18 16:26:55,455 [WARN] PackLoader:240 - Cannot read IP mode file for portGmbH.I-Cube-SoM-uGOAL.1.1.0
2024-02-18 16:26:55,462 [WARN] PackLoader:240 - Cannot read IP mode file for STMicroelectronics.X-CUBE-ALS.1.0.1
2024-02-18 16:26:55,466 [WARN] PackLoader:240 - Cannot read IP mode file for STMicroelectronics.FP-ATR-ASTRA1.2.0.0
2024-02-18 16:26:55,478 [WARN] PackLoader:240 - Cannot read IP mode file for STMicroelectronics.X-CUBE-TOF1.3.4.0
2024-02-18 16:26:55,503 [WARN] PackLoader:240 - Cannot read IP mode file for STMicroelectronics.X-CUBE-AZRTOS-H7.3.2.0
2024-02-18 16:26:55,510 [INFO] ThirdParty:978 - Integrity check success = true
2024-02-18 16:26:55,510 [INFO] IntegrityCheckThread:100 - exiting critical section [integrity check]
2024-02-18 16:26:55,510 [INFO] IntegrityCheckThread:103 - End integrity checks thread
2024-02-18 16:27:12,676 [ERROR] LogOutputStream:75 - [STDERR_REDIRECT] SLF4J: Failed to load class "org.slf4j.impl.StaticLoggerBinder".
2024-02-18 16:27:12,677 [ERROR] LogOutputStream:75 - [STDERR_REDIRECT] SLF4J: Defaulting to no-operation (NOP) logger implementation
2024-02-18 16:27:12,678 [ERROR] LogOutputStream:75 - [STDERR_REDIRECT] SLF4J: See http://www.slf4j.org/codes.html#StaticLoggerBinder for further details.
