2023-12-30 22:01:59,620 [INFO] Activator:176 - 


2023-12-30 22:01:59,630 [INFO] Activator:177 - !SESSION log4j initialized
2023-12-30 22:02:04,586 [INFO] LogOutputStream:77 - [STDOUT_REDIRECT] 
2023-12-30 22:02:16,938 [ERROR] ConfigurationRetriever:142 - IOException on connection: sw-center.st.com
2023-12-30 22:02:16,938 [ERROR] ConfigurationRetriever:142 - IOException on connection: sw-center.st.com
2023-12-30 22:02:16,938 [ERROR] ConfigurationRetriever:142 - IOException on connection: sw-center.st.com
2023-12-30 22:02:23,610 [INFO] ApplicationProperties:184 - Using Application install path: C:\ST\STM32CubeIDE_1.13.2\STM32CubeIDE\plugins\com.st.stm32cube.common.mx_6.9.2.202309101412
2023-12-30 22:02:23,642 [INFO] DbMcusXml:78 - Set database path to: C:\ST\STM32CubeIDE_1.13.2\STM32CubeIDE\plugins\com.st.stm32cube.common.mx_6.9.2.202309101412\\db\/mcu/
2023-12-30 22:02:23,642 [INFO] ApiDb:274 - Set plugin database path to: C:\ST\STM32CubeIDE_1.13.2\STM32CubeIDE\plugins\com.st.stm32cube.common.mx_6.9.2.202309101412\\db\/plugins/boardmanager/
2023-12-30 22:02:23,642 [WARN] ApiDb:259 - Overriding images path with different value:  => C:\ST\STM32CubeIDE_1.13.2\STM32CubeIDE\plugins\com.st.stm32cube.common.mx_6.9.2.202309101412\\db\/plugins/mcufinder/images/
2023-12-30 22:02:23,658 [INFO] ApiDb:250 - Set database path to: C:\Users\sanjay.kumar\.stmcufinder\plugins\mcufinder//mcu/
2023-12-30 22:02:23,658 [INFO] DbMcusAds:125 - Set database path to: C:\Users\sanjay.kumar\.stmcufinder\plugins\mcufinder//mcu/
2023-12-30 22:02:23,658 [INFO] CrossReferenceDbSqlite:203 - Set database path to: C:\Users\sanjay.kumar\.stmcufinder\plugins\mcufinder//mcu/cs/
2023-12-30 22:02:23,798 [INFO] RulesReader:64 - Compatibility file has been processed (293 Rules)
2023-12-30 22:02:23,937 [INFO] DbMcusXml:78 - Set database path to: C:\ST\STM32CubeIDE_1.13.2\STM32CubeIDE\plugins\com.st.stm32cube.common.mx_6.9.2.202309101412\\db\/mcu/
2023-12-30 22:02:23,937 [INFO] ApiDb:274 - Set plugin database path to: C:\ST\STM32CubeIDE_1.13.2\STM32CubeIDE\plugins\com.st.stm32cube.common.mx_6.9.2.202309101412\\db\/plugins/boardmanager/
2023-12-30 22:02:23,937 [INFO] ApiDb:261 - Set plugin images path to: C:\ST\STM32CubeIDE_1.13.2\STM32CubeIDE\plugins\com.st.stm32cube.common.mx_6.9.2.202309101412\\db\/plugins/mcufinder/images/
2023-12-30 22:02:23,937 [WARN] DbFile:41 - Overriding database path with different value: C:\Users\sanjay.kumar\.stmcufinder\plugins\mcufinder/ => C:\Users\sanjay.kumar\.stmcufinder\plugins\mcufinder
2023-12-30 22:02:23,937 [INFO] ApiDb:250 - Set database path to: C:\Users\sanjay.kumar\.stmcufinder\plugins\mcufinder//mcu/
2023-12-30 22:02:23,937 [WARN] DbFile:41 - Overriding database path with different value: C:\Users\sanjay.kumar\.stmcufinder\plugins\mcufinder/ => C:\Users\sanjay.kumar\.stmcufinder\plugins\mcufinder
2023-12-30 22:02:23,937 [INFO] DbMcusAds:125 - Set database path to: C:\Users\sanjay.kumar\.stmcufinder\plugins\mcufinder//mcu/
2023-12-30 22:02:23,937 [WARN] DbFile:41 - Overriding database path with different value: C:\Users\sanjay.kumar\.stmcufinder\plugins\mcufinder/ => C:\Users\sanjay.kumar\.stmcufinder\plugins\mcufinder
2023-12-30 22:02:23,937 [WARN] DbFile:41 - Overriding database path with different value: C:\Users\sanjay.kumar\.stmcufinder\plugins\mcufinder/ => C:\Users\sanjay.kumar\.stmcufinder\plugins\mcufinder
2023-12-30 22:02:23,937 [INFO] CrossReferenceDbSqlite:203 - Set database path to: C:\Users\sanjay.kumar\.stmcufinder\plugins\mcufinder//mcu/cs/
2023-12-30 22:02:24,038 [INFO] MainPanel:262 - HeapMemory: 268435456
2023-12-30 22:02:24,152 [INFO] DbMcusXml:78 - Set database path to: C:\ST\STM32CubeIDE_1.13.2\STM32CubeIDE\plugins\com.st.stm32cube.common.mx_6.9.2.202309101412\\db\/mcu/
2023-12-30 22:02:24,152 [INFO] ApiDb:274 - Set plugin database path to: C:\ST\STM32CubeIDE_1.13.2\STM32CubeIDE\plugins\com.st.stm32cube.common.mx_6.9.2.202309101412\\db\/plugins/boardmanager/
2023-12-30 22:02:24,152 [INFO] ApiDb:261 - Set plugin images path to: C:\ST\STM32CubeIDE_1.13.2\STM32CubeIDE\plugins\com.st.stm32cube.common.mx_6.9.2.202309101412\\db\/plugins/mcufinder/images/
2023-12-30 22:02:24,152 [WARN] DbFile:41 - Overriding database path with different value: C:\Users\sanjay.kumar\.stmcufinder\plugins\mcufinder/ => C:\Users\sanjay.kumar\.stmcufinder\plugins\mcufinder
2023-12-30 22:02:24,152 [INFO] ApiDb:250 - Set database path to: C:\Users\sanjay.kumar\.stmcufinder\plugins\mcufinder//mcu/
2023-12-30 22:02:24,152 [WARN] DbFile:41 - Overriding database path with different value: C:\Users\sanjay.kumar\.stmcufinder\plugins\mcufinder/ => C:\Users\sanjay.kumar\.stmcufinder\plugins\mcufinder
2023-12-30 22:02:24,152 [INFO] DbMcusAds:125 - Set database path to: C:\Users\sanjay.kumar\.stmcufinder\plugins\mcufinder//mcu/
2023-12-30 22:02:24,152 [WARN] DbFile:41 - Overriding database path with different value: C:\Users\sanjay.kumar\.stmcufinder\plugins\mcufinder/ => C:\Users\sanjay.kumar\.stmcufinder\plugins\mcufinder
2023-12-30 22:02:24,152 [WARN] DbFile:41 - Overriding database path with different value: C:\Users\sanjay.kumar\.stmcufinder\plugins\mcufinder/ => C:\Users\sanjay.kumar\.stmcufinder\plugins\mcufinder
2023-12-30 22:02:24,152 [INFO] CrossReferenceDbSqlite:203 - Set database path to: C:\Users\sanjay.kumar\.stmcufinder\plugins\mcufinder//mcu/cs/
2023-12-30 22:02:24,201 [INFO] ApplicationProperties:184 - Using Application install path: C:\ST\STM32CubeIDE_1.13.2\STM32CubeIDE\plugins\com.st.stm32cube.common.mx_6.9.2.202309101412
2023-12-30 22:02:24,201 [INFO] PluginManage:196 - Search for loadable plugins [exclusion list=, ]
2023-12-30 22:02:24,206 [INFO] PluginManage:310 - Check plugin analytics
2023-12-30 22:02:24,399 [INFO] AnalyticsPlugin:253 - Accepted Software Licenses: STM32CubeMX.6.2.1
2023-12-30 22:02:24,399 [INFO] AnalyticsPlugin:255 - Accepted CMSIS Pack Licenses: 
2023-12-30 22:02:24,399 [INFO] AnalyticsPlugin:257 - Accepted Firmware Licenses: 
2023-12-30 22:02:24,400 [INFO] PluginManage:359 - Loaded plugin analytics (category:tool,tabindex:-1)
2023-12-30 22:02:24,400 [INFO] PluginManage:310 - Check plugin cadmodel
2023-12-30 22:02:24,400 [ERROR] ConfigurationRetriever:142 - IOException on connection: sw-center.st.com
2023-12-30 22:02:24,400 [ERROR] ConfigurationRetriever:142 - IOException on connection: sw-center.st.com
2023-12-30 22:02:24,400 [ERROR] ConfigurationRetriever:142 - IOException on connection: sw-center.st.com
2023-12-30 22:02:24,400 [INFO] CADModel:105 - Init CAD model plugin
2023-12-30 22:02:24,400 [INFO] PluginManage:359 - Loaded plugin cadmodel (category:power,tabindex:5)
2023-12-30 22:02:24,400 [INFO] PluginManage:310 - Check plugin clock
2023-12-30 22:02:24,481 [INFO] PluginManage:359 - Loaded plugin clock (category:base,tabindex:2)
2023-12-30 22:02:24,481 [INFO] PluginManage:310 - Check plugin ddr
2023-12-30 22:02:24,481 [INFO] PluginManage:359 - Loaded plugin ddr (category:tool,tabindex:6)
2023-12-30 22:02:24,481 [INFO] PluginManage:310 - Check plugin filemanager
2023-12-30 22:02:24,674 [INFO] PluginManage:359 - Loaded plugin filemanager (category:base,tabindex:10)
2023-12-30 22:02:24,674 [INFO] PluginManage:310 - Check plugin ipmanager
2023-12-30 22:02:24,689 [INFO] PluginManage:359 - Loaded plugin ipmanager (category:base,tabindex:5)
2023-12-30 22:02:24,689 [INFO] PluginManage:310 - Check plugin lpbam
2023-12-30 22:02:24,724 [INFO] PluginManage:359 - Loaded plugin lpbam (category:base,tabindex:0)
2023-12-30 22:02:24,724 [INFO] PluginManage:310 - Check plugin memorymap
2023-12-30 22:02:24,762 [INFO] PluginManage:359 - Loaded plugin memorymap (category:base,tabindex:4)
2023-12-30 22:02:24,762 [INFO] PluginManage:310 - Check plugin pinoutandconfiguration
2023-12-30 22:02:24,806 [INFO] PluginManage:359 - Loaded plugin pinoutandconfiguration (category:base,tabindex:1)
2023-12-30 22:02:24,806 [INFO] PluginManage:310 - Check plugin pinoutconfig
2023-12-30 22:02:24,929 [WARN] SupportedApi:132 - Cannot load RTOS API schema: s4s-elt-must-match.1: The content of 'definitions' must match (annotation?, (simpleType | complexType)?, (unique | key | keyref)*)). A problem was found starting at: attribute.
2023-12-30 22:02:25,098 [INFO] PluginManage:359 - Loaded plugin pinoutconfig (category:base,tabindex:0)
2023-12-30 22:02:25,098 [INFO] PluginManage:310 - Check plugin power
2023-12-30 22:02:25,128 [INFO] PluginManage:359 - Loaded plugin power (category:power,tabindex:4)
2023-12-30 22:02:25,128 [INFO] PluginManage:310 - Check plugin projectmanager
2023-12-30 22:02:25,154 [INFO] PluginManage:359 - Loaded plugin projectmanager (category:projectmanager,tabindex:3)
2023-12-30 22:02:25,154 [INFO] PluginManage:310 - Check plugin thirdparty
2023-12-30 22:02:25,316 [INFO] PluginManage:359 - Loaded plugin thirdparty (category:base,tabindex:-1)
2023-12-30 22:02:25,316 [WARN] IntegrityCheckThread:84 - waiting for thirdparty lock release [integrity check]
2023-12-30 22:02:25,316 [INFO] PluginManage:310 - Check plugin tools
2023-12-30 22:02:25,316 [INFO] IntegrityCheckThread:86 - entering critical section [integrity check]
2023-12-30 22:02:25,329 [INFO] ThirdPartyUpdaterWithRetryManager:70 - Updater plugin not ready yet. [1/15]
2023-12-30 22:02:25,329 [INFO] PluginManage:359 - Loaded plugin tools (category:base,tabindex:7)
2023-12-30 22:02:25,329 [INFO] PluginManage:310 - Check plugin tutovideos
2023-12-30 22:02:25,530 [INFO] PluginManage:359 - Loaded plugin tutovideos (category:base,tabindex:-1)
2023-12-30 22:02:25,530 [INFO] PluginManage:310 - Check plugin updater
2023-12-30 22:02:25,546 [INFO] PluginManage:359 - Loaded plugin updater (category:base,tabindex:12)
2023-12-30 22:02:25,546 [INFO] PluginManage:310 - Check plugin userauth
2023-12-30 22:02:25,546 [INFO] UserAuth:113 - Init User Auth plugin
2023-12-30 22:02:25,546 [INFO] PluginManage:359 - Loaded plugin userauth (category:base,tabindex:14)
2023-12-30 22:02:25,546 [INFO] PluginManage:283 - PluginManage : Loaded plugins [17]
2023-12-30 22:02:25,871 [INFO] PinOutPanel:1499 - setPackage(No Configuration,No Configuration)
2023-12-30 22:02:26,066 [INFO] CADModel:165 - CPN selected for project level
2023-12-30 22:02:26,066 [INFO] CADModel:114 - Register for checkConnection events
2023-12-30 22:02:26,084 [INFO] IPUIPlugin:80 - create IPUIPlugin
2023-12-30 22:02:26,084 [INFO] PluginManager:220 - loadIPPluginJar : add adc
2023-12-30 22:02:26,095 [INFO] IPUIPlugin:80 - create IPUIPlugin
2023-12-30 22:02:26,095 [INFO] PluginManager:220 - loadIPPluginJar : add aes
2023-12-30 22:02:26,101 [INFO] IPUIPlugin:80 - create IPUIPlugin
2023-12-30 22:02:26,101 [INFO] PluginManager:220 - loadIPPluginJar : add can
2023-12-30 22:02:26,107 [INFO] IPUIPlugin:80 - create IPUIPlugin
2023-12-30 22:02:26,107 [INFO] PluginManager:220 - loadIPPluginJar : add comp
2023-12-30 22:02:26,113 [INFO] IPUIPlugin:80 - create IPUIPlugin
2023-12-30 22:02:26,113 [INFO] PluginManager:220 - loadIPPluginJar : add cryp
2023-12-30 22:02:26,119 [INFO] IPUIPlugin:80 - create IPUIPlugin
2023-12-30 22:02:26,119 [INFO] PluginManager:220 - loadIPPluginJar : add dfsdm
2023-12-30 22:02:26,135 [INFO] IPUIPlugin:80 - create IPUIPlugin
2023-12-30 22:02:26,135 [INFO] PluginManager:220 - loadIPPluginJar : add dma
2023-12-30 22:02:26,140 [INFO] IPUIPlugin:80 - create IPUIPlugin
2023-12-30 22:02:26,140 [INFO] PluginManager:220 - loadIPPluginJar : add dma3
2023-12-30 22:02:26,148 [INFO] IPUIPlugin:80 - create IPUIPlugin
2023-12-30 22:02:26,148 [INFO] PluginManager:220 - loadIPPluginJar : add fatfs
2023-12-30 22:02:26,153 [INFO] IPUIPlugin:80 - create IPUIPlugin
2023-12-30 22:02:26,153 [INFO] PluginManager:220 - loadIPPluginJar : add fmc
2023-12-30 22:02:26,184 [INFO] IPUIPlugin:80 - create IPUIPlugin
2023-12-30 22:02:26,184 [INFO] PluginManager:220 - loadIPPluginJar : add freertos
2023-12-30 22:02:26,199 [INFO] IPUIPlugin:80 - create IPUIPlugin
2023-12-30 22:02:26,199 [INFO] PluginManager:220 - loadIPPluginJar : add genericplugin
2023-12-30 22:02:26,202 [INFO] IPUIPlugin:80 - create IPUIPlugin
2023-12-30 22:02:26,202 [INFO] PluginManager:220 - loadIPPluginJar : add gfxmmu
2023-12-30 22:02:26,218 [INFO] IPUIPlugin:80 - create IPUIPlugin
2023-12-30 22:02:26,218 [INFO] PluginManager:220 - loadIPPluginJar : add gic
2023-12-30 22:02:26,220 [INFO] IPUIPlugin:80 - create IPUIPlugin
2023-12-30 22:02:26,220 [INFO] PluginManager:220 - loadIPPluginJar : add gpio
2023-12-30 22:02:26,234 [INFO] IPUIPlugin:80 - create IPUIPlugin
2023-12-30 22:02:26,234 [INFO] PluginManager:220 - loadIPPluginJar : add gtzc
2023-12-30 22:02:26,243 [INFO] IPUIPlugin:80 - create IPUIPlugin
2023-12-30 22:02:26,243 [INFO] PluginManager:220 - loadIPPluginJar : add hash
2023-12-30 22:02:26,247 [INFO] IPUIPlugin:80 - create IPUIPlugin
2023-12-30 22:02:26,247 [INFO] PluginManager:220 - loadIPPluginJar : add i2c
2023-12-30 22:02:26,253 [INFO] IPUIPlugin:80 - create IPUIPlugin
2023-12-30 22:02:26,253 [INFO] PluginManager:220 - loadIPPluginJar : add i2s
2023-12-30 22:02:26,259 [INFO] IPUIPlugin:80 - create IPUIPlugin
2023-12-30 22:02:26,259 [INFO] PluginManager:220 - loadIPPluginJar : add i3c
2023-12-30 22:02:26,265 [INFO] IPUIPlugin:80 - create IPUIPlugin
2023-12-30 22:02:26,265 [INFO] PluginManager:220 - loadIPPluginJar : add ipddr
2023-12-30 22:02:26,284 [INFO] IPUIPlugin:80 - create IPUIPlugin
2023-12-30 22:02:26,284 [INFO] PluginManager:220 - loadIPPluginJar : add linkedlist
2023-12-30 22:02:26,287 [INFO] IPUIPlugin:80 - create IPUIPlugin
2023-12-30 22:02:26,287 [INFO] PluginManager:220 - loadIPPluginJar : add lorawan
2023-12-30 22:02:26,292 [INFO] IPUIPlugin:80 - create IPUIPlugin
2023-12-30 22:02:26,292 [INFO] PluginManager:220 - loadIPPluginJar : add ltdc
2023-12-30 22:02:26,296 [INFO] IPUIPlugin:80 - create IPUIPlugin
2023-12-30 22:02:26,296 [INFO] PluginManager:220 - loadIPPluginJar : add mdma
2023-12-30 22:02:26,312 [INFO] IPUIPlugin:80 - create IPUIPlugin
2023-12-30 22:02:26,312 [INFO] PluginManager:220 - loadIPPluginJar : add nvic
2023-12-30 22:02:26,325 [INFO] IPUIPlugin:80 - create IPUIPlugin
2023-12-30 22:02:26,325 [INFO] PluginManager:220 - loadIPPluginJar : add opamp
2023-12-30 22:02:26,336 [INFO] IPUIPlugin:80 - create IPUIPlugin
2023-12-30 22:02:26,336 [INFO] PluginManager:220 - loadIPPluginJar : add openamp
2023-12-30 22:02:26,343 [INFO] IPUIPlugin:80 - create IPUIPlugin
2023-12-30 22:02:26,343 [INFO] PluginManager:220 - loadIPPluginJar : add pdm2pcm
2023-12-30 22:02:26,352 [INFO] IPUIPlugin:80 - create IPUIPlugin
2023-12-30 22:02:26,364 [INFO] PluginManager:220 - loadIPPluginJar : add plateformsettings
2023-12-30 22:02:26,366 [INFO] IPUIPlugin:80 - create IPUIPlugin
2023-12-30 22:02:26,366 [INFO] PluginManager:220 - loadIPPluginJar : add quadspi
2023-12-30 22:02:26,418 [INFO] IPUIPlugin:80 - create IPUIPlugin
2023-12-30 22:02:26,418 [INFO] PluginManager:220 - loadIPPluginJar : add resmgrutility
2023-12-30 22:02:26,434 [INFO] IPUIPlugin:80 - create IPUIPlugin
2023-12-30 22:02:26,434 [INFO] PluginManager:220 - loadIPPluginJar : add sai
2023-12-30 22:02:26,440 [INFO] IPUIPlugin:80 - create IPUIPlugin
2023-12-30 22:02:26,440 [INFO] PluginManager:220 - loadIPPluginJar : add spi
2023-12-30 22:02:26,446 [INFO] IPUIPlugin:80 - create IPUIPlugin
2023-12-30 22:02:26,446 [INFO] PluginManager:220 - loadIPPluginJar : add stm32_wpan
2023-12-30 22:02:26,456 [INFO] IPUIPlugin:80 - create IPUIPlugin
2023-12-30 22:02:26,456 [INFO] PluginManager:220 - loadIPPluginJar : add tim
2023-12-30 22:02:26,461 [INFO] IPUIPlugin:80 - create IPUIPlugin
2023-12-30 22:02:26,461 [INFO] PluginManager:220 - loadIPPluginJar : add touchsensing
2023-12-30 22:02:26,469 [INFO] IPUIPlugin:80 - create IPUIPlugin
2023-12-30 22:02:26,469 [INFO] PluginManager:220 - loadIPPluginJar : add tracer_emb
2023-12-30 22:02:26,475 [INFO] IPUIPlugin:80 - create IPUIPlugin
2023-12-30 22:02:26,475 [INFO] PluginManager:220 - loadIPPluginJar : add ts
2023-12-30 22:02:26,481 [INFO] IPUIPlugin:80 - create IPUIPlugin
2023-12-30 22:02:26,481 [INFO] PluginManager:220 - loadIPPluginJar : add tsc
2023-12-30 22:02:26,484 [INFO] IPUIPlugin:80 - create IPUIPlugin
2023-12-30 22:02:26,484 [INFO] PluginManager:220 - loadIPPluginJar : add ucpd
2023-12-30 22:02:26,489 [INFO] IPUIPlugin:80 - create IPUIPlugin
2023-12-30 22:02:26,489 [INFO] PluginManager:220 - loadIPPluginJar : add usart
2023-12-30 22:02:26,496 [INFO] IPUIPlugin:80 - create IPUIPlugin
2023-12-30 22:02:26,496 [INFO] PluginManager:220 - loadIPPluginJar : add usbx
2023-12-30 22:02:26,640 [INFO] CADModel:165 - CPN selected for project level
2023-12-30 22:02:26,640 [INFO] CADModel:114 - Register for checkConnection events
2023-12-30 22:02:26,640 [FATAL] Updater:308 - Updater called before beeing initialized
2023-12-30 22:02:26,640 [ERROR] CADModel:125 - Updater not yet initialized, retry later 
2023-12-30 22:02:26,832 [INFO] CADModel:165 - CPN selected for project level
2023-12-30 22:02:26,832 [INFO] CADModel:114 - Register for checkConnection events
2023-12-30 22:02:26,832 [FATAL] Updater:308 - Updater called before beeing initialized
2023-12-30 22:02:26,832 [ERROR] CADModel:125 - Updater not yet initialized, retry later 
2023-12-30 22:02:26,832 [FATAL] Updater:308 - Updater called before beeing initialized
2023-12-30 22:02:26,992 [FATAL] Updater:308 - Updater called before beeing initialized
2023-12-30 22:02:27,007 [INFO] DbMcusAds:53 - JSON generation date=Wed Nov 29 16:22:27 IST 2023 (1701255147349)
2023-12-30 22:02:27,008 [FATAL] Updater:308 - Updater called before beeing initialized
2023-12-30 22:02:27,067 [WARN] DetailPanel:346 - Failed to get advertising image, set to default
2023-12-30 22:02:27,223 [FATAL] Updater:308 - Updater called before beeing initialized
2023-12-30 22:02:27,226 [FATAL] Updater:308 - Updater called before beeing initialized
2023-12-30 22:02:27,226 [FATAL] Updater:308 - Updater called before beeing initialized
2023-12-30 22:02:27,226 [WARN] DetailPanel:346 - Failed to get advertising image, set to default
2023-12-30 22:02:27,226 [FATAL] Updater:308 - Updater called before beeing initialized
2023-12-30 22:02:27,285 [ERROR] Updater:1120 - MainUpdater not yet initialized. External WinMGr cannot be set.
2023-12-30 22:02:27,288 [INFO] Updater:1056 - Updater Version found : 6.9.2
2023-12-30 22:02:27,303 [INFO] ApplicationProperties:184 - Using Application install path: C:\ST\STM32CubeIDE_1.13.2\STM32CubeIDE\plugins\com.st.stm32cube.common.mx_6.9.2.202309101412
2023-12-30 22:02:27,435 [ERROR] ServerAccessManage:1146 - Warning during Server Connection :  Unknown host sw-center.st.com
2023-12-30 22:02:27,451 [INFO] MainUpdater:2868 - connection check result : 22
2023-12-30 22:02:27,451 [INFO] MainUpdater:285 - Updater Check For Update Now.
2023-12-30 22:02:27,451 [INFO] MicroXplorer:498 - Change Database Version : DB.6.0.92
2023-12-30 22:02:27,466 [INFO] McuFinderGlobals:63 - Set McuFinder mode to 2 (CubeIDE integrated)
2023-12-30 22:02:27,466 [INFO] UserAuth:179 - activating auth plugin
2023-12-30 22:02:27,474 [INFO] UserAuth:393 - Internet connection configuration mode: 2
2023-12-30 22:02:27,714 [INFO] CheckServerUpdateThread:120 - End of CheckServer Thread
2023-12-30 22:02:28,551 [WARN] PackLoader:240 - Cannot read IP mode file for STMicroelectronics.X-CUBE-SMBUS.2.1.0
2023-12-30 22:02:28,561 [WARN] PackLoader:240 - Cannot read IP mode file for STMicroelectronics.X-CUBE-TOUCHGFX.4.23.0
2023-12-30 22:02:28,600 [WARN] PackLoader:240 - Cannot read IP mode file for STMicroelectronics.X-CUBE-AZRTOS-F7.1.1.0
2023-12-30 22:02:28,614 [WARN] PackLoader:240 - Cannot read IP mode file for STMicroelectronics.FP-SNS-MOTENV1.4.3.2
2023-12-30 22:02:28,624 [WARN] PackLoader:240 - Cannot read IP mode file for STMicroelectronics.FP-SNS-FLIGHT1.5.0.2
2023-12-30 22:02:28,637 [WARN] PackLoader:240 - Cannot read IP mode file for STMicroelectronics.X-CUBE-DISPLAY.3.0.0
2023-12-30 22:02:28,657 [WARN] PackLoader:240 - Cannot read IP mode file for STMicroelectronics.X-CUBE-BLE1.7.0.0
2023-12-30 22:02:28,665 [WARN] PackLoader:240 - Cannot read IP mode file for emotas.I-CUBE-CANOPEN.1.3.0
2023-12-30 22:02:28,670 [WARN] PackLoader:240 - Cannot read IP mode file for STMicroelectronics.X-CUBE-TOUCHGFX.4.22.1
2023-12-30 22:02:28,676 [WARN] PackLoader:240 - Cannot read IP mode file for STMicroelectronics.FP-SNS-SMARTAG2.1.2.0
2023-12-30 22:02:28,691 [INFO] LogOutputStream:77 - [STDOUT_REDIRECT] 1 : Invalid condition id : UX_CORESTACK_Condition cause : null
2023-12-30 22:02:28,692 [INFO] LogOutputStream:77 - [STDOUT_REDIRECT] 1 : Invalid condition id : UX_CORESTACK_Condition cause : null
2023-12-30 22:02:28,693 [INFO] LogOutputStream:77 - [STDOUT_REDIRECT] 1 : Invalid condition id : UX_CORESTACK_Condition cause : null
2023-12-30 22:02:28,694 [INFO] LogOutputStream:77 - [STDOUT_REDIRECT] 1 : Invalid condition id : UX_CORESTACK_Condition cause : null
2023-12-30 22:02:28,695 [INFO] LogOutputStream:77 - [STDOUT_REDIRECT] 1 : Invalid condition id : UX_CORESTACK_Condition cause : null
2023-12-30 22:02:28,699 [WARN] PackLoader:240 - Cannot read IP mode file for STMicroelectronics.X-CUBE-AZRTOS-WL.2.0.0
2023-12-30 22:02:28,709 [WARN] PackLoader:240 - Cannot read IP mode file for WES.I-CUBE-Cesium.1.3.0
2023-12-30 22:02:28,717 [WARN] PackLoader:240 - Cannot read IP mode file for STMicroelectronics.X-CUBE-BLE2.3.3.0
2023-12-30 22:02:28,726 [WARN] PackLoader:240 - Cannot read IP mode file for STMicroelectronics.X-CUBE-ALGOBUILD.1.3.0
2023-12-30 22:02:28,752 [WARN] PackLoader:240 - Cannot read IP mode file for STMicroelectronics.X-CUBE-AZRTOS-G0.1.1.0
2023-12-30 22:02:28,762 [WARN] PackLoader:240 - Cannot read IP mode file for STMicroelectronics.X-CUBE-NFC4.3.0.0
2023-12-30 22:02:28,767 [WARN] PackLoader:240 - Cannot read IP mode file for STMicroelectronics.FP-ATR-SIGFOX1.3.2.0
2023-12-30 22:02:28,810 [WARN] PackLoader:240 - Cannot read IP mode file for SEGGER.I-CUBE-embOS.1.3.1
2023-12-30 22:02:28,866 [WARN] PackLoader:240 - Cannot read IP mode file for STMicroelectronics.X-CUBE-GNSS1.6.0.0
2023-12-30 22:02:28,885 [WARN] PackLoader:240 - Cannot read IP mode file for STMicroelectronics.X-CUBE-AZRTOS-F4.1.1.0
2023-12-30 22:02:28,892 [WARN] PackLoader:240 - Cannot read IP mode file for wolfSSL.I-CUBE-wolfSSL.5.6.3
2023-12-30 22:02:28,915 [WARN] PackLoader:240 - Cannot read IP mode file for STMicroelectronics.X-CUBE-AZRTOS-L5.2.0.0
2023-12-30 22:02:28,987 [WARN] PackLoader:240 - Cannot read IP mode file for STMicroelectronics.X-CUBE-MEMS1.9.6.0
2023-12-30 22:02:29,182 [WARN] PackLoader:240 - Cannot read IP mode file for ITTIA_DB.I-CUBE-ITTIADB.8.8.0
2023-12-30 22:02:29,192 [WARN] PackLoader:240 - Cannot read IP mode file for STMicroelectronics.X-CUBE-BLEMGR.2.0.0
2023-12-30 22:02:29,215 [WARN] ConditionMgr:438 - getConditionDescription Invalid condition id : UX DEVICE CLASS RTOS Condition cause : null
2023-12-30 22:02:29,216 [WARN] ConditionMgr:438 - getConditionDescription Invalid condition id : UX DEVICE CLASS RTOS Condition cause : null
2023-12-30 22:02:29,219 [WARN] PackLoader:240 - Cannot read IP mode file for STMicroelectronics.X-CUBE-AZRTOS-H7.3.1.0
2023-12-30 22:02:29,221 [WARN] ConditionMgr:1039 - genDependencies : Invalid condition id : UX DEVICE CLASS RTOS Condition cause : null
2023-12-30 22:02:29,221 [WARN] ConditionMgr:1039 - genDependencies : Invalid condition id : UX DEVICE CLASS RTOS Condition cause : null
2023-12-30 22:02:29,222 [WARN] ConditionMgr:1039 - genDependencies : Invalid condition id : UX DEVICE CLASS RTOS Condition cause : null
2023-12-30 22:02:29,223 [WARN] ConditionMgr:1039 - genDependencies : Invalid condition id : UX DEVICE CLASS RTOS Condition cause : null
2023-12-30 22:02:29,223 [WARN] ConditionMgr:1039 - genDependencies : Invalid condition id : UX DEVICE CLASS RTOS Condition cause : null
2023-12-30 22:02:29,232 [WARN] PackLoader:240 - Cannot read IP mode file for STMicroelectronics.X-CUBE-NFC7.1.0.1
2023-12-30 22:02:29,243 [WARN] PackLoader:240 - Cannot read IP mode file for STMicroelectronics.X-CUBE-NFC6.3.0.0
2023-12-30 22:02:29,253 [WARN] PackLoader:240 - Cannot read IP mode file for STMicroelectronics.X-CUBE-EEPRMA1.4.1.0
2023-12-30 22:02:29,261 [WARN] PackLoader:240 - Cannot read IP mode file for STMicroelectronics.X-CUBE-AI.8.1.0
2023-12-30 22:02:29,291 [WARN] ConditionMgr:438 - getConditionDescription Invalid condition id : LAN8742 Phy interface Condition cause : null
2023-12-30 22:02:29,293 [WARN] PackLoader:240 - Cannot read IP mode file for STMicroelectronics.X-CUBE-AZRTOS-L4.2.0.0
2023-12-30 22:02:29,295 [WARN] ConditionMgr:1039 - genDependencies : Invalid condition id : LAN8742 Phy interface Condition cause : null
2023-12-30 22:02:29,295 [WARN] ConditionMgr:1039 - genDependencies : Invalid condition id : LAN8742 Phy interface Condition cause : null
2023-12-30 22:02:29,296 [WARN] ConditionMgr:1039 - genDependencies : Invalid condition id : LAN8742 Phy interface Condition cause : null
2023-12-30 22:02:29,311 [WARN] PackLoader:240 - Cannot read IP mode file for STMicroelectronics.X-CUBE-SFXS2LP1.4.0.0
2023-12-30 22:02:29,318 [WARN] PackLoader:240 - Cannot read IP mode file for STMicroelectronics.X-CUBE-ISPU.1.1.0
2023-12-30 22:02:29,335 [WARN] ConditionMgr:438 - getConditionDescription Invalid condition id : UX DEVICE CLASS RTOS Condition cause : null
2023-12-30 22:02:29,335 [WARN] ConditionMgr:438 - getConditionDescription Invalid condition id : UX DEVICE CLASS RTOS Condition cause : null
2023-12-30 22:02:29,339 [WARN] PackLoader:240 - Cannot read IP mode file for STMicroelectronics.X-CUBE-AZRTOS-WB.2.0.0
2023-12-30 22:02:29,339 [WARN] ConditionMgr:1039 - genDependencies : Invalid condition id : UX DEVICE CLASS RTOS Condition cause : null
2023-12-30 22:02:29,340 [WARN] ConditionMgr:1039 - genDependencies : Invalid condition id : UX DEVICE CLASS RTOS Condition cause : null
2023-12-30 22:02:29,340 [WARN] ConditionMgr:1039 - genDependencies : Invalid condition id : UX DEVICE CLASS RTOS Condition cause : null
2023-12-30 22:02:29,341 [WARN] ConditionMgr:1039 - genDependencies : Invalid condition id : UX DEVICE CLASS RTOS Condition cause : null
2023-12-30 22:02:29,341 [WARN] ConditionMgr:1039 - genDependencies : Invalid condition id : UX DEVICE CLASS RTOS Condition cause : null
2023-12-30 22:02:29,357 [WARN] PackLoader:240 - Cannot read IP mode file for STMicroelectronics.X-CUBE-SUBG2.5.0.0
2023-12-30 22:02:29,378 [WARN] PackLoader:240 - Cannot read IP mode file for STMicroelectronics.X-CUBE-TOF1.3.3.1
2023-12-30 22:02:29,414 [WARN] PackLoader:240 - Cannot read IP mode file for STMicroelectronics.X-CUBE-AZRTOS-G4.2.0.0
2023-12-30 22:02:29,428 [WARN] PackLoader:240 - Cannot read IP mode file for Infineon.AIROC-Wi-Fi-Bluetooth-STM32.1.5.1
2023-12-30 22:02:29,436 [WARN] PackLoader:240 - Cannot read IP mode file for STMicroelectronics.FP-SNS-MOTENVWB1.1.3.0
2023-12-30 22:02:29,441 [WARN] PackLoader:240 - Cannot read IP mode file for STMicroelectronics.FP-SNS-MOTENVWB1.1.3.1
2023-12-30 22:02:29,446 [WARN] PackLoader:240 - Cannot read IP mode file for STMicroelectronics.X-CUBE-ISPU.2.0.0
2023-12-30 22:02:29,452 [WARN] PackLoader:240 - Cannot read IP mode file for STMicroelectronics.X-CUBE-FREERTOS.1.1.0
2023-12-30 22:02:29,462 [WARN] PackLoader:240 - Cannot read IP mode file for portGmbH.I-Cube-SoM-uGOAL.1.1.0
2023-12-30 22:02:29,468 [WARN] PackLoader:240 - Cannot read IP mode file for STMicroelectronics.X-CUBE-ALS.1.0.1
2023-12-30 22:02:29,474 [WARN] PackLoader:240 - Cannot read IP mode file for STMicroelectronics.FP-ATR-ASTRA1.2.0.0
2023-12-30 22:02:29,485 [WARN] PackLoader:240 - Cannot read IP mode file for STMicroelectronics.X-CUBE-TOF1.3.4.0
2023-12-30 22:02:29,510 [WARN] PackLoader:240 - Cannot read IP mode file for STMicroelectronics.X-CUBE-AZRTOS-H7.3.2.0
2023-12-30 22:02:29,515 [INFO] ThirdParty:978 - Integrity check success = true
2023-12-30 22:02:29,515 [INFO] IntegrityCheckThread:100 - exiting critical section [integrity check]
2023-12-30 22:02:29,515 [INFO] IntegrityCheckThread:103 - End integrity checks thread
2023-12-30 22:02:48,174 [ERROR] LogOutputStream:75 - [STDERR_REDIRECT] SLF4J: Failed to load class "org.slf4j.impl.StaticLoggerBinder".
2023-12-30 22:02:48,190 [ERROR] LogOutputStream:75 - [STDERR_REDIRECT] SLF4J: Defaulting to no-operation (NOP) logger implementation
2023-12-30 22:02:48,190 [ERROR] LogOutputStream:75 - [STDERR_REDIRECT] SLF4J: See http://www.slf4j.org/codes.html#StaticLoggerBinder for further details.
2023-12-30 22:28:59,215 [ERROR] ConfigurationRetriever:142 - IOException on connection: sw-center.st.com
2023-12-30 22:28:59,216 [ERROR] ConfigurationRetriever:142 - IOException on connection: sw-center.st.com
2023-12-30 22:28:59,216 [ERROR] ConfigurationRetriever:142 - IOException on connection: sw-center.st.com
2023-12-30 22:29:01,366 [ERROR] ConfigurationRetriever:142 - IOException on connection: sw-center.st.com
2023-12-30 22:29:01,366 [ERROR] ConfigurationRetriever:142 - IOException on connection: sw-center.st.com
2023-12-30 22:29:01,366 [ERROR] ConfigurationRetriever:142 - IOException on connection: sw-center.st.com
