2024-02-20 15:55:37,858 [INFO] Activator:176 - 


2024-02-20 15:55:37,865 [INFO] Activator:177 - !SESSION log4j initialized
2024-02-20 15:55:44,346 [INFO] LogOutputStream:77 - [STDOUT_REDIRECT] 
2024-02-20 15:55:46,788 [INFO] ApplicationProperties:184 - Using Application install path: C:\ST\STM32CubeIDE_1.13.2\STM32CubeIDE\plugins\com.st.stm32cube.common.mx_6.9.2.202309101412
2024-02-20 15:55:46,808 [INFO] DbMcusXml:78 - Set database path to: C:\ST\STM32CubeIDE_1.13.2\STM32CubeIDE\plugins\com.st.stm32cube.common.mx_6.9.2.202309101412\\db\/mcu/
2024-02-20 15:55:46,808 [INFO] ApiDb:274 - Set plugin database path to: C:\ST\STM32CubeIDE_1.13.2\STM32CubeIDE\plugins\com.st.stm32cube.common.mx_6.9.2.202309101412\\db\/plugins/boardmanager/
2024-02-20 15:55:46,809 [WARN] ApiDb:259 - Overriding images path with different value:  => C:\ST\STM32CubeIDE_1.13.2\STM32CubeIDE\plugins\com.st.stm32cube.common.mx_6.9.2.202309101412\\db\/plugins/mcufinder/images/
2024-02-20 15:55:46,824 [INFO] ApiDb:250 - Set database path to: C:\Users\sanjay.kumar\.stmcufinder\plugins\mcufinder//mcu/
2024-02-20 15:55:46,825 [INFO] DbMcusAds:125 - Set database path to: C:\Users\sanjay.kumar\.stmcufinder\plugins\mcufinder//mcu/
2024-02-20 15:55:46,827 [INFO] CrossReferenceDbSqlite:203 - Set database path to: C:\Users\sanjay.kumar\.stmcufinder\plugins\mcufinder//mcu/cs/
2024-02-20 15:55:46,945 [INFO] RulesReader:64 - Compatibility file has been processed (293 Rules)
2024-02-20 15:55:47,043 [INFO] DbMcusXml:78 - Set database path to: C:\ST\STM32CubeIDE_1.13.2\STM32CubeIDE\plugins\com.st.stm32cube.common.mx_6.9.2.202309101412\\db\/mcu/
2024-02-20 15:55:47,043 [INFO] ApiDb:274 - Set plugin database path to: C:\ST\STM32CubeIDE_1.13.2\STM32CubeIDE\plugins\com.st.stm32cube.common.mx_6.9.2.202309101412\\db\/plugins/boardmanager/
2024-02-20 15:55:47,043 [INFO] ApiDb:261 - Set plugin images path to: C:\ST\STM32CubeIDE_1.13.2\STM32CubeIDE\plugins\com.st.stm32cube.common.mx_6.9.2.202309101412\\db\/plugins/mcufinder/images/
2024-02-20 15:55:47,043 [WARN] DbFile:41 - Overriding database path with different value: C:\Users\sanjay.kumar\.stmcufinder\plugins\mcufinder/ => C:\Users\sanjay.kumar\.stmcufinder\plugins\mcufinder
2024-02-20 15:55:47,043 [INFO] ApiDb:250 - Set database path to: C:\Users\sanjay.kumar\.stmcufinder\plugins\mcufinder//mcu/
2024-02-20 15:55:47,043 [WARN] DbFile:41 - Overriding database path with different value: C:\Users\sanjay.kumar\.stmcufinder\plugins\mcufinder/ => C:\Users\sanjay.kumar\.stmcufinder\plugins\mcufinder
2024-02-20 15:55:47,043 [INFO] DbMcusAds:125 - Set database path to: C:\Users\sanjay.kumar\.stmcufinder\plugins\mcufinder//mcu/
2024-02-20 15:55:47,043 [WARN] DbFile:41 - Overriding database path with different value: C:\Users\sanjay.kumar\.stmcufinder\plugins\mcufinder/ => C:\Users\sanjay.kumar\.stmcufinder\plugins\mcufinder
2024-02-20 15:55:47,043 [WARN] DbFile:41 - Overriding database path with different value: C:\Users\sanjay.kumar\.stmcufinder\plugins\mcufinder/ => C:\Users\sanjay.kumar\.stmcufinder\plugins\mcufinder
2024-02-20 15:55:47,043 [INFO] CrossReferenceDbSqlite:203 - Set database path to: C:\Users\sanjay.kumar\.stmcufinder\plugins\mcufinder//mcu/cs/
2024-02-20 15:55:47,146 [INFO] MainPanel:262 - HeapMemory: 268435456
2024-02-20 15:55:47,240 [INFO] DbMcusXml:78 - Set database path to: C:\ST\STM32CubeIDE_1.13.2\STM32CubeIDE\plugins\com.st.stm32cube.common.mx_6.9.2.202309101412\\db\/mcu/
2024-02-20 15:55:47,240 [INFO] ApiDb:274 - Set plugin database path to: C:\ST\STM32CubeIDE_1.13.2\STM32CubeIDE\plugins\com.st.stm32cube.common.mx_6.9.2.202309101412\\db\/plugins/boardmanager/
2024-02-20 15:55:47,240 [INFO] ApiDb:261 - Set plugin images path to: C:\ST\STM32CubeIDE_1.13.2\STM32CubeIDE\plugins\com.st.stm32cube.common.mx_6.9.2.202309101412\\db\/plugins/mcufinder/images/
2024-02-20 15:55:47,241 [WARN] DbFile:41 - Overriding database path with different value: C:\Users\sanjay.kumar\.stmcufinder\plugins\mcufinder/ => C:\Users\sanjay.kumar\.stmcufinder\plugins\mcufinder
2024-02-20 15:55:47,241 [INFO] ApiDb:250 - Set database path to: C:\Users\sanjay.kumar\.stmcufinder\plugins\mcufinder//mcu/
2024-02-20 15:55:47,241 [WARN] DbFile:41 - Overriding database path with different value: C:\Users\sanjay.kumar\.stmcufinder\plugins\mcufinder/ => C:\Users\sanjay.kumar\.stmcufinder\plugins\mcufinder
2024-02-20 15:55:47,241 [INFO] DbMcusAds:125 - Set database path to: C:\Users\sanjay.kumar\.stmcufinder\plugins\mcufinder//mcu/
2024-02-20 15:55:47,241 [WARN] DbFile:41 - Overriding database path with different value: C:\Users\sanjay.kumar\.stmcufinder\plugins\mcufinder/ => C:\Users\sanjay.kumar\.stmcufinder\plugins\mcufinder
2024-02-20 15:55:47,241 [WARN] DbFile:41 - Overriding database path with different value: C:\Users\sanjay.kumar\.stmcufinder\plugins\mcufinder/ => C:\Users\sanjay.kumar\.stmcufinder\plugins\mcufinder
2024-02-20 15:55:47,241 [INFO] CrossReferenceDbSqlite:203 - Set database path to: C:\Users\sanjay.kumar\.stmcufinder\plugins\mcufinder//mcu/cs/
2024-02-20 15:55:47,264 [INFO] ApplicationProperties:184 - Using Application install path: C:\ST\STM32CubeIDE_1.13.2\STM32CubeIDE\plugins\com.st.stm32cube.common.mx_6.9.2.202309101412
2024-02-20 15:55:47,265 [INFO] PluginManage:196 - Search for loadable plugins [exclusion list=, ]
2024-02-20 15:55:47,267 [INFO] PluginManage:310 - Check plugin analytics
2024-02-20 15:55:47,434 [INFO] AnalyticsPlugin:253 - Accepted Software Licenses: STM32CubeMX.6.2.1
2024-02-20 15:55:47,435 [INFO] AnalyticsPlugin:255 - Accepted CMSIS Pack Licenses: 
2024-02-20 15:55:47,435 [INFO] AnalyticsPlugin:257 - Accepted Firmware Licenses: 
2024-02-20 15:55:47,438 [INFO] PluginManage:359 - Loaded plugin analytics (category:tool,tabindex:-1)
2024-02-20 15:55:47,439 [INFO] PluginManage:310 - Check plugin cadmodel
2024-02-20 15:55:47,448 [INFO] CADModel:105 - Init CAD model plugin
2024-02-20 15:55:47,448 [INFO] PluginManage:359 - Loaded plugin cadmodel (category:power,tabindex:5)
2024-02-20 15:55:47,448 [INFO] PluginManage:310 - Check plugin clock
2024-02-20 15:55:47,524 [INFO] PluginManage:359 - Loaded plugin clock (category:base,tabindex:2)
2024-02-20 15:55:47,524 [INFO] PluginManage:310 - Check plugin ddr
2024-02-20 15:55:47,528 [INFO] PluginManage:359 - Loaded plugin ddr (category:tool,tabindex:6)
2024-02-20 15:55:47,529 [INFO] PluginManage:310 - Check plugin filemanager
2024-02-20 15:55:47,687 [INFO] PluginManage:359 - Loaded plugin filemanager (category:base,tabindex:10)
2024-02-20 15:55:47,688 [INFO] PluginManage:310 - Check plugin ipmanager
2024-02-20 15:55:47,697 [INFO] PluginManage:359 - Loaded plugin ipmanager (category:base,tabindex:5)
2024-02-20 15:55:47,697 [INFO] PluginManage:310 - Check plugin lpbam
2024-02-20 15:55:47,719 [INFO] PluginManage:359 - Loaded plugin lpbam (category:base,tabindex:0)
2024-02-20 15:55:47,720 [INFO] PluginManage:310 - Check plugin memorymap
2024-02-20 15:55:47,748 [INFO] PluginManage:359 - Loaded plugin memorymap (category:base,tabindex:4)
2024-02-20 15:55:47,748 [INFO] PluginManage:310 - Check plugin pinoutandconfiguration
2024-02-20 15:55:47,781 [INFO] PluginManage:359 - Loaded plugin pinoutandconfiguration (category:base,tabindex:1)
2024-02-20 15:55:47,781 [INFO] PluginManage:310 - Check plugin pinoutconfig
2024-02-20 15:55:47,877 [WARN] SupportedApi:132 - Cannot load RTOS API schema: s4s-elt-must-match.1: The content of 'definitions' must match (annotation?, (simpleType | complexType)?, (unique | key | keyref)*)). A problem was found starting at: attribute.
2024-02-20 15:55:48,010 [INFO] PluginManage:359 - Loaded plugin pinoutconfig (category:base,tabindex:0)
2024-02-20 15:55:48,010 [INFO] PluginManage:310 - Check plugin power
2024-02-20 15:55:48,023 [INFO] PluginManage:359 - Loaded plugin power (category:power,tabindex:4)
2024-02-20 15:55:48,023 [INFO] PluginManage:310 - Check plugin projectmanager
2024-02-20 15:55:48,035 [INFO] PluginManage:359 - Loaded plugin projectmanager (category:projectmanager,tabindex:3)
2024-02-20 15:55:48,036 [INFO] PluginManage:310 - Check plugin thirdparty
2024-02-20 15:55:48,191 [INFO] PluginManage:359 - Loaded plugin thirdparty (category:base,tabindex:-1)
2024-02-20 15:55:48,191 [WARN] IntegrityCheckThread:84 - waiting for thirdparty lock release [integrity check]
2024-02-20 15:55:48,191 [INFO] PluginManage:310 - Check plugin tools
2024-02-20 15:55:48,192 [INFO] IntegrityCheckThread:86 - entering critical section [integrity check]
2024-02-20 15:55:48,192 [INFO] ThirdPartyUpdaterWithRetryManager:70 - Updater plugin not ready yet. [1/15]
2024-02-20 15:55:48,197 [INFO] PluginManage:359 - Loaded plugin tools (category:base,tabindex:7)
2024-02-20 15:55:48,197 [INFO] PluginManage:310 - Check plugin tutovideos
2024-02-20 15:55:48,384 [INFO] PluginManage:359 - Loaded plugin tutovideos (category:base,tabindex:-1)
2024-02-20 15:55:48,385 [INFO] PluginManage:310 - Check plugin updater
2024-02-20 15:55:48,397 [INFO] PluginManage:359 - Loaded plugin updater (category:base,tabindex:12)
2024-02-20 15:55:48,397 [INFO] PluginManage:310 - Check plugin userauth
2024-02-20 15:55:48,402 [INFO] UserAuth:113 - Init User Auth plugin
2024-02-20 15:55:48,403 [INFO] PluginManage:359 - Loaded plugin userauth (category:base,tabindex:14)
2024-02-20 15:55:48,403 [INFO] PluginManage:283 - PluginManage : Loaded plugins [17]
2024-02-20 15:55:48,636 [INFO] PinOutPanel:1499 - setPackage(No Configuration,No Configuration)
2024-02-20 15:55:48,798 [INFO] CADModel:165 - CPN selected for project level
2024-02-20 15:55:48,798 [INFO] CADModel:114 - Register for checkConnection events
2024-02-20 15:55:48,830 [INFO] IPUIPlugin:80 - create IPUIPlugin
2024-02-20 15:55:48,831 [INFO] PluginManager:220 - loadIPPluginJar : add adc
2024-02-20 15:55:48,838 [INFO] IPUIPlugin:80 - create IPUIPlugin
2024-02-20 15:55:48,838 [INFO] PluginManager:220 - loadIPPluginJar : add aes
2024-02-20 15:55:48,844 [INFO] IPUIPlugin:80 - create IPUIPlugin
2024-02-20 15:55:48,844 [INFO] PluginManager:220 - loadIPPluginJar : add can
2024-02-20 15:55:48,848 [INFO] IPUIPlugin:80 - create IPUIPlugin
2024-02-20 15:55:48,848 [INFO] PluginManager:220 - loadIPPluginJar : add comp
2024-02-20 15:55:48,854 [INFO] IPUIPlugin:80 - create IPUIPlugin
2024-02-20 15:55:48,854 [INFO] PluginManager:220 - loadIPPluginJar : add cryp
2024-02-20 15:55:48,859 [INFO] IPUIPlugin:80 - create IPUIPlugin
2024-02-20 15:55:48,859 [INFO] PluginManager:220 - loadIPPluginJar : add dfsdm
2024-02-20 15:55:48,873 [INFO] IPUIPlugin:80 - create IPUIPlugin
2024-02-20 15:55:48,873 [INFO] PluginManager:220 - loadIPPluginJar : add dma
2024-02-20 15:55:48,879 [INFO] IPUIPlugin:80 - create IPUIPlugin
2024-02-20 15:55:48,879 [INFO] PluginManager:220 - loadIPPluginJar : add dma3
2024-02-20 15:55:48,883 [INFO] IPUIPlugin:80 - create IPUIPlugin
2024-02-20 15:55:48,883 [INFO] PluginManager:220 - loadIPPluginJar : add fatfs
2024-02-20 15:55:48,894 [INFO] IPUIPlugin:80 - create IPUIPlugin
2024-02-20 15:55:48,894 [INFO] PluginManager:220 - loadIPPluginJar : add fmc
2024-02-20 15:55:48,935 [INFO] IPUIPlugin:80 - create IPUIPlugin
2024-02-20 15:55:48,936 [INFO] PluginManager:220 - loadIPPluginJar : add freertos
2024-02-20 15:55:48,940 [INFO] IPUIPlugin:80 - create IPUIPlugin
2024-02-20 15:55:48,941 [INFO] PluginManager:220 - loadIPPluginJar : add genericplugin
2024-02-20 15:55:48,948 [INFO] IPUIPlugin:80 - create IPUIPlugin
2024-02-20 15:55:48,948 [INFO] PluginManager:220 - loadIPPluginJar : add gfxmmu
2024-02-20 15:55:48,960 [INFO] IPUIPlugin:80 - create IPUIPlugin
2024-02-20 15:55:48,960 [INFO] PluginManager:220 - loadIPPluginJar : add gic
2024-02-20 15:55:48,979 [INFO] IPUIPlugin:80 - create IPUIPlugin
2024-02-20 15:55:48,979 [INFO] PluginManager:220 - loadIPPluginJar : add gpio
2024-02-20 15:55:48,989 [INFO] IPUIPlugin:80 - create IPUIPlugin
2024-02-20 15:55:48,989 [INFO] PluginManager:220 - loadIPPluginJar : add gtzc
2024-02-20 15:55:48,995 [INFO] IPUIPlugin:80 - create IPUIPlugin
2024-02-20 15:55:48,995 [INFO] PluginManager:220 - loadIPPluginJar : add hash
2024-02-20 15:55:49,001 [INFO] IPUIPlugin:80 - create IPUIPlugin
2024-02-20 15:55:49,002 [INFO] PluginManager:220 - loadIPPluginJar : add i2c
2024-02-20 15:55:49,009 [INFO] IPUIPlugin:80 - create IPUIPlugin
2024-02-20 15:55:49,009 [INFO] PluginManager:220 - loadIPPluginJar : add i2s
2024-02-20 15:55:49,017 [INFO] IPUIPlugin:80 - create IPUIPlugin
2024-02-20 15:55:49,017 [INFO] PluginManager:220 - loadIPPluginJar : add i3c
2024-02-20 15:55:49,026 [INFO] IPUIPlugin:80 - create IPUIPlugin
2024-02-20 15:55:49,026 [INFO] PluginManager:220 - loadIPPluginJar : add ipddr
2024-02-20 15:55:49,037 [INFO] IPUIPlugin:80 - create IPUIPlugin
2024-02-20 15:55:49,037 [INFO] PluginManager:220 - loadIPPluginJar : add linkedlist
2024-02-20 15:55:49,043 [INFO] IPUIPlugin:80 - create IPUIPlugin
2024-02-20 15:55:49,043 [INFO] PluginManager:220 - loadIPPluginJar : add lorawan
2024-02-20 15:55:49,047 [INFO] IPUIPlugin:80 - create IPUIPlugin
2024-02-20 15:55:49,048 [INFO] PluginManager:220 - loadIPPluginJar : add ltdc
2024-02-20 15:55:49,064 [INFO] IPUIPlugin:80 - create IPUIPlugin
2024-02-20 15:55:49,064 [INFO] PluginManager:220 - loadIPPluginJar : add mdma
2024-02-20 15:55:49,077 [INFO] IPUIPlugin:80 - create IPUIPlugin
2024-02-20 15:55:49,078 [INFO] PluginManager:220 - loadIPPluginJar : add nvic
2024-02-20 15:55:49,083 [INFO] IPUIPlugin:80 - create IPUIPlugin
2024-02-20 15:55:49,083 [INFO] PluginManager:220 - loadIPPluginJar : add opamp
2024-02-20 15:55:49,093 [INFO] IPUIPlugin:80 - create IPUIPlugin
2024-02-20 15:55:49,093 [INFO] PluginManager:220 - loadIPPluginJar : add openamp
2024-02-20 15:55:49,100 [INFO] IPUIPlugin:80 - create IPUIPlugin
2024-02-20 15:55:49,100 [INFO] PluginManager:220 - loadIPPluginJar : add pdm2pcm
2024-02-20 15:55:49,115 [INFO] IPUIPlugin:80 - create IPUIPlugin
2024-02-20 15:55:49,117 [INFO] PluginManager:220 - loadIPPluginJar : add plateformsettings
2024-02-20 15:55:49,122 [INFO] IPUIPlugin:80 - create IPUIPlugin
2024-02-20 15:55:49,122 [INFO] PluginManager:220 - loadIPPluginJar : add quadspi
2024-02-20 15:55:49,157 [INFO] IPUIPlugin:80 - create IPUIPlugin
2024-02-20 15:55:49,157 [INFO] PluginManager:220 - loadIPPluginJar : add resmgrutility
2024-02-20 15:55:49,164 [INFO] IPUIPlugin:80 - create IPUIPlugin
2024-02-20 15:55:49,165 [INFO] PluginManager:220 - loadIPPluginJar : add sai
2024-02-20 15:55:49,170 [INFO] IPUIPlugin:80 - create IPUIPlugin
2024-02-20 15:55:49,170 [INFO] PluginManager:220 - loadIPPluginJar : add spi
2024-02-20 15:55:49,179 [INFO] IPUIPlugin:80 - create IPUIPlugin
2024-02-20 15:55:49,180 [INFO] PluginManager:220 - loadIPPluginJar : add stm32_wpan
2024-02-20 15:55:49,185 [INFO] IPUIPlugin:80 - create IPUIPlugin
2024-02-20 15:55:49,185 [INFO] PluginManager:220 - loadIPPluginJar : add tim
2024-02-20 15:55:49,192 [INFO] IPUIPlugin:80 - create IPUIPlugin
2024-02-20 15:55:49,193 [INFO] PluginManager:220 - loadIPPluginJar : add touchsensing
2024-02-20 15:55:49,197 [INFO] IPUIPlugin:80 - create IPUIPlugin
2024-02-20 15:55:49,198 [INFO] PluginManager:220 - loadIPPluginJar : add tracer_emb
2024-02-20 15:55:49,202 [INFO] IPUIPlugin:80 - create IPUIPlugin
2024-02-20 15:55:49,203 [INFO] PluginManager:220 - loadIPPluginJar : add ts
2024-02-20 15:55:49,208 [INFO] IPUIPlugin:80 - create IPUIPlugin
2024-02-20 15:55:49,208 [INFO] PluginManager:220 - loadIPPluginJar : add tsc
2024-02-20 15:55:49,213 [INFO] IPUIPlugin:80 - create IPUIPlugin
2024-02-20 15:55:49,213 [INFO] PluginManager:220 - loadIPPluginJar : add ucpd
2024-02-20 15:55:49,219 [INFO] IPUIPlugin:80 - create IPUIPlugin
2024-02-20 15:55:49,219 [INFO] PluginManager:220 - loadIPPluginJar : add usart
2024-02-20 15:55:49,224 [INFO] IPUIPlugin:80 - create IPUIPlugin
2024-02-20 15:55:49,224 [INFO] PluginManager:220 - loadIPPluginJar : add usbx
2024-02-20 15:55:49,352 [INFO] CADModel:165 - CPN selected for project level
2024-02-20 15:55:49,352 [INFO] CADModel:114 - Register for checkConnection events
2024-02-20 15:55:49,353 [FATAL] Updater:308 - Updater called before beeing initialized
2024-02-20 15:55:49,353 [ERROR] CADModel:125 - Updater not yet initialized, retry later 
2024-02-20 15:55:49,479 [INFO] CADModel:165 - CPN selected for project level
2024-02-20 15:55:49,479 [INFO] CADModel:114 - Register for checkConnection events
2024-02-20 15:55:49,479 [FATAL] Updater:308 - Updater called before beeing initialized
2024-02-20 15:55:49,479 [ERROR] CADModel:125 - Updater not yet initialized, retry later 
2024-02-20 15:55:49,483 [FATAL] Updater:308 - Updater called before beeing initialized
2024-02-20 15:55:49,607 [FATAL] Updater:308 - Updater called before beeing initialized
2024-02-20 15:55:49,614 [INFO] DbMcusAds:53 - JSON generation date=Wed Nov 29 16:22:27 IST 2023 (1701255147200)
2024-02-20 15:55:49,614 [FATAL] Updater:308 - Updater called before beeing initialized
2024-02-20 15:55:49,664 [WARN] DetailPanel:346 - Failed to get advertising image, set to default
2024-02-20 15:55:49,761 [FATAL] Updater:308 - Updater called before beeing initialized
2024-02-20 15:55:49,765 [FATAL] Updater:308 - Updater called before beeing initialized
2024-02-20 15:55:49,765 [FATAL] Updater:308 - Updater called before beeing initialized
2024-02-20 15:55:49,765 [WARN] DetailPanel:346 - Failed to get advertising image, set to default
2024-02-20 15:55:49,766 [FATAL] Updater:308 - Updater called before beeing initialized
2024-02-20 15:55:49,806 [ERROR] Updater:1120 - MainUpdater not yet initialized. External WinMGr cannot be set.
2024-02-20 15:55:49,811 [INFO] Updater:1056 - Updater Version found : 6.9.2
2024-02-20 15:55:49,828 [INFO] ApplicationProperties:184 - Using Application install path: C:\ST\STM32CubeIDE_1.13.2\STM32CubeIDE\plugins\com.st.stm32cube.common.mx_6.9.2.202309101412
2024-02-20 15:55:50,036 [INFO] MainUpdater:2868 - connection check result : 10
2024-02-20 15:55:50,037 [INFO] MainUpdater:285 - Updater Check For Update Now.
2024-02-20 15:55:50,037 [INFO] MicroXplorer:498 - Change Database Version : DB.6.0.92
2024-02-20 15:55:50,045 [INFO] McuFinderGlobals:63 - Set McuFinder mode to 2 (CubeIDE integrated)
2024-02-20 15:55:50,239 [INFO] CheckServerUpdateThread:120 - End of CheckServer Thread
2024-02-20 15:55:51,345 [WARN] PackLoader:240 - Cannot read IP mode file for STMicroelectronics.X-CUBE-SMBUS.2.1.0
2024-02-20 15:55:51,354 [WARN] PackLoader:240 - Cannot read IP mode file for STMicroelectronics.X-CUBE-TOUCHGFX.4.23.0
2024-02-20 15:55:51,387 [WARN] PackLoader:240 - Cannot read IP mode file for STMicroelectronics.X-CUBE-AZRTOS-F7.1.1.0
2024-02-20 15:55:51,400 [WARN] PackLoader:240 - Cannot read IP mode file for STMicroelectronics.FP-SNS-MOTENV1.4.3.2
2024-02-20 15:55:51,410 [WARN] PackLoader:240 - Cannot read IP mode file for STMicroelectronics.FP-SNS-FLIGHT1.5.0.2
2024-02-20 15:55:51,420 [WARN] PackLoader:240 - Cannot read IP mode file for STMicroelectronics.X-CUBE-DISPLAY.3.0.0
2024-02-20 15:55:51,439 [WARN] PackLoader:240 - Cannot read IP mode file for STMicroelectronics.X-CUBE-BLE1.7.0.0
2024-02-20 15:55:51,447 [WARN] PackLoader:240 - Cannot read IP mode file for emotas.I-CUBE-CANOPEN.1.3.0
2024-02-20 15:55:51,452 [WARN] PackLoader:240 - Cannot read IP mode file for STMicroelectronics.X-CUBE-TOUCHGFX.4.22.1
2024-02-20 15:55:51,458 [WARN] PackLoader:240 - Cannot read IP mode file for STMicroelectronics.FP-SNS-SMARTAG2.1.2.0
2024-02-20 15:55:51,473 [INFO] LogOutputStream:77 - [STDOUT_REDIRECT] 1 : Invalid condition id : UX_CORESTACK_Condition cause : null
2024-02-20 15:55:51,473 [INFO] LogOutputStream:77 - [STDOUT_REDIRECT] 1 : Invalid condition id : UX_CORESTACK_Condition cause : null
2024-02-20 15:55:51,474 [INFO] LogOutputStream:77 - [STDOUT_REDIRECT] 1 : Invalid condition id : UX_CORESTACK_Condition cause : null
2024-02-20 15:55:51,476 [INFO] LogOutputStream:77 - [STDOUT_REDIRECT] 1 : Invalid condition id : UX_CORESTACK_Condition cause : null
2024-02-20 15:55:51,477 [INFO] LogOutputStream:77 - [STDOUT_REDIRECT] 1 : Invalid condition id : UX_CORESTACK_Condition cause : null
2024-02-20 15:55:51,482 [WARN] PackLoader:240 - Cannot read IP mode file for STMicroelectronics.X-CUBE-AZRTOS-WL.2.0.0
2024-02-20 15:55:51,495 [WARN] PackLoader:240 - Cannot read IP mode file for WES.I-CUBE-Cesium.1.3.0
2024-02-20 15:55:51,502 [WARN] PackLoader:240 - Cannot read IP mode file for STMicroelectronics.X-CUBE-BLE2.3.3.0
2024-02-20 15:55:51,511 [WARN] PackLoader:240 - Cannot read IP mode file for STMicroelectronics.X-CUBE-ALGOBUILD.1.3.0
2024-02-20 15:55:51,528 [WARN] PackLoader:240 - Cannot read IP mode file for STMicroelectronics.X-CUBE-AZRTOS-G0.1.1.0
2024-02-20 15:55:51,538 [WARN] PackLoader:240 - Cannot read IP mode file for STMicroelectronics.X-CUBE-NFC4.3.0.0
2024-02-20 15:55:51,548 [WARN] PackLoader:240 - Cannot read IP mode file for STMicroelectronics.FP-ATR-SIGFOX1.3.2.0
2024-02-20 15:55:51,554 [WARN] PackLoader:240 - Cannot read IP mode file for STMicroelectronics.X-CUBE-EEPRMA1.5.1.0
2024-02-20 15:55:51,596 [WARN] PackLoader:240 - Cannot read IP mode file for SEGGER.I-CUBE-embOS.1.3.1
2024-02-20 15:55:51,631 [WARN] PackLoader:240 - Cannot read IP mode file for STMicroelectronics.X-CUBE-GNSS1.6.0.0
2024-02-20 15:55:51,653 [WARN] PackLoader:240 - Cannot read IP mode file for STMicroelectronics.X-CUBE-AZRTOS-F4.1.1.0
2024-02-20 15:55:51,664 [WARN] PackLoader:240 - Cannot read IP mode file for wolfSSL.I-CUBE-wolfSSL.5.6.3
2024-02-20 15:55:51,680 [WARN] PackLoader:240 - Cannot read IP mode file for STMicroelectronics.X-CUBE-AZRTOS-L5.2.0.0
2024-02-20 15:55:51,724 [WARN] PackLoader:240 - Cannot read IP mode file for STMicroelectronics.X-CUBE-MEMS1.9.6.0
2024-02-20 15:55:51,869 [WARN] PackLoader:240 - Cannot read IP mode file for STMicroelectronics.X-CUBE-EEPRMA1.4.2.0
2024-02-20 15:55:51,876 [WARN] PackLoader:240 - Cannot read IP mode file for ITTIA_DB.I-CUBE-ITTIADB.8.8.0
2024-02-20 15:55:51,885 [WARN] PackLoader:240 - Cannot read IP mode file for STMicroelectronics.X-CUBE-BLEMGR.2.0.0
2024-02-20 15:55:51,907 [WARN] ConditionMgr:438 - getConditionDescription Invalid condition id : UX DEVICE CLASS RTOS Condition cause : null
2024-02-20 15:55:51,907 [WARN] ConditionMgr:438 - getConditionDescription Invalid condition id : UX DEVICE CLASS RTOS Condition cause : null
2024-02-20 15:55:51,911 [WARN] PackLoader:240 - Cannot read IP mode file for STMicroelectronics.X-CUBE-AZRTOS-H7.3.1.0
2024-02-20 15:55:51,912 [WARN] ConditionMgr:1039 - genDependencies : Invalid condition id : UX DEVICE CLASS RTOS Condition cause : null
2024-02-20 15:55:51,913 [WARN] ConditionMgr:1039 - genDependencies : Invalid condition id : UX DEVICE CLASS RTOS Condition cause : null
2024-02-20 15:55:51,913 [WARN] ConditionMgr:1039 - genDependencies : Invalid condition id : UX DEVICE CLASS RTOS Condition cause : null
2024-02-20 15:55:51,914 [WARN] ConditionMgr:1039 - genDependencies : Invalid condition id : UX DEVICE CLASS RTOS Condition cause : null
2024-02-20 15:55:51,914 [WARN] ConditionMgr:1039 - genDependencies : Invalid condition id : UX DEVICE CLASS RTOS Condition cause : null
2024-02-20 15:55:51,924 [WARN] PackLoader:240 - Cannot read IP mode file for STMicroelectronics.X-CUBE-NFC7.1.0.1
2024-02-20 15:55:51,932 [WARN] PackLoader:240 - Cannot read IP mode file for STMicroelectronics.X-CUBE-NFC6.3.0.0
2024-02-20 15:55:51,939 [WARN] PackLoader:240 - Cannot read IP mode file for STMicroelectronics.X-CUBE-EEPRMA1.4.1.0
2024-02-20 15:55:51,944 [WARN] PackLoader:240 - Cannot read IP mode file for STMicroelectronics.X-CUBE-AI.8.1.0
2024-02-20 15:55:51,964 [WARN] ConditionMgr:438 - getConditionDescription Invalid condition id : LAN8742 Phy interface Condition cause : null
2024-02-20 15:55:51,964 [WARN] PackLoader:240 - Cannot read IP mode file for STMicroelectronics.X-CUBE-AZRTOS-L4.2.0.0
2024-02-20 15:55:51,965 [WARN] ConditionMgr:1039 - genDependencies : Invalid condition id : LAN8742 Phy interface Condition cause : null
2024-02-20 15:55:51,965 [WARN] ConditionMgr:1039 - genDependencies : Invalid condition id : LAN8742 Phy interface Condition cause : null
2024-02-20 15:55:51,966 [WARN] ConditionMgr:1039 - genDependencies : Invalid condition id : LAN8742 Phy interface Condition cause : null
2024-02-20 15:55:51,973 [WARN] PackLoader:240 - Cannot read IP mode file for STMicroelectronics.X-CUBE-SFXS2LP1.4.0.0
2024-02-20 15:55:51,981 [WARN] PackLoader:240 - Cannot read IP mode file for STMicroelectronics.X-CUBE-ISPU.1.1.0
2024-02-20 15:55:51,993 [WARN] ConditionMgr:438 - getConditionDescription Invalid condition id : UX DEVICE CLASS RTOS Condition cause : null
2024-02-20 15:55:51,995 [WARN] ConditionMgr:438 - getConditionDescription Invalid condition id : UX DEVICE CLASS RTOS Condition cause : null
2024-02-20 15:55:51,998 [WARN] PackLoader:240 - Cannot read IP mode file for STMicroelectronics.X-CUBE-AZRTOS-WB.2.0.0
2024-02-20 15:55:51,999 [WARN] ConditionMgr:1039 - genDependencies : Invalid condition id : UX DEVICE CLASS RTOS Condition cause : null
2024-02-20 15:55:51,999 [WARN] ConditionMgr:1039 - genDependencies : Invalid condition id : UX DEVICE CLASS RTOS Condition cause : null
2024-02-20 15:55:51,999 [WARN] ConditionMgr:1039 - genDependencies : Invalid condition id : UX DEVICE CLASS RTOS Condition cause : null
2024-02-20 15:55:51,999 [WARN] ConditionMgr:1039 - genDependencies : Invalid condition id : UX DEVICE CLASS RTOS Condition cause : null
2024-02-20 15:55:51,999 [WARN] ConditionMgr:1039 - genDependencies : Invalid condition id : UX DEVICE CLASS RTOS Condition cause : null
2024-02-20 15:55:52,022 [WARN] PackLoader:240 - Cannot read IP mode file for STMicroelectronics.X-CUBE-SUBG2.5.0.0
2024-02-20 15:55:52,043 [WARN] PackLoader:240 - Cannot read IP mode file for STMicroelectronics.X-CUBE-TOF1.3.3.1
2024-02-20 15:55:52,073 [WARN] PackLoader:240 - Cannot read IP mode file for STMicroelectronics.X-CUBE-AZRTOS-G4.2.0.0
2024-02-20 15:55:52,089 [WARN] PackLoader:240 - Cannot read IP mode file for Infineon.AIROC-Wi-Fi-Bluetooth-STM32.1.5.1
2024-02-20 15:55:52,100 [WARN] PackLoader:240 - Cannot read IP mode file for STMicroelectronics.FP-SNS-MOTENVWB1.1.3.0
2024-02-20 15:55:52,121 [WARN] PackLoader:240 - Cannot read IP mode file for STMicroelectronics.FP-SNS-MOTENVWB1.1.3.1
2024-02-20 15:55:52,125 [WARN] PackLoader:240 - Cannot read IP mode file for STMicroelectronics.X-CUBE-ISPU.2.0.0
2024-02-20 15:55:52,134 [WARN] PackLoader:240 - Cannot read IP mode file for STMicroelectronics.X-CUBE-FREERTOS.1.1.0
2024-02-20 15:55:52,142 [WARN] PackLoader:240 - Cannot read IP mode file for portGmbH.I-Cube-SoM-uGOAL.1.1.0
2024-02-20 15:55:52,152 [WARN] PackLoader:240 - Cannot read IP mode file for STMicroelectronics.X-CUBE-ALS.1.0.1
2024-02-20 15:55:52,159 [WARN] PackLoader:240 - Cannot read IP mode file for STMicroelectronics.FP-ATR-ASTRA1.2.0.0
2024-02-20 15:55:52,176 [WARN] PackLoader:240 - Cannot read IP mode file for STMicroelectronics.X-CUBE-TOF1.3.4.0
2024-02-20 15:55:52,213 [WARN] PackLoader:240 - Cannot read IP mode file for STMicroelectronics.X-CUBE-AZRTOS-H7.3.2.0
2024-02-20 15:55:52,217 [INFO] ThirdParty:978 - Integrity check success = true
2024-02-20 15:55:52,217 [INFO] IntegrityCheckThread:100 - exiting critical section [integrity check]
2024-02-20 15:55:52,217 [INFO] IntegrityCheckThread:103 - End integrity checks thread
2024-02-20 15:56:11,125 [ERROR] LogOutputStream:75 - [STDERR_REDIRECT] SLF4J: Failed to load class "org.slf4j.impl.StaticLoggerBinder".
2024-02-20 15:56:11,126 [ERROR] LogOutputStream:75 - [STDERR_REDIRECT] SLF4J: Defaulting to no-operation (NOP) logger implementation
2024-02-20 15:56:11,127 [ERROR] LogOutputStream:75 - [STDERR_REDIRECT] SLF4J: See http://www.slf4j.org/codes.html#StaticLoggerBinder for further details.
2024-02-20 16:54:56,883 [INFO] Activator:176 - 


2024-02-20 16:54:56,884 [INFO] Activator:177 - !SESSION log4j initialized
2024-02-20 16:55:03,368 [INFO] LogOutputStream:77 - [STDOUT_REDIRECT] 
2024-02-20 16:55:05,673 [INFO] ApplicationProperties:184 - Using Application install path: C:\ST\STM32CubeIDE_1.13.2\STM32CubeIDE\plugins\com.st.stm32cube.common.mx_6.9.2.202309101412
2024-02-20 16:55:05,693 [INFO] DbMcusXml:78 - Set database path to: C:\ST\STM32CubeIDE_1.13.2\STM32CubeIDE\plugins\com.st.stm32cube.common.mx_6.9.2.202309101412\\db\/mcu/
2024-02-20 16:55:05,693 [INFO] ApiDb:274 - Set plugin database path to: C:\ST\STM32CubeIDE_1.13.2\STM32CubeIDE\plugins\com.st.stm32cube.common.mx_6.9.2.202309101412\\db\/plugins/boardmanager/
2024-02-20 16:55:05,695 [WARN] ApiDb:259 - Overriding images path with different value:  => C:\ST\STM32CubeIDE_1.13.2\STM32CubeIDE\plugins\com.st.stm32cube.common.mx_6.9.2.202309101412\\db\/plugins/mcufinder/images/
2024-02-20 16:55:05,704 [INFO] ApiDb:250 - Set database path to: C:\Users\sanjay.kumar\.stmcufinder\plugins\mcufinder//mcu/
2024-02-20 16:55:05,705 [INFO] DbMcusAds:125 - Set database path to: C:\Users\sanjay.kumar\.stmcufinder\plugins\mcufinder//mcu/
2024-02-20 16:55:05,707 [INFO] CrossReferenceDbSqlite:203 - Set database path to: C:\Users\sanjay.kumar\.stmcufinder\plugins\mcufinder//mcu/cs/
2024-02-20 16:55:05,843 [INFO] RulesReader:64 - Compatibility file has been processed (293 Rules)
2024-02-20 16:55:05,988 [INFO] DbMcusXml:78 - Set database path to: C:\ST\STM32CubeIDE_1.13.2\STM32CubeIDE\plugins\com.st.stm32cube.common.mx_6.9.2.202309101412\\db\/mcu/
2024-02-20 16:55:05,989 [INFO] ApiDb:274 - Set plugin database path to: C:\ST\STM32CubeIDE_1.13.2\STM32CubeIDE\plugins\com.st.stm32cube.common.mx_6.9.2.202309101412\\db\/plugins/boardmanager/
2024-02-20 16:55:05,989 [INFO] ApiDb:261 - Set plugin images path to: C:\ST\STM32CubeIDE_1.13.2\STM32CubeIDE\plugins\com.st.stm32cube.common.mx_6.9.2.202309101412\\db\/plugins/mcufinder/images/
2024-02-20 16:55:05,989 [WARN] DbFile:41 - Overriding database path with different value: C:\Users\sanjay.kumar\.stmcufinder\plugins\mcufinder/ => C:\Users\sanjay.kumar\.stmcufinder\plugins\mcufinder
2024-02-20 16:55:05,989 [INFO] ApiDb:250 - Set database path to: C:\Users\sanjay.kumar\.stmcufinder\plugins\mcufinder//mcu/
2024-02-20 16:55:05,989 [WARN] DbFile:41 - Overriding database path with different value: C:\Users\sanjay.kumar\.stmcufinder\plugins\mcufinder/ => C:\Users\sanjay.kumar\.stmcufinder\plugins\mcufinder
2024-02-20 16:55:05,989 [INFO] DbMcusAds:125 - Set database path to: C:\Users\sanjay.kumar\.stmcufinder\plugins\mcufinder//mcu/
2024-02-20 16:55:05,989 [WARN] DbFile:41 - Overriding database path with different value: C:\Users\sanjay.kumar\.stmcufinder\plugins\mcufinder/ => C:\Users\sanjay.kumar\.stmcufinder\plugins\mcufinder
2024-02-20 16:55:05,989 [WARN] DbFile:41 - Overriding database path with different value: C:\Users\sanjay.kumar\.stmcufinder\plugins\mcufinder/ => C:\Users\sanjay.kumar\.stmcufinder\plugins\mcufinder
2024-02-20 16:55:05,989 [INFO] CrossReferenceDbSqlite:203 - Set database path to: C:\Users\sanjay.kumar\.stmcufinder\plugins\mcufinder//mcu/cs/
2024-02-20 16:55:06,091 [INFO] MainPanel:262 - HeapMemory: 268435456
2024-02-20 16:55:06,164 [INFO] DbMcusXml:78 - Set database path to: C:\ST\STM32CubeIDE_1.13.2\STM32CubeIDE\plugins\com.st.stm32cube.common.mx_6.9.2.202309101412\\db\/mcu/
2024-02-20 16:55:06,164 [INFO] ApiDb:274 - Set plugin database path to: C:\ST\STM32CubeIDE_1.13.2\STM32CubeIDE\plugins\com.st.stm32cube.common.mx_6.9.2.202309101412\\db\/plugins/boardmanager/
2024-02-20 16:55:06,165 [INFO] ApiDb:261 - Set plugin images path to: C:\ST\STM32CubeIDE_1.13.2\STM32CubeIDE\plugins\com.st.stm32cube.common.mx_6.9.2.202309101412\\db\/plugins/mcufinder/images/
2024-02-20 16:55:06,165 [WARN] DbFile:41 - Overriding database path with different value: C:\Users\sanjay.kumar\.stmcufinder\plugins\mcufinder/ => C:\Users\sanjay.kumar\.stmcufinder\plugins\mcufinder
2024-02-20 16:55:06,165 [INFO] ApiDb:250 - Set database path to: C:\Users\sanjay.kumar\.stmcufinder\plugins\mcufinder//mcu/
2024-02-20 16:55:06,165 [WARN] DbFile:41 - Overriding database path with different value: C:\Users\sanjay.kumar\.stmcufinder\plugins\mcufinder/ => C:\Users\sanjay.kumar\.stmcufinder\plugins\mcufinder
2024-02-20 16:55:06,165 [INFO] DbMcusAds:125 - Set database path to: C:\Users\sanjay.kumar\.stmcufinder\plugins\mcufinder//mcu/
2024-02-20 16:55:06,166 [WARN] DbFile:41 - Overriding database path with different value: C:\Users\sanjay.kumar\.stmcufinder\plugins\mcufinder/ => C:\Users\sanjay.kumar\.stmcufinder\plugins\mcufinder
2024-02-20 16:55:06,166 [WARN] DbFile:41 - Overriding database path with different value: C:\Users\sanjay.kumar\.stmcufinder\plugins\mcufinder/ => C:\Users\sanjay.kumar\.stmcufinder\plugins\mcufinder
2024-02-20 16:55:06,166 [INFO] CrossReferenceDbSqlite:203 - Set database path to: C:\Users\sanjay.kumar\.stmcufinder\plugins\mcufinder//mcu/cs/
2024-02-20 16:55:06,198 [INFO] ApplicationProperties:184 - Using Application install path: C:\ST\STM32CubeIDE_1.13.2\STM32CubeIDE\plugins\com.st.stm32cube.common.mx_6.9.2.202309101412
2024-02-20 16:55:06,201 [INFO] PluginManage:196 - Search for loadable plugins [exclusion list=, ]
2024-02-20 16:55:06,204 [INFO] PluginManage:310 - Check plugin analytics
2024-02-20 16:55:06,420 [INFO] AnalyticsPlugin:253 - Accepted Software Licenses: STM32CubeMX.6.2.1
2024-02-20 16:55:06,421 [INFO] AnalyticsPlugin:255 - Accepted CMSIS Pack Licenses: 
2024-02-20 16:55:06,421 [INFO] AnalyticsPlugin:257 - Accepted Firmware Licenses: 
2024-02-20 16:55:06,423 [INFO] PluginManage:359 - Loaded plugin analytics (category:tool,tabindex:-1)
2024-02-20 16:55:06,424 [INFO] PluginManage:310 - Check plugin cadmodel
2024-02-20 16:55:06,431 [INFO] CADModel:105 - Init CAD model plugin
2024-02-20 16:55:06,432 [INFO] PluginManage:359 - Loaded plugin cadmodel (category:power,tabindex:5)
2024-02-20 16:55:06,432 [INFO] PluginManage:310 - Check plugin clock
2024-02-20 16:55:06,441 [INFO] PluginManage:359 - Loaded plugin clock (category:base,tabindex:2)
2024-02-20 16:55:06,442 [INFO] PluginManage:310 - Check plugin ddr
2024-02-20 16:55:06,444 [INFO] PluginManage:359 - Loaded plugin ddr (category:tool,tabindex:6)
2024-02-20 16:55:06,445 [INFO] PluginManage:310 - Check plugin filemanager
2024-02-20 16:55:06,639 [INFO] PluginManage:359 - Loaded plugin filemanager (category:base,tabindex:10)
2024-02-20 16:55:06,639 [INFO] PluginManage:310 - Check plugin ipmanager
2024-02-20 16:55:06,649 [INFO] PluginManage:359 - Loaded plugin ipmanager (category:base,tabindex:5)
2024-02-20 16:55:06,649 [INFO] PluginManage:310 - Check plugin lpbam
2024-02-20 16:55:06,657 [INFO] PluginManage:359 - Loaded plugin lpbam (category:base,tabindex:0)
2024-02-20 16:55:06,657 [INFO] PluginManage:310 - Check plugin memorymap
2024-02-20 16:55:06,670 [INFO] PluginManage:359 - Loaded plugin memorymap (category:base,tabindex:4)
2024-02-20 16:55:06,671 [INFO] PluginManage:310 - Check plugin pinoutandconfiguration
2024-02-20 16:55:06,680 [INFO] PluginManage:359 - Loaded plugin pinoutandconfiguration (category:base,tabindex:1)
2024-02-20 16:55:06,680 [INFO] PluginManage:310 - Check plugin pinoutconfig
2024-02-20 16:55:06,798 [WARN] SupportedApi:132 - Cannot load RTOS API schema: s4s-elt-must-match.1: The content of 'definitions' must match (annotation?, (simpleType | complexType)?, (unique | key | keyref)*)). A problem was found starting at: attribute.
2024-02-20 16:55:06,991 [INFO] PluginManage:359 - Loaded plugin pinoutconfig (category:base,tabindex:0)
2024-02-20 16:55:06,991 [INFO] PluginManage:310 - Check plugin power
2024-02-20 16:55:07,007 [INFO] PluginManage:359 - Loaded plugin power (category:power,tabindex:4)
2024-02-20 16:55:07,008 [INFO] PluginManage:310 - Check plugin projectmanager
2024-02-20 16:55:07,024 [INFO] PluginManage:359 - Loaded plugin projectmanager (category:projectmanager,tabindex:3)
2024-02-20 16:55:07,025 [INFO] PluginManage:310 - Check plugin thirdparty
2024-02-20 16:55:07,178 [INFO] PluginManage:359 - Loaded plugin thirdparty (category:base,tabindex:-1)
2024-02-20 16:55:07,178 [INFO] PluginManage:310 - Check plugin tools
2024-02-20 16:55:07,178 [WARN] IntegrityCheckThread:84 - waiting for thirdparty lock release [integrity check]
2024-02-20 16:55:07,179 [INFO] IntegrityCheckThread:86 - entering critical section [integrity check]
2024-02-20 16:55:07,179 [INFO] ThirdPartyUpdaterWithRetryManager:70 - Updater plugin not ready yet. [1/15]
2024-02-20 16:55:07,181 [INFO] PluginManage:359 - Loaded plugin tools (category:base,tabindex:7)
2024-02-20 16:55:07,181 [INFO] PluginManage:310 - Check plugin tutovideos
2024-02-20 16:55:07,409 [INFO] PluginManage:359 - Loaded plugin tutovideos (category:base,tabindex:-1)
2024-02-20 16:55:07,410 [INFO] PluginManage:310 - Check plugin updater
2024-02-20 16:55:07,419 [INFO] PluginManage:359 - Loaded plugin updater (category:base,tabindex:12)
2024-02-20 16:55:07,420 [INFO] PluginManage:310 - Check plugin userauth
2024-02-20 16:55:07,426 [INFO] UserAuth:113 - Init User Auth plugin
2024-02-20 16:55:07,426 [INFO] PluginManage:359 - Loaded plugin userauth (category:base,tabindex:14)
2024-02-20 16:55:07,426 [INFO] PluginManage:283 - PluginManage : Loaded plugins [17]
2024-02-20 16:55:07,760 [INFO] PinOutPanel:1499 - setPackage(No Configuration,No Configuration)
2024-02-20 16:55:07,987 [INFO] CADModel:165 - CPN selected for project level
2024-02-20 16:55:07,988 [INFO] CADModel:114 - Register for checkConnection events
2024-02-20 16:55:08,022 [INFO] IPUIPlugin:80 - create IPUIPlugin
2024-02-20 16:55:08,023 [INFO] PluginManager:220 - loadIPPluginJar : add adc
2024-02-20 16:55:08,028 [INFO] IPUIPlugin:80 - create IPUIPlugin
2024-02-20 16:55:08,029 [INFO] PluginManager:220 - loadIPPluginJar : add aes
2024-02-20 16:55:08,036 [INFO] IPUIPlugin:80 - create IPUIPlugin
2024-02-20 16:55:08,036 [INFO] PluginManager:220 - loadIPPluginJar : add can
2024-02-20 16:55:08,041 [INFO] IPUIPlugin:80 - create IPUIPlugin
2024-02-20 16:55:08,041 [INFO] PluginManager:220 - loadIPPluginJar : add comp
2024-02-20 16:55:08,047 [INFO] IPUIPlugin:80 - create IPUIPlugin
2024-02-20 16:55:08,047 [INFO] PluginManager:220 - loadIPPluginJar : add cryp
2024-02-20 16:55:08,053 [INFO] IPUIPlugin:80 - create IPUIPlugin
2024-02-20 16:55:08,053 [INFO] PluginManager:220 - loadIPPluginJar : add dfsdm
2024-02-20 16:55:08,066 [INFO] IPUIPlugin:80 - create IPUIPlugin
2024-02-20 16:55:08,068 [INFO] PluginManager:220 - loadIPPluginJar : add dma
2024-02-20 16:55:08,074 [INFO] IPUIPlugin:80 - create IPUIPlugin
2024-02-20 16:55:08,075 [INFO] PluginManager:220 - loadIPPluginJar : add dma3
2024-02-20 16:55:08,079 [INFO] IPUIPlugin:80 - create IPUIPlugin
2024-02-20 16:55:08,079 [INFO] PluginManager:220 - loadIPPluginJar : add fatfs
2024-02-20 16:55:08,091 [INFO] IPUIPlugin:80 - create IPUIPlugin
2024-02-20 16:55:08,091 [INFO] PluginManager:220 - loadIPPluginJar : add fmc
2024-02-20 16:55:08,104 [INFO] IPUIPlugin:80 - create IPUIPlugin
2024-02-20 16:55:08,104 [INFO] PluginManager:220 - loadIPPluginJar : add freertos
2024-02-20 16:55:08,107 [INFO] IPUIPlugin:80 - create IPUIPlugin
2024-02-20 16:55:08,108 [INFO] PluginManager:220 - loadIPPluginJar : add genericplugin
2024-02-20 16:55:08,112 [INFO] IPUIPlugin:80 - create IPUIPlugin
2024-02-20 16:55:08,113 [INFO] PluginManager:220 - loadIPPluginJar : add gfxmmu
2024-02-20 16:55:08,121 [INFO] IPUIPlugin:80 - create IPUIPlugin
2024-02-20 16:55:08,122 [INFO] PluginManager:220 - loadIPPluginJar : add gic
2024-02-20 16:55:08,130 [INFO] IPUIPlugin:80 - create IPUIPlugin
2024-02-20 16:55:08,131 [INFO] PluginManager:220 - loadIPPluginJar : add gpio
2024-02-20 16:55:08,136 [INFO] IPUIPlugin:80 - create IPUIPlugin
2024-02-20 16:55:08,137 [INFO] PluginManager:220 - loadIPPluginJar : add gtzc
2024-02-20 16:55:08,142 [INFO] IPUIPlugin:80 - create IPUIPlugin
2024-02-20 16:55:08,142 [INFO] PluginManager:220 - loadIPPluginJar : add hash
2024-02-20 16:55:08,150 [INFO] IPUIPlugin:80 - create IPUIPlugin
2024-02-20 16:55:08,150 [INFO] PluginManager:220 - loadIPPluginJar : add i2c
2024-02-20 16:55:08,155 [INFO] IPUIPlugin:80 - create IPUIPlugin
2024-02-20 16:55:08,155 [INFO] PluginManager:220 - loadIPPluginJar : add i2s
2024-02-20 16:55:08,159 [INFO] IPUIPlugin:80 - create IPUIPlugin
2024-02-20 16:55:08,159 [INFO] PluginManager:220 - loadIPPluginJar : add i3c
2024-02-20 16:55:08,165 [INFO] IPUIPlugin:80 - create IPUIPlugin
2024-02-20 16:55:08,166 [INFO] PluginManager:220 - loadIPPluginJar : add ipddr
2024-02-20 16:55:08,182 [INFO] IPUIPlugin:80 - create IPUIPlugin
2024-02-20 16:55:08,182 [INFO] PluginManager:220 - loadIPPluginJar : add linkedlist
2024-02-20 16:55:08,189 [INFO] IPUIPlugin:80 - create IPUIPlugin
2024-02-20 16:55:08,190 [INFO] PluginManager:220 - loadIPPluginJar : add lorawan
2024-02-20 16:55:08,193 [INFO] IPUIPlugin:80 - create IPUIPlugin
2024-02-20 16:55:08,194 [INFO] PluginManager:220 - loadIPPluginJar : add ltdc
2024-02-20 16:55:08,204 [INFO] IPUIPlugin:80 - create IPUIPlugin
2024-02-20 16:55:08,205 [INFO] PluginManager:220 - loadIPPluginJar : add mdma
2024-02-20 16:55:08,212 [INFO] IPUIPlugin:80 - create IPUIPlugin
2024-02-20 16:55:08,212 [INFO] PluginManager:220 - loadIPPluginJar : add nvic
2024-02-20 16:55:08,218 [INFO] IPUIPlugin:80 - create IPUIPlugin
2024-02-20 16:55:08,218 [INFO] PluginManager:220 - loadIPPluginJar : add opamp
2024-02-20 16:55:08,225 [INFO] IPUIPlugin:80 - create IPUIPlugin
2024-02-20 16:55:08,226 [INFO] PluginManager:220 - loadIPPluginJar : add openamp
2024-02-20 16:55:08,234 [INFO] IPUIPlugin:80 - create IPUIPlugin
2024-02-20 16:55:08,234 [INFO] PluginManager:220 - loadIPPluginJar : add pdm2pcm
2024-02-20 16:55:08,246 [INFO] IPUIPlugin:80 - create IPUIPlugin
2024-02-20 16:55:08,254 [INFO] PluginManager:220 - loadIPPluginJar : add plateformsettings
2024-02-20 16:55:08,260 [INFO] IPUIPlugin:80 - create IPUIPlugin
2024-02-20 16:55:08,260 [INFO] PluginManager:220 - loadIPPluginJar : add quadspi
2024-02-20 16:55:08,266 [INFO] IPUIPlugin:80 - create IPUIPlugin
2024-02-20 16:55:08,266 [INFO] PluginManager:220 - loadIPPluginJar : add resmgrutility
2024-02-20 16:55:08,272 [INFO] IPUIPlugin:80 - create IPUIPlugin
2024-02-20 16:55:08,272 [INFO] PluginManager:220 - loadIPPluginJar : add sai
2024-02-20 16:55:08,278 [INFO] IPUIPlugin:80 - create IPUIPlugin
2024-02-20 16:55:08,278 [INFO] PluginManager:220 - loadIPPluginJar : add spi
2024-02-20 16:55:08,287 [INFO] IPUIPlugin:80 - create IPUIPlugin
2024-02-20 16:55:08,287 [INFO] PluginManager:220 - loadIPPluginJar : add stm32_wpan
2024-02-20 16:55:08,290 [INFO] IPUIPlugin:80 - create IPUIPlugin
2024-02-20 16:55:08,290 [INFO] PluginManager:220 - loadIPPluginJar : add tim
2024-02-20 16:55:08,296 [INFO] IPUIPlugin:80 - create IPUIPlugin
2024-02-20 16:55:08,296 [INFO] PluginManager:220 - loadIPPluginJar : add touchsensing
2024-02-20 16:55:08,300 [INFO] IPUIPlugin:80 - create IPUIPlugin
2024-02-20 16:55:08,300 [INFO] PluginManager:220 - loadIPPluginJar : add tracer_emb
2024-02-20 16:55:08,304 [INFO] IPUIPlugin:80 - create IPUIPlugin
2024-02-20 16:55:08,305 [INFO] PluginManager:220 - loadIPPluginJar : add ts
2024-02-20 16:55:08,309 [INFO] IPUIPlugin:80 - create IPUIPlugin
2024-02-20 16:55:08,310 [INFO] PluginManager:220 - loadIPPluginJar : add tsc
2024-02-20 16:55:08,313 [INFO] IPUIPlugin:80 - create IPUIPlugin
2024-02-20 16:55:08,313 [INFO] PluginManager:220 - loadIPPluginJar : add ucpd
2024-02-20 16:55:08,320 [INFO] IPUIPlugin:80 - create IPUIPlugin
2024-02-20 16:55:08,320 [INFO] PluginManager:220 - loadIPPluginJar : add usart
2024-02-20 16:55:08,324 [INFO] IPUIPlugin:80 - create IPUIPlugin
2024-02-20 16:55:08,325 [INFO] PluginManager:220 - loadIPPluginJar : add usbx
2024-02-20 16:55:08,508 [INFO] CADModel:165 - CPN selected for project level
2024-02-20 16:55:08,508 [INFO] CADModel:114 - Register for checkConnection events
2024-02-20 16:55:08,508 [FATAL] Updater:308 - Updater called before beeing initialized
2024-02-20 16:55:08,508 [ERROR] CADModel:125 - Updater not yet initialized, retry later 
2024-02-20 16:55:08,743 [INFO] CADModel:165 - CPN selected for project level
2024-02-20 16:55:08,743 [INFO] CADModel:114 - Register for checkConnection events
2024-02-20 16:55:08,743 [FATAL] Updater:308 - Updater called before beeing initialized
2024-02-20 16:55:08,743 [ERROR] CADModel:125 - Updater not yet initialized, retry later 
2024-02-20 16:55:08,752 [FATAL] Updater:308 - Updater called before beeing initialized
2024-02-20 16:55:08,967 [FATAL] Updater:308 - Updater called before beeing initialized
2024-02-20 16:55:08,979 [INFO] DbMcusAds:53 - JSON generation date=Wed Nov 29 16:22:27 IST 2023 (1701255147200)
2024-02-20 16:55:08,979 [FATAL] Updater:308 - Updater called before beeing initialized
2024-02-20 16:55:09,054 [WARN] DetailPanel:346 - Failed to get advertising image, set to default
2024-02-20 16:55:09,270 [FATAL] Updater:308 - Updater called before beeing initialized
2024-02-20 16:55:09,273 [FATAL] Updater:308 - Updater called before beeing initialized
2024-02-20 16:55:09,274 [FATAL] Updater:308 - Updater called before beeing initialized
2024-02-20 16:55:09,274 [WARN] DetailPanel:346 - Failed to get advertising image, set to default
2024-02-20 16:55:09,277 [FATAL] Updater:308 - Updater called before beeing initialized
2024-02-20 16:55:09,336 [ERROR] Updater:1120 - MainUpdater not yet initialized. External WinMGr cannot be set.
2024-02-20 16:55:09,339 [INFO] Updater:1056 - Updater Version found : 6.9.2
2024-02-20 16:55:09,368 [INFO] ApplicationProperties:184 - Using Application install path: C:\ST\STM32CubeIDE_1.13.2\STM32CubeIDE\plugins\com.st.stm32cube.common.mx_6.9.2.202309101412
2024-02-20 16:55:09,574 [INFO] MainUpdater:2868 - connection check result : 10
2024-02-20 16:55:09,575 [INFO] MainUpdater:285 - Updater Check For Update Now.
2024-02-20 16:55:09,576 [INFO] MicroXplorer:498 - Change Database Version : DB.6.0.92
2024-02-20 16:55:09,584 [INFO] McuFinderGlobals:63 - Set McuFinder mode to 2 (CubeIDE integrated)
2024-02-20 16:55:09,810 [INFO] CheckServerUpdateThread:120 - End of CheckServer Thread
2024-02-20 16:55:10,481 [WARN] PackLoader:240 - Cannot read IP mode file for STMicroelectronics.X-CUBE-SMBUS.2.1.0
2024-02-20 16:55:10,495 [WARN] PackLoader:240 - Cannot read IP mode file for STMicroelectronics.X-CUBE-TOUCHGFX.4.23.0
2024-02-20 16:55:10,559 [WARN] PackLoader:240 - Cannot read IP mode file for STMicroelectronics.X-CUBE-AZRTOS-F7.1.1.0
2024-02-20 16:55:10,575 [WARN] PackLoader:240 - Cannot read IP mode file for STMicroelectronics.FP-SNS-MOTENV1.4.3.2
2024-02-20 16:55:10,587 [WARN] PackLoader:240 - Cannot read IP mode file for STMicroelectronics.FP-SNS-FLIGHT1.5.0.2
2024-02-20 16:55:10,603 [WARN] PackLoader:240 - Cannot read IP mode file for STMicroelectronics.X-CUBE-DISPLAY.3.0.0
2024-02-20 16:55:10,625 [WARN] PackLoader:240 - Cannot read IP mode file for STMicroelectronics.X-CUBE-BLE1.7.0.0
2024-02-20 16:55:10,639 [WARN] PackLoader:240 - Cannot read IP mode file for emotas.I-CUBE-CANOPEN.1.3.0
2024-02-20 16:55:10,642 [WARN] PackLoader:240 - Cannot read IP mode file for STMicroelectronics.X-CUBE-TOUCHGFX.4.22.1
2024-02-20 16:55:10,650 [WARN] PackLoader:240 - Cannot read IP mode file for STMicroelectronics.FP-SNS-SMARTAG2.1.2.0
2024-02-20 16:55:10,663 [INFO] LogOutputStream:77 - [STDOUT_REDIRECT] 1 : Invalid condition id : UX_CORESTACK_Condition cause : null
2024-02-20 16:55:10,664 [INFO] LogOutputStream:77 - [STDOUT_REDIRECT] 1 : Invalid condition id : UX_CORESTACK_Condition cause : null
2024-02-20 16:55:10,665 [INFO] LogOutputStream:77 - [STDOUT_REDIRECT] 1 : Invalid condition id : UX_CORESTACK_Condition cause : null
2024-02-20 16:55:10,667 [INFO] LogOutputStream:77 - [STDOUT_REDIRECT] 1 : Invalid condition id : UX_CORESTACK_Condition cause : null
2024-02-20 16:55:10,668 [INFO] LogOutputStream:77 - [STDOUT_REDIRECT] 1 : Invalid condition id : UX_CORESTACK_Condition cause : null
2024-02-20 16:55:10,677 [WARN] PackLoader:240 - Cannot read IP mode file for STMicroelectronics.X-CUBE-AZRTOS-WL.2.0.0
2024-02-20 16:55:10,689 [WARN] PackLoader:240 - Cannot read IP mode file for WES.I-CUBE-Cesium.1.3.0
2024-02-20 16:55:10,700 [WARN] PackLoader:240 - Cannot read IP mode file for STMicroelectronics.X-CUBE-BLE2.3.3.0
2024-02-20 16:55:10,714 [WARN] PackLoader:240 - Cannot read IP mode file for STMicroelectronics.X-CUBE-ALGOBUILD.1.3.0
2024-02-20 16:55:10,746 [WARN] PackLoader:240 - Cannot read IP mode file for STMicroelectronics.X-CUBE-AZRTOS-G0.1.1.0
2024-02-20 16:55:10,758 [WARN] PackLoader:240 - Cannot read IP mode file for STMicroelectronics.X-CUBE-NFC4.3.0.0
2024-02-20 16:55:10,766 [WARN] PackLoader:240 - Cannot read IP mode file for STMicroelectronics.FP-ATR-SIGFOX1.3.2.0
2024-02-20 16:55:10,777 [WARN] PackLoader:240 - Cannot read IP mode file for STMicroelectronics.X-CUBE-EEPRMA1.5.1.0
2024-02-20 16:55:10,837 [WARN] PackLoader:240 - Cannot read IP mode file for SEGGER.I-CUBE-embOS.1.3.1
2024-02-20 16:55:10,908 [WARN] PackLoader:240 - Cannot read IP mode file for STMicroelectronics.X-CUBE-GNSS1.6.0.0
2024-02-20 16:55:10,938 [WARN] PackLoader:240 - Cannot read IP mode file for STMicroelectronics.X-CUBE-AZRTOS-F4.1.1.0
2024-02-20 16:55:10,951 [WARN] PackLoader:240 - Cannot read IP mode file for wolfSSL.I-CUBE-wolfSSL.5.6.3
2024-02-20 16:55:10,974 [WARN] PackLoader:240 - Cannot read IP mode file for STMicroelectronics.X-CUBE-AZRTOS-L5.2.0.0
2024-02-20 16:55:11,018 [WARN] PackLoader:240 - Cannot read IP mode file for STMicroelectronics.X-CUBE-MEMS1.9.6.0
2024-02-20 16:55:11,280 [WARN] PackLoader:240 - Cannot read IP mode file for STMicroelectronics.X-CUBE-EEPRMA1.4.2.0
2024-02-20 16:55:11,295 [WARN] PackLoader:240 - Cannot read IP mode file for ITTIA_DB.I-CUBE-ITTIADB.8.8.0
2024-02-20 16:55:11,313 [WARN] PackLoader:240 - Cannot read IP mode file for STMicroelectronics.X-CUBE-BLEMGR.2.0.0
2024-02-20 16:55:11,341 [WARN] ConditionMgr:438 - getConditionDescription Invalid condition id : UX DEVICE CLASS RTOS Condition cause : null
2024-02-20 16:55:11,342 [WARN] ConditionMgr:438 - getConditionDescription Invalid condition id : UX DEVICE CLASS RTOS Condition cause : null
2024-02-20 16:55:11,348 [WARN] PackLoader:240 - Cannot read IP mode file for STMicroelectronics.X-CUBE-AZRTOS-H7.3.1.0
2024-02-20 16:55:11,351 [WARN] ConditionMgr:1039 - genDependencies : Invalid condition id : UX DEVICE CLASS RTOS Condition cause : null
2024-02-20 16:55:11,351 [WARN] ConditionMgr:1039 - genDependencies : Invalid condition id : UX DEVICE CLASS RTOS Condition cause : null
2024-02-20 16:55:11,353 [WARN] ConditionMgr:1039 - genDependencies : Invalid condition id : UX DEVICE CLASS RTOS Condition cause : null
2024-02-20 16:55:11,354 [WARN] ConditionMgr:1039 - genDependencies : Invalid condition id : UX DEVICE CLASS RTOS Condition cause : null
2024-02-20 16:55:11,354 [WARN] ConditionMgr:1039 - genDependencies : Invalid condition id : UX DEVICE CLASS RTOS Condition cause : null
2024-02-20 16:55:11,365 [WARN] PackLoader:240 - Cannot read IP mode file for STMicroelectronics.X-CUBE-NFC7.1.0.1
2024-02-20 16:55:11,379 [WARN] PackLoader:240 - Cannot read IP mode file for STMicroelectronics.X-CUBE-NFC6.3.0.0
2024-02-20 16:55:11,392 [WARN] PackLoader:240 - Cannot read IP mode file for STMicroelectronics.X-CUBE-EEPRMA1.4.1.0
2024-02-20 16:55:11,400 [WARN] PackLoader:240 - Cannot read IP mode file for STMicroelectronics.X-CUBE-AI.8.1.0
2024-02-20 16:55:11,431 [WARN] ConditionMgr:438 - getConditionDescription Invalid condition id : LAN8742 Phy interface Condition cause : null
2024-02-20 16:55:11,433 [WARN] PackLoader:240 - Cannot read IP mode file for STMicroelectronics.X-CUBE-AZRTOS-L4.2.0.0
2024-02-20 16:55:11,435 [WARN] ConditionMgr:1039 - genDependencies : Invalid condition id : LAN8742 Phy interface Condition cause : null
2024-02-20 16:55:11,435 [WARN] ConditionMgr:1039 - genDependencies : Invalid condition id : LAN8742 Phy interface Condition cause : null
2024-02-20 16:55:11,436 [WARN] ConditionMgr:1039 - genDependencies : Invalid condition id : LAN8742 Phy interface Condition cause : null
2024-02-20 16:55:11,449 [WARN] PackLoader:240 - Cannot read IP mode file for STMicroelectronics.X-CUBE-SFXS2LP1.4.0.0
2024-02-20 16:55:11,459 [WARN] PackLoader:240 - Cannot read IP mode file for STMicroelectronics.X-CUBE-ISPU.1.1.0
2024-02-20 16:55:11,479 [WARN] ConditionMgr:438 - getConditionDescription Invalid condition id : UX DEVICE CLASS RTOS Condition cause : null
2024-02-20 16:55:11,480 [WARN] ConditionMgr:438 - getConditionDescription Invalid condition id : UX DEVICE CLASS RTOS Condition cause : null
2024-02-20 16:55:11,486 [WARN] PackLoader:240 - Cannot read IP mode file for STMicroelectronics.X-CUBE-AZRTOS-WB.2.0.0
2024-02-20 16:55:11,489 [WARN] ConditionMgr:1039 - genDependencies : Invalid condition id : UX DEVICE CLASS RTOS Condition cause : null
2024-02-20 16:55:11,489 [WARN] ConditionMgr:1039 - genDependencies : Invalid condition id : UX DEVICE CLASS RTOS Condition cause : null
2024-02-20 16:55:11,489 [WARN] ConditionMgr:1039 - genDependencies : Invalid condition id : UX DEVICE CLASS RTOS Condition cause : null
2024-02-20 16:55:11,490 [WARN] ConditionMgr:1039 - genDependencies : Invalid condition id : UX DEVICE CLASS RTOS Condition cause : null
2024-02-20 16:55:11,490 [WARN] ConditionMgr:1039 - genDependencies : Invalid condition id : UX DEVICE CLASS RTOS Condition cause : null
2024-02-20 16:55:11,513 [WARN] PackLoader:240 - Cannot read IP mode file for STMicroelectronics.X-CUBE-SUBG2.5.0.0
2024-02-20 16:55:11,534 [WARN] PackLoader:240 - Cannot read IP mode file for STMicroelectronics.X-CUBE-TOF1.3.3.1
2024-02-20 16:55:11,584 [WARN] PackLoader:240 - Cannot read IP mode file for STMicroelectronics.X-CUBE-AZRTOS-G4.2.0.0
2024-02-20 16:55:11,613 [WARN] PackLoader:240 - Cannot read IP mode file for Infineon.AIROC-Wi-Fi-Bluetooth-STM32.1.5.1
2024-02-20 16:55:11,628 [WARN] PackLoader:240 - Cannot read IP mode file for STMicroelectronics.FP-SNS-MOTENVWB1.1.3.0
2024-02-20 16:55:11,636 [WARN] PackLoader:240 - Cannot read IP mode file for STMicroelectronics.FP-SNS-MOTENVWB1.1.3.1
2024-02-20 16:55:11,644 [WARN] PackLoader:240 - Cannot read IP mode file for STMicroelectronics.X-CUBE-ISPU.2.0.0
2024-02-20 16:55:11,655 [WARN] PackLoader:240 - Cannot read IP mode file for STMicroelectronics.X-CUBE-FREERTOS.1.1.0
2024-02-20 16:55:11,670 [WARN] PackLoader:240 - Cannot read IP mode file for portGmbH.I-Cube-SoM-uGOAL.1.1.0
2024-02-20 16:55:11,682 [WARN] PackLoader:240 - Cannot read IP mode file for STMicroelectronics.X-CUBE-ALS.1.0.1
2024-02-20 16:55:11,692 [WARN] PackLoader:240 - Cannot read IP mode file for STMicroelectronics.FP-ATR-ASTRA1.2.0.0
2024-02-20 16:55:11,710 [WARN] PackLoader:240 - Cannot read IP mode file for STMicroelectronics.X-CUBE-TOF1.3.4.0
2024-02-20 16:55:11,765 [WARN] PackLoader:240 - Cannot read IP mode file for STMicroelectronics.X-CUBE-AZRTOS-H7.3.2.0
2024-02-20 16:55:11,770 [INFO] ThirdParty:978 - Integrity check success = true
2024-02-20 16:55:11,771 [INFO] IntegrityCheckThread:100 - exiting critical section [integrity check]
2024-02-20 16:55:11,771 [INFO] IntegrityCheckThread:103 - End integrity checks thread
2024-02-20 16:55:30,799 [ERROR] LogOutputStream:75 - [STDERR_REDIRECT] SLF4J: Failed to load class "org.slf4j.impl.StaticLoggerBinder".
2024-02-20 16:55:30,799 [ERROR] LogOutputStream:75 - [STDERR_REDIRECT] SLF4J: Defaulting to no-operation (NOP) logger implementation
2024-02-20 16:55:30,801 [ERROR] LogOutputStream:75 - [STDERR_REDIRECT] SLF4J: See http://www.slf4j.org/codes.html#StaticLoggerBinder for further details.
