2024-03-04 11:12:07,160 [INFO] Activator:176 - 


2024-03-04 11:12:07,166 [INFO] Activator:177 - !SESSION log4j initialized
2024-03-04 11:12:13,258 [INFO] LogOutputStream:77 - [STDOUT_REDIRECT] 
2024-03-04 11:12:15,358 [INFO] ApplicationProperties:184 - Using Application install path: C:\ST\STM32CubeIDE_1.13.2\STM32CubeIDE\plugins\com.st.stm32cube.common.mx_6.9.2.202309101412
2024-03-04 11:12:15,377 [INFO] DbMcusXml:78 - Set database path to: C:\ST\STM32CubeIDE_1.13.2\STM32CubeIDE\plugins\com.st.stm32cube.common.mx_6.9.2.202309101412\\db\/mcu/
2024-03-04 11:12:15,377 [INFO] ApiDb:274 - Set plugin database path to: C:\ST\STM32CubeIDE_1.13.2\STM32CubeIDE\plugins\com.st.stm32cube.common.mx_6.9.2.202309101412\\db\/plugins/boardmanager/
2024-03-04 11:12:15,378 [WARN] ApiDb:259 - Overriding images path with different value:  => C:\ST\STM32CubeIDE_1.13.2\STM32CubeIDE\plugins\com.st.stm32cube.common.mx_6.9.2.202309101412\\db\/plugins/mcufinder/images/
2024-03-04 11:12:15,390 [INFO] ApiDb:250 - Set database path to: C:\Users\sanjay.kumar\.stmcufinder\plugins\mcufinder//mcu/
2024-03-04 11:12:15,391 [INFO] DbMcusAds:125 - Set database path to: C:\Users\sanjay.kumar\.stmcufinder\plugins\mcufinder//mcu/
2024-03-04 11:12:15,393 [INFO] CrossReferenceDbSqlite:203 - Set database path to: C:\Users\sanjay.kumar\.stmcufinder\plugins\mcufinder//mcu/cs/
2024-03-04 11:12:15,499 [INFO] RulesReader:64 - Compatibility file has been processed (293 Rules)
2024-03-04 11:12:15,586 [INFO] DbMcusXml:78 - Set database path to: C:\ST\STM32CubeIDE_1.13.2\STM32CubeIDE\plugins\com.st.stm32cube.common.mx_6.9.2.202309101412\\db\/mcu/
2024-03-04 11:12:15,586 [INFO] ApiDb:274 - Set plugin database path to: C:\ST\STM32CubeIDE_1.13.2\STM32CubeIDE\plugins\com.st.stm32cube.common.mx_6.9.2.202309101412\\db\/plugins/boardmanager/
2024-03-04 11:12:15,586 [INFO] ApiDb:261 - Set plugin images path to: C:\ST\STM32CubeIDE_1.13.2\STM32CubeIDE\plugins\com.st.stm32cube.common.mx_6.9.2.202309101412\\db\/plugins/mcufinder/images/
2024-03-04 11:12:15,586 [WARN] DbFile:41 - Overriding database path with different value: C:\Users\sanjay.kumar\.stmcufinder\plugins\mcufinder/ => C:\Users\sanjay.kumar\.stmcufinder\plugins\mcufinder
2024-03-04 11:12:15,586 [INFO] ApiDb:250 - Set database path to: C:\Users\sanjay.kumar\.stmcufinder\plugins\mcufinder//mcu/
2024-03-04 11:12:15,586 [WARN] DbFile:41 - Overriding database path with different value: C:\Users\sanjay.kumar\.stmcufinder\plugins\mcufinder/ => C:\Users\sanjay.kumar\.stmcufinder\plugins\mcufinder
2024-03-04 11:12:15,587 [INFO] DbMcusAds:125 - Set database path to: C:\Users\sanjay.kumar\.stmcufinder\plugins\mcufinder//mcu/
2024-03-04 11:12:15,587 [WARN] DbFile:41 - Overriding database path with different value: C:\Users\sanjay.kumar\.stmcufinder\plugins\mcufinder/ => C:\Users\sanjay.kumar\.stmcufinder\plugins\mcufinder
2024-03-04 11:12:15,587 [WARN] DbFile:41 - Overriding database path with different value: C:\Users\sanjay.kumar\.stmcufinder\plugins\mcufinder/ => C:\Users\sanjay.kumar\.stmcufinder\plugins\mcufinder
2024-03-04 11:12:15,587 [INFO] CrossReferenceDbSqlite:203 - Set database path to: C:\Users\sanjay.kumar\.stmcufinder\plugins\mcufinder//mcu/cs/
2024-03-04 11:12:15,669 [INFO] MainPanel:262 - HeapMemory: 268435456
2024-03-04 11:12:15,761 [INFO] DbMcusXml:78 - Set database path to: C:\ST\STM32CubeIDE_1.13.2\STM32CubeIDE\plugins\com.st.stm32cube.common.mx_6.9.2.202309101412\\db\/mcu/
2024-03-04 11:12:15,761 [INFO] ApiDb:274 - Set plugin database path to: C:\ST\STM32CubeIDE_1.13.2\STM32CubeIDE\plugins\com.st.stm32cube.common.mx_6.9.2.202309101412\\db\/plugins/boardmanager/
2024-03-04 11:12:15,761 [INFO] ApiDb:261 - Set plugin images path to: C:\ST\STM32CubeIDE_1.13.2\STM32CubeIDE\plugins\com.st.stm32cube.common.mx_6.9.2.202309101412\\db\/plugins/mcufinder/images/
2024-03-04 11:12:15,761 [WARN] DbFile:41 - Overriding database path with different value: C:\Users\sanjay.kumar\.stmcufinder\plugins\mcufinder/ => C:\Users\sanjay.kumar\.stmcufinder\plugins\mcufinder
2024-03-04 11:12:15,762 [INFO] ApiDb:250 - Set database path to: C:\Users\sanjay.kumar\.stmcufinder\plugins\mcufinder//mcu/
2024-03-04 11:12:15,762 [WARN] DbFile:41 - Overriding database path with different value: C:\Users\sanjay.kumar\.stmcufinder\plugins\mcufinder/ => C:\Users\sanjay.kumar\.stmcufinder\plugins\mcufinder
2024-03-04 11:12:15,762 [INFO] DbMcusAds:125 - Set database path to: C:\Users\sanjay.kumar\.stmcufinder\plugins\mcufinder//mcu/
2024-03-04 11:12:15,762 [WARN] DbFile:41 - Overriding database path with different value: C:\Users\sanjay.kumar\.stmcufinder\plugins\mcufinder/ => C:\Users\sanjay.kumar\.stmcufinder\plugins\mcufinder
2024-03-04 11:12:15,762 [WARN] DbFile:41 - Overriding database path with different value: C:\Users\sanjay.kumar\.stmcufinder\plugins\mcufinder/ => C:\Users\sanjay.kumar\.stmcufinder\plugins\mcufinder
2024-03-04 11:12:15,762 [INFO] CrossReferenceDbSqlite:203 - Set database path to: C:\Users\sanjay.kumar\.stmcufinder\plugins\mcufinder//mcu/cs/
2024-03-04 11:12:15,781 [INFO] ApplicationProperties:184 - Using Application install path: C:\ST\STM32CubeIDE_1.13.2\STM32CubeIDE\plugins\com.st.stm32cube.common.mx_6.9.2.202309101412
2024-03-04 11:12:15,782 [INFO] PluginManage:196 - Search for loadable plugins [exclusion list=, ]
2024-03-04 11:12:15,783 [INFO] PluginManage:310 - Check plugin analytics
2024-03-04 11:12:15,921 [INFO] AnalyticsPlugin:253 - Accepted Software Licenses: STM32CubeMX.6.2.1
2024-03-04 11:12:15,921 [INFO] AnalyticsPlugin:255 - Accepted CMSIS Pack Licenses: 
2024-03-04 11:12:15,921 [INFO] AnalyticsPlugin:257 - Accepted Firmware Licenses: 
2024-03-04 11:12:15,923 [INFO] PluginManage:359 - Loaded plugin analytics (category:tool,tabindex:-1)
2024-03-04 11:12:15,924 [INFO] PluginManage:310 - Check plugin cadmodel
2024-03-04 11:12:15,932 [INFO] CADModel:105 - Init CAD model plugin
2024-03-04 11:12:15,932 [INFO] PluginManage:359 - Loaded plugin cadmodel (category:power,tabindex:5)
2024-03-04 11:12:15,932 [INFO] PluginManage:310 - Check plugin clock
2024-03-04 11:12:16,003 [INFO] PluginManage:359 - Loaded plugin clock (category:base,tabindex:2)
2024-03-04 11:12:16,003 [INFO] PluginManage:310 - Check plugin ddr
2024-03-04 11:12:16,006 [INFO] PluginManage:359 - Loaded plugin ddr (category:tool,tabindex:6)
2024-03-04 11:12:16,006 [INFO] PluginManage:310 - Check plugin filemanager
2024-03-04 11:12:16,138 [INFO] PluginManage:359 - Loaded plugin filemanager (category:base,tabindex:10)
2024-03-04 11:12:16,138 [INFO] PluginManage:310 - Check plugin ipmanager
2024-03-04 11:12:16,148 [INFO] PluginManage:359 - Loaded plugin ipmanager (category:base,tabindex:5)
2024-03-04 11:12:16,148 [INFO] PluginManage:310 - Check plugin lpbam
2024-03-04 11:12:16,170 [INFO] PluginManage:359 - Loaded plugin lpbam (category:base,tabindex:0)
2024-03-04 11:12:16,170 [INFO] PluginManage:310 - Check plugin memorymap
2024-03-04 11:12:16,199 [INFO] PluginManage:359 - Loaded plugin memorymap (category:base,tabindex:4)
2024-03-04 11:12:16,200 [INFO] PluginManage:310 - Check plugin pinoutandconfiguration
2024-03-04 11:12:16,232 [INFO] PluginManage:359 - Loaded plugin pinoutandconfiguration (category:base,tabindex:1)
2024-03-04 11:12:16,232 [INFO] PluginManage:310 - Check plugin pinoutconfig
2024-03-04 11:12:16,332 [WARN] SupportedApi:132 - Cannot load RTOS API schema: s4s-elt-must-match.1: The content of 'definitions' must match (annotation?, (simpleType | complexType)?, (unique | key | keyref)*)). A problem was found starting at: attribute.
2024-03-04 11:12:16,464 [INFO] PluginManage:359 - Loaded plugin pinoutconfig (category:base,tabindex:0)
2024-03-04 11:12:16,464 [INFO] PluginManage:310 - Check plugin power
2024-03-04 11:12:16,476 [INFO] PluginManage:359 - Loaded plugin power (category:power,tabindex:4)
2024-03-04 11:12:16,476 [INFO] PluginManage:310 - Check plugin projectmanager
2024-03-04 11:12:16,490 [INFO] PluginManage:359 - Loaded plugin projectmanager (category:projectmanager,tabindex:3)
2024-03-04 11:12:16,490 [INFO] PluginManage:310 - Check plugin thirdparty
2024-03-04 11:12:16,634 [INFO] PluginManage:359 - Loaded plugin thirdparty (category:base,tabindex:-1)
2024-03-04 11:12:16,634 [WARN] IntegrityCheckThread:84 - waiting for thirdparty lock release [integrity check]
2024-03-04 11:12:16,634 [INFO] PluginManage:310 - Check plugin tools
2024-03-04 11:12:16,634 [INFO] IntegrityCheckThread:86 - entering critical section [integrity check]
2024-03-04 11:12:16,635 [INFO] ThirdPartyUpdaterWithRetryManager:70 - Updater plugin not ready yet. [1/15]
2024-03-04 11:12:16,640 [INFO] PluginManage:359 - Loaded plugin tools (category:base,tabindex:7)
2024-03-04 11:12:16,640 [INFO] PluginManage:310 - Check plugin tutovideos
2024-03-04 11:12:16,816 [INFO] PluginManage:359 - Loaded plugin tutovideos (category:base,tabindex:-1)
2024-03-04 11:12:16,816 [INFO] PluginManage:310 - Check plugin updater
2024-03-04 11:12:16,829 [INFO] PluginManage:359 - Loaded plugin updater (category:base,tabindex:12)
2024-03-04 11:12:16,829 [INFO] PluginManage:310 - Check plugin userauth
2024-03-04 11:12:16,834 [INFO] UserAuth:113 - Init User Auth plugin
2024-03-04 11:12:16,834 [INFO] PluginManage:359 - Loaded plugin userauth (category:base,tabindex:14)
2024-03-04 11:12:16,834 [INFO] PluginManage:283 - PluginManage : Loaded plugins [17]
2024-03-04 11:12:17,054 [INFO] PinOutPanel:1499 - setPackage(No Configuration,No Configuration)
2024-03-04 11:12:17,173 [INFO] CADModel:165 - CPN selected for project level
2024-03-04 11:12:17,174 [INFO] CADModel:114 - Register for checkConnection events
2024-03-04 11:12:17,201 [INFO] IPUIPlugin:80 - create IPUIPlugin
2024-03-04 11:12:17,201 [INFO] PluginManager:220 - loadIPPluginJar : add adc
2024-03-04 11:12:17,205 [INFO] IPUIPlugin:80 - create IPUIPlugin
2024-03-04 11:12:17,205 [INFO] PluginManager:220 - loadIPPluginJar : add aes
2024-03-04 11:12:17,209 [INFO] IPUIPlugin:80 - create IPUIPlugin
2024-03-04 11:12:17,209 [INFO] PluginManager:220 - loadIPPluginJar : add can
2024-03-04 11:12:17,213 [INFO] IPUIPlugin:80 - create IPUIPlugin
2024-03-04 11:12:17,213 [INFO] PluginManager:220 - loadIPPluginJar : add comp
2024-03-04 11:12:17,217 [INFO] IPUIPlugin:80 - create IPUIPlugin
2024-03-04 11:12:17,218 [INFO] PluginManager:220 - loadIPPluginJar : add cryp
2024-03-04 11:12:17,221 [INFO] IPUIPlugin:80 - create IPUIPlugin
2024-03-04 11:12:17,222 [INFO] PluginManager:220 - loadIPPluginJar : add dfsdm
2024-03-04 11:12:17,234 [INFO] IPUIPlugin:80 - create IPUIPlugin
2024-03-04 11:12:17,235 [INFO] PluginManager:220 - loadIPPluginJar : add dma
2024-03-04 11:12:17,240 [INFO] IPUIPlugin:80 - create IPUIPlugin
2024-03-04 11:12:17,240 [INFO] PluginManager:220 - loadIPPluginJar : add dma3
2024-03-04 11:12:17,244 [INFO] IPUIPlugin:80 - create IPUIPlugin
2024-03-04 11:12:17,244 [INFO] PluginManager:220 - loadIPPluginJar : add fatfs
2024-03-04 11:12:17,252 [INFO] IPUIPlugin:80 - create IPUIPlugin
2024-03-04 11:12:17,252 [INFO] PluginManager:220 - loadIPPluginJar : add fmc
2024-03-04 11:12:17,292 [INFO] IPUIPlugin:80 - create IPUIPlugin
2024-03-04 11:12:17,292 [INFO] PluginManager:220 - loadIPPluginJar : add freertos
2024-03-04 11:12:17,295 [INFO] IPUIPlugin:80 - create IPUIPlugin
2024-03-04 11:12:17,295 [INFO] PluginManager:220 - loadIPPluginJar : add genericplugin
2024-03-04 11:12:17,300 [INFO] IPUIPlugin:80 - create IPUIPlugin
2024-03-04 11:12:17,300 [INFO] PluginManager:220 - loadIPPluginJar : add gfxmmu
2024-03-04 11:12:17,312 [INFO] IPUIPlugin:80 - create IPUIPlugin
2024-03-04 11:12:17,312 [INFO] PluginManager:220 - loadIPPluginJar : add gic
2024-03-04 11:12:17,326 [INFO] IPUIPlugin:80 - create IPUIPlugin
2024-03-04 11:12:17,326 [INFO] PluginManager:220 - loadIPPluginJar : add gpio
2024-03-04 11:12:17,334 [INFO] IPUIPlugin:80 - create IPUIPlugin
2024-03-04 11:12:17,334 [INFO] PluginManager:220 - loadIPPluginJar : add gtzc
2024-03-04 11:12:17,338 [INFO] IPUIPlugin:80 - create IPUIPlugin
2024-03-04 11:12:17,339 [INFO] PluginManager:220 - loadIPPluginJar : add hash
2024-03-04 11:12:17,345 [INFO] IPUIPlugin:80 - create IPUIPlugin
2024-03-04 11:12:17,346 [INFO] PluginManager:220 - loadIPPluginJar : add i2c
2024-03-04 11:12:17,352 [INFO] IPUIPlugin:80 - create IPUIPlugin
2024-03-04 11:12:17,352 [INFO] PluginManager:220 - loadIPPluginJar : add i2s
2024-03-04 11:12:17,356 [INFO] IPUIPlugin:80 - create IPUIPlugin
2024-03-04 11:12:17,356 [INFO] PluginManager:220 - loadIPPluginJar : add i3c
2024-03-04 11:12:17,365 [INFO] IPUIPlugin:80 - create IPUIPlugin
2024-03-04 11:12:17,365 [INFO] PluginManager:220 - loadIPPluginJar : add ipddr
2024-03-04 11:12:17,390 [INFO] IPUIPlugin:80 - create IPUIPlugin
2024-03-04 11:12:17,390 [INFO] PluginManager:220 - loadIPPluginJar : add linkedlist
2024-03-04 11:12:17,396 [INFO] IPUIPlugin:80 - create IPUIPlugin
2024-03-04 11:12:17,396 [INFO] PluginManager:220 - loadIPPluginJar : add lorawan
2024-03-04 11:12:17,400 [INFO] IPUIPlugin:80 - create IPUIPlugin
2024-03-04 11:12:17,400 [INFO] PluginManager:220 - loadIPPluginJar : add ltdc
2024-03-04 11:12:17,417 [INFO] IPUIPlugin:80 - create IPUIPlugin
2024-03-04 11:12:17,417 [INFO] PluginManager:220 - loadIPPluginJar : add mdma
2024-03-04 11:12:17,430 [INFO] IPUIPlugin:80 - create IPUIPlugin
2024-03-04 11:12:17,430 [INFO] PluginManager:220 - loadIPPluginJar : add nvic
2024-03-04 11:12:17,445 [INFO] IPUIPlugin:80 - create IPUIPlugin
2024-03-04 11:12:17,445 [INFO] PluginManager:220 - loadIPPluginJar : add opamp
2024-03-04 11:12:17,452 [INFO] IPUIPlugin:80 - create IPUIPlugin
2024-03-04 11:12:17,452 [INFO] PluginManager:220 - loadIPPluginJar : add openamp
2024-03-04 11:12:17,459 [INFO] IPUIPlugin:80 - create IPUIPlugin
2024-03-04 11:12:17,459 [INFO] PluginManager:220 - loadIPPluginJar : add pdm2pcm
2024-03-04 11:12:17,473 [INFO] IPUIPlugin:80 - create IPUIPlugin
2024-03-04 11:12:17,475 [INFO] PluginManager:220 - loadIPPluginJar : add plateformsettings
2024-03-04 11:12:17,479 [INFO] IPUIPlugin:80 - create IPUIPlugin
2024-03-04 11:12:17,479 [INFO] PluginManager:220 - loadIPPluginJar : add quadspi
2024-03-04 11:12:17,515 [INFO] IPUIPlugin:80 - create IPUIPlugin
2024-03-04 11:12:17,515 [INFO] PluginManager:220 - loadIPPluginJar : add resmgrutility
2024-03-04 11:12:17,523 [INFO] IPUIPlugin:80 - create IPUIPlugin
2024-03-04 11:12:17,523 [INFO] PluginManager:220 - loadIPPluginJar : add sai
2024-03-04 11:12:17,527 [INFO] IPUIPlugin:80 - create IPUIPlugin
2024-03-04 11:12:17,527 [INFO] PluginManager:220 - loadIPPluginJar : add spi
2024-03-04 11:12:17,535 [INFO] IPUIPlugin:80 - create IPUIPlugin
2024-03-04 11:12:17,535 [INFO] PluginManager:220 - loadIPPluginJar : add stm32_wpan
2024-03-04 11:12:17,539 [INFO] IPUIPlugin:80 - create IPUIPlugin
2024-03-04 11:12:17,539 [INFO] PluginManager:220 - loadIPPluginJar : add tim
2024-03-04 11:12:17,546 [INFO] IPUIPlugin:80 - create IPUIPlugin
2024-03-04 11:12:17,546 [INFO] PluginManager:220 - loadIPPluginJar : add touchsensing
2024-03-04 11:12:17,550 [INFO] IPUIPlugin:80 - create IPUIPlugin
2024-03-04 11:12:17,550 [INFO] PluginManager:220 - loadIPPluginJar : add tracer_emb
2024-03-04 11:12:17,554 [INFO] IPUIPlugin:80 - create IPUIPlugin
2024-03-04 11:12:17,554 [INFO] PluginManager:220 - loadIPPluginJar : add ts
2024-03-04 11:12:17,558 [INFO] IPUIPlugin:80 - create IPUIPlugin
2024-03-04 11:12:17,558 [INFO] PluginManager:220 - loadIPPluginJar : add tsc
2024-03-04 11:12:17,562 [INFO] IPUIPlugin:80 - create IPUIPlugin
2024-03-04 11:12:17,562 [INFO] PluginManager:220 - loadIPPluginJar : add ucpd
2024-03-04 11:12:17,568 [INFO] IPUIPlugin:80 - create IPUIPlugin
2024-03-04 11:12:17,568 [INFO] PluginManager:220 - loadIPPluginJar : add usart
2024-03-04 11:12:17,573 [INFO] IPUIPlugin:80 - create IPUIPlugin
2024-03-04 11:12:17,573 [INFO] PluginManager:220 - loadIPPluginJar : add usbx
2024-03-04 11:12:17,692 [INFO] CADModel:165 - CPN selected for project level
2024-03-04 11:12:17,692 [INFO] CADModel:114 - Register for checkConnection events
2024-03-04 11:12:17,693 [FATAL] Updater:308 - Updater called before beeing initialized
2024-03-04 11:12:17,693 [ERROR] CADModel:125 - Updater not yet initialized, retry later 
2024-03-04 11:12:17,798 [INFO] CADModel:165 - CPN selected for project level
2024-03-04 11:12:17,798 [INFO] CADModel:114 - Register for checkConnection events
2024-03-04 11:12:17,798 [FATAL] Updater:308 - Updater called before beeing initialized
2024-03-04 11:12:17,798 [ERROR] CADModel:125 - Updater not yet initialized, retry later 
2024-03-04 11:12:17,801 [FATAL] Updater:308 - Updater called before beeing initialized
2024-03-04 11:12:17,894 [FATAL] Updater:308 - Updater called before beeing initialized
2024-03-04 11:12:17,899 [INFO] DbMcusAds:53 - JSON generation date=Wed Nov 29 16:22:27 IST 2023 (1701255147200)
2024-03-04 11:12:17,900 [FATAL] Updater:308 - Updater called before beeing initialized
2024-03-04 11:12:17,939 [WARN] DetailPanel:346 - Failed to get advertising image, set to default
2024-03-04 11:12:18,027 [FATAL] Updater:308 - Updater called before beeing initialized
2024-03-04 11:12:18,029 [FATAL] Updater:308 - Updater called before beeing initialized
2024-03-04 11:12:18,029 [FATAL] Updater:308 - Updater called before beeing initialized
2024-03-04 11:12:18,029 [WARN] DetailPanel:346 - Failed to get advertising image, set to default
2024-03-04 11:12:18,030 [FATAL] Updater:308 - Updater called before beeing initialized
2024-03-04 11:12:18,071 [ERROR] Updater:1120 - MainUpdater not yet initialized. External WinMGr cannot be set.
2024-03-04 11:12:18,075 [INFO] Updater:1056 - Updater Version found : 6.9.2
2024-03-04 11:12:18,095 [INFO] ApplicationProperties:184 - Using Application install path: C:\ST\STM32CubeIDE_1.13.2\STM32CubeIDE\plugins\com.st.stm32cube.common.mx_6.9.2.202309101412
2024-03-04 11:12:18,127 [INFO] MainUpdater:521 - Copy updater definitions from MX database
2024-03-04 11:12:18,495 [INFO] MainUpdater:2868 - connection check result : 10
2024-03-04 11:12:18,495 [INFO] MainUpdater:3562 - Updater definition file requires update
2024-03-04 11:12:18,496 [INFO] MainUpdater:285 - Updater Check For Update Now.
2024-03-04 11:12:18,496 [INFO] MicroXplorer:498 - Change Database Version : DB.6.0.92
2024-03-04 11:12:18,504 [INFO] McuFinderGlobals:63 - Set McuFinder mode to 2 (CubeIDE integrated)
2024-03-04 11:12:18,529 [INFO] ServerAccessManage:473 - Download File updaters.zip
2024-03-04 11:12:18,694 [INFO] FileExtend:240 - Unzip File : updaters.zip
2024-03-04 11:12:18,694 [INFO] FileExtend:255 - Standard Zip Deflate
2024-03-04 11:12:19,234 [INFO] ServerAccessManage:473 - Download File PacksControlFlags.xml
2024-03-04 11:12:19,568 [INFO] ServerAccessManage:473 - Download File cubemx.pidx
2024-03-04 11:12:19,637 [WARN] MainUpdater:1189 - Updater busy. Cannot search thirdparties
2024-03-04 11:12:19,637 [INFO] ThirdPartyUpdaterWithRetryManager:96 - Updater plugin is busy. [1/15]
2024-03-04 11:12:19,677 [INFO] LoadServerUpdatesThread:373 - End of LoadServerUpdate Thread
2024-03-04 11:12:19,871 [INFO] CheckServerUpdateThread:120 - End of CheckServer Thread
2024-03-04 11:12:22,867 [WARN] PackLoader:240 - Cannot read IP mode file for STMicroelectronics.X-CUBE-SMBUS.2.1.0
2024-03-04 11:12:22,875 [WARN] PackLoader:240 - Cannot read IP mode file for STMicroelectronics.X-CUBE-TOUCHGFX.4.23.0
2024-03-04 11:12:22,923 [WARN] PackLoader:240 - Cannot read IP mode file for STMicroelectronics.X-CUBE-AZRTOS-F7.1.1.0
2024-03-04 11:12:22,947 [WARN] PackLoader:240 - Cannot read IP mode file for STMicroelectronics.FP-SNS-MOTENV1.4.3.2
2024-03-04 11:12:22,960 [WARN] PackLoader:240 - Cannot read IP mode file for STMicroelectronics.FP-SNS-FLIGHT1.5.0.2
2024-03-04 11:12:22,979 [WARN] PackLoader:240 - Cannot read IP mode file for STMicroelectronics.X-CUBE-DISPLAY.3.0.0
2024-03-04 11:12:23,000 [WARN] PackLoader:240 - Cannot read IP mode file for STMicroelectronics.X-CUBE-BLE1.7.0.0
2024-03-04 11:12:23,012 [WARN] PackLoader:240 - Cannot read IP mode file for emotas.I-CUBE-CANOPEN.1.3.0
2024-03-04 11:12:23,020 [WARN] PackLoader:240 - Cannot read IP mode file for STMicroelectronics.X-CUBE-TOUCHGFX.4.22.1
2024-03-04 11:12:23,038 [WARN] PackLoader:240 - Cannot read IP mode file for STMicroelectronics.X-CUBE-BLEMGR.3.1.0
2024-03-04 11:12:23,048 [WARN] PackLoader:240 - Cannot read IP mode file for STMicroelectronics.FP-SNS-SMARTAG2.1.2.0
2024-03-04 11:12:23,069 [INFO] LogOutputStream:77 - [STDOUT_REDIRECT] 1 : Invalid condition id : UX_CORESTACK_Condition cause : null
2024-03-04 11:12:23,070 [INFO] LogOutputStream:77 - [STDOUT_REDIRECT] 1 : Invalid condition id : UX_CORESTACK_Condition cause : null
2024-03-04 11:12:23,072 [INFO] LogOutputStream:77 - [STDOUT_REDIRECT] 1 : Invalid condition id : UX_CORESTACK_Condition cause : null
2024-03-04 11:12:23,074 [INFO] LogOutputStream:77 - [STDOUT_REDIRECT] 1 : Invalid condition id : UX_CORESTACK_Condition cause : null
2024-03-04 11:12:23,076 [INFO] LogOutputStream:77 - [STDOUT_REDIRECT] 1 : Invalid condition id : UX_CORESTACK_Condition cause : null
2024-03-04 11:12:23,081 [WARN] PackLoader:240 - Cannot read IP mode file for STMicroelectronics.X-CUBE-AZRTOS-WL.2.0.0
2024-03-04 11:12:23,099 [WARN] PackLoader:240 - Cannot read IP mode file for WES.I-CUBE-Cesium.1.3.0
2024-03-04 11:12:23,109 [WARN] PackLoader:240 - Cannot read IP mode file for STMicroelectronics.X-CUBE-BLE2.3.3.0
2024-03-04 11:12:23,120 [WARN] PackLoader:240 - Cannot read IP mode file for STMicroelectronics.X-CUBE-ALGOBUILD.1.3.0
2024-03-04 11:12:23,145 [WARN] PackLoader:240 - Cannot read IP mode file for STMicroelectronics.X-CUBE-AZRTOS-G0.1.1.0
2024-03-04 11:12:23,159 [WARN] PackLoader:240 - Cannot read IP mode file for STMicroelectronics.X-CUBE-NFC4.3.0.0
2024-03-04 11:12:23,179 [WARN] PackLoader:240 - Cannot read IP mode file for STMicroelectronics.X-CUBE-BLEMGR.3.0.0
2024-03-04 11:12:23,195 [WARN] PackLoader:240 - Cannot read IP mode file for STMicroelectronics.FP-ATR-SIGFOX1.3.2.0
2024-03-04 11:12:23,209 [WARN] PackLoader:240 - Cannot read IP mode file for STMicroelectronics.X-CUBE-EEPRMA1.5.1.0
2024-03-04 11:12:23,257 [WARN] PackLoader:240 - Cannot read IP mode file for SEGGER.I-CUBE-embOS.1.3.1
2024-03-04 11:12:23,341 [WARN] PackLoader:240 - Cannot read IP mode file for STMicroelectronics.X-CUBE-GNSS1.6.0.0
2024-03-04 11:12:23,364 [WARN] PackLoader:240 - Cannot read IP mode file for STMicroelectronics.X-CUBE-AZRTOS-F4.1.1.0
2024-03-04 11:12:23,374 [WARN] PackLoader:240 - Cannot read IP mode file for wolfSSL.I-CUBE-wolfSSL.5.6.3
2024-03-04 11:12:23,401 [WARN] PackLoader:240 - Cannot read IP mode file for STMicroelectronics.X-CUBE-AZRTOS-L5.2.0.0
2024-03-04 11:12:23,447 [WARN] PackLoader:240 - Cannot read IP mode file for STMicroelectronics.X-CUBE-MEMS1.9.6.0
2024-03-04 11:12:23,600 [WARN] PackLoader:240 - Cannot read IP mode file for STMicroelectronics.X-CUBE-EEPRMA1.4.2.0
2024-03-04 11:12:23,608 [WARN] PackLoader:240 - Cannot read IP mode file for ITTIA_DB.I-CUBE-ITTIADB.8.8.0
2024-03-04 11:12:23,617 [WARN] PackLoader:240 - Cannot read IP mode file for STMicroelectronics.X-CUBE-BLEMGR.2.0.0
2024-03-04 11:12:23,636 [WARN] ConditionMgr:438 - getConditionDescription Invalid condition id : UX DEVICE CLASS RTOS Condition cause : null
2024-03-04 11:12:23,636 [WARN] ConditionMgr:438 - getConditionDescription Invalid condition id : UX DEVICE CLASS RTOS Condition cause : null
2024-03-04 11:12:23,640 [WARN] PackLoader:240 - Cannot read IP mode file for STMicroelectronics.X-CUBE-AZRTOS-H7.3.1.0
2024-03-04 11:12:23,641 [WARN] ConditionMgr:1039 - genDependencies : Invalid condition id : UX DEVICE CLASS RTOS Condition cause : null
2024-03-04 11:12:23,641 [WARN] ConditionMgr:1039 - genDependencies : Invalid condition id : UX DEVICE CLASS RTOS Condition cause : null
2024-03-04 11:12:23,642 [WARN] ConditionMgr:1039 - genDependencies : Invalid condition id : UX DEVICE CLASS RTOS Condition cause : null
2024-03-04 11:12:23,643 [WARN] ConditionMgr:1039 - genDependencies : Invalid condition id : UX DEVICE CLASS RTOS Condition cause : null
2024-03-04 11:12:23,643 [WARN] ConditionMgr:1039 - genDependencies : Invalid condition id : UX DEVICE CLASS RTOS Condition cause : null
2024-03-04 11:12:23,652 [WARN] PackLoader:240 - Cannot read IP mode file for STMicroelectronics.X-CUBE-NFC7.1.0.1
2024-03-04 11:12:23,661 [WARN] PackLoader:240 - Cannot read IP mode file for STMicroelectronics.X-CUBE-NFC6.3.0.0
2024-03-04 11:12:23,670 [WARN] PackLoader:240 - Cannot read IP mode file for STMicroelectronics.X-CUBE-EEPRMA1.4.1.0
2024-03-04 11:12:23,676 [WARN] PackLoader:240 - Cannot read IP mode file for STMicroelectronics.X-CUBE-AI.8.1.0
2024-03-04 11:12:23,697 [WARN] ConditionMgr:438 - getConditionDescription Invalid condition id : LAN8742 Phy interface Condition cause : null
2024-03-04 11:12:23,698 [WARN] PackLoader:240 - Cannot read IP mode file for STMicroelectronics.X-CUBE-AZRTOS-L4.2.0.0
2024-03-04 11:12:23,699 [WARN] ConditionMgr:1039 - genDependencies : Invalid condition id : LAN8742 Phy interface Condition cause : null
2024-03-04 11:12:23,700 [WARN] ConditionMgr:1039 - genDependencies : Invalid condition id : LAN8742 Phy interface Condition cause : null
2024-03-04 11:12:23,700 [WARN] ConditionMgr:1039 - genDependencies : Invalid condition id : LAN8742 Phy interface Condition cause : null
2024-03-04 11:12:23,711 [WARN] PackLoader:240 - Cannot read IP mode file for STMicroelectronics.X-CUBE-SFXS2LP1.4.0.0
2024-03-04 11:12:23,719 [WARN] PackLoader:240 - Cannot read IP mode file for STMicroelectronics.X-CUBE-ISPU.1.1.0
2024-03-04 11:12:23,736 [WARN] ConditionMgr:438 - getConditionDescription Invalid condition id : UX DEVICE CLASS RTOS Condition cause : null
2024-03-04 11:12:23,737 [WARN] ConditionMgr:438 - getConditionDescription Invalid condition id : UX DEVICE CLASS RTOS Condition cause : null
2024-03-04 11:12:23,739 [WARN] PackLoader:240 - Cannot read IP mode file for STMicroelectronics.X-CUBE-AZRTOS-WB.2.0.0
2024-03-04 11:12:23,740 [WARN] ConditionMgr:1039 - genDependencies : Invalid condition id : UX DEVICE CLASS RTOS Condition cause : null
2024-03-04 11:12:23,740 [WARN] ConditionMgr:1039 - genDependencies : Invalid condition id : UX DEVICE CLASS RTOS Condition cause : null
2024-03-04 11:12:23,741 [WARN] ConditionMgr:1039 - genDependencies : Invalid condition id : UX DEVICE CLASS RTOS Condition cause : null
2024-03-04 11:12:23,741 [WARN] ConditionMgr:1039 - genDependencies : Invalid condition id : UX DEVICE CLASS RTOS Condition cause : null
2024-03-04 11:12:23,741 [WARN] ConditionMgr:1039 - genDependencies : Invalid condition id : UX DEVICE CLASS RTOS Condition cause : null
2024-03-04 11:12:23,752 [WARN] PackLoader:240 - Cannot read IP mode file for STMicroelectronics.X-CUBE-SUBG2.5.0.0
2024-03-04 11:12:23,768 [WARN] PackLoader:240 - Cannot read IP mode file for STMicroelectronics.X-CUBE-TOF1.3.3.1
2024-03-04 11:12:23,800 [WARN] PackLoader:240 - Cannot read IP mode file for STMicroelectronics.X-CUBE-AZRTOS-G4.2.0.0
2024-03-04 11:12:23,818 [WARN] PackLoader:240 - Cannot read IP mode file for Infineon.AIROC-Wi-Fi-Bluetooth-STM32.1.5.1
2024-03-04 11:12:23,827 [WARN] PackLoader:240 - Cannot read IP mode file for STMicroelectronics.FP-SNS-MOTENVWB1.1.3.0
2024-03-04 11:12:23,832 [WARN] PackLoader:240 - Cannot read IP mode file for STMicroelectronics.FP-SNS-MOTENVWB1.1.3.1
2024-03-04 11:12:23,838 [WARN] PackLoader:240 - Cannot read IP mode file for STMicroelectronics.X-CUBE-ISPU.2.0.0
2024-03-04 11:12:23,847 [WARN] PackLoader:240 - Cannot read IP mode file for STMicroelectronics.X-CUBE-FREERTOS.1.1.0
2024-03-04 11:12:23,852 [WARN] PackLoader:240 - Cannot read IP mode file for portGmbH.I-Cube-SoM-uGOAL.1.1.0
2024-03-04 11:12:23,856 [WARN] PackLoader:240 - Cannot read IP mode file for STMicroelectronics.X-CUBE-ALS.1.0.1
2024-03-04 11:12:23,861 [WARN] PackLoader:240 - Cannot read IP mode file for STMicroelectronics.FP-ATR-ASTRA1.2.0.0
2024-03-04 11:12:23,874 [WARN] PackLoader:240 - Cannot read IP mode file for STMicroelectronics.X-CUBE-TOF1.3.4.0
2024-03-04 11:12:23,903 [WARN] PackLoader:240 - Cannot read IP mode file for STMicroelectronics.X-CUBE-AZRTOS-H7.3.2.0
2024-03-04 11:12:23,907 [INFO] ThirdParty:978 - Integrity check success = true
2024-03-04 11:12:23,907 [INFO] IntegrityCheckThread:100 - exiting critical section [integrity check]
2024-03-04 11:12:23,907 [INFO] IntegrityCheckThread:103 - End integrity checks thread
2024-03-04 11:12:39,915 [ERROR] LogOutputStream:75 - [STDERR_REDIRECT] SLF4J: Failed to load class "org.slf4j.impl.StaticLoggerBinder".
2024-03-04 11:12:39,915 [ERROR] LogOutputStream:75 - [STDERR_REDIRECT] SLF4J: Defaulting to no-operation (NOP) logger implementation
2024-03-04 11:12:39,918 [ERROR] LogOutputStream:75 - [STDERR_REDIRECT] SLF4J: See http://www.slf4j.org/codes.html#StaticLoggerBinder for further details.
2024-03-04 14:35:58,765 [INFO] Activator:176 - 


2024-03-04 14:35:58,768 [INFO] Activator:177 - !SESSION log4j initialized
2024-03-04 14:36:08,690 [INFO] LogOutputStream:77 - [STDOUT_REDIRECT] 
2024-03-04 14:36:11,851 [INFO] ApplicationProperties:184 - Using Application install path: C:\ST\STM32CubeIDE_1.13.2\STM32CubeIDE\plugins\com.st.stm32cube.common.mx_6.9.2.202309101412
2024-03-04 14:36:11,883 [INFO] DbMcusXml:78 - Set database path to: C:\ST\STM32CubeIDE_1.13.2\STM32CubeIDE\plugins\com.st.stm32cube.common.mx_6.9.2.202309101412\\db\/mcu/
2024-03-04 14:36:11,884 [INFO] ApiDb:274 - Set plugin database path to: C:\ST\STM32CubeIDE_1.13.2\STM32CubeIDE\plugins\com.st.stm32cube.common.mx_6.9.2.202309101412\\db\/plugins/boardmanager/
2024-03-04 14:36:11,884 [WARN] ApiDb:259 - Overriding images path with different value:  => C:\ST\STM32CubeIDE_1.13.2\STM32CubeIDE\plugins\com.st.stm32cube.common.mx_6.9.2.202309101412\\db\/plugins/mcufinder/images/
2024-03-04 14:36:11,904 [INFO] ApiDb:250 - Set database path to: C:\Users\sanjay.kumar\.stmcufinder\plugins\mcufinder//mcu/
2024-03-04 14:36:11,905 [INFO] DbMcusAds:125 - Set database path to: C:\Users\sanjay.kumar\.stmcufinder\plugins\mcufinder//mcu/
2024-03-04 14:36:11,913 [INFO] CrossReferenceDbSqlite:203 - Set database path to: C:\Users\sanjay.kumar\.stmcufinder\plugins\mcufinder//mcu/cs/
2024-03-04 14:36:12,083 [INFO] RulesReader:64 - Compatibility file has been processed (293 Rules)
2024-03-04 14:36:12,224 [INFO] DbMcusXml:78 - Set database path to: C:\ST\STM32CubeIDE_1.13.2\STM32CubeIDE\plugins\com.st.stm32cube.common.mx_6.9.2.202309101412\\db\/mcu/
2024-03-04 14:36:12,224 [INFO] ApiDb:274 - Set plugin database path to: C:\ST\STM32CubeIDE_1.13.2\STM32CubeIDE\plugins\com.st.stm32cube.common.mx_6.9.2.202309101412\\db\/plugins/boardmanager/
2024-03-04 14:36:12,224 [INFO] ApiDb:261 - Set plugin images path to: C:\ST\STM32CubeIDE_1.13.2\STM32CubeIDE\plugins\com.st.stm32cube.common.mx_6.9.2.202309101412\\db\/plugins/mcufinder/images/
2024-03-04 14:36:12,225 [WARN] DbFile:41 - Overriding database path with different value: C:\Users\sanjay.kumar\.stmcufinder\plugins\mcufinder/ => C:\Users\sanjay.kumar\.stmcufinder\plugins\mcufinder
2024-03-04 14:36:12,225 [INFO] ApiDb:250 - Set database path to: C:\Users\sanjay.kumar\.stmcufinder\plugins\mcufinder//mcu/
2024-03-04 14:36:12,225 [WARN] DbFile:41 - Overriding database path with different value: C:\Users\sanjay.kumar\.stmcufinder\plugins\mcufinder/ => C:\Users\sanjay.kumar\.stmcufinder\plugins\mcufinder
2024-03-04 14:36:12,226 [INFO] DbMcusAds:125 - Set database path to: C:\Users\sanjay.kumar\.stmcufinder\plugins\mcufinder//mcu/
2024-03-04 14:36:12,226 [WARN] DbFile:41 - Overriding database path with different value: C:\Users\sanjay.kumar\.stmcufinder\plugins\mcufinder/ => C:\Users\sanjay.kumar\.stmcufinder\plugins\mcufinder
2024-03-04 14:36:12,227 [WARN] DbFile:41 - Overriding database path with different value: C:\Users\sanjay.kumar\.stmcufinder\plugins\mcufinder/ => C:\Users\sanjay.kumar\.stmcufinder\plugins\mcufinder
2024-03-04 14:36:12,227 [INFO] CrossReferenceDbSqlite:203 - Set database path to: C:\Users\sanjay.kumar\.stmcufinder\plugins\mcufinder//mcu/cs/
2024-03-04 14:36:12,352 [INFO] MainPanel:262 - HeapMemory: 268435456
2024-03-04 14:36:12,496 [INFO] DbMcusXml:78 - Set database path to: C:\ST\STM32CubeIDE_1.13.2\STM32CubeIDE\plugins\com.st.stm32cube.common.mx_6.9.2.202309101412\\db\/mcu/
2024-03-04 14:36:12,496 [INFO] ApiDb:274 - Set plugin database path to: C:\ST\STM32CubeIDE_1.13.2\STM32CubeIDE\plugins\com.st.stm32cube.common.mx_6.9.2.202309101412\\db\/plugins/boardmanager/
2024-03-04 14:36:12,496 [INFO] ApiDb:261 - Set plugin images path to: C:\ST\STM32CubeIDE_1.13.2\STM32CubeIDE\plugins\com.st.stm32cube.common.mx_6.9.2.202309101412\\db\/plugins/mcufinder/images/
2024-03-04 14:36:12,497 [WARN] DbFile:41 - Overriding database path with different value: C:\Users\sanjay.kumar\.stmcufinder\plugins\mcufinder/ => C:\Users\sanjay.kumar\.stmcufinder\plugins\mcufinder
2024-03-04 14:36:12,498 [INFO] ApiDb:250 - Set database path to: C:\Users\sanjay.kumar\.stmcufinder\plugins\mcufinder//mcu/
2024-03-04 14:36:12,498 [WARN] DbFile:41 - Overriding database path with different value: C:\Users\sanjay.kumar\.stmcufinder\plugins\mcufinder/ => C:\Users\sanjay.kumar\.stmcufinder\plugins\mcufinder
2024-03-04 14:36:12,498 [INFO] DbMcusAds:125 - Set database path to: C:\Users\sanjay.kumar\.stmcufinder\plugins\mcufinder//mcu/
2024-03-04 14:36:12,498 [WARN] DbFile:41 - Overriding database path with different value: C:\Users\sanjay.kumar\.stmcufinder\plugins\mcufinder/ => C:\Users\sanjay.kumar\.stmcufinder\plugins\mcufinder
2024-03-04 14:36:12,498 [WARN] DbFile:41 - Overriding database path with different value: C:\Users\sanjay.kumar\.stmcufinder\plugins\mcufinder/ => C:\Users\sanjay.kumar\.stmcufinder\plugins\mcufinder
2024-03-04 14:36:12,498 [INFO] CrossReferenceDbSqlite:203 - Set database path to: C:\Users\sanjay.kumar\.stmcufinder\plugins\mcufinder//mcu/cs/
2024-03-04 14:36:12,529 [INFO] ApplicationProperties:184 - Using Application install path: C:\ST\STM32CubeIDE_1.13.2\STM32CubeIDE\plugins\com.st.stm32cube.common.mx_6.9.2.202309101412
2024-03-04 14:36:12,531 [INFO] PluginManage:196 - Search for loadable plugins [exclusion list=, ]
2024-03-04 14:36:12,533 [INFO] PluginManage:310 - Check plugin analytics
2024-03-04 14:36:12,749 [INFO] AnalyticsPlugin:253 - Accepted Software Licenses: STM32CubeMX.6.2.1
2024-03-04 14:36:12,751 [INFO] AnalyticsPlugin:255 - Accepted CMSIS Pack Licenses: 
2024-03-04 14:36:12,751 [INFO] AnalyticsPlugin:257 - Accepted Firmware Licenses: 
2024-03-04 14:36:12,754 [INFO] PluginManage:359 - Loaded plugin analytics (category:tool,tabindex:-1)
2024-03-04 14:36:12,755 [INFO] PluginManage:310 - Check plugin cadmodel
2024-03-04 14:36:12,764 [INFO] CADModel:105 - Init CAD model plugin
2024-03-04 14:36:12,764 [INFO] PluginManage:359 - Loaded plugin cadmodel (category:power,tabindex:5)
2024-03-04 14:36:12,765 [INFO] PluginManage:310 - Check plugin clock
2024-03-04 14:36:12,863 [INFO] PluginManage:359 - Loaded plugin clock (category:base,tabindex:2)
2024-03-04 14:36:12,863 [INFO] PluginManage:310 - Check plugin ddr
2024-03-04 14:36:12,887 [INFO] PluginManage:359 - Loaded plugin ddr (category:tool,tabindex:6)
2024-03-04 14:36:12,887 [INFO] PluginManage:310 - Check plugin filemanager
2024-03-04 14:36:13,058 [INFO] PluginManage:359 - Loaded plugin filemanager (category:base,tabindex:10)
2024-03-04 14:36:13,059 [INFO] PluginManage:310 - Check plugin ipmanager
2024-03-04 14:36:13,070 [INFO] PluginManage:359 - Loaded plugin ipmanager (category:base,tabindex:5)
2024-03-04 14:36:13,071 [INFO] PluginManage:310 - Check plugin lpbam
2024-03-04 14:36:13,103 [INFO] PluginManage:359 - Loaded plugin lpbam (category:base,tabindex:0)
2024-03-04 14:36:13,103 [INFO] PluginManage:310 - Check plugin memorymap
2024-03-04 14:36:13,135 [INFO] PluginManage:359 - Loaded plugin memorymap (category:base,tabindex:4)
2024-03-04 14:36:13,135 [INFO] PluginManage:310 - Check plugin pinoutandconfiguration
2024-03-04 14:36:13,200 [INFO] PluginManage:359 - Loaded plugin pinoutandconfiguration (category:base,tabindex:1)
2024-03-04 14:36:13,200 [INFO] PluginManage:310 - Check plugin pinoutconfig
2024-03-04 14:36:13,366 [WARN] SupportedApi:132 - Cannot load RTOS API schema: s4s-elt-must-match.1: The content of 'definitions' must match (annotation?, (simpleType | complexType)?, (unique | key | keyref)*)). A problem was found starting at: attribute.
2024-03-04 14:36:13,549 [INFO] PluginManage:359 - Loaded plugin pinoutconfig (category:base,tabindex:0)
2024-03-04 14:36:13,551 [INFO] PluginManage:310 - Check plugin power
2024-03-04 14:36:13,566 [INFO] PluginManage:359 - Loaded plugin power (category:power,tabindex:4)
2024-03-04 14:36:13,567 [INFO] PluginManage:310 - Check plugin projectmanager
2024-03-04 14:36:13,587 [INFO] PluginManage:359 - Loaded plugin projectmanager (category:projectmanager,tabindex:3)
2024-03-04 14:36:13,588 [INFO] PluginManage:310 - Check plugin thirdparty
2024-03-04 14:36:13,786 [INFO] PluginManage:359 - Loaded plugin thirdparty (category:base,tabindex:-1)
2024-03-04 14:36:13,787 [INFO] PluginManage:310 - Check plugin tools
2024-03-04 14:36:13,786 [WARN] IntegrityCheckThread:84 - waiting for thirdparty lock release [integrity check]
2024-03-04 14:36:13,787 [INFO] IntegrityCheckThread:86 - entering critical section [integrity check]
2024-03-04 14:36:13,788 [INFO] ThirdPartyUpdaterWithRetryManager:70 - Updater plugin not ready yet. [1/15]
2024-03-04 14:36:13,793 [INFO] PluginManage:359 - Loaded plugin tools (category:base,tabindex:7)
2024-03-04 14:36:13,793 [INFO] PluginManage:310 - Check plugin tutovideos
2024-03-04 14:36:14,100 [INFO] PluginManage:359 - Loaded plugin tutovideos (category:base,tabindex:-1)
2024-03-04 14:36:14,100 [INFO] PluginManage:310 - Check plugin updater
2024-03-04 14:36:14,115 [INFO] PluginManage:359 - Loaded plugin updater (category:base,tabindex:12)
2024-03-04 14:36:14,115 [INFO] PluginManage:310 - Check plugin userauth
2024-03-04 14:36:14,123 [INFO] UserAuth:113 - Init User Auth plugin
2024-03-04 14:36:14,123 [INFO] PluginManage:359 - Loaded plugin userauth (category:base,tabindex:14)
2024-03-04 14:36:14,124 [INFO] PluginManage:283 - PluginManage : Loaded plugins [17]
2024-03-04 14:36:14,446 [INFO] PinOutPanel:1499 - setPackage(No Configuration,No Configuration)
2024-03-04 14:36:14,653 [INFO] CADModel:165 - CPN selected for project level
2024-03-04 14:36:14,653 [INFO] CADModel:114 - Register for checkConnection events
2024-03-04 14:36:14,696 [INFO] IPUIPlugin:80 - create IPUIPlugin
2024-03-04 14:36:14,696 [INFO] PluginManager:220 - loadIPPluginJar : add adc
2024-03-04 14:36:14,704 [INFO] IPUIPlugin:80 - create IPUIPlugin
2024-03-04 14:36:14,704 [INFO] PluginManager:220 - loadIPPluginJar : add aes
2024-03-04 14:36:14,713 [INFO] IPUIPlugin:80 - create IPUIPlugin
2024-03-04 14:36:14,713 [INFO] PluginManager:220 - loadIPPluginJar : add can
2024-03-04 14:36:14,719 [INFO] IPUIPlugin:80 - create IPUIPlugin
2024-03-04 14:36:14,719 [INFO] PluginManager:220 - loadIPPluginJar : add comp
2024-03-04 14:36:14,727 [INFO] IPUIPlugin:80 - create IPUIPlugin
2024-03-04 14:36:14,727 [INFO] PluginManager:220 - loadIPPluginJar : add cryp
2024-03-04 14:36:14,735 [INFO] IPUIPlugin:80 - create IPUIPlugin
2024-03-04 14:36:14,735 [INFO] PluginManager:220 - loadIPPluginJar : add dfsdm
2024-03-04 14:36:14,758 [INFO] IPUIPlugin:80 - create IPUIPlugin
2024-03-04 14:36:14,760 [INFO] PluginManager:220 - loadIPPluginJar : add dma
2024-03-04 14:36:14,769 [INFO] IPUIPlugin:80 - create IPUIPlugin
2024-03-04 14:36:14,770 [INFO] PluginManager:220 - loadIPPluginJar : add dma3
2024-03-04 14:36:14,776 [INFO] IPUIPlugin:80 - create IPUIPlugin
2024-03-04 14:36:14,776 [INFO] PluginManager:220 - loadIPPluginJar : add fatfs
2024-03-04 14:36:14,789 [INFO] IPUIPlugin:80 - create IPUIPlugin
2024-03-04 14:36:14,789 [INFO] PluginManager:220 - loadIPPluginJar : add fmc
2024-03-04 14:36:14,859 [INFO] IPUIPlugin:80 - create IPUIPlugin
2024-03-04 14:36:14,860 [INFO] PluginManager:220 - loadIPPluginJar : add freertos
2024-03-04 14:36:14,865 [INFO] IPUIPlugin:80 - create IPUIPlugin
2024-03-04 14:36:14,866 [INFO] PluginManager:220 - loadIPPluginJar : add genericplugin
2024-03-04 14:36:14,881 [INFO] IPUIPlugin:80 - create IPUIPlugin
2024-03-04 14:36:14,881 [INFO] PluginManager:220 - loadIPPluginJar : add gfxmmu
2024-03-04 14:36:14,896 [INFO] IPUIPlugin:80 - create IPUIPlugin
2024-03-04 14:36:14,897 [INFO] PluginManager:220 - loadIPPluginJar : add gic
2024-03-04 14:36:14,919 [INFO] IPUIPlugin:80 - create IPUIPlugin
2024-03-04 14:36:14,920 [INFO] PluginManager:220 - loadIPPluginJar : add gpio
2024-03-04 14:36:14,930 [INFO] IPUIPlugin:80 - create IPUIPlugin
2024-03-04 14:36:14,931 [INFO] PluginManager:220 - loadIPPluginJar : add gtzc
2024-03-04 14:36:14,937 [INFO] IPUIPlugin:80 - create IPUIPlugin
2024-03-04 14:36:14,937 [INFO] PluginManager:220 - loadIPPluginJar : add hash
2024-03-04 14:36:14,945 [INFO] IPUIPlugin:80 - create IPUIPlugin
2024-03-04 14:36:14,945 [INFO] PluginManager:220 - loadIPPluginJar : add i2c
2024-03-04 14:36:14,952 [INFO] IPUIPlugin:80 - create IPUIPlugin
2024-03-04 14:36:14,952 [INFO] PluginManager:220 - loadIPPluginJar : add i2s
2024-03-04 14:36:14,960 [INFO] IPUIPlugin:80 - create IPUIPlugin
2024-03-04 14:36:14,960 [INFO] PluginManager:220 - loadIPPluginJar : add i3c
2024-03-04 14:36:14,970 [INFO] IPUIPlugin:80 - create IPUIPlugin
2024-03-04 14:36:14,972 [INFO] PluginManager:220 - loadIPPluginJar : add ipddr
2024-03-04 14:36:14,986 [INFO] IPUIPlugin:80 - create IPUIPlugin
2024-03-04 14:36:14,986 [INFO] PluginManager:220 - loadIPPluginJar : add linkedlist
2024-03-04 14:36:14,992 [INFO] IPUIPlugin:80 - create IPUIPlugin
2024-03-04 14:36:14,992 [INFO] PluginManager:220 - loadIPPluginJar : add lorawan
2024-03-04 14:36:14,997 [INFO] IPUIPlugin:80 - create IPUIPlugin
2024-03-04 14:36:14,997 [INFO] PluginManager:220 - loadIPPluginJar : add ltdc
2024-03-04 14:36:15,023 [INFO] IPUIPlugin:80 - create IPUIPlugin
2024-03-04 14:36:15,024 [INFO] PluginManager:220 - loadIPPluginJar : add mdma
2024-03-04 14:36:15,042 [INFO] IPUIPlugin:80 - create IPUIPlugin
2024-03-04 14:36:15,043 [INFO] PluginManager:220 - loadIPPluginJar : add nvic
2024-03-04 14:36:15,049 [INFO] IPUIPlugin:80 - create IPUIPlugin
2024-03-04 14:36:15,049 [INFO] PluginManager:220 - loadIPPluginJar : add opamp
2024-03-04 14:36:15,057 [INFO] IPUIPlugin:80 - create IPUIPlugin
2024-03-04 14:36:15,057 [INFO] PluginManager:220 - loadIPPluginJar : add openamp
2024-03-04 14:36:15,064 [INFO] IPUIPlugin:80 - create IPUIPlugin
2024-03-04 14:36:15,065 [INFO] PluginManager:220 - loadIPPluginJar : add pdm2pcm
2024-03-04 14:36:15,084 [INFO] IPUIPlugin:80 - create IPUIPlugin
2024-03-04 14:36:15,087 [INFO] PluginManager:220 - loadIPPluginJar : add plateformsettings
2024-03-04 14:36:15,092 [INFO] IPUIPlugin:80 - create IPUIPlugin
2024-03-04 14:36:15,092 [INFO] PluginManager:220 - loadIPPluginJar : add quadspi
2024-03-04 14:36:15,156 [INFO] IPUIPlugin:80 - create IPUIPlugin
2024-03-04 14:36:15,157 [INFO] PluginManager:220 - loadIPPluginJar : add resmgrutility
2024-03-04 14:36:15,164 [INFO] IPUIPlugin:80 - create IPUIPlugin
2024-03-04 14:36:15,164 [INFO] PluginManager:220 - loadIPPluginJar : add sai
2024-03-04 14:36:15,170 [INFO] IPUIPlugin:80 - create IPUIPlugin
2024-03-04 14:36:15,171 [INFO] PluginManager:220 - loadIPPluginJar : add spi
2024-03-04 14:36:15,181 [INFO] IPUIPlugin:80 - create IPUIPlugin
2024-03-04 14:36:15,181 [INFO] PluginManager:220 - loadIPPluginJar : add stm32_wpan
2024-03-04 14:36:15,185 [INFO] IPUIPlugin:80 - create IPUIPlugin
2024-03-04 14:36:15,185 [INFO] PluginManager:220 - loadIPPluginJar : add tim
2024-03-04 14:36:15,194 [INFO] IPUIPlugin:80 - create IPUIPlugin
2024-03-04 14:36:15,195 [INFO] PluginManager:220 - loadIPPluginJar : add touchsensing
2024-03-04 14:36:15,198 [INFO] IPUIPlugin:80 - create IPUIPlugin
2024-03-04 14:36:15,199 [INFO] PluginManager:220 - loadIPPluginJar : add tracer_emb
2024-03-04 14:36:15,204 [INFO] IPUIPlugin:80 - create IPUIPlugin
2024-03-04 14:36:15,204 [INFO] PluginManager:220 - loadIPPluginJar : add ts
2024-03-04 14:36:15,208 [INFO] IPUIPlugin:80 - create IPUIPlugin
2024-03-04 14:36:15,208 [INFO] PluginManager:220 - loadIPPluginJar : add tsc
2024-03-04 14:36:15,213 [INFO] IPUIPlugin:80 - create IPUIPlugin
2024-03-04 14:36:15,214 [INFO] PluginManager:220 - loadIPPluginJar : add ucpd
2024-03-04 14:36:15,221 [INFO] IPUIPlugin:80 - create IPUIPlugin
2024-03-04 14:36:15,221 [INFO] PluginManager:220 - loadIPPluginJar : add usart
2024-03-04 14:36:15,227 [INFO] IPUIPlugin:80 - create IPUIPlugin
2024-03-04 14:36:15,227 [INFO] PluginManager:220 - loadIPPluginJar : add usbx
2024-03-04 14:36:15,369 [INFO] CADModel:165 - CPN selected for project level
2024-03-04 14:36:15,369 [INFO] CADModel:114 - Register for checkConnection events
2024-03-04 14:36:15,370 [FATAL] Updater:308 - Updater called before beeing initialized
2024-03-04 14:36:15,370 [ERROR] CADModel:125 - Updater not yet initialized, retry later 
2024-03-04 14:36:15,543 [INFO] CADModel:165 - CPN selected for project level
2024-03-04 14:36:15,543 [INFO] CADModel:114 - Register for checkConnection events
2024-03-04 14:36:15,543 [FATAL] Updater:308 - Updater called before beeing initialized
2024-03-04 14:36:15,543 [ERROR] CADModel:125 - Updater not yet initialized, retry later 
2024-03-04 14:36:15,548 [FATAL] Updater:308 - Updater called before beeing initialized
2024-03-04 14:36:15,729 [FATAL] Updater:308 - Updater called before beeing initialized
2024-03-04 14:36:15,736 [INFO] DbMcusAds:53 - JSON generation date=Wed Nov 29 16:22:27 IST 2023 (1701255147200)
2024-03-04 14:36:15,736 [FATAL] Updater:308 - Updater called before beeing initialized
2024-03-04 14:36:15,795 [WARN] DetailPanel:346 - Failed to get advertising image, set to default
2024-03-04 14:36:15,937 [FATAL] Updater:308 - Updater called before beeing initialized
2024-03-04 14:36:15,940 [FATAL] Updater:308 - Updater called before beeing initialized
2024-03-04 14:36:15,940 [FATAL] Updater:308 - Updater called before beeing initialized
2024-03-04 14:36:15,940 [WARN] DetailPanel:346 - Failed to get advertising image, set to default
2024-03-04 14:36:15,942 [FATAL] Updater:308 - Updater called before beeing initialized
2024-03-04 14:36:16,007 [ERROR] Updater:1120 - MainUpdater not yet initialized. External WinMGr cannot be set.
2024-03-04 14:36:16,012 [INFO] Updater:1056 - Updater Version found : 6.9.2
2024-03-04 14:36:16,041 [INFO] ApplicationProperties:184 - Using Application install path: C:\ST\STM32CubeIDE_1.13.2\STM32CubeIDE\plugins\com.st.stm32cube.common.mx_6.9.2.202309101412
2024-03-04 14:36:16,405 [INFO] MainUpdater:2868 - connection check result : 10
2024-03-04 14:36:16,407 [INFO] MainUpdater:285 - Updater Check For Update Now.
2024-03-04 14:36:16,407 [INFO] MicroXplorer:498 - Change Database Version : DB.6.0.92
2024-03-04 14:36:16,418 [INFO] McuFinderGlobals:63 - Set McuFinder mode to 2 (CubeIDE integrated)
2024-03-04 14:36:16,665 [INFO] CheckServerUpdateThread:120 - End of CheckServer Thread
2024-03-04 14:36:17,110 [WARN] PackLoader:240 - Cannot read IP mode file for STMicroelectronics.X-CUBE-SMBUS.2.1.0
2024-03-04 14:36:17,121 [WARN] PackLoader:240 - Cannot read IP mode file for STMicroelectronics.X-CUBE-TOUCHGFX.4.23.0
2024-03-04 14:36:17,173 [WARN] PackLoader:240 - Cannot read IP mode file for STMicroelectronics.X-CUBE-AZRTOS-F7.1.1.0
2024-03-04 14:36:17,195 [WARN] PackLoader:240 - Cannot read IP mode file for STMicroelectronics.FP-SNS-MOTENV1.4.3.2
2024-03-04 14:36:17,210 [WARN] PackLoader:240 - Cannot read IP mode file for STMicroelectronics.FP-SNS-FLIGHT1.5.0.2
2024-03-04 14:36:17,226 [WARN] PackLoader:240 - Cannot read IP mode file for STMicroelectronics.X-CUBE-DISPLAY.3.0.0
2024-03-04 14:36:17,251 [WARN] PackLoader:240 - Cannot read IP mode file for STMicroelectronics.X-CUBE-BLE1.7.0.0
2024-03-04 14:36:17,263 [WARN] PackLoader:240 - Cannot read IP mode file for emotas.I-CUBE-CANOPEN.1.3.0
2024-03-04 14:36:17,269 [WARN] PackLoader:240 - Cannot read IP mode file for STMicroelectronics.X-CUBE-TOUCHGFX.4.22.1
2024-03-04 14:36:17,292 [WARN] PackLoader:240 - Cannot read IP mode file for STMicroelectronics.X-CUBE-BLEMGR.3.1.0
2024-03-04 14:36:17,312 [WARN] PackLoader:240 - Cannot read IP mode file for STMicroelectronics.FP-SNS-SMARTAG2.1.2.0
2024-03-04 14:36:17,334 [INFO] LogOutputStream:77 - [STDOUT_REDIRECT] 1 : Invalid condition id : UX_CORESTACK_Condition cause : null
2024-03-04 14:36:17,335 [INFO] LogOutputStream:77 - [STDOUT_REDIRECT] 1 : Invalid condition id : UX_CORESTACK_Condition cause : null
2024-03-04 14:36:17,337 [INFO] LogOutputStream:77 - [STDOUT_REDIRECT] 1 : Invalid condition id : UX_CORESTACK_Condition cause : null
2024-03-04 14:36:17,339 [INFO] LogOutputStream:77 - [STDOUT_REDIRECT] 1 : Invalid condition id : UX_CORESTACK_Condition cause : null
2024-03-04 14:36:17,340 [INFO] LogOutputStream:77 - [STDOUT_REDIRECT] 1 : Invalid condition id : UX_CORESTACK_Condition cause : null
2024-03-04 14:36:17,349 [WARN] PackLoader:240 - Cannot read IP mode file for STMicroelectronics.X-CUBE-AZRTOS-WL.2.0.0
2024-03-04 14:36:17,368 [WARN] PackLoader:240 - Cannot read IP mode file for WES.I-CUBE-Cesium.1.3.0
2024-03-04 14:36:17,378 [WARN] PackLoader:240 - Cannot read IP mode file for STMicroelectronics.X-CUBE-BLE2.3.3.0
2024-03-04 14:36:17,394 [WARN] PackLoader:240 - Cannot read IP mode file for STMicroelectronics.X-CUBE-ALGOBUILD.1.3.0
2024-03-04 14:36:17,424 [WARN] PackLoader:240 - Cannot read IP mode file for STMicroelectronics.X-CUBE-AZRTOS-G0.1.1.0
2024-03-04 14:36:17,441 [WARN] PackLoader:240 - Cannot read IP mode file for STMicroelectronics.X-CUBE-NFC4.3.0.0
2024-03-04 14:36:17,459 [WARN] PackLoader:240 - Cannot read IP mode file for STMicroelectronics.X-CUBE-BLEMGR.3.0.0
2024-03-04 14:36:17,470 [WARN] PackLoader:240 - Cannot read IP mode file for STMicroelectronics.FP-ATR-SIGFOX1.3.2.0
2024-03-04 14:36:17,482 [WARN] PackLoader:240 - Cannot read IP mode file for STMicroelectronics.X-CUBE-EEPRMA1.5.1.0
2024-03-04 14:36:17,550 [WARN] PackLoader:240 - Cannot read IP mode file for SEGGER.I-CUBE-embOS.1.3.1
2024-03-04 14:36:17,641 [WARN] PackLoader:240 - Cannot read IP mode file for STMicroelectronics.X-CUBE-GNSS1.6.0.0
2024-03-04 14:36:17,673 [WARN] PackLoader:240 - Cannot read IP mode file for STMicroelectronics.X-CUBE-AZRTOS-F4.1.1.0
2024-03-04 14:36:17,688 [WARN] PackLoader:240 - Cannot read IP mode file for wolfSSL.I-CUBE-wolfSSL.5.6.3
2024-03-04 14:36:17,713 [WARN] PackLoader:240 - Cannot read IP mode file for STMicroelectronics.X-CUBE-AZRTOS-L5.2.0.0
2024-03-04 14:36:17,776 [WARN] PackLoader:240 - Cannot read IP mode file for STMicroelectronics.X-CUBE-MEMS1.9.6.0
2024-03-04 14:36:18,023 [WARN] PackLoader:240 - Cannot read IP mode file for STMicroelectronics.X-CUBE-EEPRMA1.4.2.0
2024-03-04 14:36:18,031 [WARN] PackLoader:240 - Cannot read IP mode file for ITTIA_DB.I-CUBE-ITTIADB.8.8.0
2024-03-04 14:36:18,042 [WARN] PackLoader:240 - Cannot read IP mode file for STMicroelectronics.X-CUBE-BLEMGR.2.0.0
2024-03-04 14:36:18,066 [WARN] ConditionMgr:438 - getConditionDescription Invalid condition id : UX DEVICE CLASS RTOS Condition cause : null
2024-03-04 14:36:18,066 [WARN] ConditionMgr:438 - getConditionDescription Invalid condition id : UX DEVICE CLASS RTOS Condition cause : null
2024-03-04 14:36:18,070 [WARN] PackLoader:240 - Cannot read IP mode file for STMicroelectronics.X-CUBE-AZRTOS-H7.3.1.0
2024-03-04 14:36:18,071 [WARN] ConditionMgr:1039 - genDependencies : Invalid condition id : UX DEVICE CLASS RTOS Condition cause : null
2024-03-04 14:36:18,071 [WARN] ConditionMgr:1039 - genDependencies : Invalid condition id : UX DEVICE CLASS RTOS Condition cause : null
2024-03-04 14:36:18,071 [WARN] ConditionMgr:1039 - genDependencies : Invalid condition id : UX DEVICE CLASS RTOS Condition cause : null
2024-03-04 14:36:18,072 [WARN] ConditionMgr:1039 - genDependencies : Invalid condition id : UX DEVICE CLASS RTOS Condition cause : null
2024-03-04 14:36:18,072 [WARN] ConditionMgr:1039 - genDependencies : Invalid condition id : UX DEVICE CLASS RTOS Condition cause : null
2024-03-04 14:36:18,083 [WARN] PackLoader:240 - Cannot read IP mode file for STMicroelectronics.X-CUBE-NFC7.1.0.1
2024-03-04 14:36:18,095 [WARN] PackLoader:240 - Cannot read IP mode file for STMicroelectronics.X-CUBE-NFC6.3.0.0
2024-03-04 14:36:18,105 [WARN] PackLoader:240 - Cannot read IP mode file for STMicroelectronics.X-CUBE-EEPRMA1.4.1.0
2024-03-04 14:36:18,116 [WARN] PackLoader:240 - Cannot read IP mode file for STMicroelectronics.X-CUBE-AI.8.1.0
2024-03-04 14:36:18,151 [WARN] ConditionMgr:438 - getConditionDescription Invalid condition id : LAN8742 Phy interface Condition cause : null
2024-03-04 14:36:18,153 [WARN] PackLoader:240 - Cannot read IP mode file for STMicroelectronics.X-CUBE-AZRTOS-L4.2.0.0
2024-03-04 14:36:18,155 [WARN] ConditionMgr:1039 - genDependencies : Invalid condition id : LAN8742 Phy interface Condition cause : null
2024-03-04 14:36:18,155 [WARN] ConditionMgr:1039 - genDependencies : Invalid condition id : LAN8742 Phy interface Condition cause : null
2024-03-04 14:36:18,156 [WARN] ConditionMgr:1039 - genDependencies : Invalid condition id : LAN8742 Phy interface Condition cause : null
2024-03-04 14:36:18,170 [WARN] PackLoader:240 - Cannot read IP mode file for STMicroelectronics.X-CUBE-SFXS2LP1.4.0.0
2024-03-04 14:36:18,180 [WARN] PackLoader:240 - Cannot read IP mode file for STMicroelectronics.X-CUBE-ISPU.1.1.0
2024-03-04 14:36:18,196 [WARN] ConditionMgr:438 - getConditionDescription Invalid condition id : UX DEVICE CLASS RTOS Condition cause : null
2024-03-04 14:36:18,197 [WARN] ConditionMgr:438 - getConditionDescription Invalid condition id : UX DEVICE CLASS RTOS Condition cause : null
2024-03-04 14:36:18,200 [WARN] PackLoader:240 - Cannot read IP mode file for STMicroelectronics.X-CUBE-AZRTOS-WB.2.0.0
2024-03-04 14:36:18,201 [WARN] ConditionMgr:1039 - genDependencies : Invalid condition id : UX DEVICE CLASS RTOS Condition cause : null
2024-03-04 14:36:18,201 [WARN] ConditionMgr:1039 - genDependencies : Invalid condition id : UX DEVICE CLASS RTOS Condition cause : null
2024-03-04 14:36:18,202 [WARN] ConditionMgr:1039 - genDependencies : Invalid condition id : UX DEVICE CLASS RTOS Condition cause : null
2024-03-04 14:36:18,202 [WARN] ConditionMgr:1039 - genDependencies : Invalid condition id : UX DEVICE CLASS RTOS Condition cause : null
2024-03-04 14:36:18,202 [WARN] ConditionMgr:1039 - genDependencies : Invalid condition id : UX DEVICE CLASS RTOS Condition cause : null
2024-03-04 14:36:18,218 [WARN] PackLoader:240 - Cannot read IP mode file for STMicroelectronics.X-CUBE-SUBG2.5.0.0
2024-03-04 14:36:18,242 [WARN] PackLoader:240 - Cannot read IP mode file for STMicroelectronics.X-CUBE-TOF1.3.3.1
2024-03-04 14:36:18,274 [WARN] PackLoader:240 - Cannot read IP mode file for STMicroelectronics.X-CUBE-AZRTOS-G4.2.0.0
2024-03-04 14:36:18,299 [WARN] PackLoader:240 - Cannot read IP mode file for Infineon.AIROC-Wi-Fi-Bluetooth-STM32.1.5.1
2024-03-04 14:36:18,310 [WARN] PackLoader:240 - Cannot read IP mode file for STMicroelectronics.FP-SNS-MOTENVWB1.1.3.0
2024-03-04 14:36:18,318 [WARN] PackLoader:240 - Cannot read IP mode file for STMicroelectronics.FP-SNS-MOTENVWB1.1.3.1
2024-03-04 14:36:18,323 [WARN] PackLoader:240 - Cannot read IP mode file for STMicroelectronics.X-CUBE-ISPU.2.0.0
2024-03-04 14:36:18,330 [WARN] PackLoader:240 - Cannot read IP mode file for STMicroelectronics.X-CUBE-FREERTOS.1.1.0
2024-03-04 14:36:18,339 [WARN] PackLoader:240 - Cannot read IP mode file for portGmbH.I-Cube-SoM-uGOAL.1.1.0
2024-03-04 14:36:18,346 [WARN] PackLoader:240 - Cannot read IP mode file for STMicroelectronics.X-CUBE-ALS.1.0.1
2024-03-04 14:36:18,353 [WARN] PackLoader:240 - Cannot read IP mode file for STMicroelectronics.FP-ATR-ASTRA1.2.0.0
2024-03-04 14:36:18,367 [WARN] PackLoader:240 - Cannot read IP mode file for STMicroelectronics.X-CUBE-TOF1.3.4.0
2024-03-04 14:36:18,415 [WARN] PackLoader:240 - Cannot read IP mode file for STMicroelectronics.X-CUBE-AZRTOS-H7.3.2.0
2024-03-04 14:36:18,420 [INFO] ThirdParty:978 - Integrity check success = true
2024-03-04 14:36:18,420 [INFO] IntegrityCheckThread:100 - exiting critical section [integrity check]
2024-03-04 14:36:18,421 [INFO] IntegrityCheckThread:103 - End integrity checks thread
2024-03-04 14:36:37,679 [ERROR] LogOutputStream:75 - [STDERR_REDIRECT] SLF4J: Failed to load class "org.slf4j.impl.StaticLoggerBinder".
2024-03-04 14:36:37,680 [ERROR] LogOutputStream:75 - [STDERR_REDIRECT] SLF4J: Defaulting to no-operation (NOP) logger implementation
2024-03-04 14:36:37,683 [ERROR] LogOutputStream:75 - [STDERR_REDIRECT] SLF4J: See http://www.slf4j.org/codes.html#StaticLoggerBinder for further details.
