2024-01-04 11:53:54,182 [INFO] Activator:176 - 


2024-01-04 11:53:54,188 [INFO] Activator:177 - !SESSION log4j initialized
2024-01-04 11:53:59,063 [INFO] LogOutputStream:77 - [STDOUT_REDIRECT] 
2024-01-04 11:54:00,308 [INFO] ApplicationProperties:184 - Using Application install path: C:\ST\STM32CubeIDE_1.13.2\STM32CubeIDE\plugins\com.st.stm32cube.common.mx_6.9.2.202309101412
2024-01-04 11:54:00,323 [INFO] DbMcusXml:78 - Set database path to: C:\ST\STM32CubeIDE_1.13.2\STM32CubeIDE\plugins\com.st.stm32cube.common.mx_6.9.2.202309101412\\db\/mcu/
2024-01-04 11:54:00,323 [INFO] ApiDb:274 - Set plugin database path to: C:\ST\STM32CubeIDE_1.13.2\STM32CubeIDE\plugins\com.st.stm32cube.common.mx_6.9.2.202309101412\\db\/plugins/boardmanager/
2024-01-04 11:54:00,323 [WARN] ApiDb:259 - Overriding images path with different value:  => C:\ST\STM32CubeIDE_1.13.2\STM32CubeIDE\plugins\com.st.stm32cube.common.mx_6.9.2.202309101412\\db\/plugins/mcufinder/images/
2024-01-04 11:54:00,334 [INFO] ApiDb:250 - Set database path to: C:\Users\sanjay.kumar\.stmcufinder\plugins\mcufinder//mcu/
2024-01-04 11:54:00,335 [INFO] DbMcusAds:125 - Set database path to: C:\Users\sanjay.kumar\.stmcufinder\plugins\mcufinder//mcu/
2024-01-04 11:54:00,337 [INFO] CrossReferenceDbSqlite:203 - Set database path to: C:\Users\sanjay.kumar\.stmcufinder\plugins\mcufinder//mcu/cs/
2024-01-04 11:54:00,440 [INFO] RulesReader:64 - Compatibility file has been processed (293 Rules)
2024-01-04 11:54:00,564 [INFO] DbMcusXml:78 - Set database path to: C:\ST\STM32CubeIDE_1.13.2\STM32CubeIDE\plugins\com.st.stm32cube.common.mx_6.9.2.202309101412\\db\/mcu/
2024-01-04 11:54:00,564 [INFO] ApiDb:274 - Set plugin database path to: C:\ST\STM32CubeIDE_1.13.2\STM32CubeIDE\plugins\com.st.stm32cube.common.mx_6.9.2.202309101412\\db\/plugins/boardmanager/
2024-01-04 11:54:00,564 [INFO] ApiDb:261 - Set plugin images path to: C:\ST\STM32CubeIDE_1.13.2\STM32CubeIDE\plugins\com.st.stm32cube.common.mx_6.9.2.202309101412\\db\/plugins/mcufinder/images/
2024-01-04 11:54:00,564 [WARN] DbFile:41 - Overriding database path with different value: C:\Users\sanjay.kumar\.stmcufinder\plugins\mcufinder/ => C:\Users\sanjay.kumar\.stmcufinder\plugins\mcufinder
2024-01-04 11:54:00,565 [INFO] ApiDb:250 - Set database path to: C:\Users\sanjay.kumar\.stmcufinder\plugins\mcufinder//mcu/
2024-01-04 11:54:00,565 [WARN] DbFile:41 - Overriding database path with different value: C:\Users\sanjay.kumar\.stmcufinder\plugins\mcufinder/ => C:\Users\sanjay.kumar\.stmcufinder\plugins\mcufinder
2024-01-04 11:54:00,565 [INFO] DbMcusAds:125 - Set database path to: C:\Users\sanjay.kumar\.stmcufinder\plugins\mcufinder//mcu/
2024-01-04 11:54:00,565 [WARN] DbFile:41 - Overriding database path with different value: C:\Users\sanjay.kumar\.stmcufinder\plugins\mcufinder/ => C:\Users\sanjay.kumar\.stmcufinder\plugins\mcufinder
2024-01-04 11:54:00,565 [WARN] DbFile:41 - Overriding database path with different value: C:\Users\sanjay.kumar\.stmcufinder\plugins\mcufinder/ => C:\Users\sanjay.kumar\.stmcufinder\plugins\mcufinder
2024-01-04 11:54:00,566 [INFO] CrossReferenceDbSqlite:203 - Set database path to: C:\Users\sanjay.kumar\.stmcufinder\plugins\mcufinder//mcu/cs/
2024-01-04 11:54:00,679 [INFO] MainPanel:262 - HeapMemory: 268435456
2024-01-04 11:54:00,797 [INFO] DbMcusXml:78 - Set database path to: C:\ST\STM32CubeIDE_1.13.2\STM32CubeIDE\plugins\com.st.stm32cube.common.mx_6.9.2.202309101412\\db\/mcu/
2024-01-04 11:54:00,798 [INFO] ApiDb:274 - Set plugin database path to: C:\ST\STM32CubeIDE_1.13.2\STM32CubeIDE\plugins\com.st.stm32cube.common.mx_6.9.2.202309101412\\db\/plugins/boardmanager/
2024-01-04 11:54:00,798 [INFO] ApiDb:261 - Set plugin images path to: C:\ST\STM32CubeIDE_1.13.2\STM32CubeIDE\plugins\com.st.stm32cube.common.mx_6.9.2.202309101412\\db\/plugins/mcufinder/images/
2024-01-04 11:54:00,798 [WARN] DbFile:41 - Overriding database path with different value: C:\Users\sanjay.kumar\.stmcufinder\plugins\mcufinder/ => C:\Users\sanjay.kumar\.stmcufinder\plugins\mcufinder
2024-01-04 11:54:00,798 [INFO] ApiDb:250 - Set database path to: C:\Users\sanjay.kumar\.stmcufinder\plugins\mcufinder//mcu/
2024-01-04 11:54:00,800 [WARN] DbFile:41 - Overriding database path with different value: C:\Users\sanjay.kumar\.stmcufinder\plugins\mcufinder/ => C:\Users\sanjay.kumar\.stmcufinder\plugins\mcufinder
2024-01-04 11:54:00,800 [INFO] DbMcusAds:125 - Set database path to: C:\Users\sanjay.kumar\.stmcufinder\plugins\mcufinder//mcu/
2024-01-04 11:54:00,800 [WARN] DbFile:41 - Overriding database path with different value: C:\Users\sanjay.kumar\.stmcufinder\plugins\mcufinder/ => C:\Users\sanjay.kumar\.stmcufinder\plugins\mcufinder
2024-01-04 11:54:00,800 [WARN] DbFile:41 - Overriding database path with different value: C:\Users\sanjay.kumar\.stmcufinder\plugins\mcufinder/ => C:\Users\sanjay.kumar\.stmcufinder\plugins\mcufinder
2024-01-04 11:54:00,800 [INFO] CrossReferenceDbSqlite:203 - Set database path to: C:\Users\sanjay.kumar\.stmcufinder\plugins\mcufinder//mcu/cs/
2024-01-04 11:54:00,826 [INFO] ApplicationProperties:184 - Using Application install path: C:\ST\STM32CubeIDE_1.13.2\STM32CubeIDE\plugins\com.st.stm32cube.common.mx_6.9.2.202309101412
2024-01-04 11:54:00,828 [INFO] PluginManage:196 - Search for loadable plugins [exclusion list=, ]
2024-01-04 11:54:00,830 [INFO] PluginManage:310 - Check plugin analytics
2024-01-04 11:54:01,016 [INFO] AnalyticsPlugin:253 - Accepted Software Licenses: STM32CubeMX.6.2.1
2024-01-04 11:54:01,016 [INFO] AnalyticsPlugin:255 - Accepted CMSIS Pack Licenses: 
2024-01-04 11:54:01,017 [INFO] AnalyticsPlugin:257 - Accepted Firmware Licenses: 
2024-01-04 11:54:01,019 [INFO] PluginManage:359 - Loaded plugin analytics (category:tool,tabindex:-1)
2024-01-04 11:54:01,020 [INFO] PluginManage:310 - Check plugin cadmodel
2024-01-04 11:54:01,029 [INFO] CADModel:105 - Init CAD model plugin
2024-01-04 11:54:01,030 [INFO] PluginManage:359 - Loaded plugin cadmodel (category:power,tabindex:5)
2024-01-04 11:54:01,030 [INFO] PluginManage:310 - Check plugin clock
2024-01-04 11:54:01,165 [INFO] PluginManage:359 - Loaded plugin clock (category:base,tabindex:2)
2024-01-04 11:54:01,165 [INFO] PluginManage:310 - Check plugin ddr
2024-01-04 11:54:01,169 [INFO] PluginManage:359 - Loaded plugin ddr (category:tool,tabindex:6)
2024-01-04 11:54:01,169 [INFO] PluginManage:310 - Check plugin filemanager
2024-01-04 11:54:01,350 [INFO] PluginManage:359 - Loaded plugin filemanager (category:base,tabindex:10)
2024-01-04 11:54:01,350 [INFO] PluginManage:310 - Check plugin ipmanager
2024-01-04 11:54:01,365 [INFO] PluginManage:359 - Loaded plugin ipmanager (category:base,tabindex:5)
2024-01-04 11:54:01,365 [INFO] PluginManage:310 - Check plugin lpbam
2024-01-04 11:54:01,406 [INFO] PluginManage:359 - Loaded plugin lpbam (category:base,tabindex:0)
2024-01-04 11:54:01,407 [INFO] PluginManage:310 - Check plugin memorymap
2024-01-04 11:54:01,451 [INFO] PluginManage:359 - Loaded plugin memorymap (category:base,tabindex:4)
2024-01-04 11:54:01,451 [INFO] PluginManage:310 - Check plugin pinoutandconfiguration
2024-01-04 11:54:01,529 [INFO] PluginManage:359 - Loaded plugin pinoutandconfiguration (category:base,tabindex:1)
2024-01-04 11:54:01,529 [INFO] PluginManage:310 - Check plugin pinoutconfig
2024-01-04 11:54:01,696 [WARN] SupportedApi:132 - Cannot load RTOS API schema: s4s-elt-must-match.1: The content of 'definitions' must match (annotation?, (simpleType | complexType)?, (unique | key | keyref)*)). A problem was found starting at: attribute.
2024-01-04 11:54:01,869 [INFO] PluginManage:359 - Loaded plugin pinoutconfig (category:base,tabindex:0)
2024-01-04 11:54:01,869 [INFO] PluginManage:310 - Check plugin power
2024-01-04 11:54:01,884 [INFO] PluginManage:359 - Loaded plugin power (category:power,tabindex:4)
2024-01-04 11:54:01,885 [INFO] PluginManage:310 - Check plugin projectmanager
2024-01-04 11:54:01,901 [INFO] PluginManage:359 - Loaded plugin projectmanager (category:projectmanager,tabindex:3)
2024-01-04 11:54:01,901 [INFO] PluginManage:310 - Check plugin thirdparty
2024-01-04 11:54:02,094 [WARN] IntegrityCheckThread:84 - waiting for thirdparty lock release [integrity check]
2024-01-04 11:54:02,094 [INFO] IntegrityCheckThread:86 - entering critical section [integrity check]
2024-01-04 11:54:02,094 [INFO] PluginManage:359 - Loaded plugin thirdparty (category:base,tabindex:-1)
2024-01-04 11:54:02,095 [INFO] PluginManage:310 - Check plugin tools
2024-01-04 11:54:02,095 [INFO] ThirdPartyUpdaterWithRetryManager:70 - Updater plugin not ready yet. [1/15]
2024-01-04 11:54:02,102 [INFO] PluginManage:359 - Loaded plugin tools (category:base,tabindex:7)
2024-01-04 11:54:02,102 [INFO] PluginManage:310 - Check plugin tutovideos
2024-01-04 11:54:02,401 [INFO] PluginManage:359 - Loaded plugin tutovideos (category:base,tabindex:-1)
2024-01-04 11:54:02,401 [INFO] PluginManage:310 - Check plugin updater
2024-01-04 11:54:02,418 [INFO] PluginManage:359 - Loaded plugin updater (category:base,tabindex:12)
2024-01-04 11:54:02,418 [INFO] PluginManage:310 - Check plugin userauth
2024-01-04 11:54:02,425 [INFO] UserAuth:113 - Init User Auth plugin
2024-01-04 11:54:02,427 [INFO] PluginManage:359 - Loaded plugin userauth (category:base,tabindex:14)
2024-01-04 11:54:02,427 [INFO] PluginManage:283 - PluginManage : Loaded plugins [17]
2024-01-04 11:54:02,754 [INFO] PinOutPanel:1499 - setPackage(No Configuration,No Configuration)
2024-01-04 11:54:02,950 [INFO] CADModel:165 - CPN selected for project level
2024-01-04 11:54:02,950 [INFO] CADModel:114 - Register for checkConnection events
2024-01-04 11:54:02,984 [INFO] IPUIPlugin:80 - create IPUIPlugin
2024-01-04 11:54:02,986 [INFO] PluginManager:220 - loadIPPluginJar : add adc
2024-01-04 11:54:02,997 [INFO] IPUIPlugin:80 - create IPUIPlugin
2024-01-04 11:54:02,997 [INFO] PluginManager:220 - loadIPPluginJar : add aes
2024-01-04 11:54:03,012 [INFO] IPUIPlugin:80 - create IPUIPlugin
2024-01-04 11:54:03,012 [INFO] PluginManager:220 - loadIPPluginJar : add can
2024-01-04 11:54:03,018 [INFO] IPUIPlugin:80 - create IPUIPlugin
2024-01-04 11:54:03,019 [INFO] PluginManager:220 - loadIPPluginJar : add comp
2024-01-04 11:54:03,029 [INFO] IPUIPlugin:80 - create IPUIPlugin
2024-01-04 11:54:03,029 [INFO] PluginManager:220 - loadIPPluginJar : add cryp
2024-01-04 11:54:03,037 [INFO] IPUIPlugin:80 - create IPUIPlugin
2024-01-04 11:54:03,037 [INFO] PluginManager:220 - loadIPPluginJar : add dfsdm
2024-01-04 11:54:03,060 [INFO] IPUIPlugin:80 - create IPUIPlugin
2024-01-04 11:54:03,061 [INFO] PluginManager:220 - loadIPPluginJar : add dma
2024-01-04 11:54:03,070 [INFO] IPUIPlugin:80 - create IPUIPlugin
2024-01-04 11:54:03,071 [INFO] PluginManager:220 - loadIPPluginJar : add dma3
2024-01-04 11:54:03,077 [INFO] IPUIPlugin:80 - create IPUIPlugin
2024-01-04 11:54:03,078 [INFO] PluginManager:220 - loadIPPluginJar : add fatfs
2024-01-04 11:54:03,094 [INFO] IPUIPlugin:80 - create IPUIPlugin
2024-01-04 11:54:03,094 [INFO] PluginManager:220 - loadIPPluginJar : add fmc
2024-01-04 11:54:03,216 [INFO] IPUIPlugin:80 - create IPUIPlugin
2024-01-04 11:54:03,217 [INFO] PluginManager:220 - loadIPPluginJar : add freertos
2024-01-04 11:54:03,222 [INFO] IPUIPlugin:80 - create IPUIPlugin
2024-01-04 11:54:03,223 [INFO] PluginManager:220 - loadIPPluginJar : add genericplugin
2024-01-04 11:54:03,233 [INFO] IPUIPlugin:80 - create IPUIPlugin
2024-01-04 11:54:03,233 [INFO] PluginManager:220 - loadIPPluginJar : add gfxmmu
2024-01-04 11:54:03,250 [INFO] IPUIPlugin:80 - create IPUIPlugin
2024-01-04 11:54:03,251 [INFO] PluginManager:220 - loadIPPluginJar : add gic
2024-01-04 11:54:03,275 [INFO] IPUIPlugin:80 - create IPUIPlugin
2024-01-04 11:54:03,275 [INFO] PluginManager:220 - loadIPPluginJar : add gpio
2024-01-04 11:54:03,288 [INFO] IPUIPlugin:80 - create IPUIPlugin
2024-01-04 11:54:03,288 [INFO] PluginManager:220 - loadIPPluginJar : add gtzc
2024-01-04 11:54:03,295 [INFO] IPUIPlugin:80 - create IPUIPlugin
2024-01-04 11:54:03,295 [INFO] PluginManager:220 - loadIPPluginJar : add hash
2024-01-04 11:54:03,304 [INFO] IPUIPlugin:80 - create IPUIPlugin
2024-01-04 11:54:03,304 [INFO] PluginManager:220 - loadIPPluginJar : add i2c
2024-01-04 11:54:03,311 [INFO] IPUIPlugin:80 - create IPUIPlugin
2024-01-04 11:54:03,312 [INFO] PluginManager:220 - loadIPPluginJar : add i2s
2024-01-04 11:54:03,321 [INFO] IPUIPlugin:80 - create IPUIPlugin
2024-01-04 11:54:03,321 [INFO] PluginManager:220 - loadIPPluginJar : add i3c
2024-01-04 11:54:03,334 [INFO] IPUIPlugin:80 - create IPUIPlugin
2024-01-04 11:54:03,335 [INFO] PluginManager:220 - loadIPPluginJar : add ipddr
2024-01-04 11:54:03,352 [INFO] IPUIPlugin:80 - create IPUIPlugin
2024-01-04 11:54:03,353 [INFO] PluginManager:220 - loadIPPluginJar : add linkedlist
2024-01-04 11:54:03,360 [INFO] IPUIPlugin:80 - create IPUIPlugin
2024-01-04 11:54:03,360 [INFO] PluginManager:220 - loadIPPluginJar : add lorawan
2024-01-04 11:54:03,366 [INFO] IPUIPlugin:80 - create IPUIPlugin
2024-01-04 11:54:03,367 [INFO] PluginManager:220 - loadIPPluginJar : add ltdc
2024-01-04 11:54:03,394 [INFO] IPUIPlugin:80 - create IPUIPlugin
2024-01-04 11:54:03,394 [INFO] PluginManager:220 - loadIPPluginJar : add mdma
2024-01-04 11:54:03,416 [INFO] IPUIPlugin:80 - create IPUIPlugin
2024-01-04 11:54:03,416 [INFO] PluginManager:220 - loadIPPluginJar : add nvic
2024-01-04 11:54:03,423 [INFO] IPUIPlugin:80 - create IPUIPlugin
2024-01-04 11:54:03,423 [INFO] PluginManager:220 - loadIPPluginJar : add opamp
2024-01-04 11:54:03,433 [INFO] IPUIPlugin:80 - create IPUIPlugin
2024-01-04 11:54:03,433 [INFO] PluginManager:220 - loadIPPluginJar : add openamp
2024-01-04 11:54:03,441 [INFO] IPUIPlugin:80 - create IPUIPlugin
2024-01-04 11:54:03,441 [INFO] PluginManager:220 - loadIPPluginJar : add pdm2pcm
2024-01-04 11:54:03,462 [INFO] IPUIPlugin:80 - create IPUIPlugin
2024-01-04 11:54:03,465 [INFO] PluginManager:220 - loadIPPluginJar : add plateformsettings
2024-01-04 11:54:03,471 [INFO] IPUIPlugin:80 - create IPUIPlugin
2024-01-04 11:54:03,471 [INFO] PluginManager:220 - loadIPPluginJar : add quadspi
2024-01-04 11:54:03,548 [INFO] IPUIPlugin:80 - create IPUIPlugin
2024-01-04 11:54:03,548 [INFO] PluginManager:220 - loadIPPluginJar : add resmgrutility
2024-01-04 11:54:03,557 [INFO] IPUIPlugin:80 - create IPUIPlugin
2024-01-04 11:54:03,558 [INFO] PluginManager:220 - loadIPPluginJar : add sai
2024-01-04 11:54:03,566 [INFO] IPUIPlugin:80 - create IPUIPlugin
2024-01-04 11:54:03,566 [INFO] PluginManager:220 - loadIPPluginJar : add spi
2024-01-04 11:54:03,578 [INFO] IPUIPlugin:80 - create IPUIPlugin
2024-01-04 11:54:03,578 [INFO] PluginManager:220 - loadIPPluginJar : add stm32_wpan
2024-01-04 11:54:03,583 [INFO] IPUIPlugin:80 - create IPUIPlugin
2024-01-04 11:54:03,583 [INFO] PluginManager:220 - loadIPPluginJar : add tim
2024-01-04 11:54:03,594 [INFO] IPUIPlugin:80 - create IPUIPlugin
2024-01-04 11:54:03,594 [INFO] PluginManager:220 - loadIPPluginJar : add touchsensing
2024-01-04 11:54:03,599 [INFO] IPUIPlugin:80 - create IPUIPlugin
2024-01-04 11:54:03,599 [INFO] PluginManager:220 - loadIPPluginJar : add tracer_emb
2024-01-04 11:54:03,604 [INFO] IPUIPlugin:80 - create IPUIPlugin
2024-01-04 11:54:03,604 [INFO] PluginManager:220 - loadIPPluginJar : add ts
2024-01-04 11:54:03,609 [INFO] IPUIPlugin:80 - create IPUIPlugin
2024-01-04 11:54:03,609 [INFO] PluginManager:220 - loadIPPluginJar : add tsc
2024-01-04 11:54:03,615 [INFO] IPUIPlugin:80 - create IPUIPlugin
2024-01-04 11:54:03,615 [INFO] PluginManager:220 - loadIPPluginJar : add ucpd
2024-01-04 11:54:03,623 [INFO] IPUIPlugin:80 - create IPUIPlugin
2024-01-04 11:54:03,623 [INFO] PluginManager:220 - loadIPPluginJar : add usart
2024-01-04 11:54:03,631 [INFO] IPUIPlugin:80 - create IPUIPlugin
2024-01-04 11:54:03,631 [INFO] PluginManager:220 - loadIPPluginJar : add usbx
2024-01-04 11:54:03,803 [INFO] CADModel:165 - CPN selected for project level
2024-01-04 11:54:03,803 [INFO] CADModel:114 - Register for checkConnection events
2024-01-04 11:54:03,803 [FATAL] Updater:308 - Updater called before beeing initialized
2024-01-04 11:54:03,804 [ERROR] CADModel:125 - Updater not yet initialized, retry later 
2024-01-04 11:54:04,083 [INFO] CADModel:165 - CPN selected for project level
2024-01-04 11:54:04,083 [INFO] CADModel:114 - Register for checkConnection events
2024-01-04 11:54:04,083 [FATAL] Updater:308 - Updater called before beeing initialized
2024-01-04 11:54:04,083 [ERROR] CADModel:125 - Updater not yet initialized, retry later 
2024-01-04 11:54:04,089 [FATAL] Updater:308 - Updater called before beeing initialized
2024-01-04 11:54:04,273 [FATAL] Updater:308 - Updater called before beeing initialized
2024-01-04 11:54:04,283 [INFO] DbMcusAds:53 - JSON generation date=Wed Nov 29 16:22:27 IST 2023 (1701255147349)
2024-01-04 11:54:04,283 [FATAL] Updater:308 - Updater called before beeing initialized
2024-01-04 11:54:04,364 [WARN] DetailPanel:346 - Failed to get advertising image, set to default
2024-01-04 11:54:04,592 [FATAL] Updater:308 - Updater called before beeing initialized
2024-01-04 11:54:04,595 [FATAL] Updater:308 - Updater called before beeing initialized
2024-01-04 11:54:04,595 [FATAL] Updater:308 - Updater called before beeing initialized
2024-01-04 11:54:04,596 [WARN] DetailPanel:346 - Failed to get advertising image, set to default
2024-01-04 11:54:04,597 [FATAL] Updater:308 - Updater called before beeing initialized
2024-01-04 11:54:04,676 [ERROR] Updater:1120 - MainUpdater not yet initialized. External WinMGr cannot be set.
2024-01-04 11:54:04,681 [INFO] Updater:1056 - Updater Version found : 6.9.2
2024-01-04 11:54:04,709 [INFO] ApplicationProperties:184 - Using Application install path: C:\ST\STM32CubeIDE_1.13.2\STM32CubeIDE\plugins\com.st.stm32cube.common.mx_6.9.2.202309101412
2024-01-04 11:54:05,098 [INFO] ThirdPartyUpdaterWithRetryManager:70 - Updater plugin not ready yet. [2/15]
2024-01-04 11:54:05,913 [INFO] MainUpdater:2868 - connection check result : 10
2024-01-04 11:54:05,914 [INFO] MainUpdater:3562 - Updater definition file requires update
2024-01-04 11:54:05,915 [INFO] MainUpdater:285 - Updater Check For Update Now.
2024-01-04 11:54:05,915 [INFO] MicroXplorer:498 - Change Database Version : DB.6.0.92
2024-01-04 11:54:05,923 [INFO] McuFinderGlobals:63 - Set McuFinder mode to 2 (CubeIDE integrated)
2024-01-04 11:54:07,178 [INFO] ServerAccessManage:473 - Download File updaters.zip
2024-01-04 11:54:07,890 [INFO] FileExtend:240 - Unzip File : updaters.zip
2024-01-04 11:54:07,890 [INFO] FileExtend:255 - Standard Zip Deflate
2024-01-04 11:54:08,099 [WARN] MainUpdater:1189 - Updater busy. Cannot search thirdparties
2024-01-04 11:54:08,099 [INFO] ThirdPartyUpdaterWithRetryManager:96 - Updater plugin is busy. [1/15]
2024-01-04 11:54:09,324 [INFO] ServerAccessManage:473 - Download File PacksControlFlags.xml
2024-01-04 11:54:10,201 [INFO] ServerAccessManage:473 - Download File cubemx.pidx
2024-01-04 11:54:10,298 [INFO] LoadServerUpdatesThread:373 - End of LoadServerUpdate Thread
2024-01-04 11:54:10,462 [INFO] CheckServerUpdateThread:120 - End of CheckServer Thread
2024-01-04 11:54:11,701 [WARN] PackLoader:240 - Cannot read IP mode file for STMicroelectronics.X-CUBE-SMBUS.2.1.0
2024-01-04 11:54:11,726 [WARN] PackLoader:240 - Cannot read IP mode file for STMicroelectronics.X-CUBE-TOUCHGFX.4.23.0
2024-01-04 11:54:11,818 [WARN] PackLoader:240 - Cannot read IP mode file for STMicroelectronics.X-CUBE-AZRTOS-F7.1.1.0
2024-01-04 11:54:11,853 [WARN] PackLoader:240 - Cannot read IP mode file for STMicroelectronics.FP-SNS-MOTENV1.4.3.2
2024-01-04 11:54:11,881 [WARN] PackLoader:240 - Cannot read IP mode file for STMicroelectronics.FP-SNS-FLIGHT1.5.0.2
2024-01-04 11:54:11,918 [WARN] PackLoader:240 - Cannot read IP mode file for STMicroelectronics.X-CUBE-DISPLAY.3.0.0
2024-01-04 11:54:11,958 [WARN] PackLoader:240 - Cannot read IP mode file for STMicroelectronics.X-CUBE-BLE1.7.0.0
2024-01-04 11:54:11,980 [WARN] PackLoader:240 - Cannot read IP mode file for emotas.I-CUBE-CANOPEN.1.3.0
2024-01-04 11:54:11,987 [WARN] PackLoader:240 - Cannot read IP mode file for STMicroelectronics.X-CUBE-TOUCHGFX.4.22.1
2024-01-04 11:54:12,004 [WARN] PackLoader:240 - Cannot read IP mode file for STMicroelectronics.FP-SNS-SMARTAG2.1.2.0
2024-01-04 11:54:12,031 [INFO] LogOutputStream:77 - [STDOUT_REDIRECT] 1 : Invalid condition id : UX_CORESTACK_Condition cause : null
2024-01-04 11:54:12,032 [INFO] LogOutputStream:77 - [STDOUT_REDIRECT] 1 : Invalid condition id : UX_CORESTACK_Condition cause : null
2024-01-04 11:54:12,037 [INFO] LogOutputStream:77 - [STDOUT_REDIRECT] 1 : Invalid condition id : UX_CORESTACK_Condition cause : null
2024-01-04 11:54:12,041 [INFO] LogOutputStream:77 - [STDOUT_REDIRECT] 1 : Invalid condition id : UX_CORESTACK_Condition cause : null
2024-01-04 11:54:12,046 [INFO] LogOutputStream:77 - [STDOUT_REDIRECT] 1 : Invalid condition id : UX_CORESTACK_Condition cause : null
2024-01-04 11:54:12,057 [WARN] PackLoader:240 - Cannot read IP mode file for STMicroelectronics.X-CUBE-AZRTOS-WL.2.0.0
2024-01-04 11:54:12,087 [WARN] PackLoader:240 - Cannot read IP mode file for WES.I-CUBE-Cesium.1.3.0
2024-01-04 11:54:12,106 [WARN] PackLoader:240 - Cannot read IP mode file for STMicroelectronics.X-CUBE-BLE2.3.3.0
2024-01-04 11:54:12,124 [WARN] PackLoader:240 - Cannot read IP mode file for STMicroelectronics.X-CUBE-ALGOBUILD.1.3.0
2024-01-04 11:54:12,194 [WARN] PackLoader:240 - Cannot read IP mode file for STMicroelectronics.X-CUBE-AZRTOS-G0.1.1.0
2024-01-04 11:54:12,221 [WARN] PackLoader:240 - Cannot read IP mode file for STMicroelectronics.X-CUBE-NFC4.3.0.0
2024-01-04 11:54:12,241 [WARN] PackLoader:240 - Cannot read IP mode file for STMicroelectronics.FP-ATR-SIGFOX1.3.2.0
2024-01-04 11:54:12,335 [WARN] PackLoader:240 - Cannot read IP mode file for SEGGER.I-CUBE-embOS.1.3.1
2024-01-04 11:54:12,591 [WARN] PackLoader:240 - Cannot read IP mode file for STMicroelectronics.X-CUBE-GNSS1.6.0.0
2024-01-04 11:54:12,637 [WARN] PackLoader:240 - Cannot read IP mode file for STMicroelectronics.X-CUBE-AZRTOS-F4.1.1.0
2024-01-04 11:54:12,661 [WARN] PackLoader:240 - Cannot read IP mode file for wolfSSL.I-CUBE-wolfSSL.5.6.3
2024-01-04 11:54:12,807 [WARN] PackLoader:240 - Cannot read IP mode file for STMicroelectronics.X-CUBE-AZRTOS-L5.2.0.0
2024-01-04 11:54:12,961 [WARN] PackLoader:240 - Cannot read IP mode file for STMicroelectronics.X-CUBE-MEMS1.9.6.0
2024-01-04 11:54:13,527 [WARN] PackLoader:240 - Cannot read IP mode file for ITTIA_DB.I-CUBE-ITTIADB.8.8.0
2024-01-04 11:54:13,544 [WARN] PackLoader:240 - Cannot read IP mode file for STMicroelectronics.X-CUBE-BLEMGR.2.0.0
2024-01-04 11:54:13,575 [WARN] ConditionMgr:438 - getConditionDescription Invalid condition id : UX DEVICE CLASS RTOS Condition cause : null
2024-01-04 11:54:13,575 [WARN] ConditionMgr:438 - getConditionDescription Invalid condition id : UX DEVICE CLASS RTOS Condition cause : null
2024-01-04 11:54:13,580 [WARN] PackLoader:240 - Cannot read IP mode file for STMicroelectronics.X-CUBE-AZRTOS-H7.3.1.0
2024-01-04 11:54:13,582 [WARN] ConditionMgr:1039 - genDependencies : Invalid condition id : UX DEVICE CLASS RTOS Condition cause : null
2024-01-04 11:54:13,582 [WARN] ConditionMgr:1039 - genDependencies : Invalid condition id : UX DEVICE CLASS RTOS Condition cause : null
2024-01-04 11:54:13,584 [WARN] ConditionMgr:1039 - genDependencies : Invalid condition id : UX DEVICE CLASS RTOS Condition cause : null
2024-01-04 11:54:13,585 [WARN] ConditionMgr:1039 - genDependencies : Invalid condition id : UX DEVICE CLASS RTOS Condition cause : null
2024-01-04 11:54:13,585 [WARN] ConditionMgr:1039 - genDependencies : Invalid condition id : UX DEVICE CLASS RTOS Condition cause : null
2024-01-04 11:54:13,639 [WARN] PackLoader:240 - Cannot read IP mode file for STMicroelectronics.X-CUBE-NFC7.1.0.1
2024-01-04 11:54:13,683 [WARN] PackLoader:240 - Cannot read IP mode file for STMicroelectronics.X-CUBE-NFC6.3.0.0
2024-01-04 11:54:13,696 [WARN] PackLoader:240 - Cannot read IP mode file for STMicroelectronics.X-CUBE-EEPRMA1.4.1.0
2024-01-04 11:54:13,706 [WARN] PackLoader:240 - Cannot read IP mode file for STMicroelectronics.X-CUBE-AI.8.1.0
2024-01-04 11:54:13,737 [WARN] ConditionMgr:438 - getConditionDescription Invalid condition id : LAN8742 Phy interface Condition cause : null
2024-01-04 11:54:13,738 [WARN] PackLoader:240 - Cannot read IP mode file for STMicroelectronics.X-CUBE-AZRTOS-L4.2.0.0
2024-01-04 11:54:13,740 [WARN] ConditionMgr:1039 - genDependencies : Invalid condition id : LAN8742 Phy interface Condition cause : null
2024-01-04 11:54:13,741 [WARN] ConditionMgr:1039 - genDependencies : Invalid condition id : LAN8742 Phy interface Condition cause : null
2024-01-04 11:54:13,742 [WARN] ConditionMgr:1039 - genDependencies : Invalid condition id : LAN8742 Phy interface Condition cause : null
2024-01-04 11:54:13,758 [WARN] PackLoader:240 - Cannot read IP mode file for STMicroelectronics.X-CUBE-SFXS2LP1.4.0.0
2024-01-04 11:54:13,768 [WARN] PackLoader:240 - Cannot read IP mode file for STMicroelectronics.X-CUBE-ISPU.1.1.0
2024-01-04 11:54:13,802 [WARN] ConditionMgr:438 - getConditionDescription Invalid condition id : UX DEVICE CLASS RTOS Condition cause : null
2024-01-04 11:54:13,802 [WARN] ConditionMgr:438 - getConditionDescription Invalid condition id : UX DEVICE CLASS RTOS Condition cause : null
2024-01-04 11:54:13,806 [WARN] PackLoader:240 - Cannot read IP mode file for STMicroelectronics.X-CUBE-AZRTOS-WB.2.0.0
2024-01-04 11:54:13,807 [WARN] ConditionMgr:1039 - genDependencies : Invalid condition id : UX DEVICE CLASS RTOS Condition cause : null
2024-01-04 11:54:13,807 [WARN] ConditionMgr:1039 - genDependencies : Invalid condition id : UX DEVICE CLASS RTOS Condition cause : null
2024-01-04 11:54:13,807 [WARN] ConditionMgr:1039 - genDependencies : Invalid condition id : UX DEVICE CLASS RTOS Condition cause : null
2024-01-04 11:54:13,808 [WARN] ConditionMgr:1039 - genDependencies : Invalid condition id : UX DEVICE CLASS RTOS Condition cause : null
2024-01-04 11:54:13,808 [WARN] ConditionMgr:1039 - genDependencies : Invalid condition id : UX DEVICE CLASS RTOS Condition cause : null
2024-01-04 11:54:13,829 [WARN] PackLoader:240 - Cannot read IP mode file for STMicroelectronics.X-CUBE-SUBG2.5.0.0
2024-01-04 11:54:13,855 [WARN] PackLoader:240 - Cannot read IP mode file for STMicroelectronics.X-CUBE-TOF1.3.3.1
2024-01-04 11:54:13,903 [WARN] PackLoader:240 - Cannot read IP mode file for STMicroelectronics.X-CUBE-AZRTOS-G4.2.0.0
2024-01-04 11:54:13,928 [WARN] PackLoader:240 - Cannot read IP mode file for Infineon.AIROC-Wi-Fi-Bluetooth-STM32.1.5.1
2024-01-04 11:54:13,942 [WARN] PackLoader:240 - Cannot read IP mode file for STMicroelectronics.FP-SNS-MOTENVWB1.1.3.0
2024-01-04 11:54:13,949 [WARN] PackLoader:240 - Cannot read IP mode file for STMicroelectronics.FP-SNS-MOTENVWB1.1.3.1
2024-01-04 11:54:13,957 [WARN] PackLoader:240 - Cannot read IP mode file for STMicroelectronics.X-CUBE-ISPU.2.0.0
2024-01-04 11:54:13,968 [WARN] PackLoader:240 - Cannot read IP mode file for STMicroelectronics.X-CUBE-FREERTOS.1.1.0
2024-01-04 11:54:13,979 [WARN] PackLoader:240 - Cannot read IP mode file for portGmbH.I-Cube-SoM-uGOAL.1.1.0
2024-01-04 11:54:13,988 [WARN] PackLoader:240 - Cannot read IP mode file for STMicroelectronics.X-CUBE-ALS.1.0.1
2024-01-04 11:54:14,008 [WARN] PackLoader:240 - Cannot read IP mode file for STMicroelectronics.FP-ATR-ASTRA1.2.0.0
2024-01-04 11:54:14,027 [WARN] PackLoader:240 - Cannot read IP mode file for STMicroelectronics.X-CUBE-TOF1.3.4.0
2024-01-04 11:54:14,092 [WARN] PackLoader:240 - Cannot read IP mode file for STMicroelectronics.X-CUBE-AZRTOS-H7.3.2.0
2024-01-04 11:54:14,098 [INFO] ThirdParty:978 - Integrity check success = true
2024-01-04 11:54:14,098 [INFO] IntegrityCheckThread:100 - exiting critical section [integrity check]
2024-01-04 11:54:14,098 [INFO] IntegrityCheckThread:103 - End integrity checks thread
2024-01-04 11:54:29,680 [ERROR] LogOutputStream:75 - [STDERR_REDIRECT] SLF4J: Failed to load class "org.slf4j.impl.StaticLoggerBinder".
2024-01-04 11:54:29,680 [ERROR] LogOutputStream:75 - [STDERR_REDIRECT] SLF4J: Defaulting to no-operation (NOP) logger implementation
2024-01-04 11:54:29,681 [ERROR] LogOutputStream:75 - [STDERR_REDIRECT] SLF4J: See http://www.slf4j.org/codes.html#StaticLoggerBinder for further details.
2024-01-04 12:01:06,509 [INFO] McuFinderGlobals:63 - Set McuFinder mode to 2 (CubeIDE integrated)
2024-01-04 12:01:06,517 [INFO] MainUpdater:2868 - connection check result : 10
2024-01-04 12:01:06,519 [INFO] MainUpdater:2868 - connection check result : 10
2024-01-04 12:01:06,567 [INFO] MicroXplorer:468 - Change Database Path : 
2024-01-04 12:01:06,567 [INFO] MicroXplorer:498 - Change Database Version : DB.6.0.92
2024-01-04 12:01:06,571 [WARN] ThirdParty:871 - waiting for thirdparty lock release [close project]
2024-01-04 12:01:06,571 [INFO] ThirdParty:873 - entering critical section [close project]
2024-01-04 12:01:06,572 [INFO] ThirdParty:883 - exiting critical section [close project]
2024-01-04 12:01:06,573 [INFO] PinOutPanel:1499 - setPackage(No Configuration,No Configuration)
2024-01-04 12:01:06,577 [INFO] UtilMem:75 - Begin LoadConfig() Used Memory: 640747256 Bytes (746586112)
2024-01-04 12:01:06,578 [INFO] MicroXplorer:468 - Change Database Path : 
2024-01-04 12:01:06,578 [INFO] MicroXplorer:498 - Change Database Version : DB.6.0.92
2024-01-04 12:01:06,578 [INFO] OpenFileManager:308 - Change cursor
2024-01-04 12:01:06,599 [INFO] Mcu:1946 - Initializing MCU STM32F030R8Tx STM32F030R8Tx STM32F030R8T6
2024-01-04 12:01:07,406 [INFO] Context:659 - Trying to add GPIOservice into a context  which must be forbidden
2024-01-04 12:01:07,724 [INFO] RtosManager:555 - Registered RTOS mode: class=CMSIS, group=RTOS, mode=CMSIS_V1, owner=FREERTOS
2024-01-04 12:01:07,724 [INFO] RtosManager:555 - Registered RTOS mode: class=CMSIS, group=RTOS2, mode=CMSIS_V2, owner=FREERTOS
2024-01-04 12:01:07,724 [INFO] RtosManager:555 - Registered RTOS mode: class=RTOS, group=Core, mode=CMSIS_V1, owner=FREERTOS
2024-01-04 12:01:07,724 [INFO] RtosManager:555 - Registered RTOS mode: class=RTOS, group=Core, mode=CMSIS_V2, owner=FREERTOS
2024-01-04 12:01:07,724 [WARN] ModelIntegratedComponent:184 - Missing modes for component STMicroelectronics:FreeRTOS:0.0.1:STMicroelectronics:RTOS:FreeRTOS:Core:::10.2.0:
2024-01-04 12:01:07,738 [WARN] ModelIntegratedComponent:63 - No mode defined for component null
2024-01-04 12:01:07,738 [WARN] ModelIntegratedComponent:63 - No mode defined for component null
2024-01-04 12:01:07,738 [WARN] ModelIntegratedComponent:63 - No mode defined for component null
2024-01-04 12:01:07,739 [WARN] ModelIntegratedComponent:63 - No mode defined for component null
2024-01-04 12:01:07,739 [WARN] ModelIntegratedComponent:63 - No mode defined for component null
2024-01-04 12:01:07,739 [WARN] ModelIntegratedComponent:63 - No mode defined for component null
2024-01-04 12:01:07,739 [WARN] ModelIntegratedComponent:63 - No mode defined for component null
2024-01-04 12:01:07,739 [WARN] ModelIntegratedComponent:63 - No mode defined for component null
2024-01-04 12:01:07,739 [WARN] ModelIntegratedComponent:63 - No mode defined for component null
2024-01-04 12:01:07,739 [WARN] ModelIntegratedComponent:63 - No mode defined for component null
2024-01-04 12:01:07,739 [WARN] ModelIntegratedComponent:63 - No mode defined for component null
2024-01-04 12:01:07,739 [WARN] ModelIntegratedComponent:63 - No mode defined for component null
2024-01-04 12:01:07,739 [WARN] ModelIntegratedComponent:63 - No mode defined for component null
2024-01-04 12:01:07,739 [WARN] ModelIntegratedComponent:63 - No mode defined for component null
2024-01-04 12:01:07,739 [WARN] ModelIntegratedComponent:63 - No mode defined for component null
2024-01-04 12:01:07,739 [WARN] ModelIntegratedComponent:63 - No mode defined for component null
2024-01-04 12:01:07,739 [WARN] ModelIntegratedComponent:63 - No mode defined for component null
2024-01-04 12:01:07,739 [WARN] ModelIntegratedComponent:63 - No mode defined for component null
2024-01-04 12:01:07,739 [WARN] ModelIntegratedComponent:63 - No mode defined for component null
2024-01-04 12:01:07,739 [WARN] ModelIntegratedComponent:63 - No mode defined for component null
2024-01-04 12:01:07,739 [WARN] ModelIntegratedComponent:63 - No mode defined for component null
2024-01-04 12:01:07,739 [WARN] ModelIntegratedComponent:63 - No mode defined for component null
2024-01-04 12:01:07,740 [WARN] ModelIntegratedComponent:63 - No mode defined for component null
2024-01-04 12:01:07,740 [WARN] ModelIntegratedComponent:63 - No mode defined for component null
2024-01-04 12:01:07,740 [WARN] ModelIntegratedComponent:63 - No mode defined for component null
2024-01-04 12:01:07,740 [WARN] ModelIntegratedComponent:63 - No mode defined for component null
2024-01-04 12:01:07,740 [WARN] ModelIntegratedComponent:63 - No mode defined for component null
2024-01-04 12:01:07,740 [WARN] ModelIntegratedComponent:63 - No mode defined for component null
2024-01-04 12:01:07,740 [WARN] ModelIntegratedComponent:63 - No mode defined for component null
2024-01-04 12:01:07,740 [WARN] ModelIntegratedComponent:63 - No mode defined for component null
2024-01-04 12:01:07,740 [WARN] ModelIntegratedComponent:63 - No mode defined for component null
2024-01-04 12:01:07,740 [WARN] ModelIntegratedComponent:63 - No mode defined for component null
2024-01-04 12:01:07,740 [WARN] ModelIntegratedComponent:63 - No mode defined for component null
2024-01-04 12:01:07,762 [INFO] ThirdPartyModel:298 - Start build external matchings
2024-01-04 12:01:08,145 [INFO] ThirdPartyModel:316 - End build external matchings
2024-01-04 12:01:08,299 [INFO] UtilMem:75 - End LoadConfig() Used Memory: 566318008 Bytes (778043392)
2024-01-04 12:01:08,411 [INFO] ApiDb:581 - Connected to CubeFinder SQLite database (C:\Users\sanjay.kumar\.stmcufinder\plugins\mcufinder\mcu\cube-finder-db.db)
2024-01-04 12:01:08,533 [INFO] ApiDb:668 - CubeFinder database Data Model version=2.1
2024-01-04 12:01:08,533 [INFO] ApiDb:669 - CubeFinder database Configuration version=3.0.39
2024-01-04 12:01:08,533 [INFO] ApiDb:670 - CubeFinder database generation date=2023-12-08 (1702028721)
2024-01-04 12:01:08,533 [INFO] ApiDb:671 - CubeFinder database FW Pack versions=[FP-ATR-ASTRA1_V2.0.0, FP-SNS-FLIGHT1_V5.0.1, FP-SNS-FLIGHT1_V5.0.2, FP-SNS-MOTENV1_V4.3.1, FP-SNS-MOTENV1_V4.3.2, FP-SNS-MOTENVWB1_V1.3.1, FP-SNS-SMARTAG2_V1.2.0, STM32Cube_FW_C0_V1.1.0, STM32Cube_FW_F4_V1.28.0, STM32Cube_FW_F7_V1.17.0, STM32Cube_FW_G0_V1.6.1, STM32Cube_FW_G4_V1.5.1, STM32Cube_FW_H5_V0.5.1, STM32Cube_FW_H5_V1.1.1, STM32Cube_FW_H5_V1.2.0RC2, STM32Cube_FW_H7_V1.11.0, STM32Cube_FW_L0_V1.12.2, STM32Cube_FW_L5_V1.5.0, STM32Cube_FW_U5_V1.3.0RC4, STM32Cube_FW_U5_V1.4.0, STM32Cube_FW_WBA_V1.0.0RC1, STM32Cube_FW_WBA_V1.1.0RC1, STM32Cube_FW_WBA_V1.2.0, STM32Cube_FW_WBA_V1.2.0RC2, STM32Cube_FW_WB_V1.15.0RC1, STM32Cube_FW_WB_V1.16.0, STM32Cube_FW_WB_V1.16.0RC2, STM32Cube_FW_WB_V1.18.0, STM32Cube_FW_WL_V1.3.0, X-CUBE-ALGOBUILD_V1.3.0, X-CUBE-ALS_V1.0.1, X-CUBE-AZRTOS-F4_V1.1.0, X-CUBE-AZRTOS-F7_V1.1.0, X-CUBE-AZRTOS-G0_V1.1.0, X-CUBE-AZRTOS-G4_V2.0.0, X-CUBE-AZRTOS-H7_V3.1.0, X-CUBE-AZRTOS-L4_V1.0.0, X-CUBE-AZRTOS-L4_V2.0.0, X-CUBE-AZRTOS-L5_V1.1.0, X-CUBE-AZRTOS-WB_V2.0.0, X-CUBE-AZRTOS-WL_V2.0.0, X-CUBE-BLE1_V7.0.0, X-CUBE-BLE2_V3.3.0, X-CUBE-BLEMGR_V3.0.0, X-CUBE-EEPRMA1_V4.1.0, X-CUBE-EEPRMA1_V4.2.0, X-CUBE-FREERTOS_V1.1.0, X-CUBE-GNSS1_V6.0.0, X-CUBE-MEMS1_V10.0.0, X-CUBE-MEMS1_V9.1.0, X-CUBE-MEMS1_V9.4.0, X-CUBE-MEMS1_V9.6.0, X-CUBE-NFC4_V3.0.0, X-CUBE-NFC7_V1.0.1, X-CUBE-SFXS2LP1_V4.0.0, X-CUBE-SUBG2_V5.0.0, X-CUBE-TOF1_V3.4.0]
2024-01-04 12:01:10,694 [INFO] ApiDb:240 - Found 323 in-development CPN: [B-G473E-ZEST1S, B-WB1M-WPAN1, B-WL5M-SUBG1, NUCLEO-C031C6, NUCLEO-H503RB, NUCLEO-H563ZI, NUCLEO-U545RE-Q, NUCLEO-U5A5ZJ-Q, NUCLEO-WBA52CG, STEVAL-PROTEUS1, STEVAL-SMARTAG2, STEVAL-STWINBX1, STM320518-EVAL, STM32C0116-DK, STM32C011D6Y3TR, STM32C011D6Y6TR, STM32C011F4P3, STM32C011F4P6, STM32C011F4U3, STM32C011F4U6TR, STM32C011F6P3, STM32C011F6P6, STM32C011F6U3, STM32C011F6U6TR, STM32C011J4M3, STM32C011J4M6, STM32C011J6M3, STM32C011J6M6, STM32C0316-DK, STM32C031C4T3, STM32C031C4T6, STM32C031C4U3, STM32C031C4U6, STM32C031C6T3, STM32C031C6T6, STM32C031C6U3, STM32C031C6U6, STM32C031F4P3, STM32C031F4P6, STM32C031F6P3, STM32C031F6P6, STM32C031G4U3, STM32C031G4U6, STM32C031G6U3, STM32C031G6U6, STM32C031K4T3, STM32C031K4T6, STM32C031K4U3, STM32C031K4U6, STM32C031K6T3, STM32C031K6T6, STM32C031K6U3, STM32C031K6U6, STM32G071K8TXN, STM32G071K8UXN, STM32G081GBU6N, STM32G081KBT6N, STM32G081KBUXN, STM32G0B1CCT6N, STM32G0B1KCT6, STM32G0B1NEY6TR, STM32G0B1RCT6N, STM32G0C1CCT6, STM32G0C1CCT6N, STM32G0C1CCU6N, STM32G0C1CET6N, STM32G0C1CEU6N, STM32G0C1KCT6, STM32G0C1NEY6TR, STM32G0C1RCI6N, STM32G0C1RCT6N, STM32G0C1REI6N, STM32G0C1RET6N, STM32G0C1VCI6, STM32G0C1VEI6, STM32G471CCT6, STM32G471CCU6, STM32G471CET3, STM32G471CET6, STM32G471CEU3, STM32G471CEU6, STM32G471MCT6, STM32G471MET3, STM32G471MET6, STM32G471MEY6TR, STM32G471QCT6, STM32G471QET3, STM32G471RCT6, STM32G471RET3, STM32G471RET6, STM32G471VCH6, STM32G471VCI6, STM32G471VCT6, STM32G471VEH3, STM32G471VEH6, STM32G471VEI3, STM32G471VEI6, STM32G471VET3, STM32G471VET6, STM32G474CCT6, STM32H503CBT6, STM32H503CBU6, STM32H503EBY6TR, STM32H503KBU6, STM32H503RBT6, STM32H562AGI6, STM32H562AII6, STM32H562IGK6, STM32H562IGT6, STM32H562IIK6, STM32H562IIT6, STM32H562RGT6, STM32H562RGV6, STM32H562RIT6, STM32H562RIV6, STM32H562VGT6, STM32H562VIT6, STM32H562ZGT6, STM32H562ZIT6, STM32H563AGI6, STM32H563AII3Q, STM32H563AII6, STM32H563IGK6, STM32H563IGT6, STM32H563IIK3Q, STM32H563IIK6, STM32H563IIT3Q, STM32H563IIT6, STM32H563MIY3QTR, STM32H563RGT6, STM32H563RGV6, STM32H563RIT6, STM32H563RIV6, STM32H563VGT6, STM32H563VIT3Q, STM32H563VIT6, STM32H563ZGT6, STM32H563ZIT3Q, STM32H563ZIT6, STM32H573AII3Q, STM32H573AII6, STM32H573I-DK, STM32H573IIK3Q, STM32H573IIK6, STM32H573IIT3Q, STM32H573IIT6, STM32H573MIY3QTR, STM32H573RIT6, STM32H573RIV6, STM32H573VIT3Q, STM32H573VIT6, STM32H573ZIT3Q, STM32H573ZIT6, STM32L4R5QGI6STR, STM32MP131AAE3, STM32MP131AAF3, STM32MP131AAG3, STM32MP131CAE3, STM32MP131CAF3, STM32MP131CAG3, STM32MP131DAE7, STM32MP131DAF7, STM32MP131DAG7, STM32MP131FAE7, STM32MP131FAF7, STM32MP131FAG7, STM32MP133AAE3, STM32MP133AAF3, STM32MP133AAG3, STM32MP133CAE3, STM32MP133CAF3, STM32MP133CAG3, STM32MP133DAE7, STM32MP133DAF7, STM32MP133DAG7, STM32MP133FAE7, STM32MP133FAF7, STM32MP133FAG7, STM32MP135AAE3, STM32MP135AAF3, STM32MP135AAG3, STM32MP135CAE3, STM32MP135CAF3, STM32MP135CAG3, STM32MP135DAE7, STM32MP135DAF7, STM32MP135DAG7, STM32MP135F-DK, STM32MP135FAE7, STM32MP135FAF7, STM32MP135FAF7T, STM32MP135FAF7U, STM32MP135FAG7, STM32U535CBT6, STM32U535CBT6Q, STM32U535CBU6, STM32U535CBU6Q, STM32U535CCT6, STM32U535CCT6Q, STM32U535CCU6, STM32U535CCU6Q, STM32U535CET6, STM32U535CET6Q, STM32U535CEU6, STM32U535CEU6Q, STM32U535JEY6QTR, STM32U535NCY6QTR, STM32U535NEY6QTR, STM32U535RBI6, STM32U535RBI6Q, STM32U535RBT6, STM32U535RBT6Q, STM32U535RCI6, STM32U535RCI6Q, STM32U535RCT6, STM32U535RCT6Q, STM32U535REI6, STM32U535REI6Q, STM32U535RET6, STM32U535RET6Q, STM32U535VCI6, STM32U535VCI6Q, STM32U535VCT6, STM32U535VCT6Q, STM32U535VEI6, STM32U535VEI6Q, STM32U535VET6, STM32U535VET6Q, STM32U545CET6, STM32U545CET6Q, STM32U545CEU6, STM32U545CEU6Q, STM32U545JEY6QTR, STM32U545NEY6QTR, STM32U545REI6, STM32U545REI6Q, STM32U545RET6, STM32U545RET6Q, STM32U545VEI6, STM32U545VEI6Q, STM32U545VET6, STM32U545VET6Q, STM32U595AIH6, STM32U595AIH6Q, STM32U595AJH6, STM32U595AJH6Q, STM32U595QII6, STM32U595QII6Q, STM32U595QJI6, STM32U595QJI6Q, STM32U595RIT6, STM32U595RIT6Q, STM32U595RJT6, STM32U595RJT6Q, STM32U595VIT6, STM32U595VIT6Q, STM32U595VJT6, STM32U595VJT6Q, STM32U595ZIT6, STM32U595ZIT6Q, STM32U595ZIY6QTR, STM32U595ZJT6, STM32U595ZJT6Q, STM32U595ZJY6QTR, STM32U599BJY6QTR, STM32U599NIH6Q, STM32U599NJH6Q, STM32U599VIT6Q, STM32U599VJT6, STM32U599VJT6Q, STM32U599ZIT6Q, STM32U599ZIY6QTR, STM32U599ZJT6Q, STM32U599ZJY6QTR, STM32U5A5AJH6, STM32U5A5AJH6Q, STM32U5A5QJI6, STM32U5A5QJI6Q, STM32U5A5RJT6, STM32U5A5RJT6Q, STM32U5A5VJT6, STM32U5A5VJT6Q, STM32U5A5ZJT6, STM32U5A5ZJT6Q, STM32U5A5ZJY6QTR, STM32U5A9BJY6QTR, STM32U5A9J-DK, STM32U5A9NJH6Q, STM32U5A9VJT6Q, STM32U5A9ZJT6Q, STM32U5A9ZJY6QTR, STM32U5F7VIT6, STM32U5F7VIT6Q, STM32U5F7VJT6, STM32U5F7VJT6Q, STM32U5F9BJY6QTR, STM32U5F9NJH6Q, STM32U5F9VIT6Q, STM32U5F9VJT6Q, STM32U5F9ZIJ6QTR, STM32U5F9ZIT6Q, STM32U5F9ZJJ6QTR, STM32U5F9ZJT6Q, STM32U5G7VJT6, STM32U5G7VJT6Q, STM32U5G9BJY6QTR, STM32U5G9J-DK1, STM32U5G9J-DK2, STM32U5G9NJH6Q, STM32U5G9VJT6Q, STM32U5G9ZJJ6QTR, STM32U5G9ZJT6Q, STM32WB1MMCH6, STM32WBA52CEU6, STM32WBA52CEU6T, STM32WBA52CGU6, STM32WBA52CGU6T, STM32WBA52KEU6, STM32WBA52KEU6T, STM32WBA52KGU6, STM32WBA52KGU6T, STM32WL5MOCH6, STM32WL5MOCH6TR]
2024-01-04 12:01:10,698 [INFO] DbMcus:217 - Found 3882 MCUs, 3882 are supported
2024-01-04 12:01:10,699 [INFO] ApiDb:423 - Load user favorites file C:\Users\sanjay.kumar/.stm32cubeide/favorites.mcus.txt: 0 item(s)
2024-01-04 12:01:10,699 [INFO] ApiDb:427 - User favorites MCUs=[]
2024-01-04 12:01:10,700 [INFO] DbMcus:223 - Set 0 / 0 favorites MCUs
2024-01-04 12:01:10,987 [WARN] ThirdParty:833 - waiting for thirdparty lock release [change project]
2024-01-04 12:01:10,987 [INFO] ThirdParty:835 - entering critical section [change project]
2024-01-04 12:01:10,988 [INFO] ThirdParty:1030 - CMSIS Pack Vendor :STMicroelectronics X-CUBE-ISPU 1.1.0
2024-01-04 12:01:10,988 [INFO] ThirdParty:1030 - CMSIS Pack Vendor :STMicroelectronics USBPD 4.1
2024-01-04 12:01:10,988 [INFO] ThirdParty:1030 - CMSIS Pack Vendor :STMicroelectronics X-CUBE-GNSS1 6.0.0
2024-01-04 12:01:10,988 [INFO] ThirdParty:1030 - CMSIS Pack Vendor :STMicroelectronics USB_HOST 2.0.0
2024-01-04 12:01:10,988 [INFO] ThirdParty:1030 - CMSIS Pack Vendor :STMicroelectronics X-CUBE-AZRTOS-F4 1.1.0
2024-01-04 12:01:10,988 [INFO] ThirdParty:1030 - CMSIS Pack Vendor :STMicroelectronics LIBJPEG 8.0.0
2024-01-04 12:01:10,988 [INFO] ThirdParty:1030 - CMSIS Pack Vendor :wolfSSL I-CUBE-wolfSSL 5.6.3
2024-01-04 12:01:10,988 [INFO] ThirdParty:1030 - CMSIS Pack Vendor :STMicroelectronics X-CUBE-SMBUS 2.1.0
2024-01-04 12:01:10,988 [INFO] ThirdParty:1030 - CMSIS Pack Vendor :STMicroelectronics USB_DEVICE 3.0.0
2024-01-04 12:01:10,988 [INFO] ThirdParty:1030 - CMSIS Pack Vendor :STMicroelectronics X-CUBE-AZRTOS-WB 2.0.0
2024-01-04 12:01:10,988 [INFO] ThirdParty:1030 - CMSIS Pack Vendor :STMicroelectronics X-CUBE-TOUCHGFX 4.23.0
2024-01-04 12:01:10,988 [INFO] ThirdParty:1030 - CMSIS Pack Vendor :STMicroelectronics X-CUBE-AZRTOS-F7 1.1.0
2024-01-04 12:01:10,988 [INFO] ThirdParty:1030 - CMSIS Pack Vendor :STMicroelectronics X-CUBE-AZRTOS-L5 2.0.0
2024-01-04 12:01:10,988 [INFO] ThirdParty:1030 - CMSIS Pack Vendor :STMicroelectronics USB_DEVICE 2.0.0
2024-01-04 12:01:10,988 [INFO] ThirdParty:1030 - CMSIS Pack Vendor :STMicroelectronics X-CUBE-MEMS1 9.6.0
2024-01-04 12:01:10,988 [INFO] ThirdParty:1030 - CMSIS Pack Vendor :ITTIA_DB I-CUBE-ITTIADB 8.8.0
2024-01-04 12:01:10,988 [INFO] ThirdParty:1030 - CMSIS Pack Vendor :STMicroelectronics FP-SNS-MOTENV1 4.3.2
2024-01-04 12:01:10,988 [INFO] ThirdParty:1030 - CMSIS Pack Vendor :STMicroelectronics X-CUBE-ALGOBUILD 1.3.0
2024-01-04 12:01:10,988 [INFO] ThirdParty:1030 - CMSIS Pack Vendor :STMicroelectronics FreeRTOS 0.0.1
2024-01-04 12:01:10,988 [INFO] ThirdParty:1030 - CMSIS Pack Vendor :STMicroelectronics X-CUBE-AZRTOS-G0 1.1.0
2024-01-04 12:01:10,988 [INFO] ThirdParty:1030 - CMSIS Pack Vendor :STMicroelectronics X-CUBE-BLEMGR 2.0.0
2024-01-04 12:01:10,988 [INFO] ThirdParty:1030 - CMSIS Pack Vendor :STMicroelectronics X-CUBE-NFC4 3.0.0
2024-01-04 12:01:10,988 [INFO] ThirdParty:1030 - CMSIS Pack Vendor :STMicroelectronics X-CUBE-SUBG2 5.0.0
2024-01-04 12:01:10,988 [INFO] ThirdParty:1030 - CMSIS Pack Vendor :STMicroelectronics STM32_WPAN 1.0.0
2024-01-04 12:01:10,988 [INFO] ThirdParty:1030 - CMSIS Pack Vendor :STMicroelectronics lwIP 2.0.3
2024-01-04 12:01:10,988 [INFO] ThirdParty:1030 - CMSIS Pack Vendor :STMicroelectronics FP-SNS-FLIGHT1 5.0.2
2024-01-04 12:01:10,988 [INFO] ThirdParty:1030 - CMSIS Pack Vendor :STMicroelectronics USB_HOST 1.0.0
2024-01-04 12:01:10,988 [INFO] ThirdParty:1030 - CMSIS Pack Vendor :STMicroelectronics X-CUBE-TOF1 3.3.1
2024-01-04 12:01:10,988 [INFO] ThirdParty:1030 - CMSIS Pack Vendor :STMicroelectronics X-CUBE-AZRTOS-G4 2.0.0
2024-01-04 12:01:10,989 [INFO] ThirdParty:1030 - CMSIS Pack Vendor :STMicroelectronics PDM2PCM 3.1.0
2024-01-04 12:01:10,989 [INFO] ThirdParty:1030 - CMSIS Pack Vendor :STMicroelectronics X-CUBE-AZRTOS-H7 3.1.0
2024-01-04 12:01:10,989 [INFO] ThirdParty:1030 - CMSIS Pack Vendor :Infineon AIROC-Wi-Fi-Bluetooth-STM32 1.5.1
2024-01-04 12:01:10,989 [INFO] ThirdParty:1030 - CMSIS Pack Vendor :STMicroelectronics PDM2PCM 3.3.0
2024-01-04 12:01:10,989 [INFO] ThirdParty:1030 - CMSIS Pack Vendor :STMicroelectronics X-CUBE-DISPLAY 3.0.0
2024-01-04 12:01:10,989 [INFO] ThirdParty:1030 - CMSIS Pack Vendor :STMicroelectronics FP-SNS-MOTENVWB1 1.3.0
2024-01-04 12:01:10,989 [INFO] ThirdParty:1030 - CMSIS Pack Vendor :STMicroelectronics FP-SNS-MOTENVWB1 1.3.1
2024-01-04 12:01:10,989 [INFO] ThirdParty:1030 - CMSIS Pack Vendor :STMicroelectronics X-CUBE-BLE1 7.0.0
2024-01-04 12:01:10,989 [INFO] ThirdParty:1030 - CMSIS Pack Vendor :STMicroelectronics FP-ATR-SIGFOX1 3.2.0
2024-01-04 12:01:10,989 [INFO] ThirdParty:1030 - CMSIS Pack Vendor :STMicroelectronics X-CUBE-ISPU 2.0.0
2024-01-04 12:01:10,989 [INFO] ThirdParty:1030 - CMSIS Pack Vendor :STMicroelectronics HAL Drivers 0.0.0
2024-01-04 12:01:10,989 [INFO] ThirdParty:1030 - CMSIS Pack Vendor :STMicroelectronics MBEDTLS 2.16.2
2024-01-04 12:01:10,989 [INFO] ThirdParty:1030 - CMSIS Pack Vendor :emotas I-CUBE-CANOPEN 1.3.0
2024-01-04 12:01:10,989 [INFO] ThirdParty:1030 - CMSIS Pack Vendor :STMicroelectronics X-CUBE-FREERTOS 1.1.0
2024-01-04 12:01:10,989 [INFO] ThirdParty:1030 - CMSIS Pack Vendor :STMicroelectronics X-CUBE-NFC7 1.0.1
2024-01-04 12:01:10,989 [INFO] ThirdParty:1030 - CMSIS Pack Vendor :STMicroelectronics MBEDTLS 2.14.1
2024-01-04 12:01:10,989 [INFO] ThirdParty:1030 - CMSIS Pack Vendor :STMicroelectronics X-CUBE-TOUCHGFX 4.22.1
2024-01-04 12:01:10,989 [INFO] ThirdParty:1030 - CMSIS Pack Vendor :STMicroelectronics X-CUBE-NFC6 3.0.0
2024-01-04 12:01:10,989 [INFO] ThirdParty:1030 - CMSIS Pack Vendor :STMicroelectronics X-CUBE-EEPRMA1 4.1.0
2024-01-04 12:01:10,989 [INFO] ThirdParty:1030 - CMSIS Pack Vendor :portGmbH I-Cube-SoM-uGOAL 1.1.0
2024-01-04 12:01:10,989 [INFO] ThirdParty:1030 - CMSIS Pack Vendor :STMicroelectronics X-CUBE-ALS 1.0.1
2024-01-04 12:01:10,989 [INFO] ThirdParty:1030 - CMSIS Pack Vendor :STMicroelectronics ThreadX 1.0.0
2024-01-04 12:01:10,989 [INFO] ThirdParty:1030 - CMSIS Pack Vendor :STMicroelectronics FP-SNS-SMARTAG2 1.2.0
2024-01-04 12:01:10,989 [INFO] ThirdParty:1030 - CMSIS Pack Vendor :STMicroelectronics X-CUBE-AZRTOS-WL 2.0.0
2024-01-04 12:01:10,989 [INFO] ThirdParty:1030 - CMSIS Pack Vendor :SEGGER I-CUBE-embOS 1.3.1
2024-01-04 12:01:10,990 [INFO] ThirdParty:1030 - CMSIS Pack Vendor :STMicroelectronics USB_DEVICE 1.0.0
2024-01-04 12:01:10,990 [INFO] ThirdParty:1030 - CMSIS Pack Vendor :STMicroelectronics X-CUBE-AI 8.1.0
2024-01-04 12:01:10,990 [INFO] ThirdParty:1030 - CMSIS Pack Vendor :STMicroelectronics X-CUBE-AZRTOS-L4 2.0.0
2024-01-04 12:01:10,990 [INFO] ThirdParty:1030 - CMSIS Pack Vendor :STMicroelectronics ThreadX 0.0.2
2024-01-04 12:01:10,990 [INFO] ThirdParty:1030 - CMSIS Pack Vendor :WES I-CUBE-Cesium 1.3.0
2024-01-04 12:01:10,990 [INFO] ThirdParty:1030 - CMSIS Pack Vendor :STMicroelectronics FP-ATR-ASTRA1 2.0.0
2024-01-04 12:01:10,990 [INFO] ThirdParty:1030 - CMSIS Pack Vendor :STMicroelectronics lwIP 2.1.2
2024-01-04 12:01:10,990 [INFO] ThirdParty:1030 - CMSIS Pack Vendor :STMicroelectronics X-CUBE-SFXS2LP1 4.0.0
2024-01-04 12:01:10,990 [INFO] ThirdParty:1030 - CMSIS Pack Vendor :STMicroelectronics X-CUBE-BLE2 3.3.0
2024-01-04 12:01:10,990 [INFO] ThirdParty:1030 - CMSIS Pack Vendor :STMicroelectronics X-CUBE-TOF1 3.4.0
2024-01-04 12:01:10,990 [INFO] ThirdParty:1030 - CMSIS Pack Vendor :STMicroelectronics X-CUBE-AZRTOS-H7 3.2.0
2024-01-04 12:01:10,990 [INFO] ThirdParty:1030 - CMSIS Pack Vendor :STMicroelectronics PDM2PCM 3.2.0
2024-01-04 12:01:10,990 [INFO] ThirdParty:841 - exiting critical section [change project]
2024-01-04 12:01:11,303 [INFO] PinOutPanel:1499 - setPackage(No Configuration,No Configuration)
2024-01-04 12:01:11,305 [INFO] PinOutPanel:1499 - setPackage(STM32F030R8Tx,LQFP64)
2024-01-04 12:01:12,421 [INFO] UtilMem:75 - Before build in PCC Used Memory: 468579136 Bytes (778043392)
2024-01-04 12:01:14,229 [INFO] UtilMem:75 - After build in PCC Used Memory: 576058192 Bytes (793772032)
2024-01-04 12:01:14,281 [INFO] IPUIPlugin:80 - create IPUIPlugin
2024-01-04 12:01:14,282 [INFO] IPUIPlugin:80 - create IPUIPlugin
2024-01-04 12:01:14,282 [INFO] IPUIPlugin:80 - create IPUIPlugin
2024-01-04 12:01:14,282 [INFO] IPUIPlugin:80 - create IPUIPlugin
2024-01-04 12:01:14,282 [INFO] IPUIPlugin:80 - create IPUIPlugin
2024-01-04 12:01:14,283 [INFO] IPUIPlugin:80 - create IPUIPlugin
2024-01-04 12:01:14,283 [INFO] IPUIPlugin:80 - create IPUIPlugin
2024-01-04 12:01:14,283 [INFO] IPUIPlugin:80 - create IPUIPlugin
2024-01-04 12:01:14,284 [INFO] IPUIPlugin:80 - create IPUIPlugin
2024-01-04 12:01:14,284 [INFO] IPUIPlugin:80 - create IPUIPlugin
2024-01-04 12:01:14,285 [INFO] IPUIPlugin:80 - create IPUIPlugin
2024-01-04 12:01:14,285 [INFO] IPUIPlugin:80 - create IPUIPlugin
2024-01-04 12:01:14,286 [INFO] IPUIPlugin:80 - create IPUIPlugin
2024-01-04 12:01:14,286 [INFO] IPUIPlugin:80 - create IPUIPlugin
2024-01-04 12:01:14,286 [INFO] IPUIPlugin:80 - create IPUIPlugin
2024-01-04 12:01:14,287 [INFO] IPUIPlugin:80 - create IPUIPlugin
2024-01-04 12:01:14,287 [INFO] IPUIPlugin:80 - create IPUIPlugin
2024-01-04 12:01:14,288 [INFO] IPUIPlugin:80 - create IPUIPlugin
2024-01-04 12:01:14,288 [INFO] IPUIPlugin:80 - create IPUIPlugin
2024-01-04 12:01:14,289 [INFO] IPUIPlugin:80 - create IPUIPlugin
2024-01-04 12:01:14,289 [INFO] IPUIPlugin:80 - create IPUIPlugin
2024-01-04 12:01:14,290 [INFO] IPUIPlugin:80 - create IPUIPlugin
2024-01-04 12:01:14,290 [INFO] IPUIPlugin:80 - create IPUIPlugin
2024-01-04 12:01:14,290 [INFO] IPUIPlugin:80 - create IPUIPlugin
2024-01-04 12:01:14,291 [INFO] IPUIPlugin:80 - create IPUIPlugin
2024-01-04 12:01:14,291 [INFO] IPUIPlugin:80 - create IPUIPlugin
2024-01-04 12:01:14,710 [INFO] CADModel:165 - CPN selected for project levelSTM32F030R8T6
2024-01-04 12:01:14,710 [INFO] CADModel:114 - Register for checkConnection events
2024-01-04 12:01:14,782 [INFO] OpenFileManager:328 - Restore cursor
2024-01-04 12:03:01,522 [INFO] MainUpdater:2868 - connection check result : 10
2024-01-04 12:03:01,522 [INFO] MainUpdater:2868 - connection check result : 10
2024-01-04 12:03:01,599 [INFO] MicroXplorer:468 - Change Database Path : 
2024-01-04 12:03:01,599 [INFO] MicroXplorer:498 - Change Database Version : DB.6.0.92
2024-01-04 12:03:01,631 [WARN] ThirdParty:871 - waiting for thirdparty lock release [close project]
2024-01-04 12:03:01,631 [INFO] ThirdParty:873 - entering critical section [close project]
2024-01-04 12:03:01,631 [INFO] ThirdParty:883 - exiting critical section [close project]
2024-01-04 12:03:01,633 [INFO] PinOutPanel:1499 - setPackage(No Configuration,No Configuration)
2024-01-04 12:03:01,643 [INFO] UtilMem:75 - Begin LoadConfig() Used Memory: 589912600 Bytes (1027604480)
2024-01-04 12:03:01,644 [INFO] MicroXplorer:468 - Change Database Path : 
2024-01-04 12:03:01,644 [INFO] MicroXplorer:498 - Change Database Version : DB.6.0.92
2024-01-04 12:03:01,645 [INFO] OpenFileManager:308 - Change cursor
2024-01-04 12:03:01,653 [INFO] Mcu:1946 - Initializing MCU STM32F030R8Tx STM32F030R8Tx STM32F030R8T6
2024-01-04 12:03:02,281 [INFO] Context:659 - Trying to add GPIOservice into a context  which must be forbidden
2024-01-04 12:03:02,590 [INFO] RtosManager:555 - Registered RTOS mode: class=CMSIS, group=RTOS, mode=CMSIS_V1, owner=FREERTOS
2024-01-04 12:03:02,590 [INFO] RtosManager:555 - Registered RTOS mode: class=CMSIS, group=RTOS2, mode=CMSIS_V2, owner=FREERTOS
2024-01-04 12:03:02,590 [INFO] RtosManager:555 - Registered RTOS mode: class=RTOS, group=Core, mode=CMSIS_V1, owner=FREERTOS
2024-01-04 12:03:02,590 [INFO] RtosManager:555 - Registered RTOS mode: class=RTOS, group=Core, mode=CMSIS_V2, owner=FREERTOS
2024-01-04 12:03:02,590 [WARN] ModelIntegratedComponent:184 - Missing modes for component STMicroelectronics:FreeRTOS:0.0.1:STMicroelectronics:RTOS:FreeRTOS:Core:::10.2.0:
2024-01-04 12:03:02,602 [WARN] ModelIntegratedComponent:63 - No mode defined for component null
2024-01-04 12:03:02,603 [WARN] ModelIntegratedComponent:63 - No mode defined for component null
2024-01-04 12:03:02,603 [WARN] ModelIntegratedComponent:63 - No mode defined for component null
2024-01-04 12:03:02,603 [WARN] ModelIntegratedComponent:63 - No mode defined for component null
2024-01-04 12:03:02,603 [WARN] ModelIntegratedComponent:63 - No mode defined for component null
2024-01-04 12:03:02,603 [WARN] ModelIntegratedComponent:63 - No mode defined for component null
2024-01-04 12:03:02,603 [WARN] ModelIntegratedComponent:63 - No mode defined for component null
2024-01-04 12:03:02,603 [WARN] ModelIntegratedComponent:63 - No mode defined for component null
2024-01-04 12:03:02,603 [WARN] ModelIntegratedComponent:63 - No mode defined for component null
2024-01-04 12:03:02,603 [WARN] ModelIntegratedComponent:63 - No mode defined for component null
2024-01-04 12:03:02,603 [WARN] ModelIntegratedComponent:63 - No mode defined for component null
2024-01-04 12:03:02,603 [WARN] ModelIntegratedComponent:63 - No mode defined for component null
2024-01-04 12:03:02,603 [WARN] ModelIntegratedComponent:63 - No mode defined for component null
2024-01-04 12:03:02,603 [WARN] ModelIntegratedComponent:63 - No mode defined for component null
2024-01-04 12:03:02,603 [WARN] ModelIntegratedComponent:63 - No mode defined for component null
2024-01-04 12:03:02,603 [WARN] ModelIntegratedComponent:63 - No mode defined for component null
2024-01-04 12:03:02,603 [WARN] ModelIntegratedComponent:63 - No mode defined for component null
2024-01-04 12:03:02,603 [WARN] ModelIntegratedComponent:63 - No mode defined for component null
2024-01-04 12:03:02,604 [WARN] ModelIntegratedComponent:63 - No mode defined for component null
2024-01-04 12:03:02,604 [WARN] ModelIntegratedComponent:63 - No mode defined for component null
2024-01-04 12:03:02,604 [WARN] ModelIntegratedComponent:63 - No mode defined for component null
2024-01-04 12:03:02,604 [WARN] ModelIntegratedComponent:63 - No mode defined for component null
2024-01-04 12:03:02,604 [WARN] ModelIntegratedComponent:63 - No mode defined for component null
2024-01-04 12:03:02,604 [WARN] ModelIntegratedComponent:63 - No mode defined for component null
2024-01-04 12:03:02,604 [WARN] ModelIntegratedComponent:63 - No mode defined for component null
2024-01-04 12:03:02,604 [WARN] ModelIntegratedComponent:63 - No mode defined for component null
2024-01-04 12:03:02,604 [WARN] ModelIntegratedComponent:63 - No mode defined for component null
2024-01-04 12:03:02,604 [WARN] ModelIntegratedComponent:63 - No mode defined for component null
2024-01-04 12:03:02,604 [WARN] ModelIntegratedComponent:63 - No mode defined for component null
2024-01-04 12:03:02,604 [WARN] ModelIntegratedComponent:63 - No mode defined for component null
2024-01-04 12:03:02,604 [WARN] ModelIntegratedComponent:63 - No mode defined for component null
2024-01-04 12:03:02,604 [WARN] ModelIntegratedComponent:63 - No mode defined for component null
2024-01-04 12:03:02,604 [WARN] ModelIntegratedComponent:63 - No mode defined for component null
2024-01-04 12:03:02,621 [INFO] ThirdPartyModel:298 - Start build external matchings
2024-01-04 12:03:02,943 [INFO] ThirdPartyModel:316 - End build external matchings
2024-01-04 12:03:03,092 [INFO] UtilMem:75 - End LoadConfig() Used Memory: 590972688 Bytes (1073741824)
2024-01-04 12:03:03,120 [WARN] ThirdParty:833 - waiting for thirdparty lock release [change project]
2024-01-04 12:03:03,121 [INFO] ThirdParty:835 - entering critical section [change project]
2024-01-04 12:03:03,121 [INFO] ThirdParty:1030 - CMSIS Pack Vendor :STMicroelectronics X-CUBE-ISPU 1.1.0
2024-01-04 12:03:03,121 [INFO] ThirdParty:1030 - CMSIS Pack Vendor :STMicroelectronics USBPD 4.1
2024-01-04 12:03:03,121 [INFO] ThirdParty:1030 - CMSIS Pack Vendor :STMicroelectronics X-CUBE-GNSS1 6.0.0
2024-01-04 12:03:03,121 [INFO] ThirdParty:1030 - CMSIS Pack Vendor :STMicroelectronics USB_HOST 2.0.0
2024-01-04 12:03:03,121 [INFO] ThirdParty:1030 - CMSIS Pack Vendor :STMicroelectronics X-CUBE-AZRTOS-F4 1.1.0
2024-01-04 12:03:03,121 [INFO] ThirdParty:1030 - CMSIS Pack Vendor :STMicroelectronics LIBJPEG 8.0.0
2024-01-04 12:03:03,121 [INFO] ThirdParty:1030 - CMSIS Pack Vendor :wolfSSL I-CUBE-wolfSSL 5.6.3
2024-01-04 12:03:03,121 [INFO] ThirdParty:1030 - CMSIS Pack Vendor :STMicroelectronics X-CUBE-SMBUS 2.1.0
2024-01-04 12:03:03,121 [INFO] ThirdParty:1030 - CMSIS Pack Vendor :STMicroelectronics USB_DEVICE 3.0.0
2024-01-04 12:03:03,121 [INFO] ThirdParty:1030 - CMSIS Pack Vendor :STMicroelectronics X-CUBE-AZRTOS-WB 2.0.0
2024-01-04 12:03:03,121 [INFO] ThirdParty:1030 - CMSIS Pack Vendor :STMicroelectronics X-CUBE-TOUCHGFX 4.23.0
2024-01-04 12:03:03,121 [INFO] ThirdParty:1030 - CMSIS Pack Vendor :STMicroelectronics X-CUBE-AZRTOS-F7 1.1.0
2024-01-04 12:03:03,122 [INFO] ThirdParty:1030 - CMSIS Pack Vendor :STMicroelectronics X-CUBE-AZRTOS-L5 2.0.0
2024-01-04 12:03:03,122 [INFO] ThirdParty:1030 - CMSIS Pack Vendor :STMicroelectronics USB_DEVICE 2.0.0
2024-01-04 12:03:03,122 [INFO] ThirdParty:1030 - CMSIS Pack Vendor :STMicroelectronics X-CUBE-MEMS1 9.6.0
2024-01-04 12:03:03,122 [INFO] ThirdParty:1030 - CMSIS Pack Vendor :ITTIA_DB I-CUBE-ITTIADB 8.8.0
2024-01-04 12:03:03,122 [INFO] ThirdParty:1030 - CMSIS Pack Vendor :STMicroelectronics FP-SNS-MOTENV1 4.3.2
2024-01-04 12:03:03,122 [INFO] ThirdParty:1030 - CMSIS Pack Vendor :STMicroelectronics X-CUBE-ALGOBUILD 1.3.0
2024-01-04 12:03:03,122 [INFO] ThirdParty:1030 - CMSIS Pack Vendor :STMicroelectronics FreeRTOS 0.0.1
2024-01-04 12:03:03,122 [INFO] ThirdParty:1030 - CMSIS Pack Vendor :STMicroelectronics X-CUBE-AZRTOS-G0 1.1.0
2024-01-04 12:03:03,122 [INFO] ThirdParty:1030 - CMSIS Pack Vendor :STMicroelectronics X-CUBE-BLEMGR 2.0.0
2024-01-04 12:03:03,122 [INFO] ThirdParty:1030 - CMSIS Pack Vendor :STMicroelectronics X-CUBE-NFC4 3.0.0
2024-01-04 12:03:03,122 [INFO] ThirdParty:1030 - CMSIS Pack Vendor :STMicroelectronics X-CUBE-SUBG2 5.0.0
2024-01-04 12:03:03,122 [INFO] ThirdParty:1030 - CMSIS Pack Vendor :STMicroelectronics STM32_WPAN 1.0.0
2024-01-04 12:03:03,122 [INFO] ThirdParty:1030 - CMSIS Pack Vendor :STMicroelectronics lwIP 2.0.3
2024-01-04 12:03:03,122 [INFO] ThirdParty:1030 - CMSIS Pack Vendor :STMicroelectronics FP-SNS-FLIGHT1 5.0.2
2024-01-04 12:03:03,123 [INFO] ThirdParty:1030 - CMSIS Pack Vendor :STMicroelectronics USB_HOST 1.0.0
2024-01-04 12:03:03,123 [INFO] ThirdParty:1030 - CMSIS Pack Vendor :STMicroelectronics X-CUBE-TOF1 3.3.1
2024-01-04 12:03:03,123 [INFO] ThirdParty:1030 - CMSIS Pack Vendor :STMicroelectronics X-CUBE-AZRTOS-G4 2.0.0
2024-01-04 12:03:03,123 [INFO] ThirdParty:1030 - CMSIS Pack Vendor :STMicroelectronics PDM2PCM 3.1.0
2024-01-04 12:03:03,123 [INFO] ThirdParty:1030 - CMSIS Pack Vendor :STMicroelectronics X-CUBE-AZRTOS-H7 3.1.0
2024-01-04 12:03:03,123 [INFO] ThirdParty:1030 - CMSIS Pack Vendor :Infineon AIROC-Wi-Fi-Bluetooth-STM32 1.5.1
2024-01-04 12:03:03,123 [INFO] ThirdParty:1030 - CMSIS Pack Vendor :STMicroelectronics PDM2PCM 3.3.0
2024-01-04 12:03:03,123 [INFO] ThirdParty:1030 - CMSIS Pack Vendor :STMicroelectronics X-CUBE-DISPLAY 3.0.0
2024-01-04 12:03:03,123 [INFO] ThirdParty:1030 - CMSIS Pack Vendor :STMicroelectronics FP-SNS-MOTENVWB1 1.3.0
2024-01-04 12:03:03,123 [INFO] ThirdParty:1030 - CMSIS Pack Vendor :STMicroelectronics FP-SNS-MOTENVWB1 1.3.1
2024-01-04 12:03:03,123 [INFO] ThirdParty:1030 - CMSIS Pack Vendor :STMicroelectronics X-CUBE-BLE1 7.0.0
2024-01-04 12:03:03,123 [INFO] ThirdParty:1030 - CMSIS Pack Vendor :STMicroelectronics FP-ATR-SIGFOX1 3.2.0
2024-01-04 12:03:03,123 [INFO] ThirdParty:1030 - CMSIS Pack Vendor :STMicroelectronics X-CUBE-ISPU 2.0.0
2024-01-04 12:03:03,123 [INFO] ThirdParty:1030 - CMSIS Pack Vendor :STMicroelectronics HAL Drivers 0.0.0
2024-01-04 12:03:03,123 [INFO] ThirdParty:1030 - CMSIS Pack Vendor :STMicroelectronics MBEDTLS 2.16.2
2024-01-04 12:03:03,124 [INFO] ThirdParty:1030 - CMSIS Pack Vendor :emotas I-CUBE-CANOPEN 1.3.0
2024-01-04 12:03:03,124 [INFO] ThirdParty:1030 - CMSIS Pack Vendor :STMicroelectronics X-CUBE-FREERTOS 1.1.0
2024-01-04 12:03:03,124 [INFO] ThirdParty:1030 - CMSIS Pack Vendor :STMicroelectronics X-CUBE-NFC7 1.0.1
2024-01-04 12:03:03,124 [INFO] ThirdParty:1030 - CMSIS Pack Vendor :STMicroelectronics MBEDTLS 2.14.1
2024-01-04 12:03:03,124 [INFO] ThirdParty:1030 - CMSIS Pack Vendor :STMicroelectronics X-CUBE-TOUCHGFX 4.22.1
2024-01-04 12:03:03,124 [INFO] ThirdParty:1030 - CMSIS Pack Vendor :STMicroelectronics X-CUBE-NFC6 3.0.0
2024-01-04 12:03:03,124 [INFO] ThirdParty:1030 - CMSIS Pack Vendor :STMicroelectronics X-CUBE-EEPRMA1 4.1.0
2024-01-04 12:03:03,124 [INFO] ThirdParty:1030 - CMSIS Pack Vendor :portGmbH I-Cube-SoM-uGOAL 1.1.0
2024-01-04 12:03:03,124 [INFO] ThirdParty:1030 - CMSIS Pack Vendor :STMicroelectronics X-CUBE-ALS 1.0.1
2024-01-04 12:03:03,124 [INFO] ThirdParty:1030 - CMSIS Pack Vendor :STMicroelectronics ThreadX 1.0.0
2024-01-04 12:03:03,124 [INFO] ThirdParty:1030 - CMSIS Pack Vendor :STMicroelectronics FP-SNS-SMARTAG2 1.2.0
2024-01-04 12:03:03,124 [INFO] ThirdParty:1030 - CMSIS Pack Vendor :STMicroelectronics X-CUBE-AZRTOS-WL 2.0.0
2024-01-04 12:03:03,124 [INFO] ThirdParty:1030 - CMSIS Pack Vendor :SEGGER I-CUBE-embOS 1.3.1
2024-01-04 12:03:03,124 [INFO] ThirdParty:1030 - CMSIS Pack Vendor :STMicroelectronics USB_DEVICE 1.0.0
2024-01-04 12:03:03,124 [INFO] ThirdParty:1030 - CMSIS Pack Vendor :STMicroelectronics X-CUBE-AI 8.1.0
2024-01-04 12:03:03,124 [INFO] ThirdParty:1030 - CMSIS Pack Vendor :STMicroelectronics X-CUBE-AZRTOS-L4 2.0.0
2024-01-04 12:03:03,124 [INFO] ThirdParty:1030 - CMSIS Pack Vendor :STMicroelectronics ThreadX 0.0.2
2024-01-04 12:03:03,124 [INFO] ThirdParty:1030 - CMSIS Pack Vendor :WES I-CUBE-Cesium 1.3.0
2024-01-04 12:03:03,124 [INFO] ThirdParty:1030 - CMSIS Pack Vendor :STMicroelectronics FP-ATR-ASTRA1 2.0.0
2024-01-04 12:03:03,124 [INFO] ThirdParty:1030 - CMSIS Pack Vendor :STMicroelectronics lwIP 2.1.2
2024-01-04 12:03:03,124 [INFO] ThirdParty:1030 - CMSIS Pack Vendor :STMicroelectronics X-CUBE-SFXS2LP1 4.0.0
2024-01-04 12:03:03,124 [INFO] ThirdParty:1030 - CMSIS Pack Vendor :STMicroelectronics X-CUBE-BLE2 3.3.0
2024-01-04 12:03:03,124 [INFO] ThirdParty:1030 - CMSIS Pack Vendor :STMicroelectronics X-CUBE-TOF1 3.4.0
2024-01-04 12:03:03,124 [INFO] ThirdParty:1030 - CMSIS Pack Vendor :STMicroelectronics X-CUBE-AZRTOS-H7 3.2.0
2024-01-04 12:03:03,124 [INFO] ThirdParty:1030 - CMSIS Pack Vendor :STMicroelectronics PDM2PCM 3.2.0
2024-01-04 12:03:03,124 [INFO] ThirdParty:841 - exiting critical section [change project]
2024-01-04 12:03:03,219 [INFO] PinOutPanel:1499 - setPackage(No Configuration,No Configuration)
2024-01-04 12:03:03,220 [INFO] PinOutPanel:1499 - setPackage(STM32F030R8Tx,LQFP64)
2024-01-04 12:03:03,419 [INFO] UtilMem:75 - Before build in PCC Used Memory: 629200704 Bytes (1073741824)
2024-01-04 12:03:03,630 [INFO] UtilMem:75 - After build in PCC Used Memory: 669579088 Bytes (1073741824)
2024-01-04 12:03:03,641 [INFO] IPUIPlugin:80 - create IPUIPlugin
2024-01-04 12:03:03,642 [INFO] IPUIPlugin:80 - create IPUIPlugin
2024-01-04 12:03:03,642 [INFO] IPUIPlugin:80 - create IPUIPlugin
2024-01-04 12:03:03,642 [INFO] IPUIPlugin:80 - create IPUIPlugin
2024-01-04 12:03:03,642 [INFO] IPUIPlugin:80 - create IPUIPlugin
2024-01-04 12:03:03,642 [INFO] IPUIPlugin:80 - create IPUIPlugin
2024-01-04 12:03:03,642 [INFO] IPUIPlugin:80 - create IPUIPlugin
2024-01-04 12:03:03,642 [INFO] IPUIPlugin:80 - create IPUIPlugin
2024-01-04 12:03:03,642 [INFO] IPUIPlugin:80 - create IPUIPlugin
2024-01-04 12:03:03,642 [INFO] IPUIPlugin:80 - create IPUIPlugin
2024-01-04 12:03:03,642 [INFO] IPUIPlugin:80 - create IPUIPlugin
2024-01-04 12:03:03,642 [INFO] IPUIPlugin:80 - create IPUIPlugin
2024-01-04 12:03:03,642 [INFO] IPUIPlugin:80 - create IPUIPlugin
2024-01-04 12:03:03,642 [INFO] IPUIPlugin:80 - create IPUIPlugin
2024-01-04 12:03:03,643 [INFO] IPUIPlugin:80 - create IPUIPlugin
2024-01-04 12:03:03,643 [INFO] IPUIPlugin:80 - create IPUIPlugin
2024-01-04 12:03:03,643 [INFO] IPUIPlugin:80 - create IPUIPlugin
2024-01-04 12:03:03,643 [INFO] IPUIPlugin:80 - create IPUIPlugin
2024-01-04 12:03:03,643 [INFO] IPUIPlugin:80 - create IPUIPlugin
2024-01-04 12:03:03,643 [INFO] IPUIPlugin:80 - create IPUIPlugin
2024-01-04 12:03:03,643 [INFO] IPUIPlugin:80 - create IPUIPlugin
2024-01-04 12:03:03,643 [INFO] IPUIPlugin:80 - create IPUIPlugin
2024-01-04 12:03:03,643 [INFO] IPUIPlugin:80 - create IPUIPlugin
2024-01-04 12:03:03,644 [INFO] IPUIPlugin:80 - create IPUIPlugin
2024-01-04 12:03:03,644 [INFO] IPUIPlugin:80 - create IPUIPlugin
2024-01-04 12:03:03,644 [INFO] IPUIPlugin:80 - create IPUIPlugin
2024-01-04 12:03:03,682 [INFO] CADModel:165 - CPN selected for project levelSTM32F030R8T6
2024-01-04 12:03:03,682 [INFO] CADModel:114 - Register for checkConnection events
2024-01-04 12:03:03,735 [INFO] OpenFileManager:328 - Restore cursor
2024-01-04 12:43:22,108 [INFO] MainUpdater:2868 - connection check result : 10
2024-01-04 12:43:22,108 [INFO] MainUpdater:2868 - connection check result : 10
2024-01-04 12:43:22,144 [INFO] MicroXplorer:468 - Change Database Path : 
2024-01-04 12:43:22,144 [INFO] MicroXplorer:498 - Change Database Version : DB.6.0.92
2024-01-04 12:43:22,182 [WARN] ThirdParty:871 - waiting for thirdparty lock release [close project]
2024-01-04 12:43:22,182 [INFO] ThirdParty:873 - entering critical section [close project]
2024-01-04 12:43:22,182 [INFO] ThirdParty:883 - exiting critical section [close project]
2024-01-04 12:43:22,185 [INFO] PinOutPanel:1499 - setPackage(No Configuration,No Configuration)
2024-01-04 12:43:22,190 [INFO] UtilMem:75 - Begin LoadConfig() Used Memory: 729557704 Bytes (1073741824)
2024-01-04 12:43:22,191 [INFO] MicroXplorer:468 - Change Database Path : 
2024-01-04 12:43:22,191 [INFO] MicroXplorer:498 - Change Database Version : DB.6.0.92
2024-01-04 12:43:22,191 [INFO] OpenFileManager:308 - Change cursor
2024-01-04 12:43:22,202 [INFO] Mcu:1946 - Initializing MCU STM32F030R8Tx STM32F030R8Tx STM32F030R8T6
2024-01-04 12:43:22,958 [INFO] Context:659 - Trying to add GPIOservice into a context  which must be forbidden
2024-01-04 12:43:23,135 [INFO] RtosManager:555 - Registered RTOS mode: class=CMSIS, group=RTOS, mode=CMSIS_V1, owner=FREERTOS
2024-01-04 12:43:23,135 [INFO] RtosManager:555 - Registered RTOS mode: class=CMSIS, group=RTOS2, mode=CMSIS_V2, owner=FREERTOS
2024-01-04 12:43:23,135 [INFO] RtosManager:555 - Registered RTOS mode: class=RTOS, group=Core, mode=CMSIS_V1, owner=FREERTOS
2024-01-04 12:43:23,135 [INFO] RtosManager:555 - Registered RTOS mode: class=RTOS, group=Core, mode=CMSIS_V2, owner=FREERTOS
2024-01-04 12:43:23,135 [WARN] ModelIntegratedComponent:184 - Missing modes for component STMicroelectronics:FreeRTOS:0.0.1:STMicroelectronics:RTOS:FreeRTOS:Core:::10.2.0:
2024-01-04 12:43:23,142 [WARN] ModelIntegratedComponent:63 - No mode defined for component null
2024-01-04 12:43:23,142 [WARN] ModelIntegratedComponent:63 - No mode defined for component null
2024-01-04 12:43:23,142 [WARN] ModelIntegratedComponent:63 - No mode defined for component null
2024-01-04 12:43:23,142 [WARN] ModelIntegratedComponent:63 - No mode defined for component null
2024-01-04 12:43:23,143 [WARN] ModelIntegratedComponent:63 - No mode defined for component null
2024-01-04 12:43:23,143 [WARN] ModelIntegratedComponent:63 - No mode defined for component null
2024-01-04 12:43:23,143 [WARN] ModelIntegratedComponent:63 - No mode defined for component null
2024-01-04 12:43:23,143 [WARN] ModelIntegratedComponent:63 - No mode defined for component null
2024-01-04 12:43:23,143 [WARN] ModelIntegratedComponent:63 - No mode defined for component null
2024-01-04 12:43:23,143 [WARN] ModelIntegratedComponent:63 - No mode defined for component null
2024-01-04 12:43:23,143 [WARN] ModelIntegratedComponent:63 - No mode defined for component null
2024-01-04 12:43:23,143 [WARN] ModelIntegratedComponent:63 - No mode defined for component null
2024-01-04 12:43:23,143 [WARN] ModelIntegratedComponent:63 - No mode defined for component null
2024-01-04 12:43:23,143 [WARN] ModelIntegratedComponent:63 - No mode defined for component null
2024-01-04 12:43:23,143 [WARN] ModelIntegratedComponent:63 - No mode defined for component null
2024-01-04 12:43:23,143 [WARN] ModelIntegratedComponent:63 - No mode defined for component null
2024-01-04 12:43:23,143 [WARN] ModelIntegratedComponent:63 - No mode defined for component null
2024-01-04 12:43:23,143 [WARN] ModelIntegratedComponent:63 - No mode defined for component null
2024-01-04 12:43:23,143 [WARN] ModelIntegratedComponent:63 - No mode defined for component null
2024-01-04 12:43:23,143 [WARN] ModelIntegratedComponent:63 - No mode defined for component null
2024-01-04 12:43:23,143 [WARN] ModelIntegratedComponent:63 - No mode defined for component null
2024-01-04 12:43:23,143 [WARN] ModelIntegratedComponent:63 - No mode defined for component null
2024-01-04 12:43:23,143 [WARN] ModelIntegratedComponent:63 - No mode defined for component null
2024-01-04 12:43:23,143 [WARN] ModelIntegratedComponent:63 - No mode defined for component null
2024-01-04 12:43:23,143 [WARN] ModelIntegratedComponent:63 - No mode defined for component null
2024-01-04 12:43:23,143 [WARN] ModelIntegratedComponent:63 - No mode defined for component null
2024-01-04 12:43:23,143 [WARN] ModelIntegratedComponent:63 - No mode defined for component null
2024-01-04 12:43:23,143 [WARN] ModelIntegratedComponent:63 - No mode defined for component null
2024-01-04 12:43:23,144 [WARN] ModelIntegratedComponent:63 - No mode defined for component null
2024-01-04 12:43:23,144 [WARN] ModelIntegratedComponent:63 - No mode defined for component null
2024-01-04 12:43:23,144 [WARN] ModelIntegratedComponent:63 - No mode defined for component null
2024-01-04 12:43:23,144 [WARN] ModelIntegratedComponent:63 - No mode defined for component null
2024-01-04 12:43:23,144 [WARN] ModelIntegratedComponent:63 - No mode defined for component null
2024-01-04 12:43:23,153 [INFO] ThirdPartyModel:298 - Start build external matchings
2024-01-04 12:43:23,430 [INFO] ThirdPartyModel:316 - End build external matchings
2024-01-04 12:43:23,597 [INFO] UtilMem:75 - End LoadConfig() Used Memory: 757275288 Bytes (1073741824)
2024-01-04 12:43:23,622 [WARN] ThirdParty:833 - waiting for thirdparty lock release [change project]
2024-01-04 12:43:23,622 [INFO] ThirdParty:835 - entering critical section [change project]
2024-01-04 12:43:23,622 [INFO] ThirdParty:1030 - CMSIS Pack Vendor :STMicroelectronics X-CUBE-ISPU 1.1.0
2024-01-04 12:43:23,622 [INFO] ThirdParty:1030 - CMSIS Pack Vendor :STMicroelectronics USBPD 4.1
2024-01-04 12:43:23,622 [INFO] ThirdParty:1030 - CMSIS Pack Vendor :STMicroelectronics X-CUBE-GNSS1 6.0.0
2024-01-04 12:43:23,622 [INFO] ThirdParty:1030 - CMSIS Pack Vendor :STMicroelectronics USB_HOST 2.0.0
2024-01-04 12:43:23,622 [INFO] ThirdParty:1030 - CMSIS Pack Vendor :STMicroelectronics X-CUBE-AZRTOS-F4 1.1.0
2024-01-04 12:43:23,622 [INFO] ThirdParty:1030 - CMSIS Pack Vendor :STMicroelectronics LIBJPEG 8.0.0
2024-01-04 12:43:23,622 [INFO] ThirdParty:1030 - CMSIS Pack Vendor :wolfSSL I-CUBE-wolfSSL 5.6.3
2024-01-04 12:43:23,622 [INFO] ThirdParty:1030 - CMSIS Pack Vendor :STMicroelectronics X-CUBE-SMBUS 2.1.0
2024-01-04 12:43:23,622 [INFO] ThirdParty:1030 - CMSIS Pack Vendor :STMicroelectronics USB_DEVICE 3.0.0
2024-01-04 12:43:23,622 [INFO] ThirdParty:1030 - CMSIS Pack Vendor :STMicroelectronics X-CUBE-AZRTOS-WB 2.0.0
2024-01-04 12:43:23,622 [INFO] ThirdParty:1030 - CMSIS Pack Vendor :STMicroelectronics X-CUBE-TOUCHGFX 4.23.0
2024-01-04 12:43:23,622 [INFO] ThirdParty:1030 - CMSIS Pack Vendor :STMicroelectronics X-CUBE-AZRTOS-F7 1.1.0
2024-01-04 12:43:23,622 [INFO] ThirdParty:1030 - CMSIS Pack Vendor :STMicroelectronics X-CUBE-AZRTOS-L5 2.0.0
2024-01-04 12:43:23,622 [INFO] ThirdParty:1030 - CMSIS Pack Vendor :STMicroelectronics USB_DEVICE 2.0.0
2024-01-04 12:43:23,622 [INFO] ThirdParty:1030 - CMSIS Pack Vendor :STMicroelectronics X-CUBE-MEMS1 9.6.0
2024-01-04 12:43:23,622 [INFO] ThirdParty:1030 - CMSIS Pack Vendor :ITTIA_DB I-CUBE-ITTIADB 8.8.0
2024-01-04 12:43:23,622 [INFO] ThirdParty:1030 - CMSIS Pack Vendor :STMicroelectronics FP-SNS-MOTENV1 4.3.2
2024-01-04 12:43:23,622 [INFO] ThirdParty:1030 - CMSIS Pack Vendor :STMicroelectronics X-CUBE-ALGOBUILD 1.3.0
2024-01-04 12:43:23,622 [INFO] ThirdParty:1030 - CMSIS Pack Vendor :STMicroelectronics FreeRTOS 0.0.1
2024-01-04 12:43:23,623 [INFO] ThirdParty:1030 - CMSIS Pack Vendor :STMicroelectronics X-CUBE-AZRTOS-G0 1.1.0
2024-01-04 12:43:23,623 [INFO] ThirdParty:1030 - CMSIS Pack Vendor :STMicroelectronics X-CUBE-BLEMGR 2.0.0
2024-01-04 12:43:23,623 [INFO] ThirdParty:1030 - CMSIS Pack Vendor :STMicroelectronics X-CUBE-NFC4 3.0.0
2024-01-04 12:43:23,623 [INFO] ThirdParty:1030 - CMSIS Pack Vendor :STMicroelectronics X-CUBE-SUBG2 5.0.0
2024-01-04 12:43:23,624 [INFO] ThirdParty:1030 - CMSIS Pack Vendor :STMicroelectronics STM32_WPAN 1.0.0
2024-01-04 12:43:23,624 [INFO] ThirdParty:1030 - CMSIS Pack Vendor :STMicroelectronics lwIP 2.0.3
2024-01-04 12:43:23,624 [INFO] ThirdParty:1030 - CMSIS Pack Vendor :STMicroelectronics FP-SNS-FLIGHT1 5.0.2
2024-01-04 12:43:23,624 [INFO] ThirdParty:1030 - CMSIS Pack Vendor :STMicroelectronics USB_HOST 1.0.0
2024-01-04 12:43:23,624 [INFO] ThirdParty:1030 - CMSIS Pack Vendor :STMicroelectronics X-CUBE-TOF1 3.3.1
2024-01-04 12:43:23,624 [INFO] ThirdParty:1030 - CMSIS Pack Vendor :STMicroelectronics X-CUBE-AZRTOS-G4 2.0.0
2024-01-04 12:43:23,624 [INFO] ThirdParty:1030 - CMSIS Pack Vendor :STMicroelectronics PDM2PCM 3.1.0
2024-01-04 12:43:23,624 [INFO] ThirdParty:1030 - CMSIS Pack Vendor :STMicroelectronics X-CUBE-AZRTOS-H7 3.1.0
2024-01-04 12:43:23,624 [INFO] ThirdParty:1030 - CMSIS Pack Vendor :Infineon AIROC-Wi-Fi-Bluetooth-STM32 1.5.1
2024-01-04 12:43:23,624 [INFO] ThirdParty:1030 - CMSIS Pack Vendor :STMicroelectronics PDM2PCM 3.3.0
2024-01-04 12:43:23,624 [INFO] ThirdParty:1030 - CMSIS Pack Vendor :STMicroelectronics X-CUBE-DISPLAY 3.0.0
2024-01-04 12:43:23,624 [INFO] ThirdParty:1030 - CMSIS Pack Vendor :STMicroelectronics FP-SNS-MOTENVWB1 1.3.0
2024-01-04 12:43:23,624 [INFO] ThirdParty:1030 - CMSIS Pack Vendor :STMicroelectronics FP-SNS-MOTENVWB1 1.3.1
2024-01-04 12:43:23,624 [INFO] ThirdParty:1030 - CMSIS Pack Vendor :STMicroelectronics X-CUBE-BLE1 7.0.0
2024-01-04 12:43:23,624 [INFO] ThirdParty:1030 - CMSIS Pack Vendor :STMicroelectronics FP-ATR-SIGFOX1 3.2.0
2024-01-04 12:43:23,624 [INFO] ThirdParty:1030 - CMSIS Pack Vendor :STMicroelectronics X-CUBE-ISPU 2.0.0
2024-01-04 12:43:23,624 [INFO] ThirdParty:1030 - CMSIS Pack Vendor :STMicroelectronics HAL Drivers 0.0.0
2024-01-04 12:43:23,624 [INFO] ThirdParty:1030 - CMSIS Pack Vendor :STMicroelectronics MBEDTLS 2.16.2
2024-01-04 12:43:23,624 [INFO] ThirdParty:1030 - CMSIS Pack Vendor :emotas I-CUBE-CANOPEN 1.3.0
2024-01-04 12:43:23,624 [INFO] ThirdParty:1030 - CMSIS Pack Vendor :STMicroelectronics X-CUBE-FREERTOS 1.1.0
2024-01-04 12:43:23,624 [INFO] ThirdParty:1030 - CMSIS Pack Vendor :STMicroelectronics X-CUBE-NFC7 1.0.1
2024-01-04 12:43:23,624 [INFO] ThirdParty:1030 - CMSIS Pack Vendor :STMicroelectronics MBEDTLS 2.14.1
2024-01-04 12:43:23,624 [INFO] ThirdParty:1030 - CMSIS Pack Vendor :STMicroelectronics X-CUBE-TOUCHGFX 4.22.1
2024-01-04 12:43:23,624 [INFO] ThirdParty:1030 - CMSIS Pack Vendor :STMicroelectronics X-CUBE-NFC6 3.0.0
2024-01-04 12:43:23,624 [INFO] ThirdParty:1030 - CMSIS Pack Vendor :STMicroelectronics X-CUBE-EEPRMA1 4.1.0
2024-01-04 12:43:23,624 [INFO] ThirdParty:1030 - CMSIS Pack Vendor :portGmbH I-Cube-SoM-uGOAL 1.1.0
2024-01-04 12:43:23,624 [INFO] ThirdParty:1030 - CMSIS Pack Vendor :STMicroelectronics X-CUBE-ALS 1.0.1
2024-01-04 12:43:23,624 [INFO] ThirdParty:1030 - CMSIS Pack Vendor :STMicroelectronics ThreadX 1.0.0
2024-01-04 12:43:23,624 [INFO] ThirdParty:1030 - CMSIS Pack Vendor :STMicroelectronics FP-SNS-SMARTAG2 1.2.0
2024-01-04 12:43:23,624 [INFO] ThirdParty:1030 - CMSIS Pack Vendor :STMicroelectronics X-CUBE-AZRTOS-WL 2.0.0
2024-01-04 12:43:23,624 [INFO] ThirdParty:1030 - CMSIS Pack Vendor :SEGGER I-CUBE-embOS 1.3.1
2024-01-04 12:43:23,624 [INFO] ThirdParty:1030 - CMSIS Pack Vendor :STMicroelectronics USB_DEVICE 1.0.0
2024-01-04 12:43:23,624 [INFO] ThirdParty:1030 - CMSIS Pack Vendor :STMicroelectronics X-CUBE-AI 8.1.0
2024-01-04 12:43:23,624 [INFO] ThirdParty:1030 - CMSIS Pack Vendor :STMicroelectronics X-CUBE-AZRTOS-L4 2.0.0
2024-01-04 12:43:23,624 [INFO] ThirdParty:1030 - CMSIS Pack Vendor :STMicroelectronics ThreadX 0.0.2
2024-01-04 12:43:23,624 [INFO] ThirdParty:1030 - CMSIS Pack Vendor :WES I-CUBE-Cesium 1.3.0
2024-01-04 12:43:23,624 [INFO] ThirdParty:1030 - CMSIS Pack Vendor :STMicroelectronics FP-ATR-ASTRA1 2.0.0
2024-01-04 12:43:23,624 [INFO] ThirdParty:1030 - CMSIS Pack Vendor :STMicroelectronics lwIP 2.1.2
2024-01-04 12:43:23,624 [INFO] ThirdParty:1030 - CMSIS Pack Vendor :STMicroelectronics X-CUBE-SFXS2LP1 4.0.0
2024-01-04 12:43:23,624 [INFO] ThirdParty:1030 - CMSIS Pack Vendor :STMicroelectronics X-CUBE-BLE2 3.3.0
2024-01-04 12:43:23,625 [INFO] ThirdParty:1030 - CMSIS Pack Vendor :STMicroelectronics X-CUBE-TOF1 3.4.0
2024-01-04 12:43:23,625 [INFO] ThirdParty:1030 - CMSIS Pack Vendor :STMicroelectronics X-CUBE-AZRTOS-H7 3.2.0
2024-01-04 12:43:23,625 [INFO] ThirdParty:1030 - CMSIS Pack Vendor :STMicroelectronics PDM2PCM 3.2.0
2024-01-04 12:43:23,625 [INFO] ThirdParty:841 - exiting critical section [change project]
2024-01-04 12:43:23,754 [INFO] PinOutPanel:1499 - setPackage(No Configuration,No Configuration)
2024-01-04 12:43:23,755 [INFO] PinOutPanel:1499 - setPackage(STM32F030R8Tx,LQFP64)
2024-01-04 12:43:24,038 [INFO] UtilMem:75 - Before build in PCC Used Memory: 841560288 Bytes (1073741824)
2024-01-04 12:43:24,232 [INFO] UtilMem:75 - After build in PCC Used Memory: 882454752 Bytes (1073741824)
2024-01-04 12:43:24,248 [INFO] IPUIPlugin:80 - create IPUIPlugin
2024-01-04 12:43:24,249 [INFO] IPUIPlugin:80 - create IPUIPlugin
2024-01-04 12:43:24,249 [INFO] IPUIPlugin:80 - create IPUIPlugin
2024-01-04 12:43:24,249 [INFO] IPUIPlugin:80 - create IPUIPlugin
2024-01-04 12:43:24,249 [INFO] IPUIPlugin:80 - create IPUIPlugin
2024-01-04 12:43:24,249 [INFO] IPUIPlugin:80 - create IPUIPlugin
2024-01-04 12:43:24,249 [INFO] IPUIPlugin:80 - create IPUIPlugin
2024-01-04 12:43:24,249 [INFO] IPUIPlugin:80 - create IPUIPlugin
2024-01-04 12:43:24,249 [INFO] IPUIPlugin:80 - create IPUIPlugin
2024-01-04 12:43:24,250 [INFO] IPUIPlugin:80 - create IPUIPlugin
2024-01-04 12:43:24,250 [INFO] IPUIPlugin:80 - create IPUIPlugin
2024-01-04 12:43:24,250 [INFO] IPUIPlugin:80 - create IPUIPlugin
2024-01-04 12:43:24,250 [INFO] IPUIPlugin:80 - create IPUIPlugin
2024-01-04 12:43:24,250 [INFO] IPUIPlugin:80 - create IPUIPlugin
2024-01-04 12:43:24,250 [INFO] IPUIPlugin:80 - create IPUIPlugin
2024-01-04 12:43:24,251 [INFO] IPUIPlugin:80 - create IPUIPlugin
2024-01-04 12:43:24,251 [INFO] IPUIPlugin:80 - create IPUIPlugin
2024-01-04 12:43:24,251 [INFO] IPUIPlugin:80 - create IPUIPlugin
2024-01-04 12:43:24,251 [INFO] IPUIPlugin:80 - create IPUIPlugin
2024-01-04 12:43:24,251 [INFO] IPUIPlugin:80 - create IPUIPlugin
2024-01-04 12:43:24,252 [INFO] IPUIPlugin:80 - create IPUIPlugin
2024-01-04 12:43:24,252 [INFO] IPUIPlugin:80 - create IPUIPlugin
2024-01-04 12:43:24,252 [INFO] IPUIPlugin:80 - create IPUIPlugin
2024-01-04 12:43:24,252 [INFO] IPUIPlugin:80 - create IPUIPlugin
2024-01-04 12:43:24,252 [INFO] IPUIPlugin:80 - create IPUIPlugin
2024-01-04 12:43:24,253 [INFO] IPUIPlugin:80 - create IPUIPlugin
2024-01-04 12:43:24,286 [INFO] CADModel:165 - CPN selected for project levelSTM32F030R8T6
2024-01-04 12:43:24,286 [INFO] CADModel:114 - Register for checkConnection events
2024-01-04 12:43:24,333 [INFO] OpenFileManager:328 - Restore cursor
