2024-02-11 16:34:23,018 [INFO] Activator:176 - 


2024-02-11 16:34:23,033 [INFO] Activator:177 - !SESSION log4j initialized
2024-02-11 16:34:35,428 [INFO] LogOutputStream:77 - [STDOUT_REDIRECT] 
2024-02-11 16:34:39,675 [INFO] ApplicationProperties:184 - Using Application install path: C:\ST\STM32CubeIDE_1.13.2\STM32CubeIDE\plugins\com.st.stm32cube.common.mx_6.9.2.202309101412
2024-02-11 16:34:39,700 [INFO] DbMcusXml:78 - Set database path to: C:\ST\STM32CubeIDE_1.13.2\STM32CubeIDE\plugins\com.st.stm32cube.common.mx_6.9.2.202309101412\\db\/mcu/
2024-02-11 16:34:39,700 [INFO] ApiDb:274 - Set plugin database path to: C:\ST\STM32CubeIDE_1.13.2\STM32CubeIDE\plugins\com.st.stm32cube.common.mx_6.9.2.202309101412\\db\/plugins/boardmanager/
2024-02-11 16:34:39,701 [WARN] ApiDb:259 - Overriding images path with different value:  => C:\ST\STM32CubeIDE_1.13.2\STM32CubeIDE\plugins\com.st.stm32cube.common.mx_6.9.2.202309101412\\db\/plugins/mcufinder/images/
2024-02-11 16:34:39,716 [INFO] ApiDb:250 - Set database path to: C:\Users\sanjay.kumar\.stmcufinder\plugins\mcufinder//mcu/
2024-02-11 16:34:39,717 [INFO] DbMcusAds:125 - Set database path to: C:\Users\sanjay.kumar\.stmcufinder\plugins\mcufinder//mcu/
2024-02-11 16:34:39,719 [INFO] CrossReferenceDbSqlite:203 - Set database path to: C:\Users\sanjay.kumar\.stmcufinder\plugins\mcufinder//mcu/cs/
2024-02-11 16:34:39,855 [INFO] RulesReader:64 - Compatibility file has been processed (293 Rules)
2024-02-11 16:34:40,047 [INFO] DbMcusXml:78 - Set database path to: C:\ST\STM32CubeIDE_1.13.2\STM32CubeIDE\plugins\com.st.stm32cube.common.mx_6.9.2.202309101412\\db\/mcu/
2024-02-11 16:34:40,047 [INFO] ApiDb:274 - Set plugin database path to: C:\ST\STM32CubeIDE_1.13.2\STM32CubeIDE\plugins\com.st.stm32cube.common.mx_6.9.2.202309101412\\db\/plugins/boardmanager/
2024-02-11 16:34:40,047 [INFO] ApiDb:261 - Set plugin images path to: C:\ST\STM32CubeIDE_1.13.2\STM32CubeIDE\plugins\com.st.stm32cube.common.mx_6.9.2.202309101412\\db\/plugins/mcufinder/images/
2024-02-11 16:34:40,047 [WARN] DbFile:41 - Overriding database path with different value: C:\Users\sanjay.kumar\.stmcufinder\plugins\mcufinder/ => C:\Users\sanjay.kumar\.stmcufinder\plugins\mcufinder
2024-02-11 16:34:40,048 [INFO] ApiDb:250 - Set database path to: C:\Users\sanjay.kumar\.stmcufinder\plugins\mcufinder//mcu/
2024-02-11 16:34:40,048 [WARN] DbFile:41 - Overriding database path with different value: C:\Users\sanjay.kumar\.stmcufinder\plugins\mcufinder/ => C:\Users\sanjay.kumar\.stmcufinder\plugins\mcufinder
2024-02-11 16:34:40,048 [INFO] DbMcusAds:125 - Set database path to: C:\Users\sanjay.kumar\.stmcufinder\plugins\mcufinder//mcu/
2024-02-11 16:34:40,048 [WARN] DbFile:41 - Overriding database path with different value: C:\Users\sanjay.kumar\.stmcufinder\plugins\mcufinder/ => C:\Users\sanjay.kumar\.stmcufinder\plugins\mcufinder
2024-02-11 16:34:40,048 [WARN] DbFile:41 - Overriding database path with different value: C:\Users\sanjay.kumar\.stmcufinder\plugins\mcufinder/ => C:\Users\sanjay.kumar\.stmcufinder\plugins\mcufinder
2024-02-11 16:34:40,048 [INFO] CrossReferenceDbSqlite:203 - Set database path to: C:\Users\sanjay.kumar\.stmcufinder\plugins\mcufinder//mcu/cs/
2024-02-11 16:34:40,220 [INFO] MainPanel:262 - HeapMemory: 268435456
2024-02-11 16:34:40,379 [INFO] DbMcusXml:78 - Set database path to: C:\ST\STM32CubeIDE_1.13.2\STM32CubeIDE\plugins\com.st.stm32cube.common.mx_6.9.2.202309101412\\db\/mcu/
2024-02-11 16:34:40,379 [INFO] ApiDb:274 - Set plugin database path to: C:\ST\STM32CubeIDE_1.13.2\STM32CubeIDE\plugins\com.st.stm32cube.common.mx_6.9.2.202309101412\\db\/plugins/boardmanager/
2024-02-11 16:34:40,379 [INFO] ApiDb:261 - Set plugin images path to: C:\ST\STM32CubeIDE_1.13.2\STM32CubeIDE\plugins\com.st.stm32cube.common.mx_6.9.2.202309101412\\db\/plugins/mcufinder/images/
2024-02-11 16:34:40,381 [WARN] DbFile:41 - Overriding database path with different value: C:\Users\sanjay.kumar\.stmcufinder\plugins\mcufinder/ => C:\Users\sanjay.kumar\.stmcufinder\plugins\mcufinder
2024-02-11 16:34:40,381 [INFO] ApiDb:250 - Set database path to: C:\Users\sanjay.kumar\.stmcufinder\plugins\mcufinder//mcu/
2024-02-11 16:34:40,381 [WARN] DbFile:41 - Overriding database path with different value: C:\Users\sanjay.kumar\.stmcufinder\plugins\mcufinder/ => C:\Users\sanjay.kumar\.stmcufinder\plugins\mcufinder
2024-02-11 16:34:40,381 [INFO] DbMcusAds:125 - Set database path to: C:\Users\sanjay.kumar\.stmcufinder\plugins\mcufinder//mcu/
2024-02-11 16:34:40,382 [WARN] DbFile:41 - Overriding database path with different value: C:\Users\sanjay.kumar\.stmcufinder\plugins\mcufinder/ => C:\Users\sanjay.kumar\.stmcufinder\plugins\mcufinder
2024-02-11 16:34:40,382 [WARN] DbFile:41 - Overriding database path with different value: C:\Users\sanjay.kumar\.stmcufinder\plugins\mcufinder/ => C:\Users\sanjay.kumar\.stmcufinder\plugins\mcufinder
2024-02-11 16:34:40,382 [INFO] CrossReferenceDbSqlite:203 - Set database path to: C:\Users\sanjay.kumar\.stmcufinder\plugins\mcufinder//mcu/cs/
2024-02-11 16:34:40,416 [INFO] ApplicationProperties:184 - Using Application install path: C:\ST\STM32CubeIDE_1.13.2\STM32CubeIDE\plugins\com.st.stm32cube.common.mx_6.9.2.202309101412
2024-02-11 16:34:40,418 [INFO] PluginManage:196 - Search for loadable plugins [exclusion list=, ]
2024-02-11 16:34:40,420 [INFO] PluginManage:310 - Check plugin analytics
2024-02-11 16:34:40,640 [INFO] AnalyticsPlugin:253 - Accepted Software Licenses: STM32CubeMX.6.2.1
2024-02-11 16:34:40,640 [INFO] AnalyticsPlugin:255 - Accepted CMSIS Pack Licenses: 
2024-02-11 16:34:40,640 [INFO] AnalyticsPlugin:257 - Accepted Firmware Licenses: 
2024-02-11 16:34:40,643 [INFO] PluginManage:359 - Loaded plugin analytics (category:tool,tabindex:-1)
2024-02-11 16:34:40,644 [INFO] PluginManage:310 - Check plugin cadmodel
2024-02-11 16:34:40,653 [INFO] CADModel:105 - Init CAD model plugin
2024-02-11 16:34:40,653 [INFO] PluginManage:359 - Loaded plugin cadmodel (category:power,tabindex:5)
2024-02-11 16:34:40,653 [INFO] PluginManage:310 - Check plugin clock
2024-02-11 16:34:40,668 [INFO] PluginManage:359 - Loaded plugin clock (category:base,tabindex:2)
2024-02-11 16:34:40,668 [INFO] PluginManage:310 - Check plugin ddr
2024-02-11 16:34:40,672 [INFO] PluginManage:359 - Loaded plugin ddr (category:tool,tabindex:6)
2024-02-11 16:34:40,673 [INFO] PluginManage:310 - Check plugin filemanager
2024-02-11 16:34:40,854 [INFO] PluginManage:359 - Loaded plugin filemanager (category:base,tabindex:10)
2024-02-11 16:34:40,854 [INFO] PluginManage:310 - Check plugin ipmanager
2024-02-11 16:34:40,867 [INFO] PluginManage:359 - Loaded plugin ipmanager (category:base,tabindex:5)
2024-02-11 16:34:40,867 [INFO] PluginManage:310 - Check plugin lpbam
2024-02-11 16:34:40,877 [INFO] PluginManage:359 - Loaded plugin lpbam (category:base,tabindex:0)
2024-02-11 16:34:40,878 [INFO] PluginManage:310 - Check plugin memorymap
2024-02-11 16:34:40,898 [INFO] PluginManage:359 - Loaded plugin memorymap (category:base,tabindex:4)
2024-02-11 16:34:40,899 [INFO] PluginManage:310 - Check plugin pinoutandconfiguration
2024-02-11 16:34:40,908 [INFO] PluginManage:359 - Loaded plugin pinoutandconfiguration (category:base,tabindex:1)
2024-02-11 16:34:40,909 [INFO] PluginManage:310 - Check plugin pinoutconfig
2024-02-11 16:34:41,010 [WARN] SupportedApi:132 - Cannot load RTOS API schema: s4s-elt-must-match.1: The content of 'definitions' must match (annotation?, (simpleType | complexType)?, (unique | key | keyref)*)). A problem was found starting at: attribute.
2024-02-11 16:34:41,205 [INFO] PluginManage:359 - Loaded plugin pinoutconfig (category:base,tabindex:0)
2024-02-11 16:34:41,205 [INFO] PluginManage:310 - Check plugin power
2024-02-11 16:34:41,221 [INFO] PluginManage:359 - Loaded plugin power (category:power,tabindex:4)
2024-02-11 16:34:41,221 [INFO] PluginManage:310 - Check plugin projectmanager
2024-02-11 16:34:41,238 [INFO] PluginManage:359 - Loaded plugin projectmanager (category:projectmanager,tabindex:3)
2024-02-11 16:34:41,238 [INFO] PluginManage:310 - Check plugin thirdparty
2024-02-11 16:34:41,425 [INFO] PluginManage:359 - Loaded plugin thirdparty (category:base,tabindex:-1)
2024-02-11 16:34:41,425 [WARN] IntegrityCheckThread:84 - waiting for thirdparty lock release [integrity check]
2024-02-11 16:34:41,426 [INFO] PluginManage:310 - Check plugin tools
2024-02-11 16:34:41,426 [INFO] IntegrityCheckThread:86 - entering critical section [integrity check]
2024-02-11 16:34:41,426 [INFO] ThirdPartyUpdaterWithRetryManager:70 - Updater plugin not ready yet. [1/15]
2024-02-11 16:34:41,429 [INFO] PluginManage:359 - Loaded plugin tools (category:base,tabindex:7)
2024-02-11 16:34:41,430 [INFO] PluginManage:310 - Check plugin tutovideos
2024-02-11 16:34:41,659 [INFO] PluginManage:359 - Loaded plugin tutovideos (category:base,tabindex:-1)
2024-02-11 16:34:41,660 [INFO] PluginManage:310 - Check plugin updater
2024-02-11 16:34:41,674 [INFO] PluginManage:359 - Loaded plugin updater (category:base,tabindex:12)
2024-02-11 16:34:41,674 [INFO] PluginManage:310 - Check plugin userauth
2024-02-11 16:34:41,682 [INFO] UserAuth:113 - Init User Auth plugin
2024-02-11 16:34:41,682 [INFO] PluginManage:359 - Loaded plugin userauth (category:base,tabindex:14)
2024-02-11 16:34:41,682 [INFO] PluginManage:283 - PluginManage : Loaded plugins [17]
2024-02-11 16:34:42,018 [INFO] PinOutPanel:1499 - setPackage(No Configuration,No Configuration)
2024-02-11 16:34:42,251 [INFO] CADModel:165 - CPN selected for project level
2024-02-11 16:34:42,251 [INFO] CADModel:114 - Register for checkConnection events
2024-02-11 16:34:42,293 [INFO] IPUIPlugin:80 - create IPUIPlugin
2024-02-11 16:34:42,294 [INFO] PluginManager:220 - loadIPPluginJar : add adc
2024-02-11 16:34:42,298 [INFO] IPUIPlugin:80 - create IPUIPlugin
2024-02-11 16:34:42,298 [INFO] PluginManager:220 - loadIPPluginJar : add aes
2024-02-11 16:34:42,303 [INFO] IPUIPlugin:80 - create IPUIPlugin
2024-02-11 16:34:42,304 [INFO] PluginManager:220 - loadIPPluginJar : add can
2024-02-11 16:34:42,307 [INFO] IPUIPlugin:80 - create IPUIPlugin
2024-02-11 16:34:42,307 [INFO] PluginManager:220 - loadIPPluginJar : add comp
2024-02-11 16:34:42,311 [INFO] IPUIPlugin:80 - create IPUIPlugin
2024-02-11 16:34:42,312 [INFO] PluginManager:220 - loadIPPluginJar : add cryp
2024-02-11 16:34:42,317 [INFO] IPUIPlugin:80 - create IPUIPlugin
2024-02-11 16:34:42,317 [INFO] PluginManager:220 - loadIPPluginJar : add dfsdm
2024-02-11 16:34:42,327 [INFO] IPUIPlugin:80 - create IPUIPlugin
2024-02-11 16:34:42,327 [INFO] PluginManager:220 - loadIPPluginJar : add dma
2024-02-11 16:34:42,332 [INFO] IPUIPlugin:80 - create IPUIPlugin
2024-02-11 16:34:42,332 [INFO] PluginManager:220 - loadIPPluginJar : add dma3
2024-02-11 16:34:42,335 [INFO] IPUIPlugin:80 - create IPUIPlugin
2024-02-11 16:34:42,335 [INFO] PluginManager:220 - loadIPPluginJar : add fatfs
2024-02-11 16:34:42,341 [INFO] IPUIPlugin:80 - create IPUIPlugin
2024-02-11 16:34:42,341 [INFO] PluginManager:220 - loadIPPluginJar : add fmc
2024-02-11 16:34:42,349 [INFO] IPUIPlugin:80 - create IPUIPlugin
2024-02-11 16:34:42,349 [INFO] PluginManager:220 - loadIPPluginJar : add freertos
2024-02-11 16:34:42,351 [INFO] IPUIPlugin:80 - create IPUIPlugin
2024-02-11 16:34:42,352 [INFO] PluginManager:220 - loadIPPluginJar : add genericplugin
2024-02-11 16:34:42,356 [INFO] IPUIPlugin:80 - create IPUIPlugin
2024-02-11 16:34:42,357 [INFO] PluginManager:220 - loadIPPluginJar : add gfxmmu
2024-02-11 16:34:42,366 [INFO] IPUIPlugin:80 - create IPUIPlugin
2024-02-11 16:34:42,367 [INFO] PluginManager:220 - loadIPPluginJar : add gic
2024-02-11 16:34:42,375 [INFO] IPUIPlugin:80 - create IPUIPlugin
2024-02-11 16:34:42,375 [INFO] PluginManager:220 - loadIPPluginJar : add gpio
2024-02-11 16:34:42,380 [INFO] IPUIPlugin:80 - create IPUIPlugin
2024-02-11 16:34:42,381 [INFO] PluginManager:220 - loadIPPluginJar : add gtzc
2024-02-11 16:34:42,386 [INFO] IPUIPlugin:80 - create IPUIPlugin
2024-02-11 16:34:42,386 [INFO] PluginManager:220 - loadIPPluginJar : add hash
2024-02-11 16:34:42,391 [INFO] IPUIPlugin:80 - create IPUIPlugin
2024-02-11 16:34:42,392 [INFO] PluginManager:220 - loadIPPluginJar : add i2c
2024-02-11 16:34:42,396 [INFO] IPUIPlugin:80 - create IPUIPlugin
2024-02-11 16:34:42,396 [INFO] PluginManager:220 - loadIPPluginJar : add i2s
2024-02-11 16:34:42,401 [INFO] IPUIPlugin:80 - create IPUIPlugin
2024-02-11 16:34:42,401 [INFO] PluginManager:220 - loadIPPluginJar : add i3c
2024-02-11 16:34:42,407 [INFO] IPUIPlugin:80 - create IPUIPlugin
2024-02-11 16:34:42,407 [INFO] PluginManager:220 - loadIPPluginJar : add ipddr
2024-02-11 16:34:42,419 [INFO] IPUIPlugin:80 - create IPUIPlugin
2024-02-11 16:34:42,419 [INFO] PluginManager:220 - loadIPPluginJar : add linkedlist
2024-02-11 16:34:42,423 [INFO] IPUIPlugin:80 - create IPUIPlugin
2024-02-11 16:34:42,424 [INFO] PluginManager:220 - loadIPPluginJar : add lorawan
2024-02-11 16:34:42,427 [INFO] IPUIPlugin:80 - create IPUIPlugin
2024-02-11 16:34:42,428 [INFO] PluginManager:220 - loadIPPluginJar : add ltdc
2024-02-11 16:34:42,438 [INFO] IPUIPlugin:80 - create IPUIPlugin
2024-02-11 16:34:42,438 [INFO] PluginManager:220 - loadIPPluginJar : add mdma
2024-02-11 16:34:42,443 [INFO] IPUIPlugin:80 - create IPUIPlugin
2024-02-11 16:34:42,443 [INFO] PluginManager:220 - loadIPPluginJar : add nvic
2024-02-11 16:34:42,447 [INFO] IPUIPlugin:80 - create IPUIPlugin
2024-02-11 16:34:42,448 [INFO] PluginManager:220 - loadIPPluginJar : add opamp
2024-02-11 16:34:42,452 [INFO] IPUIPlugin:80 - create IPUIPlugin
2024-02-11 16:34:42,452 [INFO] PluginManager:220 - loadIPPluginJar : add openamp
2024-02-11 16:34:42,457 [INFO] IPUIPlugin:80 - create IPUIPlugin
2024-02-11 16:34:42,457 [INFO] PluginManager:220 - loadIPPluginJar : add pdm2pcm
2024-02-11 16:34:42,468 [INFO] IPUIPlugin:80 - create IPUIPlugin
2024-02-11 16:34:42,470 [INFO] PluginManager:220 - loadIPPluginJar : add plateformsettings
2024-02-11 16:34:42,473 [INFO] IPUIPlugin:80 - create IPUIPlugin
2024-02-11 16:34:42,473 [INFO] PluginManager:220 - loadIPPluginJar : add quadspi
2024-02-11 16:34:42,478 [INFO] IPUIPlugin:80 - create IPUIPlugin
2024-02-11 16:34:42,478 [INFO] PluginManager:220 - loadIPPluginJar : add resmgrutility
2024-02-11 16:34:42,482 [INFO] IPUIPlugin:80 - create IPUIPlugin
2024-02-11 16:34:42,482 [INFO] PluginManager:220 - loadIPPluginJar : add sai
2024-02-11 16:34:42,486 [INFO] IPUIPlugin:80 - create IPUIPlugin
2024-02-11 16:34:42,486 [INFO] PluginManager:220 - loadIPPluginJar : add spi
2024-02-11 16:34:42,493 [INFO] IPUIPlugin:80 - create IPUIPlugin
2024-02-11 16:34:42,493 [INFO] PluginManager:220 - loadIPPluginJar : add stm32_wpan
2024-02-11 16:34:42,496 [INFO] IPUIPlugin:80 - create IPUIPlugin
2024-02-11 16:34:42,496 [INFO] PluginManager:220 - loadIPPluginJar : add tim
2024-02-11 16:34:42,501 [INFO] IPUIPlugin:80 - create IPUIPlugin
2024-02-11 16:34:42,501 [INFO] PluginManager:220 - loadIPPluginJar : add touchsensing
2024-02-11 16:34:42,504 [INFO] IPUIPlugin:80 - create IPUIPlugin
2024-02-11 16:34:42,504 [INFO] PluginManager:220 - loadIPPluginJar : add tracer_emb
2024-02-11 16:34:42,507 [INFO] IPUIPlugin:80 - create IPUIPlugin
2024-02-11 16:34:42,507 [INFO] PluginManager:220 - loadIPPluginJar : add ts
2024-02-11 16:34:42,510 [INFO] IPUIPlugin:80 - create IPUIPlugin
2024-02-11 16:34:42,510 [INFO] PluginManager:220 - loadIPPluginJar : add tsc
2024-02-11 16:34:42,513 [INFO] IPUIPlugin:80 - create IPUIPlugin
2024-02-11 16:34:42,513 [INFO] PluginManager:220 - loadIPPluginJar : add ucpd
2024-02-11 16:34:42,518 [INFO] IPUIPlugin:80 - create IPUIPlugin
2024-02-11 16:34:42,518 [INFO] PluginManager:220 - loadIPPluginJar : add usart
2024-02-11 16:34:42,521 [INFO] IPUIPlugin:80 - create IPUIPlugin
2024-02-11 16:34:42,521 [INFO] PluginManager:220 - loadIPPluginJar : add usbx
2024-02-11 16:34:42,666 [INFO] CADModel:165 - CPN selected for project level
2024-02-11 16:34:42,666 [INFO] CADModel:114 - Register for checkConnection events
2024-02-11 16:34:42,667 [FATAL] Updater:308 - Updater called before beeing initialized
2024-02-11 16:34:42,667 [ERROR] CADModel:125 - Updater not yet initialized, retry later 
2024-02-11 16:34:42,909 [INFO] CADModel:165 - CPN selected for project level
2024-02-11 16:34:42,910 [INFO] CADModel:114 - Register for checkConnection events
2024-02-11 16:34:42,910 [FATAL] Updater:308 - Updater called before beeing initialized
2024-02-11 16:34:42,910 [ERROR] CADModel:125 - Updater not yet initialized, retry later 
2024-02-11 16:34:42,914 [FATAL] Updater:308 - Updater called before beeing initialized
2024-02-11 16:34:43,064 [FATAL] Updater:308 - Updater called before beeing initialized
2024-02-11 16:34:43,071 [INFO] DbMcusAds:53 - JSON generation date=Wed Nov 29 16:22:27 IST 2023 (1701255147200)
2024-02-11 16:34:43,072 [FATAL] Updater:308 - Updater called before beeing initialized
2024-02-11 16:34:43,122 [WARN] DetailPanel:346 - Failed to get advertising image, set to default
2024-02-11 16:34:43,240 [FATAL] Updater:308 - Updater called before beeing initialized
2024-02-11 16:34:43,243 [FATAL] Updater:308 - Updater called before beeing initialized
2024-02-11 16:34:43,243 [FATAL] Updater:308 - Updater called before beeing initialized
2024-02-11 16:34:43,243 [WARN] DetailPanel:346 - Failed to get advertising image, set to default
2024-02-11 16:34:43,245 [FATAL] Updater:308 - Updater called before beeing initialized
2024-02-11 16:34:43,328 [ERROR] Updater:1120 - MainUpdater not yet initialized. External WinMGr cannot be set.
2024-02-11 16:34:43,332 [INFO] Updater:1056 - Updater Version found : 6.9.2
2024-02-11 16:34:43,356 [INFO] ApplicationProperties:184 - Using Application install path: C:\ST\STM32CubeIDE_1.13.2\STM32CubeIDE\plugins\com.st.stm32cube.common.mx_6.9.2.202309101412
2024-02-11 16:34:43,606 [INFO] MainUpdater:2868 - connection check result : 10
2024-02-11 16:34:43,607 [INFO] MainUpdater:3562 - Updater definition file requires update
2024-02-11 16:34:43,608 [INFO] MainUpdater:285 - Updater Check For Update Now.
2024-02-11 16:34:43,609 [INFO] MicroXplorer:498 - Change Database Version : DB.6.0.92
2024-02-11 16:34:43,621 [INFO] McuFinderGlobals:63 - Set McuFinder mode to 2 (CubeIDE integrated)
2024-02-11 16:34:43,784 [INFO] ServerAccessManage:473 - Download File updaters.zip
2024-02-11 16:34:44,181 [INFO] FileExtend:240 - Unzip File : updaters.zip
2024-02-11 16:34:44,181 [INFO] FileExtend:255 - Standard Zip Deflate
2024-02-11 16:34:44,428 [WARN] MainUpdater:1189 - Updater busy. Cannot search thirdparties
2024-02-11 16:34:44,428 [INFO] ThirdPartyUpdaterWithRetryManager:96 - Updater plugin is busy. [1/15]
2024-02-11 16:34:46,214 [INFO] ServerAccessManage:473 - Download File PacksControlFlags.xml
2024-02-11 16:34:47,302 [INFO] ServerAccessManage:473 - Download File cubemx.pidx
2024-02-11 16:34:47,429 [WARN] MainUpdater:1189 - Updater busy. Cannot search thirdparties
2024-02-11 16:34:47,430 [INFO] ThirdPartyUpdaterWithRetryManager:96 - Updater plugin is busy. [2/15]
2024-02-11 16:34:47,435 [INFO] LoadServerUpdatesThread:373 - End of LoadServerUpdate Thread
2024-02-11 16:34:47,626 [INFO] CheckServerUpdateThread:120 - End of CheckServer Thread
2024-02-11 16:34:50,689 [WARN] PackLoader:240 - Cannot read IP mode file for STMicroelectronics.X-CUBE-SMBUS.2.1.0
2024-02-11 16:34:50,701 [WARN] PackLoader:240 - Cannot read IP mode file for STMicroelectronics.X-CUBE-TOUCHGFX.4.23.0
2024-02-11 16:34:50,742 [WARN] PackLoader:240 - Cannot read IP mode file for STMicroelectronics.X-CUBE-AZRTOS-F7.1.1.0
2024-02-11 16:34:50,764 [WARN] PackLoader:240 - Cannot read IP mode file for STMicroelectronics.FP-SNS-MOTENV1.4.3.2
2024-02-11 16:34:50,775 [WARN] PackLoader:240 - Cannot read IP mode file for STMicroelectronics.FP-SNS-FLIGHT1.5.0.2
2024-02-11 16:34:50,786 [WARN] PackLoader:240 - Cannot read IP mode file for STMicroelectronics.X-CUBE-DISPLAY.3.0.0
2024-02-11 16:34:50,806 [WARN] PackLoader:240 - Cannot read IP mode file for STMicroelectronics.X-CUBE-BLE1.7.0.0
2024-02-11 16:34:50,816 [WARN] PackLoader:240 - Cannot read IP mode file for emotas.I-CUBE-CANOPEN.1.3.0
2024-02-11 16:34:50,822 [WARN] PackLoader:240 - Cannot read IP mode file for STMicroelectronics.X-CUBE-TOUCHGFX.4.22.1
2024-02-11 16:34:50,829 [WARN] PackLoader:240 - Cannot read IP mode file for STMicroelectronics.FP-SNS-SMARTAG2.1.2.0
2024-02-11 16:34:50,853 [INFO] LogOutputStream:77 - [STDOUT_REDIRECT] 1 : Invalid condition id : UX_CORESTACK_Condition cause : null
2024-02-11 16:34:50,854 [INFO] LogOutputStream:77 - [STDOUT_REDIRECT] 1 : Invalid condition id : UX_CORESTACK_Condition cause : null
2024-02-11 16:34:50,855 [INFO] LogOutputStream:77 - [STDOUT_REDIRECT] 1 : Invalid condition id : UX_CORESTACK_Condition cause : null
2024-02-11 16:34:50,856 [INFO] LogOutputStream:77 - [STDOUT_REDIRECT] 1 : Invalid condition id : UX_CORESTACK_Condition cause : null
2024-02-11 16:34:50,858 [INFO] LogOutputStream:77 - [STDOUT_REDIRECT] 1 : Invalid condition id : UX_CORESTACK_Condition cause : null
2024-02-11 16:34:50,863 [WARN] PackLoader:240 - Cannot read IP mode file for STMicroelectronics.X-CUBE-AZRTOS-WL.2.0.0
2024-02-11 16:34:50,875 [WARN] PackLoader:240 - Cannot read IP mode file for WES.I-CUBE-Cesium.1.3.0
2024-02-11 16:34:50,884 [WARN] PackLoader:240 - Cannot read IP mode file for STMicroelectronics.X-CUBE-BLE2.3.3.0
2024-02-11 16:34:50,893 [WARN] PackLoader:240 - Cannot read IP mode file for STMicroelectronics.X-CUBE-ALGOBUILD.1.3.0
2024-02-11 16:34:50,914 [WARN] PackLoader:240 - Cannot read IP mode file for STMicroelectronics.X-CUBE-AZRTOS-G0.1.1.0
2024-02-11 16:34:50,927 [WARN] PackLoader:240 - Cannot read IP mode file for STMicroelectronics.X-CUBE-NFC4.3.0.0
2024-02-11 16:34:50,935 [WARN] PackLoader:240 - Cannot read IP mode file for STMicroelectronics.FP-ATR-SIGFOX1.3.2.0
2024-02-11 16:34:50,943 [WARN] PackLoader:240 - Cannot read IP mode file for STMicroelectronics.X-CUBE-EEPRMA1.5.1.0
2024-02-11 16:34:50,999 [WARN] PackLoader:240 - Cannot read IP mode file for SEGGER.I-CUBE-embOS.1.3.1
2024-02-11 16:34:51,065 [WARN] PackLoader:240 - Cannot read IP mode file for STMicroelectronics.X-CUBE-GNSS1.6.0.0
2024-02-11 16:34:51,085 [WARN] PackLoader:240 - Cannot read IP mode file for STMicroelectronics.X-CUBE-AZRTOS-F4.1.1.0
2024-02-11 16:34:51,095 [WARN] PackLoader:240 - Cannot read IP mode file for wolfSSL.I-CUBE-wolfSSL.5.6.3
2024-02-11 16:34:51,119 [WARN] PackLoader:240 - Cannot read IP mode file for STMicroelectronics.X-CUBE-AZRTOS-L5.2.0.0
2024-02-11 16:34:51,173 [WARN] PackLoader:240 - Cannot read IP mode file for STMicroelectronics.X-CUBE-MEMS1.9.6.0
2024-02-11 16:34:51,355 [WARN] PackLoader:240 - Cannot read IP mode file for STMicroelectronics.X-CUBE-EEPRMA1.4.2.0
2024-02-11 16:34:51,366 [WARN] PackLoader:240 - Cannot read IP mode file for ITTIA_DB.I-CUBE-ITTIADB.8.8.0
2024-02-11 16:34:51,377 [WARN] PackLoader:240 - Cannot read IP mode file for STMicroelectronics.X-CUBE-BLEMGR.2.0.0
2024-02-11 16:34:51,403 [WARN] ConditionMgr:438 - getConditionDescription Invalid condition id : UX DEVICE CLASS RTOS Condition cause : null
2024-02-11 16:34:51,403 [WARN] ConditionMgr:438 - getConditionDescription Invalid condition id : UX DEVICE CLASS RTOS Condition cause : null
2024-02-11 16:34:51,408 [WARN] PackLoader:240 - Cannot read IP mode file for STMicroelectronics.X-CUBE-AZRTOS-H7.3.1.0
2024-02-11 16:34:51,410 [WARN] ConditionMgr:1039 - genDependencies : Invalid condition id : UX DEVICE CLASS RTOS Condition cause : null
2024-02-11 16:34:51,411 [WARN] ConditionMgr:1039 - genDependencies : Invalid condition id : UX DEVICE CLASS RTOS Condition cause : null
2024-02-11 16:34:51,412 [WARN] ConditionMgr:1039 - genDependencies : Invalid condition id : UX DEVICE CLASS RTOS Condition cause : null
2024-02-11 16:34:51,412 [WARN] ConditionMgr:1039 - genDependencies : Invalid condition id : UX DEVICE CLASS RTOS Condition cause : null
2024-02-11 16:34:51,412 [WARN] ConditionMgr:1039 - genDependencies : Invalid condition id : UX DEVICE CLASS RTOS Condition cause : null
2024-02-11 16:34:51,423 [WARN] PackLoader:240 - Cannot read IP mode file for STMicroelectronics.X-CUBE-NFC7.1.0.1
2024-02-11 16:34:51,434 [WARN] PackLoader:240 - Cannot read IP mode file for STMicroelectronics.X-CUBE-NFC6.3.0.0
2024-02-11 16:34:51,455 [WARN] PackLoader:240 - Cannot read IP mode file for STMicroelectronics.X-CUBE-EEPRMA1.4.1.0
2024-02-11 16:34:51,462 [WARN] PackLoader:240 - Cannot read IP mode file for STMicroelectronics.X-CUBE-AI.8.1.0
2024-02-11 16:34:51,490 [WARN] ConditionMgr:438 - getConditionDescription Invalid condition id : LAN8742 Phy interface Condition cause : null
2024-02-11 16:34:51,491 [WARN] PackLoader:240 - Cannot read IP mode file for STMicroelectronics.X-CUBE-AZRTOS-L4.2.0.0
2024-02-11 16:34:51,492 [WARN] ConditionMgr:1039 - genDependencies : Invalid condition id : LAN8742 Phy interface Condition cause : null
2024-02-11 16:34:51,492 [WARN] ConditionMgr:1039 - genDependencies : Invalid condition id : LAN8742 Phy interface Condition cause : null
2024-02-11 16:34:51,493 [WARN] ConditionMgr:1039 - genDependencies : Invalid condition id : LAN8742 Phy interface Condition cause : null
2024-02-11 16:34:51,503 [WARN] PackLoader:240 - Cannot read IP mode file for STMicroelectronics.X-CUBE-SFXS2LP1.4.0.0
2024-02-11 16:34:51,511 [WARN] PackLoader:240 - Cannot read IP mode file for STMicroelectronics.X-CUBE-ISPU.1.1.0
2024-02-11 16:34:51,528 [WARN] ConditionMgr:438 - getConditionDescription Invalid condition id : UX DEVICE CLASS RTOS Condition cause : null
2024-02-11 16:34:51,528 [WARN] ConditionMgr:438 - getConditionDescription Invalid condition id : UX DEVICE CLASS RTOS Condition cause : null
2024-02-11 16:34:51,532 [WARN] PackLoader:240 - Cannot read IP mode file for STMicroelectronics.X-CUBE-AZRTOS-WB.2.0.0
2024-02-11 16:34:51,533 [WARN] ConditionMgr:1039 - genDependencies : Invalid condition id : UX DEVICE CLASS RTOS Condition cause : null
2024-02-11 16:34:51,533 [WARN] ConditionMgr:1039 - genDependencies : Invalid condition id : UX DEVICE CLASS RTOS Condition cause : null
2024-02-11 16:34:51,533 [WARN] ConditionMgr:1039 - genDependencies : Invalid condition id : UX DEVICE CLASS RTOS Condition cause : null
2024-02-11 16:34:51,533 [WARN] ConditionMgr:1039 - genDependencies : Invalid condition id : UX DEVICE CLASS RTOS Condition cause : null
2024-02-11 16:34:51,533 [WARN] ConditionMgr:1039 - genDependencies : Invalid condition id : UX DEVICE CLASS RTOS Condition cause : null
2024-02-11 16:34:51,548 [WARN] PackLoader:240 - Cannot read IP mode file for STMicroelectronics.X-CUBE-SUBG2.5.0.0
2024-02-11 16:34:51,563 [WARN] PackLoader:240 - Cannot read IP mode file for STMicroelectronics.X-CUBE-TOF1.3.3.1
2024-02-11 16:34:51,590 [WARN] PackLoader:240 - Cannot read IP mode file for STMicroelectronics.X-CUBE-AZRTOS-G4.2.0.0
2024-02-11 16:34:51,609 [WARN] PackLoader:240 - Cannot read IP mode file for Infineon.AIROC-Wi-Fi-Bluetooth-STM32.1.5.1
2024-02-11 16:34:51,618 [WARN] PackLoader:240 - Cannot read IP mode file for STMicroelectronics.FP-SNS-MOTENVWB1.1.3.0
2024-02-11 16:34:51,623 [WARN] PackLoader:240 - Cannot read IP mode file for STMicroelectronics.FP-SNS-MOTENVWB1.1.3.1
2024-02-11 16:34:51,628 [WARN] PackLoader:240 - Cannot read IP mode file for STMicroelectronics.X-CUBE-ISPU.2.0.0
2024-02-11 16:34:51,636 [WARN] PackLoader:240 - Cannot read IP mode file for STMicroelectronics.X-CUBE-FREERTOS.1.1.0
2024-02-11 16:34:51,642 [WARN] PackLoader:240 - Cannot read IP mode file for portGmbH.I-Cube-SoM-uGOAL.1.1.0
2024-02-11 16:34:51,650 [WARN] PackLoader:240 - Cannot read IP mode file for STMicroelectronics.X-CUBE-ALS.1.0.1
2024-02-11 16:34:51,656 [WARN] PackLoader:240 - Cannot read IP mode file for STMicroelectronics.FP-ATR-ASTRA1.2.0.0
2024-02-11 16:34:51,667 [WARN] PackLoader:240 - Cannot read IP mode file for STMicroelectronics.X-CUBE-TOF1.3.4.0
2024-02-11 16:34:51,693 [WARN] PackLoader:240 - Cannot read IP mode file for STMicroelectronics.X-CUBE-AZRTOS-H7.3.2.0
2024-02-11 16:34:51,697 [INFO] ThirdParty:978 - Integrity check success = true
2024-02-11 16:34:51,697 [INFO] IntegrityCheckThread:100 - exiting critical section [integrity check]
2024-02-11 16:34:51,697 [INFO] IntegrityCheckThread:103 - End integrity checks thread
2024-02-11 16:35:06,121 [ERROR] LogOutputStream:75 - [STDERR_REDIRECT] SLF4J: Failed to load class "org.slf4j.impl.StaticLoggerBinder".
2024-02-11 16:35:06,122 [ERROR] LogOutputStream:75 - [STDERR_REDIRECT] SLF4J: Defaulting to no-operation (NOP) logger implementation
2024-02-11 16:35:06,124 [ERROR] LogOutputStream:75 - [STDERR_REDIRECT] SLF4J: See http://www.slf4j.org/codes.html#StaticLoggerBinder for further details.
