2024-02-15 10:50:10,047 [INFO] Activator:176 - 


2024-02-15 10:50:10,052 [INFO] Activator:177 - !SESSION log4j initialized
2024-02-15 10:50:17,252 [INFO] LogOutputStream:77 - [STDOUT_REDIRECT] 
2024-02-15 10:50:23,431 [INFO] ApplicationProperties:184 - Using Application install path: C:\ST\STM32CubeIDE_1.13.2\STM32CubeIDE\plugins\com.st.stm32cube.common.mx_6.9.2.202309101412
2024-02-15 10:50:23,478 [INFO] DbMcusXml:78 - Set database path to: C:\ST\STM32CubeIDE_1.13.2\STM32CubeIDE\plugins\com.st.stm32cube.common.mx_6.9.2.202309101412\\db\/mcu/
2024-02-15 10:50:23,478 [INFO] ApiDb:274 - Set plugin database path to: C:\ST\STM32CubeIDE_1.13.2\STM32CubeIDE\plugins\com.st.stm32cube.common.mx_6.9.2.202309101412\\db\/plugins/boardmanager/
2024-02-15 10:50:23,479 [WARN] ApiDb:259 - Overriding images path with different value:  => C:\ST\STM32CubeIDE_1.13.2\STM32CubeIDE\plugins\com.st.stm32cube.common.mx_6.9.2.202309101412\\db\/plugins/mcufinder/images/
2024-02-15 10:50:23,509 [INFO] ApiDb:250 - Set database path to: C:\Users\sanjay.kumar\.stmcufinder\plugins\mcufinder//mcu/
2024-02-15 10:50:23,511 [INFO] DbMcusAds:125 - Set database path to: C:\Users\sanjay.kumar\.stmcufinder\plugins\mcufinder//mcu/
2024-02-15 10:50:23,518 [INFO] CrossReferenceDbSqlite:203 - Set database path to: C:\Users\sanjay.kumar\.stmcufinder\plugins\mcufinder//mcu/cs/
2024-02-15 10:50:23,922 [INFO] RulesReader:64 - Compatibility file has been processed (293 Rules)
2024-02-15 10:50:24,271 [INFO] DbMcusXml:78 - Set database path to: C:\ST\STM32CubeIDE_1.13.2\STM32CubeIDE\plugins\com.st.stm32cube.common.mx_6.9.2.202309101412\\db\/mcu/
2024-02-15 10:50:24,272 [INFO] ApiDb:274 - Set plugin database path to: C:\ST\STM32CubeIDE_1.13.2\STM32CubeIDE\plugins\com.st.stm32cube.common.mx_6.9.2.202309101412\\db\/plugins/boardmanager/
2024-02-15 10:50:24,272 [INFO] ApiDb:261 - Set plugin images path to: C:\ST\STM32CubeIDE_1.13.2\STM32CubeIDE\plugins\com.st.stm32cube.common.mx_6.9.2.202309101412\\db\/plugins/mcufinder/images/
2024-02-15 10:50:24,272 [WARN] DbFile:41 - Overriding database path with different value: C:\Users\sanjay.kumar\.stmcufinder\plugins\mcufinder/ => C:\Users\sanjay.kumar\.stmcufinder\plugins\mcufinder
2024-02-15 10:50:24,272 [INFO] ApiDb:250 - Set database path to: C:\Users\sanjay.kumar\.stmcufinder\plugins\mcufinder//mcu/
2024-02-15 10:50:24,273 [WARN] DbFile:41 - Overriding database path with different value: C:\Users\sanjay.kumar\.stmcufinder\plugins\mcufinder/ => C:\Users\sanjay.kumar\.stmcufinder\plugins\mcufinder
2024-02-15 10:50:24,274 [INFO] DbMcusAds:125 - Set database path to: C:\Users\sanjay.kumar\.stmcufinder\plugins\mcufinder//mcu/
2024-02-15 10:50:24,274 [WARN] DbFile:41 - Overriding database path with different value: C:\Users\sanjay.kumar\.stmcufinder\plugins\mcufinder/ => C:\Users\sanjay.kumar\.stmcufinder\plugins\mcufinder
2024-02-15 10:50:24,274 [WARN] DbFile:41 - Overriding database path with different value: C:\Users\sanjay.kumar\.stmcufinder\plugins\mcufinder/ => C:\Users\sanjay.kumar\.stmcufinder\plugins\mcufinder
2024-02-15 10:50:24,274 [INFO] CrossReferenceDbSqlite:203 - Set database path to: C:\Users\sanjay.kumar\.stmcufinder\plugins\mcufinder//mcu/cs/
2024-02-15 10:50:25,081 [INFO] MainPanel:262 - HeapMemory: 268435456
2024-02-15 10:50:25,340 [INFO] DbMcusXml:78 - Set database path to: C:\ST\STM32CubeIDE_1.13.2\STM32CubeIDE\plugins\com.st.stm32cube.common.mx_6.9.2.202309101412\\db\/mcu/
2024-02-15 10:50:25,342 [INFO] ApiDb:274 - Set plugin database path to: C:\ST\STM32CubeIDE_1.13.2\STM32CubeIDE\plugins\com.st.stm32cube.common.mx_6.9.2.202309101412\\db\/plugins/boardmanager/
2024-02-15 10:50:25,342 [INFO] ApiDb:261 - Set plugin images path to: C:\ST\STM32CubeIDE_1.13.2\STM32CubeIDE\plugins\com.st.stm32cube.common.mx_6.9.2.202309101412\\db\/plugins/mcufinder/images/
2024-02-15 10:50:25,343 [WARN] DbFile:41 - Overriding database path with different value: C:\Users\sanjay.kumar\.stmcufinder\plugins\mcufinder/ => C:\Users\sanjay.kumar\.stmcufinder\plugins\mcufinder
2024-02-15 10:50:25,344 [INFO] ApiDb:250 - Set database path to: C:\Users\sanjay.kumar\.stmcufinder\plugins\mcufinder//mcu/
2024-02-15 10:50:25,345 [WARN] DbFile:41 - Overriding database path with different value: C:\Users\sanjay.kumar\.stmcufinder\plugins\mcufinder/ => C:\Users\sanjay.kumar\.stmcufinder\plugins\mcufinder
2024-02-15 10:50:25,346 [INFO] DbMcusAds:125 - Set database path to: C:\Users\sanjay.kumar\.stmcufinder\plugins\mcufinder//mcu/
2024-02-15 10:50:25,346 [WARN] DbFile:41 - Overriding database path with different value: C:\Users\sanjay.kumar\.stmcufinder\plugins\mcufinder/ => C:\Users\sanjay.kumar\.stmcufinder\plugins\mcufinder
2024-02-15 10:50:25,346 [WARN] DbFile:41 - Overriding database path with different value: C:\Users\sanjay.kumar\.stmcufinder\plugins\mcufinder/ => C:\Users\sanjay.kumar\.stmcufinder\plugins\mcufinder
2024-02-15 10:50:25,346 [INFO] CrossReferenceDbSqlite:203 - Set database path to: C:\Users\sanjay.kumar\.stmcufinder\plugins\mcufinder//mcu/cs/
2024-02-15 10:50:25,433 [INFO] ApplicationProperties:184 - Using Application install path: C:\ST\STM32CubeIDE_1.13.2\STM32CubeIDE\plugins\com.st.stm32cube.common.mx_6.9.2.202309101412
2024-02-15 10:50:25,436 [INFO] PluginManage:196 - Search for loadable plugins [exclusion list=, ]
2024-02-15 10:50:25,439 [INFO] PluginManage:310 - Check plugin analytics
2024-02-15 10:50:25,818 [INFO] AnalyticsPlugin:253 - Accepted Software Licenses: STM32CubeMX.6.2.1
2024-02-15 10:50:25,820 [INFO] AnalyticsPlugin:255 - Accepted CMSIS Pack Licenses: 
2024-02-15 10:50:25,820 [INFO] AnalyticsPlugin:257 - Accepted Firmware Licenses: 
2024-02-15 10:50:25,827 [INFO] PluginManage:359 - Loaded plugin analytics (category:tool,tabindex:-1)
2024-02-15 10:50:25,827 [INFO] PluginManage:310 - Check plugin cadmodel
2024-02-15 10:50:25,842 [INFO] CADModel:105 - Init CAD model plugin
2024-02-15 10:50:25,842 [INFO] PluginManage:359 - Loaded plugin cadmodel (category:power,tabindex:5)
2024-02-15 10:50:25,843 [INFO] PluginManage:310 - Check plugin clock
2024-02-15 10:50:26,013 [INFO] PluginManage:359 - Loaded plugin clock (category:base,tabindex:2)
2024-02-15 10:50:26,014 [INFO] PluginManage:310 - Check plugin ddr
2024-02-15 10:50:26,018 [INFO] PluginManage:359 - Loaded plugin ddr (category:tool,tabindex:6)
2024-02-15 10:50:26,019 [INFO] PluginManage:310 - Check plugin filemanager
2024-02-15 10:50:26,511 [INFO] PluginManage:359 - Loaded plugin filemanager (category:base,tabindex:10)
2024-02-15 10:50:26,512 [INFO] PluginManage:310 - Check plugin ipmanager
2024-02-15 10:50:26,594 [INFO] PluginManage:359 - Loaded plugin ipmanager (category:base,tabindex:5)
2024-02-15 10:50:26,594 [INFO] PluginManage:310 - Check plugin lpbam
2024-02-15 10:50:26,649 [INFO] PluginManage:359 - Loaded plugin lpbam (category:base,tabindex:0)
2024-02-15 10:50:26,649 [INFO] PluginManage:310 - Check plugin memorymap
2024-02-15 10:50:26,706 [INFO] PluginManage:359 - Loaded plugin memorymap (category:base,tabindex:4)
2024-02-15 10:50:26,707 [INFO] PluginManage:310 - Check plugin pinoutandconfiguration
2024-02-15 10:50:26,798 [INFO] PluginManage:359 - Loaded plugin pinoutandconfiguration (category:base,tabindex:1)
2024-02-15 10:50:26,798 [INFO] PluginManage:310 - Check plugin pinoutconfig
2024-02-15 10:50:27,088 [WARN] SupportedApi:132 - Cannot load RTOS API schema: s4s-elt-must-match.1: The content of 'definitions' must match (annotation?, (simpleType | complexType)?, (unique | key | keyref)*)). A problem was found starting at: attribute.
2024-02-15 10:50:27,405 [INFO] PluginManage:359 - Loaded plugin pinoutconfig (category:base,tabindex:0)
2024-02-15 10:50:27,405 [INFO] PluginManage:310 - Check plugin power
2024-02-15 10:50:27,433 [INFO] PluginManage:359 - Loaded plugin power (category:power,tabindex:4)
2024-02-15 10:50:27,433 [INFO] PluginManage:310 - Check plugin projectmanager
2024-02-15 10:50:27,509 [INFO] PluginManage:359 - Loaded plugin projectmanager (category:projectmanager,tabindex:3)
2024-02-15 10:50:27,510 [INFO] PluginManage:310 - Check plugin thirdparty
2024-02-15 10:50:27,897 [INFO] PluginManage:359 - Loaded plugin thirdparty (category:base,tabindex:-1)
2024-02-15 10:50:27,898 [INFO] PluginManage:310 - Check plugin tools
2024-02-15 10:50:27,897 [WARN] IntegrityCheckThread:84 - waiting for thirdparty lock release [integrity check]
2024-02-15 10:50:27,899 [INFO] IntegrityCheckThread:86 - entering critical section [integrity check]
2024-02-15 10:50:27,899 [INFO] ThirdPartyUpdaterWithRetryManager:70 - Updater plugin not ready yet. [1/15]
2024-02-15 10:50:27,910 [INFO] PluginManage:359 - Loaded plugin tools (category:base,tabindex:7)
2024-02-15 10:50:27,910 [INFO] PluginManage:310 - Check plugin tutovideos
2024-02-15 10:50:28,360 [INFO] PluginManage:359 - Loaded plugin tutovideos (category:base,tabindex:-1)
2024-02-15 10:50:28,360 [INFO] PluginManage:310 - Check plugin updater
2024-02-15 10:50:28,381 [INFO] PluginManage:359 - Loaded plugin updater (category:base,tabindex:12)
2024-02-15 10:50:28,381 [INFO] PluginManage:310 - Check plugin userauth
2024-02-15 10:50:28,391 [INFO] UserAuth:113 - Init User Auth plugin
2024-02-15 10:50:28,391 [INFO] PluginManage:359 - Loaded plugin userauth (category:base,tabindex:14)
2024-02-15 10:50:28,392 [INFO] PluginManage:283 - PluginManage : Loaded plugins [17]
2024-02-15 10:50:29,019 [INFO] PinOutPanel:1499 - setPackage(No Configuration,No Configuration)
2024-02-15 10:50:29,342 [INFO] CADModel:165 - CPN selected for project level
2024-02-15 10:50:29,342 [INFO] CADModel:114 - Register for checkConnection events
2024-02-15 10:50:29,387 [INFO] IPUIPlugin:80 - create IPUIPlugin
2024-02-15 10:50:29,388 [INFO] PluginManager:220 - loadIPPluginJar : add adc
2024-02-15 10:50:29,399 [INFO] IPUIPlugin:80 - create IPUIPlugin
2024-02-15 10:50:29,399 [INFO] PluginManager:220 - loadIPPluginJar : add aes
2024-02-15 10:50:29,410 [INFO] IPUIPlugin:80 - create IPUIPlugin
2024-02-15 10:50:29,410 [INFO] PluginManager:220 - loadIPPluginJar : add can
2024-02-15 10:50:29,417 [INFO] IPUIPlugin:80 - create IPUIPlugin
2024-02-15 10:50:29,417 [INFO] PluginManager:220 - loadIPPluginJar : add comp
2024-02-15 10:50:29,427 [INFO] IPUIPlugin:80 - create IPUIPlugin
2024-02-15 10:50:29,427 [INFO] PluginManager:220 - loadIPPluginJar : add cryp
2024-02-15 10:50:29,435 [INFO] IPUIPlugin:80 - create IPUIPlugin
2024-02-15 10:50:29,435 [INFO] PluginManager:220 - loadIPPluginJar : add dfsdm
2024-02-15 10:50:29,459 [INFO] IPUIPlugin:80 - create IPUIPlugin
2024-02-15 10:50:29,460 [INFO] PluginManager:220 - loadIPPluginJar : add dma
2024-02-15 10:50:29,469 [INFO] IPUIPlugin:80 - create IPUIPlugin
2024-02-15 10:50:29,470 [INFO] PluginManager:220 - loadIPPluginJar : add dma3
2024-02-15 10:50:29,476 [INFO] IPUIPlugin:80 - create IPUIPlugin
2024-02-15 10:50:29,477 [INFO] PluginManager:220 - loadIPPluginJar : add fatfs
2024-02-15 10:50:29,491 [INFO] IPUIPlugin:80 - create IPUIPlugin
2024-02-15 10:50:29,491 [INFO] PluginManager:220 - loadIPPluginJar : add fmc
2024-02-15 10:50:29,570 [INFO] IPUIPlugin:80 - create IPUIPlugin
2024-02-15 10:50:29,571 [INFO] PluginManager:220 - loadIPPluginJar : add freertos
2024-02-15 10:50:29,574 [INFO] IPUIPlugin:80 - create IPUIPlugin
2024-02-15 10:50:29,575 [INFO] PluginManager:220 - loadIPPluginJar : add genericplugin
2024-02-15 10:50:29,585 [INFO] IPUIPlugin:80 - create IPUIPlugin
2024-02-15 10:50:29,585 [INFO] PluginManager:220 - loadIPPluginJar : add gfxmmu
2024-02-15 10:50:29,603 [INFO] IPUIPlugin:80 - create IPUIPlugin
2024-02-15 10:50:29,604 [INFO] PluginManager:220 - loadIPPluginJar : add gic
2024-02-15 10:50:29,625 [INFO] IPUIPlugin:80 - create IPUIPlugin
2024-02-15 10:50:29,625 [INFO] PluginManager:220 - loadIPPluginJar : add gpio
2024-02-15 10:50:29,640 [INFO] IPUIPlugin:80 - create IPUIPlugin
2024-02-15 10:50:29,641 [INFO] PluginManager:220 - loadIPPluginJar : add gtzc
2024-02-15 10:50:29,651 [INFO] IPUIPlugin:80 - create IPUIPlugin
2024-02-15 10:50:29,651 [INFO] PluginManager:220 - loadIPPluginJar : add hash
2024-02-15 10:50:29,663 [INFO] IPUIPlugin:80 - create IPUIPlugin
2024-02-15 10:50:29,664 [INFO] PluginManager:220 - loadIPPluginJar : add i2c
2024-02-15 10:50:29,673 [INFO] IPUIPlugin:80 - create IPUIPlugin
2024-02-15 10:50:29,674 [INFO] PluginManager:220 - loadIPPluginJar : add i2s
2024-02-15 10:50:29,684 [INFO] IPUIPlugin:80 - create IPUIPlugin
2024-02-15 10:50:29,684 [INFO] PluginManager:220 - loadIPPluginJar : add i3c
2024-02-15 10:50:29,699 [INFO] IPUIPlugin:80 - create IPUIPlugin
2024-02-15 10:50:29,700 [INFO] PluginManager:220 - loadIPPluginJar : add ipddr
2024-02-15 10:50:29,719 [INFO] IPUIPlugin:80 - create IPUIPlugin
2024-02-15 10:50:29,719 [INFO] PluginManager:220 - loadIPPluginJar : add linkedlist
2024-02-15 10:50:29,727 [INFO] IPUIPlugin:80 - create IPUIPlugin
2024-02-15 10:50:29,728 [INFO] PluginManager:220 - loadIPPluginJar : add lorawan
2024-02-15 10:50:29,732 [INFO] IPUIPlugin:80 - create IPUIPlugin
2024-02-15 10:50:29,732 [INFO] PluginManager:220 - loadIPPluginJar : add ltdc
2024-02-15 10:50:29,755 [INFO] IPUIPlugin:80 - create IPUIPlugin
2024-02-15 10:50:29,755 [INFO] PluginManager:220 - loadIPPluginJar : add mdma
2024-02-15 10:50:29,775 [INFO] IPUIPlugin:80 - create IPUIPlugin
2024-02-15 10:50:29,775 [INFO] PluginManager:220 - loadIPPluginJar : add nvic
2024-02-15 10:50:29,783 [INFO] IPUIPlugin:80 - create IPUIPlugin
2024-02-15 10:50:29,783 [INFO] PluginManager:220 - loadIPPluginJar : add opamp
2024-02-15 10:50:29,792 [INFO] IPUIPlugin:80 - create IPUIPlugin
2024-02-15 10:50:29,793 [INFO] PluginManager:220 - loadIPPluginJar : add openamp
2024-02-15 10:50:29,800 [INFO] IPUIPlugin:80 - create IPUIPlugin
2024-02-15 10:50:29,800 [INFO] PluginManager:220 - loadIPPluginJar : add pdm2pcm
2024-02-15 10:50:29,820 [INFO] IPUIPlugin:80 - create IPUIPlugin
2024-02-15 10:50:29,822 [INFO] PluginManager:220 - loadIPPluginJar : add plateformsettings
2024-02-15 10:50:29,826 [INFO] IPUIPlugin:80 - create IPUIPlugin
2024-02-15 10:50:29,827 [INFO] PluginManager:220 - loadIPPluginJar : add quadspi
2024-02-15 10:50:29,899 [INFO] IPUIPlugin:80 - create IPUIPlugin
2024-02-15 10:50:29,900 [INFO] PluginManager:220 - loadIPPluginJar : add resmgrutility
2024-02-15 10:50:29,910 [INFO] IPUIPlugin:80 - create IPUIPlugin
2024-02-15 10:50:29,911 [INFO] PluginManager:220 - loadIPPluginJar : add sai
2024-02-15 10:50:29,918 [INFO] IPUIPlugin:80 - create IPUIPlugin
2024-02-15 10:50:29,919 [INFO] PluginManager:220 - loadIPPluginJar : add spi
2024-02-15 10:50:29,932 [INFO] IPUIPlugin:80 - create IPUIPlugin
2024-02-15 10:50:29,932 [INFO] PluginManager:220 - loadIPPluginJar : add stm32_wpan
2024-02-15 10:50:29,936 [INFO] IPUIPlugin:80 - create IPUIPlugin
2024-02-15 10:50:29,936 [INFO] PluginManager:220 - loadIPPluginJar : add tim
2024-02-15 10:50:29,946 [INFO] IPUIPlugin:80 - create IPUIPlugin
2024-02-15 10:50:29,946 [INFO] PluginManager:220 - loadIPPluginJar : add touchsensing
2024-02-15 10:50:29,951 [INFO] IPUIPlugin:80 - create IPUIPlugin
2024-02-15 10:50:29,951 [INFO] PluginManager:220 - loadIPPluginJar : add tracer_emb
2024-02-15 10:50:29,956 [INFO] IPUIPlugin:80 - create IPUIPlugin
2024-02-15 10:50:29,956 [INFO] PluginManager:220 - loadIPPluginJar : add ts
2024-02-15 10:50:29,962 [INFO] IPUIPlugin:80 - create IPUIPlugin
2024-02-15 10:50:29,962 [INFO] PluginManager:220 - loadIPPluginJar : add tsc
2024-02-15 10:50:29,968 [INFO] IPUIPlugin:80 - create IPUIPlugin
2024-02-15 10:50:29,969 [INFO] PluginManager:220 - loadIPPluginJar : add ucpd
2024-02-15 10:50:29,976 [INFO] IPUIPlugin:80 - create IPUIPlugin
2024-02-15 10:50:29,976 [INFO] PluginManager:220 - loadIPPluginJar : add usart
2024-02-15 10:50:29,983 [INFO] IPUIPlugin:80 - create IPUIPlugin
2024-02-15 10:50:29,983 [INFO] PluginManager:220 - loadIPPluginJar : add usbx
2024-02-15 10:50:30,121 [INFO] CADModel:165 - CPN selected for project level
2024-02-15 10:50:30,121 [INFO] CADModel:114 - Register for checkConnection events
2024-02-15 10:50:30,122 [FATAL] Updater:308 - Updater called before beeing initialized
2024-02-15 10:50:30,122 [ERROR] CADModel:125 - Updater not yet initialized, retry later 
2024-02-15 10:50:30,305 [INFO] CADModel:165 - CPN selected for project level
2024-02-15 10:50:30,306 [INFO] CADModel:114 - Register for checkConnection events
2024-02-15 10:50:30,306 [FATAL] Updater:308 - Updater called before beeing initialized
2024-02-15 10:50:30,306 [ERROR] CADModel:125 - Updater not yet initialized, retry later 
2024-02-15 10:50:30,311 [FATAL] Updater:308 - Updater called before beeing initialized
2024-02-15 10:50:30,458 [FATAL] Updater:308 - Updater called before beeing initialized
2024-02-15 10:50:30,464 [INFO] DbMcusAds:53 - JSON generation date=Wed Nov 29 16:22:27 IST 2023 (1701255147200)
2024-02-15 10:50:30,464 [FATAL] Updater:308 - Updater called before beeing initialized
2024-02-15 10:50:30,522 [WARN] DetailPanel:346 - Failed to get advertising image, set to default
2024-02-15 10:50:30,646 [FATAL] Updater:308 - Updater called before beeing initialized
2024-02-15 10:50:30,648 [FATAL] Updater:308 - Updater called before beeing initialized
2024-02-15 10:50:30,648 [FATAL] Updater:308 - Updater called before beeing initialized
2024-02-15 10:50:30,648 [WARN] DetailPanel:346 - Failed to get advertising image, set to default
2024-02-15 10:50:30,649 [FATAL] Updater:308 - Updater called before beeing initialized
2024-02-15 10:50:30,715 [ERROR] Updater:1120 - MainUpdater not yet initialized. External WinMGr cannot be set.
2024-02-15 10:50:30,720 [INFO] Updater:1056 - Updater Version found : 6.9.2
2024-02-15 10:50:30,741 [INFO] ApplicationProperties:184 - Using Application install path: C:\ST\STM32CubeIDE_1.13.2\STM32CubeIDE\plugins\com.st.stm32cube.common.mx_6.9.2.202309101412
2024-02-15 10:50:30,902 [INFO] ThirdPartyUpdaterWithRetryManager:70 - Updater plugin not ready yet. [2/15]
2024-02-15 10:50:31,116 [INFO] MainUpdater:2868 - connection check result : 10
2024-02-15 10:50:31,117 [INFO] MainUpdater:285 - Updater Check For Update Now.
2024-02-15 10:50:31,117 [INFO] MicroXplorer:498 - Change Database Version : DB.6.0.92
2024-02-15 10:50:31,128 [INFO] McuFinderGlobals:63 - Set McuFinder mode to 2 (CubeIDE integrated)
2024-02-15 10:50:31,316 [INFO] CheckServerUpdateThread:120 - End of CheckServer Thread
2024-02-15 10:50:34,050 [WARN] PackLoader:240 - Cannot read IP mode file for STMicroelectronics.X-CUBE-SMBUS.2.1.0
2024-02-15 10:50:34,057 [WARN] PackLoader:240 - Cannot read IP mode file for STMicroelectronics.X-CUBE-TOUCHGFX.4.23.0
2024-02-15 10:50:34,099 [WARN] PackLoader:240 - Cannot read IP mode file for STMicroelectronics.X-CUBE-AZRTOS-F7.1.1.0
2024-02-15 10:50:34,111 [WARN] PackLoader:240 - Cannot read IP mode file for STMicroelectronics.FP-SNS-MOTENV1.4.3.2
2024-02-15 10:50:34,118 [WARN] PackLoader:240 - Cannot read IP mode file for STMicroelectronics.FP-SNS-FLIGHT1.5.0.2
2024-02-15 10:50:34,129 [WARN] PackLoader:240 - Cannot read IP mode file for STMicroelectronics.X-CUBE-DISPLAY.3.0.0
2024-02-15 10:50:34,142 [WARN] PackLoader:240 - Cannot read IP mode file for STMicroelectronics.X-CUBE-BLE1.7.0.0
2024-02-15 10:50:34,148 [WARN] PackLoader:240 - Cannot read IP mode file for emotas.I-CUBE-CANOPEN.1.3.0
2024-02-15 10:50:34,153 [WARN] PackLoader:240 - Cannot read IP mode file for STMicroelectronics.X-CUBE-TOUCHGFX.4.22.1
2024-02-15 10:50:34,159 [WARN] PackLoader:240 - Cannot read IP mode file for STMicroelectronics.FP-SNS-SMARTAG2.1.2.0
2024-02-15 10:50:34,172 [INFO] LogOutputStream:77 - [STDOUT_REDIRECT] 1 : Invalid condition id : UX_CORESTACK_Condition cause : null
2024-02-15 10:50:34,173 [INFO] LogOutputStream:77 - [STDOUT_REDIRECT] 1 : Invalid condition id : UX_CORESTACK_Condition cause : null
2024-02-15 10:50:34,173 [INFO] LogOutputStream:77 - [STDOUT_REDIRECT] 1 : Invalid condition id : UX_CORESTACK_Condition cause : null
2024-02-15 10:50:34,174 [INFO] LogOutputStream:77 - [STDOUT_REDIRECT] 1 : Invalid condition id : UX_CORESTACK_Condition cause : null
2024-02-15 10:50:34,175 [INFO] LogOutputStream:77 - [STDOUT_REDIRECT] 1 : Invalid condition id : UX_CORESTACK_Condition cause : null
2024-02-15 10:50:34,179 [WARN] PackLoader:240 - Cannot read IP mode file for STMicroelectronics.X-CUBE-AZRTOS-WL.2.0.0
2024-02-15 10:50:34,188 [WARN] PackLoader:240 - Cannot read IP mode file for WES.I-CUBE-Cesium.1.3.0
2024-02-15 10:50:34,195 [WARN] PackLoader:240 - Cannot read IP mode file for STMicroelectronics.X-CUBE-BLE2.3.3.0
2024-02-15 10:50:34,201 [WARN] PackLoader:240 - Cannot read IP mode file for STMicroelectronics.X-CUBE-ALGOBUILD.1.3.0
2024-02-15 10:50:34,223 [WARN] PackLoader:240 - Cannot read IP mode file for STMicroelectronics.X-CUBE-AZRTOS-G0.1.1.0
2024-02-15 10:50:34,232 [WARN] PackLoader:240 - Cannot read IP mode file for STMicroelectronics.X-CUBE-NFC4.3.0.0
2024-02-15 10:50:34,238 [WARN] PackLoader:240 - Cannot read IP mode file for STMicroelectronics.FP-ATR-SIGFOX1.3.2.0
2024-02-15 10:50:34,246 [WARN] PackLoader:240 - Cannot read IP mode file for STMicroelectronics.X-CUBE-EEPRMA1.5.1.0
2024-02-15 10:50:34,275 [WARN] PackLoader:240 - Cannot read IP mode file for SEGGER.I-CUBE-embOS.1.3.1
2024-02-15 10:50:34,312 [WARN] PackLoader:240 - Cannot read IP mode file for STMicroelectronics.X-CUBE-GNSS1.6.0.0
2024-02-15 10:50:34,334 [WARN] PackLoader:240 - Cannot read IP mode file for STMicroelectronics.X-CUBE-AZRTOS-F4.1.1.0
2024-02-15 10:50:34,343 [WARN] PackLoader:240 - Cannot read IP mode file for wolfSSL.I-CUBE-wolfSSL.5.6.3
2024-02-15 10:50:34,363 [WARN] PackLoader:240 - Cannot read IP mode file for STMicroelectronics.X-CUBE-AZRTOS-L5.2.0.0
2024-02-15 10:50:34,420 [WARN] PackLoader:240 - Cannot read IP mode file for STMicroelectronics.X-CUBE-MEMS1.9.6.0
2024-02-15 10:50:34,547 [WARN] PackLoader:240 - Cannot read IP mode file for STMicroelectronics.X-CUBE-EEPRMA1.4.2.0
2024-02-15 10:50:34,554 [WARN] PackLoader:240 - Cannot read IP mode file for ITTIA_DB.I-CUBE-ITTIADB.8.8.0
2024-02-15 10:50:34,562 [WARN] PackLoader:240 - Cannot read IP mode file for STMicroelectronics.X-CUBE-BLEMGR.2.0.0
2024-02-15 10:50:34,578 [WARN] ConditionMgr:438 - getConditionDescription Invalid condition id : UX DEVICE CLASS RTOS Condition cause : null
2024-02-15 10:50:34,578 [WARN] ConditionMgr:438 - getConditionDescription Invalid condition id : UX DEVICE CLASS RTOS Condition cause : null
2024-02-15 10:50:34,582 [WARN] PackLoader:240 - Cannot read IP mode file for STMicroelectronics.X-CUBE-AZRTOS-H7.3.1.0
2024-02-15 10:50:34,583 [WARN] ConditionMgr:1039 - genDependencies : Invalid condition id : UX DEVICE CLASS RTOS Condition cause : null
2024-02-15 10:50:34,583 [WARN] ConditionMgr:1039 - genDependencies : Invalid condition id : UX DEVICE CLASS RTOS Condition cause : null
2024-02-15 10:50:34,584 [WARN] ConditionMgr:1039 - genDependencies : Invalid condition id : UX DEVICE CLASS RTOS Condition cause : null
2024-02-15 10:50:34,585 [WARN] ConditionMgr:1039 - genDependencies : Invalid condition id : UX DEVICE CLASS RTOS Condition cause : null
2024-02-15 10:50:34,585 [WARN] ConditionMgr:1039 - genDependencies : Invalid condition id : UX DEVICE CLASS RTOS Condition cause : null
2024-02-15 10:50:34,599 [WARN] PackLoader:240 - Cannot read IP mode file for STMicroelectronics.X-CUBE-NFC7.1.0.1
2024-02-15 10:50:34,612 [WARN] PackLoader:240 - Cannot read IP mode file for STMicroelectronics.X-CUBE-NFC6.3.0.0
2024-02-15 10:50:34,621 [WARN] PackLoader:240 - Cannot read IP mode file for STMicroelectronics.X-CUBE-EEPRMA1.4.1.0
2024-02-15 10:50:34,629 [WARN] PackLoader:240 - Cannot read IP mode file for STMicroelectronics.X-CUBE-AI.8.1.0
2024-02-15 10:50:34,668 [WARN] ConditionMgr:438 - getConditionDescription Invalid condition id : LAN8742 Phy interface Condition cause : null
2024-02-15 10:50:34,679 [WARN] PackLoader:240 - Cannot read IP mode file for STMicroelectronics.X-CUBE-AZRTOS-L4.2.0.0
2024-02-15 10:50:34,682 [WARN] ConditionMgr:1039 - genDependencies : Invalid condition id : LAN8742 Phy interface Condition cause : null
2024-02-15 10:50:34,683 [WARN] ConditionMgr:1039 - genDependencies : Invalid condition id : LAN8742 Phy interface Condition cause : null
2024-02-15 10:50:34,683 [WARN] ConditionMgr:1039 - genDependencies : Invalid condition id : LAN8742 Phy interface Condition cause : null
2024-02-15 10:50:34,754 [WARN] PackLoader:240 - Cannot read IP mode file for STMicroelectronics.X-CUBE-SFXS2LP1.4.0.0
2024-02-15 10:50:34,769 [WARN] PackLoader:240 - Cannot read IP mode file for STMicroelectronics.X-CUBE-ISPU.1.1.0
2024-02-15 10:50:34,800 [WARN] ConditionMgr:438 - getConditionDescription Invalid condition id : UX DEVICE CLASS RTOS Condition cause : null
2024-02-15 10:50:34,821 [WARN] ConditionMgr:438 - getConditionDescription Invalid condition id : UX DEVICE CLASS RTOS Condition cause : null
2024-02-15 10:50:34,846 [WARN] PackLoader:240 - Cannot read IP mode file for STMicroelectronics.X-CUBE-AZRTOS-WB.2.0.0
2024-02-15 10:50:34,847 [WARN] ConditionMgr:1039 - genDependencies : Invalid condition id : UX DEVICE CLASS RTOS Condition cause : null
2024-02-15 10:50:34,849 [WARN] ConditionMgr:1039 - genDependencies : Invalid condition id : UX DEVICE CLASS RTOS Condition cause : null
2024-02-15 10:50:34,850 [WARN] ConditionMgr:1039 - genDependencies : Invalid condition id : UX DEVICE CLASS RTOS Condition cause : null
2024-02-15 10:50:34,850 [WARN] ConditionMgr:1039 - genDependencies : Invalid condition id : UX DEVICE CLASS RTOS Condition cause : null
2024-02-15 10:50:34,850 [WARN] ConditionMgr:1039 - genDependencies : Invalid condition id : UX DEVICE CLASS RTOS Condition cause : null
2024-02-15 10:50:34,868 [WARN] PackLoader:240 - Cannot read IP mode file for STMicroelectronics.X-CUBE-SUBG2.5.0.0
2024-02-15 10:50:34,897 [WARN] PackLoader:240 - Cannot read IP mode file for STMicroelectronics.X-CUBE-TOF1.3.3.1
2024-02-15 10:50:34,930 [WARN] PackLoader:240 - Cannot read IP mode file for STMicroelectronics.X-CUBE-AZRTOS-G4.2.0.0
2024-02-15 10:50:34,951 [WARN] PackLoader:240 - Cannot read IP mode file for Infineon.AIROC-Wi-Fi-Bluetooth-STM32.1.5.1
2024-02-15 10:50:34,962 [WARN] PackLoader:240 - Cannot read IP mode file for STMicroelectronics.FP-SNS-MOTENVWB1.1.3.0
2024-02-15 10:50:34,969 [WARN] PackLoader:240 - Cannot read IP mode file for STMicroelectronics.FP-SNS-MOTENVWB1.1.3.1
2024-02-15 10:50:34,975 [WARN] PackLoader:240 - Cannot read IP mode file for STMicroelectronics.X-CUBE-ISPU.2.0.0
2024-02-15 10:50:34,982 [WARN] PackLoader:240 - Cannot read IP mode file for STMicroelectronics.X-CUBE-FREERTOS.1.1.0
2024-02-15 10:50:34,991 [WARN] PackLoader:240 - Cannot read IP mode file for portGmbH.I-Cube-SoM-uGOAL.1.1.0
2024-02-15 10:50:34,999 [WARN] PackLoader:240 - Cannot read IP mode file for STMicroelectronics.X-CUBE-ALS.1.0.1
2024-02-15 10:50:35,006 [WARN] PackLoader:240 - Cannot read IP mode file for STMicroelectronics.FP-ATR-ASTRA1.2.0.0
2024-02-15 10:50:35,017 [WARN] PackLoader:240 - Cannot read IP mode file for STMicroelectronics.X-CUBE-TOF1.3.4.0
2024-02-15 10:50:35,044 [WARN] PackLoader:240 - Cannot read IP mode file for STMicroelectronics.X-CUBE-AZRTOS-H7.3.2.0
2024-02-15 10:50:35,049 [INFO] ThirdParty:978 - Integrity check success = true
2024-02-15 10:50:35,049 [INFO] IntegrityCheckThread:100 - exiting critical section [integrity check]
2024-02-15 10:50:35,049 [INFO] IntegrityCheckThread:103 - End integrity checks thread
2024-02-15 10:50:52,695 [ERROR] LogOutputStream:75 - [STDERR_REDIRECT] SLF4J: Failed to load class "org.slf4j.impl.StaticLoggerBinder".
2024-02-15 10:50:52,695 [ERROR] LogOutputStream:75 - [STDERR_REDIRECT] SLF4J: Defaulting to no-operation (NOP) logger implementation
2024-02-15 10:50:52,697 [ERROR] LogOutputStream:75 - [STDERR_REDIRECT] SLF4J: See http://www.slf4j.org/codes.html#StaticLoggerBinder for further details.
