16:54:51 **** Incremental Build of configuration Debug for project 05_uart_tx ****
make -j8 all 
arm-none-eabi-gcc "../Src/main.c" -mcpu=cortex-m0 -std=gnu11 -g3 -DDEBUG -DSTM32F030R8Tx -DSTM32 -DSTM32F0 -DSTM32F0308_DISCO -DSTM32F030x8 -c -I../Inc -I"D:/bare_metal/workspace/chip_headers/CMSIS/Device/ST/STM32F0xx/Include" -I"D:/bare_metal/workspace/chip_headers/CMSIS/Include" -O0 -ffunction-sections -fdata-sections -Wall -fstack-usage -fcyclomatic-complexity -MMD -MP -MF"Src/main.d" -MT"Src/main.o" --specs=nano.specs -mfloat-abi=soft -mthumb -o "Src/main.o"
../Src/main.c: In function 'main':
../Src/main.c:22:29: warning: pointer targets in passing argument 1 of 'uart2_write' differ in signedness [-Wpointer-sign]
   22 |                 uart2_write("Hello\n");
      |                             ^~~~~~~~~
      |                             |
      |                             char *
../Src/main.c:14:27: note: expected 'uint8_t *' {aka 'unsigned char *'} but argument is of type 'char *'
   14 | void uart2_write(uint8_t *ch);
      |                  ~~~~~~~~~^~
At top level:
../Src/main.c:51:13: warning: 'set_baudrate' defined but not used [-Wunused-function]
   51 | static void set_baudrate(USART_TypeDef *USARTTX, uint32_t PeriphClk, uint32_t BaudRate)
      |             ^~~~~~~~~~~~
arm-none-eabi-gcc -o "05_uart_tx.elf" @"objects.list"   -mcpu=cortex-m0 -T"D:\bare_metal\workspace\05_uart_tx\STM32F030R8TX_FLASH.ld" --specs=nosys.specs -Wl,-Map="05_uart_tx.map" -Wl,--gc-sections -static --specs=nano.specs -mfloat-abi=soft -mthumb -Wl,--start-group -lc -lm -Wl,--end-group
Finished building target: 05_uart_tx.elf
 
arm-none-eabi-size   05_uart_tx.elf 
arm-none-eabi-objdump -h -S  05_uart_tx.elf  > "05_uart_tx.list"
   text	   data	    bss	    dec	    hex	filename
    764	      8	   1568	   2340	    924	05_uart_tx.elf
Finished building: default.size.stdout
 
Finished building: 05_uart_tx.list
 
16:54:53 **** Incremental Build of configuration Debug for project 05_uart_tx ****
make -j8 all 
arm-none-eabi-size   05_uart_tx.elf 
   text	   data	    bss	    dec	    hex	filename
    764	      8	   1568	   2340	    924	05_uart_tx.elf
Finished building: default.size.stdout
 
